2022-02-11 09:47:19.690 INFO  [acme.Launcher@main] Starting Launcher using Java 1.8.0_281 on Stockies-Laptop with PID 8940 (C:\Users\stock\Desktop\Workspace-22.0\Workspace-22.0\Frameworks\Acme-Framework-22.0\target\classes started by stock in C:\Users\stock\Desktop\Workspace-22.0\Workspace-22.0\Starters\Hello-World-22.0) 
2022-02-11 09:47:19.692 DEBUG [acme.Launcher@main] Running with Spring Boot v2.4.2, Spring v5.3.3 
2022-02-11 09:47:19.694 INFO  [acme.Launcher@main] The following profiles are active: development,default 
2022-02-11 09:47:28.190 DEBUG [org.apache.jasper.servlet.JasperInitializer@main] Initializing Jasper for context [application] 
2022-02-11 09:47:37.052 DEBUG [org.apache.jasper.servlet.JspServlet@main] Scratch dir for the JSP engine is: [C:\Users\stock\AppData\Local\Temp\tomcat.8080.6514845432600975007\work\Tomcat\localhost\hello-world-22.0] 
2022-02-11 09:47:37.052 DEBUG [org.apache.jasper.servlet.JspServlet@main] IMPORTANT: Do not modify the generated servlets 
2022-02-11 09:47:37.069 INFO  [acme.Launcher@main] Started Launcher in 19.144 seconds (JVM running for 21.136) 
2022-02-11 09:47:37.076 DEBUG [acme.Launcher@main] Found classpath entry '/C:/Users/stock/Desktop/Workspace-22.0/Workspace-22.0/Starters/Hello-World-22.0/target/test-classes/' 
2022-02-11 09:47:37.077 DEBUG [acme.Launcher@main] Found classpath entry '/C:/Users/stock/Desktop/Workspace-22.0/Workspace-22.0/Starters/Hello-World-22.0/target/classes/' 
2022-02-11 09:47:37.077 DEBUG [acme.Launcher@main] Found classpath entry '/C:/Users/stock/Desktop/Workspace-22.0/Workspace-22.0/Frameworks/Acme-Framework-22.0/target/classes/' 
2022-02-11 09:47:37.077 DEBUG [acme.Launcher@main] Found classpath entry '/C:/Users/stock/Desktop/Workspace-22.0/Workspace-22.0/Frameworks/Acme-Framework-22.0/target/test-classes/' 
2022-02-11 09:47:37.077 DEBUG [acme.Launcher@main] Found classpath entry '/C:/Users/stock/.m2/repository/org/springframework/boot/spring-boot-starter-tomcat/2.4.2/spring-boot-starter-tomcat-2.4.2.jar' 
2022-02-11 09:47:37.078 DEBUG [acme.Launcher@main] Found classpath entry '/C:/Users/stock/.m2/repository/jakarta/annotation/jakarta.annotation-api/1.3.5/jakarta.annotation-api-1.3.5.jar' 
2022-02-11 09:47:37.078 DEBUG [acme.Launcher@main] Found classpath entry '/C:/Users/stock/.m2/repository/org/apache/tomcat/embed/tomcat-embed-core/9.0.41/tomcat-embed-core-9.0.41.jar' 
2022-02-11 09:47:37.078 DEBUG [acme.Launcher@main] Found classpath entry '/C:/Users/stock/.m2/repository/org/glassfish/jakarta.el/3.0.3/jakarta.el-3.0.3.jar' 
2022-02-11 09:47:37.079 DEBUG [acme.Launcher@main] Found classpath entry '/C:/Users/stock/.m2/repository/org/apache/tomcat/embed/tomcat-embed-websocket/9.0.41/tomcat-embed-websocket-9.0.41.jar' 
2022-02-11 09:47:37.080 DEBUG [acme.Launcher@main] Found classpath entry '/C:/Users/stock/.m2/repository/org/apache/tomcat/embed/tomcat-embed-jasper/9.0.41/tomcat-embed-jasper-9.0.41.jar' 
2022-02-11 09:47:37.080 DEBUG [acme.Launcher@main] Found classpath entry '/C:/Users/stock/.m2/repository/org/apache/tomcat/embed/tomcat-embed-el/9.0.41/tomcat-embed-el-9.0.41.jar' 
2022-02-11 09:47:37.081 DEBUG [acme.Launcher@main] Found classpath entry '/C:/Users/stock/.m2/repository/org/eclipse/jdt/ecj/3.18.0/ecj-3.18.0.jar' 
2022-02-11 09:47:37.081 DEBUG [acme.Launcher@main] Found classpath entry '/C:/Users/stock/.m2/repository/javax/servlet/jstl/1.2/jstl-1.2.jar' 
2022-02-11 09:47:37.081 DEBUG [acme.Launcher@main] Found classpath entry '/C:/Users/stock/.m2/repository/org/springframework/boot/spring-boot-starter-test/2.4.2/spring-boot-starter-test-2.4.2.jar' 
2022-02-11 09:47:37.082 DEBUG [acme.Launcher@main] Found classpath entry '/C:/Users/stock/.m2/repository/org/springframework/boot/spring-boot-starter/2.4.2/spring-boot-starter-2.4.2.jar' 
2022-02-11 09:47:37.082 DEBUG [acme.Launcher@main] Found classpath entry '/C:/Users/stock/.m2/repository/org/springframework/boot/spring-boot/2.4.2/spring-boot-2.4.2.jar' 
2022-02-11 09:47:37.082 DEBUG [acme.Launcher@main] Found classpath entry '/C:/Users/stock/.m2/repository/org/springframework/boot/spring-boot-autoconfigure/2.4.2/spring-boot-autoconfigure-2.4.2.jar' 
2022-02-11 09:47:37.083 DEBUG [acme.Launcher@main] Found classpath entry '/C:/Users/stock/.m2/repository/org/springframework/boot/spring-boot-starter-logging/2.4.2/spring-boot-starter-logging-2.4.2.jar' 
2022-02-11 09:47:37.083 DEBUG [acme.Launcher@main] Found classpath entry '/C:/Users/stock/.m2/repository/ch/qos/logback/logback-classic/1.2.3/logback-classic-1.2.3.jar' 
2022-02-11 09:47:37.084 DEBUG [acme.Launcher@main] Found classpath entry '/C:/Users/stock/.m2/repository/ch/qos/logback/logback-core/1.2.3/logback-core-1.2.3.jar' 
2022-02-11 09:47:37.084 DEBUG [acme.Launcher@main] Found classpath entry '/C:/Users/stock/.m2/repository/org/apache/logging/log4j/log4j-to-slf4j/2.13.3/log4j-to-slf4j-2.13.3.jar' 
2022-02-11 09:47:37.084 DEBUG [acme.Launcher@main] Found classpath entry '/C:/Users/stock/.m2/repository/org/apache/logging/log4j/log4j-api/2.13.3/log4j-api-2.13.3.jar' 
2022-02-11 09:47:37.085 DEBUG [acme.Launcher@main] Found classpath entry '/C:/Users/stock/.m2/repository/org/slf4j/jul-to-slf4j/1.7.30/jul-to-slf4j-1.7.30.jar' 
2022-02-11 09:47:37.085 DEBUG [acme.Launcher@main] Found classpath entry '/C:/Users/stock/.m2/repository/org/yaml/snakeyaml/1.27/snakeyaml-1.27.jar' 
2022-02-11 09:47:37.086 DEBUG [acme.Launcher@main] Found classpath entry '/C:/Users/stock/.m2/repository/org/springframework/boot/spring-boot-test/2.4.2/spring-boot-test-2.4.2.jar' 
2022-02-11 09:47:37.086 DEBUG [acme.Launcher@main] Found classpath entry '/C:/Users/stock/.m2/repository/org/springframework/boot/spring-boot-test-autoconfigure/2.4.2/spring-boot-test-autoconfigure-2.4.2.jar' 
2022-02-11 09:47:37.087 DEBUG [acme.Launcher@main] Found classpath entry '/C:/Users/stock/.m2/repository/com/jayway/jsonpath/json-path/2.4.0/json-path-2.4.0.jar' 
2022-02-11 09:47:37.087 DEBUG [acme.Launcher@main] Found classpath entry '/C:/Users/stock/.m2/repository/net/minidev/json-smart/2.3/json-smart-2.3.jar' 
2022-02-11 09:47:37.087 DEBUG [acme.Launcher@main] Found classpath entry '/C:/Users/stock/.m2/repository/net/minidev/accessors-smart/1.2/accessors-smart-1.2.jar' 
2022-02-11 09:47:37.088 DEBUG [acme.Launcher@main] Found classpath entry '/C:/Users/stock/.m2/repository/org/ow2/asm/asm/5.0.4/asm-5.0.4.jar' 
2022-02-11 09:47:37.088 DEBUG [acme.Launcher@main] Found classpath entry '/C:/Users/stock/.m2/repository/jakarta/xml/bind/jakarta.xml.bind-api/2.3.3/jakarta.xml.bind-api-2.3.3.jar' 
2022-02-11 09:47:37.089 DEBUG [acme.Launcher@main] Found classpath entry '/C:/Users/stock/.m2/repository/jakarta/activation/jakarta.activation-api/1.2.2/jakarta.activation-api-1.2.2.jar' 
2022-02-11 09:47:37.089 DEBUG [acme.Launcher@main] Found classpath entry '/C:/Users/stock/.m2/repository/org/assertj/assertj-core/3.18.1/assertj-core-3.18.1.jar' 
2022-02-11 09:47:37.089 DEBUG [acme.Launcher@main] Found classpath entry '/C:/Users/stock/.m2/repository/org/hamcrest/hamcrest/2.2/hamcrest-2.2.jar' 
2022-02-11 09:47:37.090 DEBUG [acme.Launcher@main] Found classpath entry '/C:/Users/stock/.m2/repository/org/junit/jupiter/junit-jupiter/5.7.0/junit-jupiter-5.7.0.jar' 
2022-02-11 09:47:37.090 DEBUG [acme.Launcher@main] Found classpath entry '/C:/Users/stock/.m2/repository/org/mockito/mockito-core/3.6.28/mockito-core-3.6.28.jar' 
2022-02-11 09:47:37.090 DEBUG [acme.Launcher@main] Found classpath entry '/C:/Users/stock/.m2/repository/net/bytebuddy/byte-buddy-agent/1.10.19/byte-buddy-agent-1.10.19.jar' 
2022-02-11 09:47:37.091 DEBUG [acme.Launcher@main] Found classpath entry '/C:/Users/stock/.m2/repository/org/objenesis/objenesis/3.1/objenesis-3.1.jar' 
2022-02-11 09:47:37.091 DEBUG [acme.Launcher@main] Found classpath entry '/C:/Users/stock/.m2/repository/org/mockito/mockito-junit-jupiter/3.6.28/mockito-junit-jupiter-3.6.28.jar' 
2022-02-11 09:47:37.092 DEBUG [acme.Launcher@main] Found classpath entry '/C:/Users/stock/.m2/repository/org/skyscreamer/jsonassert/1.5.0/jsonassert-1.5.0.jar' 
2022-02-11 09:47:37.092 DEBUG [acme.Launcher@main] Found classpath entry '/C:/Users/stock/.m2/repository/com/vaadin/external/google/android-json/0.0.20131108.vaadin1/android-json-0.0.20131108.vaadin1.jar' 
2022-02-11 09:47:37.093 DEBUG [acme.Launcher@main] Found classpath entry '/C:/Users/stock/.m2/repository/org/springframework/spring-core/5.3.3/spring-core-5.3.3.jar' 
2022-02-11 09:47:37.093 DEBUG [acme.Launcher@main] Found classpath entry '/C:/Users/stock/.m2/repository/org/springframework/spring-jcl/5.3.3/spring-jcl-5.3.3.jar' 
2022-02-11 09:47:37.093 DEBUG [acme.Launcher@main] Found classpath entry '/C:/Users/stock/.m2/repository/org/springframework/spring-test/5.3.3/spring-test-5.3.3.jar' 
2022-02-11 09:47:37.093 DEBUG [acme.Launcher@main] Found classpath entry '/C:/Users/stock/.m2/repository/org/xmlunit/xmlunit-core/2.7.0/xmlunit-core-2.7.0.jar' 
2022-02-11 09:47:37.094 DEBUG [acme.Launcher@main] Found classpath entry '/C:/Users/stock/.m2/repository/org/springframework/boot/spring-boot-starter-security/2.4.2/spring-boot-starter-security-2.4.2.jar' 
2022-02-11 09:47:37.094 DEBUG [acme.Launcher@main] Found classpath entry '/C:/Users/stock/.m2/repository/org/springframework/spring-aop/5.3.3/spring-aop-5.3.3.jar' 
2022-02-11 09:47:37.094 DEBUG [acme.Launcher@main] Found classpath entry '/C:/Users/stock/.m2/repository/org/springframework/security/spring-security-web/5.4.2/spring-security-web-5.4.2.jar' 
2022-02-11 09:47:37.095 DEBUG [acme.Launcher@main] Found classpath entry '/C:/Users/stock/.m2/repository/org/springframework/security/spring-security-core/5.4.2/spring-security-core-5.4.2.jar' 
2022-02-11 09:47:37.096 DEBUG [acme.Launcher@main] Found classpath entry '/C:/Users/stock/.m2/repository/org/springframework/spring-beans/5.3.3/spring-beans-5.3.3.jar' 
2022-02-11 09:47:37.096 DEBUG [acme.Launcher@main] Found classpath entry '/C:/Users/stock/.m2/repository/org/springframework/spring-context/5.3.3/spring-context-5.3.3.jar' 
2022-02-11 09:47:37.097 DEBUG [acme.Launcher@main] Found classpath entry '/C:/Users/stock/.m2/repository/org/springframework/spring-expression/5.3.3/spring-expression-5.3.3.jar' 
2022-02-11 09:47:37.097 DEBUG [acme.Launcher@main] Found classpath entry '/C:/Users/stock/.m2/repository/org/springframework/spring-web/5.3.3/spring-web-5.3.3.jar' 
2022-02-11 09:47:37.097 DEBUG [acme.Launcher@main] Found classpath entry '/C:/Users/stock/.m2/repository/org/springframework/security/spring-security-config/5.4.2/spring-security-config-5.4.2.jar' 
2022-02-11 09:47:37.098 DEBUG [acme.Launcher@main] Found classpath entry '/C:/Users/stock/.m2/repository/org/springframework/security/spring-security-taglibs/5.4.2/spring-security-taglibs-5.4.2.jar' 
2022-02-11 09:47:37.098 DEBUG [acme.Launcher@main] Found classpath entry '/C:/Users/stock/.m2/repository/org/springframework/security/spring-security-acl/5.4.2/spring-security-acl-5.4.2.jar' 
2022-02-11 09:47:37.098 DEBUG [acme.Launcher@main] Found classpath entry '/C:/Users/stock/.m2/repository/org/springframework/spring-jdbc/5.3.3/spring-jdbc-5.3.3.jar' 
2022-02-11 09:47:37.099 DEBUG [acme.Launcher@main] Found classpath entry '/C:/Users/stock/.m2/repository/org/springframework/spring-tx/5.3.3/spring-tx-5.3.3.jar' 
2022-02-11 09:47:37.099 DEBUG [acme.Launcher@main] Found classpath entry '/C:/Users/stock/.m2/repository/org/springframework/boot/spring-boot-starter-web/2.4.2/spring-boot-starter-web-2.4.2.jar' 
2022-02-11 09:47:37.099 DEBUG [acme.Launcher@main] Found classpath entry '/C:/Users/stock/.m2/repository/org/springframework/boot/spring-boot-starter-json/2.4.2/spring-boot-starter-json-2.4.2.jar' 
2022-02-11 09:47:37.099 DEBUG [acme.Launcher@main] Found classpath entry '/C:/Users/stock/.m2/repository/com/fasterxml/jackson/core/jackson-databind/2.11.4/jackson-databind-2.11.4.jar' 
2022-02-11 09:47:37.099 DEBUG [acme.Launcher@main] Found classpath entry '/C:/Users/stock/.m2/repository/com/fasterxml/jackson/core/jackson-annotations/2.11.4/jackson-annotations-2.11.4.jar' 
2022-02-11 09:47:37.100 DEBUG [acme.Launcher@main] Found classpath entry '/C:/Users/stock/.m2/repository/com/fasterxml/jackson/core/jackson-core/2.11.4/jackson-core-2.11.4.jar' 
2022-02-11 09:47:37.100 DEBUG [acme.Launcher@main] Found classpath entry '/C:/Users/stock/.m2/repository/com/fasterxml/jackson/datatype/jackson-datatype-jdk8/2.11.4/jackson-datatype-jdk8-2.11.4.jar' 
2022-02-11 09:47:37.100 DEBUG [acme.Launcher@main] Found classpath entry '/C:/Users/stock/.m2/repository/com/fasterxml/jackson/datatype/jackson-datatype-jsr310/2.11.4/jackson-datatype-jsr310-2.11.4.jar' 
2022-02-11 09:47:37.100 DEBUG [acme.Launcher@main] Found classpath entry '/C:/Users/stock/.m2/repository/com/fasterxml/jackson/module/jackson-module-parameter-names/2.11.4/jackson-module-parameter-names-2.11.4.jar' 
2022-02-11 09:47:37.101 DEBUG [acme.Launcher@main] Found classpath entry '/C:/Users/stock/.m2/repository/org/springframework/spring-webmvc/5.3.3/spring-webmvc-5.3.3.jar' 
2022-02-11 09:47:37.101 DEBUG [acme.Launcher@main] Found classpath entry '/C:/Users/stock/.m2/repository/org/apache/tiles/tiles-jsp/3.0.8/tiles-jsp-3.0.8.jar' 
2022-02-11 09:47:37.101 DEBUG [acme.Launcher@main] Found classpath entry '/C:/Users/stock/.m2/repository/org/apache/tiles/tiles-servlet/3.0.8/tiles-servlet-3.0.8.jar' 
2022-02-11 09:47:37.101 DEBUG [acme.Launcher@main] Found classpath entry '/C:/Users/stock/.m2/repository/org/apache/tiles/tiles-core/3.0.8/tiles-core-3.0.8.jar' 
2022-02-11 09:47:37.102 DEBUG [acme.Launcher@main] Found classpath entry '/C:/Users/stock/.m2/repository/commons-digester/commons-digester/2.0/commons-digester-2.0.jar' 
2022-02-11 09:47:37.102 DEBUG [acme.Launcher@main] Found classpath entry '/C:/Users/stock/.m2/repository/org/slf4j/jcl-over-slf4j/1.7.30/jcl-over-slf4j-1.7.30.jar' 
2022-02-11 09:47:37.102 DEBUG [acme.Launcher@main] Found classpath entry '/C:/Users/stock/.m2/repository/org/apache/tiles/tiles-request-servlet/1.0.7/tiles-request-servlet-1.0.7.jar' 
2022-02-11 09:47:37.102 DEBUG [acme.Launcher@main] Found classpath entry '/C:/Users/stock/.m2/repository/org/apache/tiles/tiles-template/3.0.8/tiles-template-3.0.8.jar' 
2022-02-11 09:47:37.102 DEBUG [acme.Launcher@main] Found classpath entry '/C:/Users/stock/.m2/repository/org/apache/tiles/tiles-api/3.0.8/tiles-api-3.0.8.jar' 
2022-02-11 09:47:37.103 DEBUG [acme.Launcher@main] Found classpath entry '/C:/Users/stock/.m2/repository/org/apache/tiles/tiles-autotag-core-runtime/1.2/tiles-autotag-core-runtime-1.2.jar' 
2022-02-11 09:47:37.103 DEBUG [acme.Launcher@main] Found classpath entry '/C:/Users/stock/.m2/repository/org/slf4j/slf4j-api/1.7.30/slf4j-api-1.7.30.jar' 
2022-02-11 09:47:37.103 DEBUG [acme.Launcher@main] Found classpath entry '/C:/Users/stock/.m2/repository/org/apache/tiles/tiles-request-jsp/1.0.7/tiles-request-jsp-1.0.7.jar' 
2022-02-11 09:47:37.103 DEBUG [acme.Launcher@main] Found classpath entry '/C:/Users/stock/.m2/repository/org/apache/tiles/tiles-request-api/1.0.7/tiles-request-api-1.0.7.jar' 
2022-02-11 09:47:37.104 DEBUG [acme.Launcher@main] Found classpath entry '/C:/Users/stock/.m2/repository/org/springframework/boot/spring-boot-starter-data-jpa/2.4.2/spring-boot-starter-data-jpa-2.4.2.jar' 
2022-02-11 09:47:37.104 DEBUG [acme.Launcher@main] Found classpath entry '/C:/Users/stock/.m2/repository/org/springframework/boot/spring-boot-starter-aop/2.4.2/spring-boot-starter-aop-2.4.2.jar' 
2022-02-11 09:47:37.104 DEBUG [acme.Launcher@main] Found classpath entry '/C:/Users/stock/.m2/repository/org/aspectj/aspectjweaver/1.9.6/aspectjweaver-1.9.6.jar' 
2022-02-11 09:47:37.104 DEBUG [acme.Launcher@main] Found classpath entry '/C:/Users/stock/.m2/repository/org/springframework/boot/spring-boot-starter-jdbc/2.4.2/spring-boot-starter-jdbc-2.4.2.jar' 
2022-02-11 09:47:37.105 DEBUG [acme.Launcher@main] Found classpath entry '/C:/Users/stock/.m2/repository/jakarta/transaction/jakarta.transaction-api/1.3.3/jakarta.transaction-api-1.3.3.jar' 
2022-02-11 09:47:37.105 DEBUG [acme.Launcher@main] Found classpath entry '/C:/Users/stock/.m2/repository/jakarta/persistence/jakarta.persistence-api/2.2.3/jakarta.persistence-api-2.2.3.jar' 
2022-02-11 09:47:37.105 DEBUG [acme.Launcher@main] Found classpath entry '/C:/Users/stock/.m2/repository/org/hibernate/hibernate-core/5.4.27.Final/hibernate-core-5.4.27.Final.jar' 
2022-02-11 09:47:37.106 DEBUG [acme.Launcher@main] Found classpath entry '/C:/Users/stock/.m2/repository/org/jboss/logging/jboss-logging/3.4.1.Final/jboss-logging-3.4.1.Final.jar' 
2022-02-11 09:47:37.106 DEBUG [acme.Launcher@main] Found classpath entry '/C:/Users/stock/.m2/repository/org/javassist/javassist/3.27.0-GA/javassist-3.27.0-GA.jar' 
2022-02-11 09:47:37.106 DEBUG [acme.Launcher@main] Found classpath entry '/C:/Users/stock/.m2/repository/antlr/antlr/2.7.7/antlr-2.7.7.jar' 
2022-02-11 09:47:37.107 DEBUG [acme.Launcher@main] Found classpath entry '/C:/Users/stock/.m2/repository/org/jboss/jandex/2.1.3.Final/jandex-2.1.3.Final.jar' 
2022-02-11 09:47:37.107 DEBUG [acme.Launcher@main] Found classpath entry '/C:/Users/stock/.m2/repository/com/fasterxml/classmate/1.5.1/classmate-1.5.1.jar' 
2022-02-11 09:47:37.107 DEBUG [acme.Launcher@main] Found classpath entry '/C:/Users/stock/.m2/repository/org/dom4j/dom4j/2.1.3/dom4j-2.1.3.jar' 
2022-02-11 09:47:37.108 DEBUG [acme.Launcher@main] Found classpath entry '/C:/Users/stock/.m2/repository/org/hibernate/common/hibernate-commons-annotations/5.1.2.Final/hibernate-commons-annotations-5.1.2.Final.jar' 
2022-02-11 09:47:37.108 DEBUG [acme.Launcher@main] Found classpath entry '/C:/Users/stock/.m2/repository/org/glassfish/jaxb/jaxb-runtime/2.3.3/jaxb-runtime-2.3.3.jar' 
2022-02-11 09:47:37.108 DEBUG [acme.Launcher@main] Found classpath entry '/C:/Users/stock/.m2/repository/org/glassfish/jaxb/txw2/2.3.3/txw2-2.3.3.jar' 
2022-02-11 09:47:37.108 DEBUG [acme.Launcher@main] Found classpath entry '/C:/Users/stock/.m2/repository/com/sun/istack/istack-commons-runtime/3.0.11/istack-commons-runtime-3.0.11.jar' 
2022-02-11 09:47:37.109 DEBUG [acme.Launcher@main] Found classpath entry '/C:/Users/stock/.m2/repository/com/sun/activation/jakarta.activation/1.2.2/jakarta.activation-1.2.2.jar' 
2022-02-11 09:47:37.109 DEBUG [acme.Launcher@main] Found classpath entry '/C:/Users/stock/.m2/repository/org/springframework/data/spring-data-jpa/2.4.3/spring-data-jpa-2.4.3.jar' 
2022-02-11 09:47:37.109 DEBUG [acme.Launcher@main] Found classpath entry '/C:/Users/stock/.m2/repository/org/springframework/data/spring-data-commons/2.4.3/spring-data-commons-2.4.3.jar' 
2022-02-11 09:47:37.109 DEBUG [acme.Launcher@main] Found classpath entry '/C:/Users/stock/.m2/repository/org/springframework/spring-orm/5.3.3/spring-orm-5.3.3.jar' 
2022-02-11 09:47:37.110 DEBUG [acme.Launcher@main] Found classpath entry '/C:/Users/stock/.m2/repository/org/springframework/spring-aspects/5.3.3/spring-aspects-5.3.3.jar' 
2022-02-11 09:47:37.110 DEBUG [acme.Launcher@main] Found classpath entry '/C:/Users/stock/.m2/repository/org/springframework/boot/spring-boot-starter-validation/2.4.2/spring-boot-starter-validation-2.4.2.jar' 
2022-02-11 09:47:37.110 DEBUG [acme.Launcher@main] Found classpath entry '/C:/Users/stock/.m2/repository/org/hibernate/validator/hibernate-validator/6.1.7.Final/hibernate-validator-6.1.7.Final.jar' 
2022-02-11 09:47:37.110 DEBUG [acme.Launcher@main] Found classpath entry '/C:/Users/stock/.m2/repository/jakarta/validation/jakarta.validation-api/2.0.2/jakarta.validation-api-2.0.2.jar' 
2022-02-11 09:47:37.111 DEBUG [acme.Launcher@main] Found classpath entry '/C:/Users/stock/.m2/repository/mysql/mysql-connector-java/8.0.22/mysql-connector-java-8.0.22.jar' 
2022-02-11 09:47:37.112 DEBUG [acme.Launcher@main] Found classpath entry '/C:/Users/stock/.m2/repository/com/zaxxer/HikariCP/3.4.5/HikariCP-3.4.5.jar' 
2022-02-11 09:47:37.112 DEBUG [acme.Launcher@main] Found classpath entry '/C:/Users/stock/.m2/repository/org/junit/jupiter/junit-jupiter-engine/5.7.0/junit-jupiter-engine-5.7.0.jar' 
2022-02-11 09:47:37.113 DEBUG [acme.Launcher@main] Found classpath entry '/C:/Users/stock/.m2/repository/org/apiguardian/apiguardian-api/1.1.0/apiguardian-api-1.1.0.jar' 
2022-02-11 09:47:37.113 DEBUG [acme.Launcher@main] Found classpath entry '/C:/Users/stock/.m2/repository/org/junit/platform/junit-platform-engine/1.7.0/junit-platform-engine-1.7.0.jar' 
2022-02-11 09:47:37.114 DEBUG [acme.Launcher@main] Found classpath entry '/C:/Users/stock/.m2/repository/org/junit/jupiter/junit-jupiter-api/5.7.0/junit-jupiter-api-5.7.0.jar' 
2022-02-11 09:47:37.114 DEBUG [acme.Launcher@main] Found classpath entry '/C:/Users/stock/.m2/repository/org/opentest4j/opentest4j/1.2.0/opentest4j-1.2.0.jar' 
2022-02-11 09:47:37.114 DEBUG [acme.Launcher@main] Found classpath entry '/C:/Users/stock/.m2/repository/org/junit/platform/junit-platform-commons/1.7.0/junit-platform-commons-1.7.0.jar' 
2022-02-11 09:47:37.114 DEBUG [acme.Launcher@main] Found classpath entry '/C:/Users/stock/.m2/repository/org/junit/jupiter/junit-jupiter-params/5.7.0/junit-jupiter-params-5.7.0.jar' 
2022-02-11 09:47:37.115 DEBUG [acme.Launcher@main] Found classpath entry '/C:/Users/stock/.m2/repository/org/junit/platform/junit-platform-launcher/1.7.0/junit-platform-launcher-1.7.0.jar' 
2022-02-11 09:47:37.115 DEBUG [acme.Launcher@main] Found classpath entry '/C:/Users/stock/.m2/repository/org/seleniumhq/selenium/selenium-java/3.141.59/selenium-java-3.141.59.jar' 
2022-02-11 09:47:37.115 DEBUG [acme.Launcher@main] Found classpath entry '/C:/Users/stock/.m2/repository/org/seleniumhq/selenium/selenium-api/3.141.59/selenium-api-3.141.59.jar' 
2022-02-11 09:47:37.115 DEBUG [acme.Launcher@main] Found classpath entry '/C:/Users/stock/.m2/repository/org/seleniumhq/selenium/selenium-chrome-driver/3.141.59/selenium-chrome-driver-3.141.59.jar' 
2022-02-11 09:47:37.115 DEBUG [acme.Launcher@main] Found classpath entry '/C:/Users/stock/.m2/repository/org/seleniumhq/selenium/selenium-edge-driver/3.141.59/selenium-edge-driver-3.141.59.jar' 
2022-02-11 09:47:37.116 DEBUG [acme.Launcher@main] Found classpath entry '/C:/Users/stock/.m2/repository/org/seleniumhq/selenium/selenium-firefox-driver/3.141.59/selenium-firefox-driver-3.141.59.jar' 
2022-02-11 09:47:37.116 DEBUG [acme.Launcher@main] Found classpath entry '/C:/Users/stock/.m2/repository/org/seleniumhq/selenium/selenium-ie-driver/3.141.59/selenium-ie-driver-3.141.59.jar' 
2022-02-11 09:47:37.116 DEBUG [acme.Launcher@main] Found classpath entry '/C:/Users/stock/.m2/repository/org/seleniumhq/selenium/selenium-opera-driver/3.141.59/selenium-opera-driver-3.141.59.jar' 
2022-02-11 09:47:37.117 DEBUG [acme.Launcher@main] Found classpath entry '/C:/Users/stock/.m2/repository/org/seleniumhq/selenium/selenium-remote-driver/3.141.59/selenium-remote-driver-3.141.59.jar' 
2022-02-11 09:47:37.117 DEBUG [acme.Launcher@main] Found classpath entry '/C:/Users/stock/.m2/repository/org/seleniumhq/selenium/selenium-safari-driver/3.141.59/selenium-safari-driver-3.141.59.jar' 
2022-02-11 09:47:37.117 DEBUG [acme.Launcher@main] Found classpath entry '/C:/Users/stock/.m2/repository/org/seleniumhq/selenium/selenium-support/3.141.59/selenium-support-3.141.59.jar' 
2022-02-11 09:47:37.117 DEBUG [acme.Launcher@main] Found classpath entry '/C:/Users/stock/.m2/repository/net/bytebuddy/byte-buddy/1.10.19/byte-buddy-1.10.19.jar' 
2022-02-11 09:47:37.118 DEBUG [acme.Launcher@main] Found classpath entry '/C:/Users/stock/.m2/repository/org/apache/commons/commons-exec/1.3/commons-exec-1.3.jar' 
2022-02-11 09:47:37.118 DEBUG [acme.Launcher@main] Found classpath entry '/C:/Users/stock/.m2/repository/com/google/guava/guava/25.0-jre/guava-25.0-jre.jar' 
2022-02-11 09:47:37.118 DEBUG [acme.Launcher@main] Found classpath entry '/C:/Users/stock/.m2/repository/com/google/code/findbugs/jsr305/1.3.9/jsr305-1.3.9.jar' 
2022-02-11 09:47:37.118 DEBUG [acme.Launcher@main] Found classpath entry '/C:/Users/stock/.m2/repository/org/checkerframework/checker-compat-qual/2.0.0/checker-compat-qual-2.0.0.jar' 
2022-02-11 09:47:37.118 DEBUG [acme.Launcher@main] Found classpath entry '/C:/Users/stock/.m2/repository/com/google/errorprone/error_prone_annotations/2.1.3/error_prone_annotations-2.1.3.jar' 
2022-02-11 09:47:37.118 DEBUG [acme.Launcher@main] Found classpath entry '/C:/Users/stock/.m2/repository/com/google/j2objc/j2objc-annotations/1.1/j2objc-annotations-1.1.jar' 
2022-02-11 09:47:37.119 DEBUG [acme.Launcher@main] Found classpath entry '/C:/Users/stock/.m2/repository/org/codehaus/mojo/animal-sniffer-annotations/1.14/animal-sniffer-annotations-1.14.jar' 
2022-02-11 09:47:37.119 DEBUG [acme.Launcher@main] Found classpath entry '/C:/Users/stock/.m2/repository/com/squareup/okhttp3/okhttp/3.14.9/okhttp-3.14.9.jar' 
2022-02-11 09:47:37.119 DEBUG [acme.Launcher@main] Found classpath entry '/C:/Users/stock/.m2/repository/com/squareup/okio/okio/1.14.0/okio-1.14.0.jar' 
2022-02-11 09:47:37.119 DEBUG [acme.Launcher@main] Found classpath entry '/C:/Users/stock/.m2/repository/org/apache/commons/commons-lang3/3.11/commons-lang3-3.11.jar' 
2022-02-11 09:47:37.120 DEBUG [acme.Launcher@main] Found classpath entry '/C:/Users/stock/.m2/repository/org/apache/commons/commons-text/1.8/commons-text-1.8.jar' 
2022-02-11 09:47:37.120 DEBUG [acme.Launcher@main] Found classpath entry '/C:/Users/stock/.m2/repository/commons-io/commons-io/2.6/commons-io-2.6.jar' 
2022-02-11 09:47:37.120 DEBUG [acme.Launcher@main] Found classpath entry '/C:/Users/stock/.m2/repository/commons-cli/commons-cli/1.4/commons-cli-1.4.jar' 
2022-02-11 09:47:37.120 DEBUG [acme.Launcher@main] Found classpath entry '/C:/Users/stock/.m2/repository/org/projectlombok/lombok/1.18.16/lombok-1.18.16.jar' 
2022-02-11 09:47:37.120 DEBUG [acme.Launcher@main] Found classpath entry '/C:/Users/stock/.m2/repository/com/opencsv/opencsv/5.4/opencsv-5.4.jar' 
2022-02-11 09:47:37.121 DEBUG [acme.Launcher@main] Found classpath entry '/C:/Users/stock/.m2/repository/commons-beanutils/commons-beanutils/1.9.4/commons-beanutils-1.9.4.jar' 
2022-02-11 09:47:37.121 DEBUG [acme.Launcher@main] Found classpath entry '/C:/Users/stock/.m2/repository/commons-logging/commons-logging/1.2/commons-logging-1.2.jar' 
2022-02-11 09:47:37.121 DEBUG [acme.Launcher@main] Found classpath entry '/C:/Users/stock/.m2/repository/commons-collections/commons-collections/3.2.2/commons-collections-3.2.2.jar' 
2022-02-11 09:47:37.121 DEBUG [acme.Launcher@main] Found classpath entry '/C:/Users/stock/.m2/repository/org/apache/commons/commons-collections4/4.4/commons-collections4-4.4.jar' 
2022-02-11 09:47:37.121 DEBUG [acme.Launcher@main] Found classpath entry '/C:/Users/stock/Desktop/Workspace-22.0/Workspace-22.0/Tools/IDEs/eclipse-jee-2021-12-R/configuration/org.eclipse.osgi/908/0/.cp/jacocoagent.jar' 
2022-02-11 09:47:37.229 DEBUG [acme.Launcher@main] Found entity class 'acme.roles.Consumer 
2022-02-11 09:47:37.230 DEBUG [acme.Launcher@main] Found entity class 'acme.roles.Provider 
2022-02-11 09:47:37.230 DEBUG [acme.Launcher@main] Found entity class 'acme.framework.entities.UserAccount 
2022-02-11 09:47:37.230 DEBUG [acme.Launcher@main] Found entity class 'acme.framework.roles.Administrator 
2022-02-11 09:47:37.231 DEBUG [acme.Launcher@main] Found entity class 'acme.framework.roles.Anonymous 
2022-02-11 09:47:37.232 DEBUG [acme.Launcher@main] Found entity class 'acme.framework.roles.Authenticated 
2022-02-11 09:47:37.240 INFO  [acme.Launcher@main] Running application (Standalone) 
2022-02-11 09:47:47.905 DEBUG [acme.framework.components.tiles.DynamicTilesView@http-nio-8080-exec-1] View name 'fragments/welcome', model {} 
2022-02-11 09:47:47.931 DEBUG [org.apache.tiles.definition.dao.BaseLocaleUrlDefinitionDAO@http-nio-8080-exec-1] File Resource file:/C:/Users/stock/Desktop/Workspace-22.0/Workspace-22.0/Starters/Hello-World-22.0/target/classes/WEB-INF/views/master/tiles_en.xml at file:/C:/Users/stock/Desktop/Workspace-22.0/Workspace-22.0/Starters/Hello-World-22.0/target/classes/WEB-INF/views/master/tiles_en.xml not found, continue 
2022-02-11 09:47:47.946 DEBUG [org.apache.jasper.servlet.JspServlet@http-nio-8080-exec-1] JspEngine --> /WEB-INF/views/master/page.jsp 
2022-02-11 09:47:47.946 DEBUG [org.apache.jasper.servlet.JspServlet@http-nio-8080-exec-1] ServletPath: /WEB-INF/views/master/page.jsp 
2022-02-11 09:47:47.946 DEBUG [org.apache.jasper.servlet.JspServlet@http-nio-8080-exec-1] PathInfo: null 
2022-02-11 09:47:47.949 DEBUG [org.apache.jasper.servlet.JspServlet@http-nio-8080-exec-1] RealPath: C:\Users\stock\Desktop\Workspace-22.0\Workspace-22.0\Starters\Hello-World-22.0\target\classes\WEB-INF\views\master\page.jsp 
2022-02-11 09:47:47.949 DEBUG [org.apache.jasper.servlet.JspServlet@http-nio-8080-exec-1] RequestURI: /hello-world-22.0/WEB-INF/views/master/page.jsp 
2022-02-11 09:47:47.950 DEBUG [org.apache.jasper.servlet.JspServlet@http-nio-8080-exec-1] QueryString: null 
2022-02-11 09:47:53.400 DEBUG [acme.framework.configuration.ExtendedMessageSource@http-nio-8080-exec-1] Loading properties [messsages-en.i18n] with encoding 'utf-8' 
2022-02-11 09:47:53.402 DEBUG [acme.framework.configuration.ExtendedMessageSource@http-nio-8080-exec-1] Loading properties [messsages-en.i18n] with encoding 'utf-8' 
2022-02-11 09:47:53.404 DEBUG [acme.framework.configuration.ExtendedMessageSource@http-nio-8080-exec-1] Loading properties [messsages-en.i18n] with encoding 'utf-8' 
2022-02-11 09:47:53.405 DEBUG [acme.framework.configuration.ExtendedMessageSource@http-nio-8080-exec-1] Loading properties [messsages-en.i18n] with encoding 'utf-8' 
2022-02-11 09:47:53.407 DEBUG [acme.framework.configuration.ExtendedMessageSource@http-nio-8080-exec-1] Loading properties [messsages-en.i18n] with encoding 'utf-8' 
2022-02-11 09:47:53.408 DEBUG [acme.framework.configuration.ExtendedMessageSource@http-nio-8080-exec-1] Loading properties [banner-en.i18n] with encoding 'utf-8' 
2022-02-11 09:47:53.409 DEBUG [acme.framework.configuration.ExtendedMessageSource@http-nio-8080-exec-1] Loading properties [company-en.i18n] with encoding 'utf-8' 
2022-02-11 09:47:53.411 DEBUG [acme.framework.configuration.ExtendedMessageSource@http-nio-8080-exec-1] Loading properties [footer-en.i18n] with encoding 'utf-8' 
2022-02-11 09:47:53.412 DEBUG [acme.framework.configuration.ExtendedMessageSource@http-nio-8080-exec-1] Loading properties [license-en.i18n] with encoding 'utf-8' 
2022-02-11 09:47:53.413 DEBUG [acme.framework.configuration.ExtendedMessageSource@http-nio-8080-exec-1] Loading properties [menu-en.i18n] with encoding 'utf-8' 
2022-02-11 09:47:53.415 DEBUG [acme.framework.configuration.ExtendedMessageSource@http-nio-8080-exec-1] Loading properties [messsages-en.i18n] with encoding 'utf-8' 
2022-02-11 09:47:53.416 DEBUG [acme.framework.configuration.ExtendedMessageSource@http-nio-8080-exec-1] Loading properties [title-en.i18n] with encoding 'utf-8' 
2022-02-11 09:47:53.417 DEBUG [acme.framework.configuration.ExtendedMessageSource@http-nio-8080-exec-1] Loading properties [welcome-en.i18n] with encoding 'utf-8' 
2022-02-11 09:47:53.418 DEBUG [acme.framework.configuration.ExtendedMessageSource@http-nio-8080-exec-1] Loading properties [defaults-en.i18n] with encoding 'utf-8' 
2022-02-11 09:47:53.419 DEBUG [acme.framework.configuration.ExtendedMessageSource@http-nio-8080-exec-1] Loading properties [master-en.i18n] with encoding 'utf-8' 
2022-02-11 09:47:53.420 DEBUG [acme.framework.configuration.ExtendedMessageSource@http-nio-8080-exec-1] Loading properties [throwables-en.i18n] with encoding 'utf-8' 
2022-02-11 09:47:53.422 DEBUG [acme.framework.configuration.ExtendedMessageSource@http-nio-8080-exec-1] Loading properties [validation-en.i18n] with encoding 'utf-8' 
2022-02-11 09:47:53.584 DEBUG [org.apache.jasper.servlet.JspServlet@http-nio-8080-exec-1] JspEngine --> /WEB-INF/views/fragments/welcome.jsp 
2022-02-11 09:47:53.584 DEBUG [org.apache.jasper.servlet.JspServlet@http-nio-8080-exec-1] ServletPath: /WEB-INF/views/master/page.jsp 
2022-02-11 09:47:53.585 DEBUG [org.apache.jasper.servlet.JspServlet@http-nio-8080-exec-1] PathInfo: null 
2022-02-11 09:47:53.587 DEBUG [org.apache.jasper.servlet.JspServlet@http-nio-8080-exec-1] RealPath: C:\Users\stock\Desktop\Workspace-22.0\Workspace-22.0\Starters\Hello-World-22.0\target\classes\WEB-INF\views\fragments\welcome.jsp 
2022-02-11 09:47:53.588 DEBUG [org.apache.jasper.servlet.JspServlet@http-nio-8080-exec-1] RequestURI: /hello-world-22.0/WEB-INF/views/master/page.jsp 
2022-02-11 09:47:53.588 DEBUG [org.apache.jasper.servlet.JspServlet@http-nio-8080-exec-1] QueryString: null 
2022-02-11 09:47:53.975 DEBUG [org.hibernate.SQL@http-nio-8080-exec-1] select useraccoun0_.id as id1_0_, useraccoun0_.version as version2_0_, useraccoun0_.enabled as enabled1_6_, useraccoun0_.identity_email as identity2_6_, useraccoun0_.identity_name as identity3_6_, useraccoun0_.identity_surname as identity4_6_, useraccoun0_.password as password5_6_, useraccoun0_.username as username6_6_ from user_account useraccoun0_ where useraccoun0_.username=? 
2022-02-11 09:47:54.019 TRACE [org.hibernate.type.descriptor.sql.BasicBinder@http-nio-8080-exec-1] binding parameter [1] as [VARCHAR] - [anonymous] 
2022-02-11 09:47:54.044 ERROR [org.apache.catalina.core.ContainerBase.[Tomcat].[localhost].[/hello-world-22.0].[jsp]@http-nio-8080-exec-1] Servlet.service() for servlet [jsp] threw exception at acme.framework.services.AuthenticationService.loadUserByUsername(AuthenticationService.java:51): anonymous
2022-02-11 09:47:54.088 DEBUG [acme.framework.components.tiles.DynamicTilesView@http-nio-8080-exec-2] View name 'master/sign-in', model {username=, password=, remember=false} 
2022-02-11 09:47:54.089 DEBUG [org.apache.jasper.servlet.JspServlet@http-nio-8080-exec-2] JspEngine --> /WEB-INF/views/master/page.jsp 
2022-02-11 09:47:54.090 DEBUG [org.apache.jasper.servlet.JspServlet@http-nio-8080-exec-2] ServletPath: /WEB-INF/views/master/page.jsp 
2022-02-11 09:47:54.090 DEBUG [org.apache.jasper.servlet.JspServlet@http-nio-8080-exec-2] PathInfo: null 
2022-02-11 09:47:54.092 DEBUG [org.apache.jasper.servlet.JspServlet@http-nio-8080-exec-2] RealPath: C:\Users\stock\Desktop\Workspace-22.0\Workspace-22.0\Starters\Hello-World-22.0\target\classes\WEB-INF\views\master\page.jsp 
2022-02-11 09:47:54.092 DEBUG [org.apache.jasper.servlet.JspServlet@http-nio-8080-exec-2] RequestURI: /hello-world-22.0/WEB-INF/views/master/page.jsp 
2022-02-11 09:47:54.093 DEBUG [org.apache.jasper.servlet.JspServlet@http-nio-8080-exec-2] QueryString: null 
2022-02-11 09:47:54.198 DEBUG [org.apache.jasper.servlet.JspServlet@http-nio-8080-exec-2] JspEngine --> /WEB-INF/views/master/sign-in.jsp 
2022-02-11 09:47:54.198 DEBUG [org.apache.jasper.servlet.JspServlet@http-nio-8080-exec-2] ServletPath: /WEB-INF/views/master/page.jsp 
2022-02-11 09:47:54.198 DEBUG [org.apache.jasper.servlet.JspServlet@http-nio-8080-exec-2] PathInfo: null 
2022-02-11 09:47:54.200 DEBUG [org.apache.jasper.servlet.JspServlet@http-nio-8080-exec-2] RealPath: C:\Users\stock\Desktop\Workspace-22.0\Workspace-22.0\Starters\Hello-World-22.0\target\classes\WEB-INF\views\master\sign-in.jsp 
2022-02-11 09:47:54.200 DEBUG [org.apache.jasper.servlet.JspServlet@http-nio-8080-exec-2] RequestURI: /hello-world-22.0/WEB-INF/views/master/page.jsp 
2022-02-11 09:47:54.200 DEBUG [org.apache.jasper.servlet.JspServlet@http-nio-8080-exec-2] QueryString: null 
2022-02-11 09:47:56.439 DEBUG [org.hibernate.SQL@http-nio-8080-exec-2] select useraccoun0_.id as id1_0_, useraccoun0_.version as version2_0_, useraccoun0_.enabled as enabled1_6_, useraccoun0_.identity_email as identity2_6_, useraccoun0_.identity_name as identity3_6_, useraccoun0_.identity_surname as identity4_6_, useraccoun0_.password as password5_6_, useraccoun0_.username as username6_6_ from user_account useraccoun0_ where useraccoun0_.username=? 
2022-02-11 09:47:56.440 TRACE [org.hibernate.type.descriptor.sql.BasicBinder@http-nio-8080-exec-2] binding parameter [1] as [VARCHAR] - [anonymous] 
2022-02-11 09:47:56.442 ERROR [org.apache.catalina.core.ContainerBase.[Tomcat].[localhost].[/hello-world-22.0].[jsp]@http-nio-8080-exec-2] Servlet.service() for servlet [jsp] threw exception at acme.framework.services.AuthenticationService.loadUserByUsername(AuthenticationService.java:51): anonymous
2022-02-11 09:47:56.455 DEBUG [acme.framework.components.tiles.DynamicTilesView@http-nio-8080-exec-3] View name 'master/sign-in', model {username=, password=, remember=false} 
2022-02-11 09:47:56.457 DEBUG [org.apache.jasper.servlet.JspServlet@http-nio-8080-exec-3] JspEngine --> /WEB-INF/views/master/page.jsp 
2022-02-11 09:47:56.458 DEBUG [org.apache.jasper.servlet.JspServlet@http-nio-8080-exec-3] ServletPath: /WEB-INF/views/master/page.jsp 
2022-02-11 09:47:56.458 DEBUG [org.apache.jasper.servlet.JspServlet@http-nio-8080-exec-3] PathInfo: null 
2022-02-11 09:47:56.461 DEBUG [org.apache.jasper.servlet.JspServlet@http-nio-8080-exec-3] RealPath: C:\Users\stock\Desktop\Workspace-22.0\Workspace-22.0\Starters\Hello-World-22.0\target\classes\WEB-INF\views\master\page.jsp 
2022-02-11 09:47:56.461 DEBUG [org.apache.jasper.servlet.JspServlet@http-nio-8080-exec-3] RequestURI: /hello-world-22.0/WEB-INF/views/master/page.jsp 
2022-02-11 09:47:56.462 DEBUG [org.apache.jasper.servlet.JspServlet@http-nio-8080-exec-3] QueryString: null 
2022-02-11 09:47:56.564 DEBUG [org.apache.jasper.servlet.JspServlet@http-nio-8080-exec-3] JspEngine --> /WEB-INF/views/master/sign-in.jsp 
2022-02-11 09:47:56.565 DEBUG [org.apache.jasper.servlet.JspServlet@http-nio-8080-exec-3] ServletPath: /WEB-INF/views/master/page.jsp 
2022-02-11 09:47:56.565 DEBUG [org.apache.jasper.servlet.JspServlet@http-nio-8080-exec-3] PathInfo: null 
2022-02-11 09:47:56.566 DEBUG [org.apache.jasper.servlet.JspServlet@http-nio-8080-exec-3] RealPath: C:\Users\stock\Desktop\Workspace-22.0\Workspace-22.0\Starters\Hello-World-22.0\target\classes\WEB-INF\views\master\sign-in.jsp 
2022-02-11 09:47:56.566 DEBUG [org.apache.jasper.servlet.JspServlet@http-nio-8080-exec-3] RequestURI: /hello-world-22.0/WEB-INF/views/master/page.jsp 
2022-02-11 09:47:56.566 DEBUG [org.apache.jasper.servlet.JspServlet@http-nio-8080-exec-3] QueryString: null 
2022-02-11 09:47:56.693 DEBUG [org.hibernate.SQL@http-nio-8080-exec-3] select useraccoun0_.id as id1_0_, useraccoun0_.version as version2_0_, useraccoun0_.enabled as enabled1_6_, useraccoun0_.identity_email as identity2_6_, useraccoun0_.identity_name as identity3_6_, useraccoun0_.identity_surname as identity4_6_, useraccoun0_.password as password5_6_, useraccoun0_.username as username6_6_ from user_account useraccoun0_ where useraccoun0_.username=? 
2022-02-11 09:47:56.693 TRACE [org.hibernate.type.descriptor.sql.BasicBinder@http-nio-8080-exec-3] binding parameter [1] as [VARCHAR] - [anonymous] 
2022-02-11 09:47:56.696 ERROR [org.apache.catalina.core.ContainerBase.[Tomcat].[localhost].[/hello-world-22.0].[jsp]@http-nio-8080-exec-3] Servlet.service() for servlet [jsp] threw exception at acme.framework.services.AuthenticationService.loadUserByUsername(AuthenticationService.java:51): anonymous
2022-02-11 09:47:56.706 DEBUG [acme.framework.components.tiles.DynamicTilesView@http-nio-8080-exec-4] View name 'master/sign-in', model {username=, password=, remember=false} 
2022-02-11 09:47:56.708 DEBUG [org.apache.jasper.servlet.JspServlet@http-nio-8080-exec-4] JspEngine --> /WEB-INF/views/master/page.jsp 
2022-02-11 09:47:56.708 DEBUG [org.apache.jasper.servlet.JspServlet@http-nio-8080-exec-4] ServletPath: /WEB-INF/views/master/page.jsp 
2022-02-11 09:47:56.709 DEBUG [org.apache.jasper.servlet.JspServlet@http-nio-8080-exec-4] PathInfo: null 
2022-02-11 09:47:56.709 DEBUG [org.apache.jasper.servlet.JspServlet@http-nio-8080-exec-4] RealPath: C:\Users\stock\Desktop\Workspace-22.0\Workspace-22.0\Starters\Hello-World-22.0\target\classes\WEB-INF\views\master\page.jsp 
2022-02-11 09:47:56.710 DEBUG [org.apache.jasper.servlet.JspServlet@http-nio-8080-exec-4] RequestURI: /hello-world-22.0/WEB-INF/views/master/page.jsp 
2022-02-11 09:47:56.710 DEBUG [org.apache.jasper.servlet.JspServlet@http-nio-8080-exec-4] QueryString: null 
2022-02-11 09:47:56.772 DEBUG [org.apache.jasper.servlet.JspServlet@http-nio-8080-exec-4] JspEngine --> /WEB-INF/views/master/sign-in.jsp 
2022-02-11 09:47:56.773 DEBUG [org.apache.jasper.servlet.JspServlet@http-nio-8080-exec-4] ServletPath: /WEB-INF/views/master/page.jsp 
2022-02-11 09:47:56.773 DEBUG [org.apache.jasper.servlet.JspServlet@http-nio-8080-exec-4] PathInfo: null 
2022-02-11 09:47:56.774 DEBUG [org.apache.jasper.servlet.JspServlet@http-nio-8080-exec-4] RealPath: C:\Users\stock\Desktop\Workspace-22.0\Workspace-22.0\Starters\Hello-World-22.0\target\classes\WEB-INF\views\master\sign-in.jsp 
2022-02-11 09:47:56.774 DEBUG [org.apache.jasper.servlet.JspServlet@http-nio-8080-exec-4] RequestURI: /hello-world-22.0/WEB-INF/views/master/page.jsp 
2022-02-11 09:47:56.774 DEBUG [org.apache.jasper.servlet.JspServlet@http-nio-8080-exec-4] QueryString: null 
2022-02-11 09:47:56.878 DEBUG [org.hibernate.SQL@http-nio-8080-exec-4] select useraccoun0_.id as id1_0_, useraccoun0_.version as version2_0_, useraccoun0_.enabled as enabled1_6_, useraccoun0_.identity_email as identity2_6_, useraccoun0_.identity_name as identity3_6_, useraccoun0_.identity_surname as identity4_6_, useraccoun0_.password as password5_6_, useraccoun0_.username as username6_6_ from user_account useraccoun0_ where useraccoun0_.username=? 
2022-02-11 09:47:56.879 TRACE [org.hibernate.type.descriptor.sql.BasicBinder@http-nio-8080-exec-4] binding parameter [1] as [VARCHAR] - [anonymous] 
2022-02-11 09:47:56.882 ERROR [org.apache.catalina.core.ContainerBase.[Tomcat].[localhost].[/hello-world-22.0].[jsp]@http-nio-8080-exec-4] Servlet.service() for servlet [jsp] threw exception at acme.framework.services.AuthenticationService.loadUserByUsername(AuthenticationService.java:51): anonymous
2022-02-11 09:47:56.890 DEBUG [acme.framework.components.tiles.DynamicTilesView@http-nio-8080-exec-5] View name 'master/sign-in', model {username=, password=, remember=false} 
2022-02-11 09:47:56.892 DEBUG [org.apache.jasper.servlet.JspServlet@http-nio-8080-exec-5] JspEngine --> /WEB-INF/views/master/page.jsp 
2022-02-11 09:47:56.892 DEBUG [org.apache.jasper.servlet.JspServlet@http-nio-8080-exec-5] ServletPath: /WEB-INF/views/master/page.jsp 
2022-02-11 09:47:56.892 DEBUG [org.apache.jasper.servlet.JspServlet@http-nio-8080-exec-5] PathInfo: null 
2022-02-11 09:47:56.893 DEBUG [org.apache.jasper.servlet.JspServlet@http-nio-8080-exec-5] RealPath: C:\Users\stock\Desktop\Workspace-22.0\Workspace-22.0\Starters\Hello-World-22.0\target\classes\WEB-INF\views\master\page.jsp 
2022-02-11 09:47:56.893 DEBUG [org.apache.jasper.servlet.JspServlet@http-nio-8080-exec-5] RequestURI: /hello-world-22.0/WEB-INF/views/master/page.jsp 
2022-02-11 09:47:56.893 DEBUG [org.apache.jasper.servlet.JspServlet@http-nio-8080-exec-5] QueryString: null 
2022-02-11 09:47:56.953 DEBUG [org.apache.jasper.servlet.JspServlet@http-nio-8080-exec-5] JspEngine --> /WEB-INF/views/master/sign-in.jsp 
2022-02-11 09:47:56.954 DEBUG [org.apache.jasper.servlet.JspServlet@http-nio-8080-exec-5] ServletPath: /WEB-INF/views/master/page.jsp 
2022-02-11 09:47:56.955 DEBUG [org.apache.jasper.servlet.JspServlet@http-nio-8080-exec-5] PathInfo: null 
2022-02-11 09:47:56.956 DEBUG [org.apache.jasper.servlet.JspServlet@http-nio-8080-exec-5] RealPath: C:\Users\stock\Desktop\Workspace-22.0\Workspace-22.0\Starters\Hello-World-22.0\target\classes\WEB-INF\views\master\sign-in.jsp 
2022-02-11 09:47:56.956 DEBUG [org.apache.jasper.servlet.JspServlet@http-nio-8080-exec-5] RequestURI: /hello-world-22.0/WEB-INF/views/master/page.jsp 
2022-02-11 09:47:56.956 DEBUG [org.apache.jasper.servlet.JspServlet@http-nio-8080-exec-5] QueryString: null 
2022-02-11 09:47:57.070 DEBUG [org.hibernate.SQL@http-nio-8080-exec-5] select useraccoun0_.id as id1_0_, useraccoun0_.version as version2_0_, useraccoun0_.enabled as enabled1_6_, useraccoun0_.identity_email as identity2_6_, useraccoun0_.identity_name as identity3_6_, useraccoun0_.identity_surname as identity4_6_, useraccoun0_.password as password5_6_, useraccoun0_.username as username6_6_ from user_account useraccoun0_ where useraccoun0_.username=? 
2022-02-11 09:47:57.071 TRACE [org.hibernate.type.descriptor.sql.BasicBinder@http-nio-8080-exec-5] binding parameter [1] as [VARCHAR] - [anonymous] 
2022-02-11 09:47:57.074 ERROR [org.apache.catalina.core.ContainerBase.[Tomcat].[localhost].[/hello-world-22.0].[jsp]@http-nio-8080-exec-5] Servlet.service() for servlet [jsp] threw exception at acme.framework.services.AuthenticationService.loadUserByUsername(AuthenticationService.java:51): anonymous
2022-02-11 09:47:57.083 DEBUG [acme.framework.components.tiles.DynamicTilesView@http-nio-8080-exec-6] View name 'master/sign-in', model {username=, password=, remember=false} 
2022-02-11 09:47:57.085 DEBUG [org.apache.jasper.servlet.JspServlet@http-nio-8080-exec-6] JspEngine --> /WEB-INF/views/master/page.jsp 
2022-02-11 09:47:57.086 DEBUG [org.apache.jasper.servlet.JspServlet@http-nio-8080-exec-6] ServletPath: /WEB-INF/views/master/page.jsp 
2022-02-11 09:47:57.086 DEBUG [org.apache.jasper.servlet.JspServlet@http-nio-8080-exec-6] PathInfo: null 
2022-02-11 09:47:57.087 DEBUG [org.apache.jasper.servlet.JspServlet@http-nio-8080-exec-6] RealPath: C:\Users\stock\Desktop\Workspace-22.0\Workspace-22.0\Starters\Hello-World-22.0\target\classes\WEB-INF\views\master\page.jsp 
2022-02-11 09:47:57.087 DEBUG [org.apache.jasper.servlet.JspServlet@http-nio-8080-exec-6] RequestURI: /hello-world-22.0/WEB-INF/views/master/page.jsp 
2022-02-11 09:47:57.088 DEBUG [org.apache.jasper.servlet.JspServlet@http-nio-8080-exec-6] QueryString: null 
2022-02-11 09:47:57.150 DEBUG [org.apache.jasper.servlet.JspServlet@http-nio-8080-exec-6] JspEngine --> /WEB-INF/views/master/sign-in.jsp 
2022-02-11 09:47:57.150 DEBUG [org.apache.jasper.servlet.JspServlet@http-nio-8080-exec-6] ServletPath: /WEB-INF/views/master/page.jsp 
2022-02-11 09:47:57.150 DEBUG [org.apache.jasper.servlet.JspServlet@http-nio-8080-exec-6] PathInfo: null 
2022-02-11 09:47:57.151 DEBUG [org.apache.jasper.servlet.JspServlet@http-nio-8080-exec-6] RealPath: C:\Users\stock\Desktop\Workspace-22.0\Workspace-22.0\Starters\Hello-World-22.0\target\classes\WEB-INF\views\master\sign-in.jsp 
2022-02-11 09:47:57.151 DEBUG [org.apache.jasper.servlet.JspServlet@http-nio-8080-exec-6] RequestURI: /hello-world-22.0/WEB-INF/views/master/page.jsp 
2022-02-11 09:47:57.151 DEBUG [org.apache.jasper.servlet.JspServlet@http-nio-8080-exec-6] QueryString: null 
2022-02-11 09:47:57.279 DEBUG [org.hibernate.SQL@http-nio-8080-exec-6] select useraccoun0_.id as id1_0_, useraccoun0_.version as version2_0_, useraccoun0_.enabled as enabled1_6_, useraccoun0_.identity_email as identity2_6_, useraccoun0_.identity_name as identity3_6_, useraccoun0_.identity_surname as identity4_6_, useraccoun0_.password as password5_6_, useraccoun0_.username as username6_6_ from user_account useraccoun0_ where useraccoun0_.username=? 
2022-02-11 09:47:57.279 TRACE [org.hibernate.type.descriptor.sql.BasicBinder@http-nio-8080-exec-6] binding parameter [1] as [VARCHAR] - [anonymous] 
2022-02-11 09:47:57.282 ERROR [org.apache.catalina.core.ContainerBase.[Tomcat].[localhost].[/hello-world-22.0].[jsp]@http-nio-8080-exec-6] Servlet.service() for servlet [jsp] threw exception at acme.framework.services.AuthenticationService.loadUserByUsername(AuthenticationService.java:51): anonymous
2022-02-11 09:47:57.290 DEBUG [acme.framework.components.tiles.DynamicTilesView@http-nio-8080-exec-7] View name 'master/sign-in', model {username=, password=, remember=false} 
2022-02-11 09:47:57.291 DEBUG [org.apache.jasper.servlet.JspServlet@http-nio-8080-exec-7] JspEngine --> /WEB-INF/views/master/page.jsp 
2022-02-11 09:47:57.292 DEBUG [org.apache.jasper.servlet.JspServlet@http-nio-8080-exec-7] ServletPath: /WEB-INF/views/master/page.jsp 
2022-02-11 09:47:57.292 DEBUG [org.apache.jasper.servlet.JspServlet@http-nio-8080-exec-7] PathInfo: null 
2022-02-11 09:47:57.293 DEBUG [org.apache.jasper.servlet.JspServlet@http-nio-8080-exec-7] RealPath: C:\Users\stock\Desktop\Workspace-22.0\Workspace-22.0\Starters\Hello-World-22.0\target\classes\WEB-INF\views\master\page.jsp 
2022-02-11 09:47:57.293 DEBUG [org.apache.jasper.servlet.JspServlet@http-nio-8080-exec-7] RequestURI: /hello-world-22.0/WEB-INF/views/master/page.jsp 
2022-02-11 09:47:57.293 DEBUG [org.apache.jasper.servlet.JspServlet@http-nio-8080-exec-7] QueryString: null 
2022-02-11 09:47:57.355 DEBUG [org.apache.jasper.servlet.JspServlet@http-nio-8080-exec-7] JspEngine --> /WEB-INF/views/master/sign-in.jsp 
2022-02-11 09:47:57.355 DEBUG [org.apache.jasper.servlet.JspServlet@http-nio-8080-exec-7] ServletPath: /WEB-INF/views/master/page.jsp 
2022-02-11 09:47:57.356 DEBUG [org.apache.jasper.servlet.JspServlet@http-nio-8080-exec-7] PathInfo: null 
2022-02-11 09:47:57.356 DEBUG [org.apache.jasper.servlet.JspServlet@http-nio-8080-exec-7] RealPath: C:\Users\stock\Desktop\Workspace-22.0\Workspace-22.0\Starters\Hello-World-22.0\target\classes\WEB-INF\views\master\sign-in.jsp 
2022-02-11 09:47:57.356 DEBUG [org.apache.jasper.servlet.JspServlet@http-nio-8080-exec-7] RequestURI: /hello-world-22.0/WEB-INF/views/master/page.jsp 
2022-02-11 09:47:57.357 DEBUG [org.apache.jasper.servlet.JspServlet@http-nio-8080-exec-7] QueryString: null 
2022-02-11 09:47:57.475 DEBUG [org.hibernate.SQL@http-nio-8080-exec-7] select useraccoun0_.id as id1_0_, useraccoun0_.version as version2_0_, useraccoun0_.enabled as enabled1_6_, useraccoun0_.identity_email as identity2_6_, useraccoun0_.identity_name as identity3_6_, useraccoun0_.identity_surname as identity4_6_, useraccoun0_.password as password5_6_, useraccoun0_.username as username6_6_ from user_account useraccoun0_ where useraccoun0_.username=? 
2022-02-11 09:47:57.476 TRACE [org.hibernate.type.descriptor.sql.BasicBinder@http-nio-8080-exec-7] binding parameter [1] as [VARCHAR] - [anonymous] 
2022-02-11 09:47:57.479 ERROR [org.apache.catalina.core.ContainerBase.[Tomcat].[localhost].[/hello-world-22.0].[jsp]@http-nio-8080-exec-7] Servlet.service() for servlet [jsp] threw exception at acme.framework.services.AuthenticationService.loadUserByUsername(AuthenticationService.java:51): anonymous
2022-02-11 09:47:57.488 DEBUG [acme.framework.components.tiles.DynamicTilesView@http-nio-8080-exec-8] View name 'master/sign-in', model {username=, password=, remember=false} 
2022-02-11 09:47:57.490 DEBUG [org.apache.jasper.servlet.JspServlet@http-nio-8080-exec-8] JspEngine --> /WEB-INF/views/master/page.jsp 
2022-02-11 09:47:57.490 DEBUG [org.apache.jasper.servlet.JspServlet@http-nio-8080-exec-8] ServletPath: /WEB-INF/views/master/page.jsp 
2022-02-11 09:47:57.490 DEBUG [org.apache.jasper.servlet.JspServlet@http-nio-8080-exec-8] PathInfo: null 
2022-02-11 09:47:57.491 DEBUG [org.apache.jasper.servlet.JspServlet@http-nio-8080-exec-8] RealPath: C:\Users\stock\Desktop\Workspace-22.0\Workspace-22.0\Starters\Hello-World-22.0\target\classes\WEB-INF\views\master\page.jsp 
2022-02-11 09:47:57.491 DEBUG [org.apache.jasper.servlet.JspServlet@http-nio-8080-exec-8] RequestURI: /hello-world-22.0/WEB-INF/views/master/page.jsp 
2022-02-11 09:47:57.491 DEBUG [org.apache.jasper.servlet.JspServlet@http-nio-8080-exec-8] QueryString: null 
2022-02-11 09:47:57.544 DEBUG [org.apache.jasper.servlet.JspServlet@http-nio-8080-exec-8] JspEngine --> /WEB-INF/views/master/sign-in.jsp 
2022-02-11 09:47:57.545 DEBUG [org.apache.jasper.servlet.JspServlet@http-nio-8080-exec-8] ServletPath: /WEB-INF/views/master/page.jsp 
2022-02-11 09:47:57.545 DEBUG [org.apache.jasper.servlet.JspServlet@http-nio-8080-exec-8] PathInfo: null 
2022-02-11 09:47:57.546 DEBUG [org.apache.jasper.servlet.JspServlet@http-nio-8080-exec-8] RealPath: C:\Users\stock\Desktop\Workspace-22.0\Workspace-22.0\Starters\Hello-World-22.0\target\classes\WEB-INF\views\master\sign-in.jsp 
2022-02-11 09:47:57.546 DEBUG [org.apache.jasper.servlet.JspServlet@http-nio-8080-exec-8] RequestURI: /hello-world-22.0/WEB-INF/views/master/page.jsp 
2022-02-11 09:47:57.546 DEBUG [org.apache.jasper.servlet.JspServlet@http-nio-8080-exec-8] QueryString: null 
2022-02-11 09:47:57.684 DEBUG [org.hibernate.SQL@http-nio-8080-exec-8] select useraccoun0_.id as id1_0_, useraccoun0_.version as version2_0_, useraccoun0_.enabled as enabled1_6_, useraccoun0_.identity_email as identity2_6_, useraccoun0_.identity_name as identity3_6_, useraccoun0_.identity_surname as identity4_6_, useraccoun0_.password as password5_6_, useraccoun0_.username as username6_6_ from user_account useraccoun0_ where useraccoun0_.username=? 
2022-02-11 09:47:57.685 TRACE [org.hibernate.type.descriptor.sql.BasicBinder@http-nio-8080-exec-8] binding parameter [1] as [VARCHAR] - [anonymous] 
2022-02-11 09:47:57.688 ERROR [org.apache.catalina.core.ContainerBase.[Tomcat].[localhost].[/hello-world-22.0].[jsp]@http-nio-8080-exec-8] Servlet.service() for servlet [jsp] threw exception at acme.framework.services.AuthenticationService.loadUserByUsername(AuthenticationService.java:51): anonymous
2022-02-11 09:47:57.695 DEBUG [acme.framework.components.tiles.DynamicTilesView@http-nio-8080-exec-9] View name 'master/sign-in', model {username=, password=, remember=false} 
2022-02-11 09:47:57.697 DEBUG [org.apache.jasper.servlet.JspServlet@http-nio-8080-exec-9] JspEngine --> /WEB-INF/views/master/page.jsp 
2022-02-11 09:47:57.697 DEBUG [org.apache.jasper.servlet.JspServlet@http-nio-8080-exec-9] ServletPath: /WEB-INF/views/master/page.jsp 
2022-02-11 09:47:57.698 DEBUG [org.apache.jasper.servlet.JspServlet@http-nio-8080-exec-9] PathInfo: null 
2022-02-11 09:47:57.699 DEBUG [org.apache.jasper.servlet.JspServlet@http-nio-8080-exec-9] RealPath: C:\Users\stock\Desktop\Workspace-22.0\Workspace-22.0\Starters\Hello-World-22.0\target\classes\WEB-INF\views\master\page.jsp 
2022-02-11 09:47:57.699 DEBUG [org.apache.jasper.servlet.JspServlet@http-nio-8080-exec-9] RequestURI: /hello-world-22.0/WEB-INF/views/master/page.jsp 
2022-02-11 09:47:57.700 DEBUG [org.apache.jasper.servlet.JspServlet@http-nio-8080-exec-9] QueryString: null 
2022-02-11 09:47:57.778 DEBUG [org.apache.jasper.servlet.JspServlet@http-nio-8080-exec-9] JspEngine --> /WEB-INF/views/master/sign-in.jsp 
2022-02-11 09:47:57.779 DEBUG [org.apache.jasper.servlet.JspServlet@http-nio-8080-exec-9] ServletPath: /WEB-INF/views/master/page.jsp 
2022-02-11 09:47:57.779 DEBUG [org.apache.jasper.servlet.JspServlet@http-nio-8080-exec-9] PathInfo: null 
2022-02-11 09:47:57.779 DEBUG [org.apache.jasper.servlet.JspServlet@http-nio-8080-exec-9] RealPath: C:\Users\stock\Desktop\Workspace-22.0\Workspace-22.0\Starters\Hello-World-22.0\target\classes\WEB-INF\views\master\sign-in.jsp 
2022-02-11 09:47:57.780 DEBUG [org.apache.jasper.servlet.JspServlet@http-nio-8080-exec-9] RequestURI: /hello-world-22.0/WEB-INF/views/master/page.jsp 
2022-02-11 09:47:57.780 DEBUG [org.apache.jasper.servlet.JspServlet@http-nio-8080-exec-9] QueryString: null 
2022-02-11 09:47:57.895 DEBUG [org.hibernate.SQL@http-nio-8080-exec-9] select useraccoun0_.id as id1_0_, useraccoun0_.version as version2_0_, useraccoun0_.enabled as enabled1_6_, useraccoun0_.identity_email as identity2_6_, useraccoun0_.identity_name as identity3_6_, useraccoun0_.identity_surname as identity4_6_, useraccoun0_.password as password5_6_, useraccoun0_.username as username6_6_ from user_account useraccoun0_ where useraccoun0_.username=? 
2022-02-11 09:47:57.896 TRACE [org.hibernate.type.descriptor.sql.BasicBinder@http-nio-8080-exec-9] binding parameter [1] as [VARCHAR] - [anonymous] 
2022-02-11 09:47:57.899 ERROR [org.apache.catalina.core.ContainerBase.[Tomcat].[localhost].[/hello-world-22.0].[jsp]@http-nio-8080-exec-9] Servlet.service() for servlet [jsp] threw exception at acme.framework.services.AuthenticationService.loadUserByUsername(AuthenticationService.java:51): anonymous
2022-02-11 09:47:57.908 DEBUG [acme.framework.components.tiles.DynamicTilesView@http-nio-8080-exec-10] View name 'master/sign-in', model {username=, password=, remember=false} 
2022-02-11 09:47:57.910 DEBUG [org.apache.jasper.servlet.JspServlet@http-nio-8080-exec-10] JspEngine --> /WEB-INF/views/master/page.jsp 
2022-02-11 09:47:57.910 DEBUG [org.apache.jasper.servlet.JspServlet@http-nio-8080-exec-10] ServletPath: /WEB-INF/views/master/page.jsp 
2022-02-11 09:47:57.911 DEBUG [org.apache.jasper.servlet.JspServlet@http-nio-8080-exec-10] PathInfo: null 
2022-02-11 09:47:57.911 DEBUG [org.apache.jasper.servlet.JspServlet@http-nio-8080-exec-10] RealPath: C:\Users\stock\Desktop\Workspace-22.0\Workspace-22.0\Starters\Hello-World-22.0\target\classes\WEB-INF\views\master\page.jsp 
2022-02-11 09:47:57.911 DEBUG [org.apache.jasper.servlet.JspServlet@http-nio-8080-exec-10] RequestURI: /hello-world-22.0/WEB-INF/views/master/page.jsp 
2022-02-11 09:47:57.912 DEBUG [org.apache.jasper.servlet.JspServlet@http-nio-8080-exec-10] QueryString: null 
2022-02-11 09:47:57.968 DEBUG [org.apache.jasper.servlet.JspServlet@http-nio-8080-exec-10] JspEngine --> /WEB-INF/views/master/sign-in.jsp 
2022-02-11 09:47:57.968 DEBUG [org.apache.jasper.servlet.JspServlet@http-nio-8080-exec-10] ServletPath: /WEB-INF/views/master/page.jsp 
2022-02-11 09:47:57.968 DEBUG [org.apache.jasper.servlet.JspServlet@http-nio-8080-exec-10] PathInfo: null 
2022-02-11 09:47:57.969 DEBUG [org.apache.jasper.servlet.JspServlet@http-nio-8080-exec-10] RealPath: C:\Users\stock\Desktop\Workspace-22.0\Workspace-22.0\Starters\Hello-World-22.0\target\classes\WEB-INF\views\master\sign-in.jsp 
2022-02-11 09:47:57.969 DEBUG [org.apache.jasper.servlet.JspServlet@http-nio-8080-exec-10] RequestURI: /hello-world-22.0/WEB-INF/views/master/page.jsp 
2022-02-11 09:47:57.969 DEBUG [org.apache.jasper.servlet.JspServlet@http-nio-8080-exec-10] QueryString: null 
2022-02-11 09:47:58.065 DEBUG [org.hibernate.SQL@http-nio-8080-exec-10] select useraccoun0_.id as id1_0_, useraccoun0_.version as version2_0_, useraccoun0_.enabled as enabled1_6_, useraccoun0_.identity_email as identity2_6_, useraccoun0_.identity_name as identity3_6_, useraccoun0_.identity_surname as identity4_6_, useraccoun0_.password as password5_6_, useraccoun0_.username as username6_6_ from user_account useraccoun0_ where useraccoun0_.username=? 
2022-02-11 09:47:58.065 TRACE [org.hibernate.type.descriptor.sql.BasicBinder@http-nio-8080-exec-10] binding parameter [1] as [VARCHAR] - [anonymous] 
2022-02-11 09:47:58.067 ERROR [org.apache.catalina.core.ContainerBase.[Tomcat].[localhost].[/hello-world-22.0].[jsp]@http-nio-8080-exec-10] Servlet.service() for servlet [jsp] threw exception at acme.framework.services.AuthenticationService.loadUserByUsername(AuthenticationService.java:51): anonymous
2022-02-11 09:47:58.074 DEBUG [acme.framework.components.tiles.DynamicTilesView@http-nio-8080-exec-1] View name 'master/sign-in', model {username=, password=, remember=false} 
2022-02-11 09:47:58.076 DEBUG [org.apache.jasper.servlet.JspServlet@http-nio-8080-exec-1] JspEngine --> /WEB-INF/views/master/page.jsp 
2022-02-11 09:47:58.076 DEBUG [org.apache.jasper.servlet.JspServlet@http-nio-8080-exec-1] ServletPath: /WEB-INF/views/master/page.jsp 
2022-02-11 09:47:58.076 DEBUG [org.apache.jasper.servlet.JspServlet@http-nio-8080-exec-1] PathInfo: null 
2022-02-11 09:47:58.076 DEBUG [org.apache.jasper.servlet.JspServlet@http-nio-8080-exec-1] RealPath: C:\Users\stock\Desktop\Workspace-22.0\Workspace-22.0\Starters\Hello-World-22.0\target\classes\WEB-INF\views\master\page.jsp 
2022-02-11 09:47:58.077 DEBUG [org.apache.jasper.servlet.JspServlet@http-nio-8080-exec-1] RequestURI: /hello-world-22.0/WEB-INF/views/master/page.jsp 
2022-02-11 09:47:58.077 DEBUG [org.apache.jasper.servlet.JspServlet@http-nio-8080-exec-1] QueryString: null 
2022-02-11 09:47:58.141 DEBUG [org.apache.jasper.servlet.JspServlet@http-nio-8080-exec-1] JspEngine --> /WEB-INF/views/master/sign-in.jsp 
2022-02-11 09:47:58.141 DEBUG [org.apache.jasper.servlet.JspServlet@http-nio-8080-exec-1] ServletPath: /WEB-INF/views/master/page.jsp 
2022-02-11 09:47:58.141 DEBUG [org.apache.jasper.servlet.JspServlet@http-nio-8080-exec-1] PathInfo: null 
2022-02-11 09:47:58.142 DEBUG [org.apache.jasper.servlet.JspServlet@http-nio-8080-exec-1] RealPath: C:\Users\stock\Desktop\Workspace-22.0\Workspace-22.0\Starters\Hello-World-22.0\target\classes\WEB-INF\views\master\sign-in.jsp 
2022-02-11 09:47:58.142 DEBUG [org.apache.jasper.servlet.JspServlet@http-nio-8080-exec-1] RequestURI: /hello-world-22.0/WEB-INF/views/master/page.jsp 
2022-02-11 09:47:58.142 DEBUG [org.apache.jasper.servlet.JspServlet@http-nio-8080-exec-1] QueryString: null 
2022-02-11 09:47:58.242 DEBUG [org.hibernate.SQL@http-nio-8080-exec-1] select useraccoun0_.id as id1_0_, useraccoun0_.version as version2_0_, useraccoun0_.enabled as enabled1_6_, useraccoun0_.identity_email as identity2_6_, useraccoun0_.identity_name as identity3_6_, useraccoun0_.identity_surname as identity4_6_, useraccoun0_.password as password5_6_, useraccoun0_.username as username6_6_ from user_account useraccoun0_ where useraccoun0_.username=? 
2022-02-11 09:47:58.243 TRACE [org.hibernate.type.descriptor.sql.BasicBinder@http-nio-8080-exec-1] binding parameter [1] as [VARCHAR] - [anonymous] 
2022-02-11 09:47:58.246 ERROR [org.apache.catalina.core.ContainerBase.[Tomcat].[localhost].[/hello-world-22.0].[jsp]@http-nio-8080-exec-1] Servlet.service() for servlet [jsp] threw exception at acme.framework.services.AuthenticationService.loadUserByUsername(AuthenticationService.java:51): anonymous
2022-02-11 09:47:58.252 DEBUG [acme.framework.components.tiles.DynamicTilesView@http-nio-8080-exec-2] View name 'master/sign-in', model {username=, password=, remember=false} 
2022-02-11 09:47:58.254 DEBUG [org.apache.jasper.servlet.JspServlet@http-nio-8080-exec-2] JspEngine --> /WEB-INF/views/master/page.jsp 
2022-02-11 09:47:58.254 DEBUG [org.apache.jasper.servlet.JspServlet@http-nio-8080-exec-2] ServletPath: /WEB-INF/views/master/page.jsp 
2022-02-11 09:47:58.255 DEBUG [org.apache.jasper.servlet.JspServlet@http-nio-8080-exec-2] PathInfo: null 
2022-02-11 09:47:58.255 DEBUG [org.apache.jasper.servlet.JspServlet@http-nio-8080-exec-2] RealPath: C:\Users\stock\Desktop\Workspace-22.0\Workspace-22.0\Starters\Hello-World-22.0\target\classes\WEB-INF\views\master\page.jsp 
2022-02-11 09:47:58.256 DEBUG [org.apache.jasper.servlet.JspServlet@http-nio-8080-exec-2] RequestURI: /hello-world-22.0/WEB-INF/views/master/page.jsp 
2022-02-11 09:47:58.256 DEBUG [org.apache.jasper.servlet.JspServlet@http-nio-8080-exec-2] QueryString: null 
2022-02-11 09:47:58.320 DEBUG [org.apache.jasper.servlet.JspServlet@http-nio-8080-exec-2] JspEngine --> /WEB-INF/views/master/sign-in.jsp 
2022-02-11 09:47:58.320 DEBUG [org.apache.jasper.servlet.JspServlet@http-nio-8080-exec-2] ServletPath: /WEB-INF/views/master/page.jsp 
2022-02-11 09:47:58.321 DEBUG [org.apache.jasper.servlet.JspServlet@http-nio-8080-exec-2] PathInfo: null 
2022-02-11 09:47:58.321 DEBUG [org.apache.jasper.servlet.JspServlet@http-nio-8080-exec-2] RealPath: C:\Users\stock\Desktop\Workspace-22.0\Workspace-22.0\Starters\Hello-World-22.0\target\classes\WEB-INF\views\master\sign-in.jsp 
2022-02-11 09:47:58.321 DEBUG [org.apache.jasper.servlet.JspServlet@http-nio-8080-exec-2] RequestURI: /hello-world-22.0/WEB-INF/views/master/page.jsp 
2022-02-11 09:47:58.322 DEBUG [org.apache.jasper.servlet.JspServlet@http-nio-8080-exec-2] QueryString: null 
2022-02-11 09:47:58.440 DEBUG [org.hibernate.SQL@http-nio-8080-exec-2] select useraccoun0_.id as id1_0_, useraccoun0_.version as version2_0_, useraccoun0_.enabled as enabled1_6_, useraccoun0_.identity_email as identity2_6_, useraccoun0_.identity_name as identity3_6_, useraccoun0_.identity_surname as identity4_6_, useraccoun0_.password as password5_6_, useraccoun0_.username as username6_6_ from user_account useraccoun0_ where useraccoun0_.username=? 
2022-02-11 09:47:58.441 TRACE [org.hibernate.type.descriptor.sql.BasicBinder@http-nio-8080-exec-2] binding parameter [1] as [VARCHAR] - [anonymous] 
2022-02-11 09:47:58.443 ERROR [org.apache.catalina.core.ContainerBase.[Tomcat].[localhost].[/hello-world-22.0].[jsp]@http-nio-8080-exec-2] Servlet.service() for servlet [jsp] threw exception at acme.framework.services.AuthenticationService.loadUserByUsername(AuthenticationService.java:51): anonymous
2022-02-11 09:47:58.449 DEBUG [acme.framework.components.tiles.DynamicTilesView@http-nio-8080-exec-3] View name 'master/sign-in', model {username=, password=, remember=false} 
2022-02-11 09:47:58.450 DEBUG [org.apache.jasper.servlet.JspServlet@http-nio-8080-exec-3] JspEngine --> /WEB-INF/views/master/page.jsp 
2022-02-11 09:47:58.450 DEBUG [org.apache.jasper.servlet.JspServlet@http-nio-8080-exec-3] ServletPath: /WEB-INF/views/master/page.jsp 
2022-02-11 09:47:58.450 DEBUG [org.apache.jasper.servlet.JspServlet@http-nio-8080-exec-3] PathInfo: null 
2022-02-11 09:47:58.451 DEBUG [org.apache.jasper.servlet.JspServlet@http-nio-8080-exec-3] RealPath: C:\Users\stock\Desktop\Workspace-22.0\Workspace-22.0\Starters\Hello-World-22.0\target\classes\WEB-INF\views\master\page.jsp 
2022-02-11 09:47:58.451 DEBUG [org.apache.jasper.servlet.JspServlet@http-nio-8080-exec-3] RequestURI: /hello-world-22.0/WEB-INF/views/master/page.jsp 
2022-02-11 09:47:58.451 DEBUG [org.apache.jasper.servlet.JspServlet@http-nio-8080-exec-3] QueryString: null 
2022-02-11 09:47:58.501 DEBUG [org.apache.jasper.servlet.JspServlet@http-nio-8080-exec-3] JspEngine --> /WEB-INF/views/master/sign-in.jsp 
2022-02-11 09:47:58.502 DEBUG [org.apache.jasper.servlet.JspServlet@http-nio-8080-exec-3] ServletPath: /WEB-INF/views/master/page.jsp 
2022-02-11 09:47:58.502 DEBUG [org.apache.jasper.servlet.JspServlet@http-nio-8080-exec-3] PathInfo: null 
2022-02-11 09:47:58.502 DEBUG [org.apache.jasper.servlet.JspServlet@http-nio-8080-exec-3] RealPath: C:\Users\stock\Desktop\Workspace-22.0\Workspace-22.0\Starters\Hello-World-22.0\target\classes\WEB-INF\views\master\sign-in.jsp 
2022-02-11 09:47:58.502 DEBUG [org.apache.jasper.servlet.JspServlet@http-nio-8080-exec-3] RequestURI: /hello-world-22.0/WEB-INF/views/master/page.jsp 
2022-02-11 09:47:58.503 DEBUG [org.apache.jasper.servlet.JspServlet@http-nio-8080-exec-3] QueryString: null 
2022-02-11 09:47:58.610 DEBUG [org.hibernate.SQL@http-nio-8080-exec-3] select useraccoun0_.id as id1_0_, useraccoun0_.version as version2_0_, useraccoun0_.enabled as enabled1_6_, useraccoun0_.identity_email as identity2_6_, useraccoun0_.identity_name as identity3_6_, useraccoun0_.identity_surname as identity4_6_, useraccoun0_.password as password5_6_, useraccoun0_.username as username6_6_ from user_account useraccoun0_ where useraccoun0_.username=? 
2022-02-11 09:47:58.611 TRACE [org.hibernate.type.descriptor.sql.BasicBinder@http-nio-8080-exec-3] binding parameter [1] as [VARCHAR] - [anonymous] 
2022-02-11 09:47:58.613 ERROR [org.apache.catalina.core.ContainerBase.[Tomcat].[localhost].[/hello-world-22.0].[jsp]@http-nio-8080-exec-3] Servlet.service() for servlet [jsp] threw exception at acme.framework.services.AuthenticationService.loadUserByUsername(AuthenticationService.java:51): anonymous
2022-02-11 09:47:58.622 DEBUG [acme.framework.components.tiles.DynamicTilesView@http-nio-8080-exec-4] View name 'master/sign-in', model {username=, password=, remember=false} 
2022-02-11 09:47:58.625 DEBUG [org.apache.jasper.servlet.JspServlet@http-nio-8080-exec-4] JspEngine --> /WEB-INF/views/master/page.jsp 
2022-02-11 09:47:58.625 DEBUG [org.apache.jasper.servlet.JspServlet@http-nio-8080-exec-4] ServletPath: /WEB-INF/views/master/page.jsp 
2022-02-11 09:47:58.626 DEBUG [org.apache.jasper.servlet.JspServlet@http-nio-8080-exec-4] PathInfo: null 
2022-02-11 09:47:58.626 DEBUG [org.apache.jasper.servlet.JspServlet@http-nio-8080-exec-4] RealPath: C:\Users\stock\Desktop\Workspace-22.0\Workspace-22.0\Starters\Hello-World-22.0\target\classes\WEB-INF\views\master\page.jsp 
2022-02-11 09:47:58.626 DEBUG [org.apache.jasper.servlet.JspServlet@http-nio-8080-exec-4] RequestURI: /hello-world-22.0/WEB-INF/views/master/page.jsp 
2022-02-11 09:47:58.626 DEBUG [org.apache.jasper.servlet.JspServlet@http-nio-8080-exec-4] QueryString: null 
2022-02-11 09:47:58.698 DEBUG [org.apache.jasper.servlet.JspServlet@http-nio-8080-exec-4] JspEngine --> /WEB-INF/views/master/sign-in.jsp 
2022-02-11 09:47:58.698 DEBUG [org.apache.jasper.servlet.JspServlet@http-nio-8080-exec-4] ServletPath: /WEB-INF/views/master/page.jsp 
2022-02-11 09:47:58.699 DEBUG [org.apache.jasper.servlet.JspServlet@http-nio-8080-exec-4] PathInfo: null 
2022-02-11 09:47:58.699 DEBUG [org.apache.jasper.servlet.JspServlet@http-nio-8080-exec-4] RealPath: C:\Users\stock\Desktop\Workspace-22.0\Workspace-22.0\Starters\Hello-World-22.0\target\classes\WEB-INF\views\master\sign-in.jsp 
2022-02-11 09:47:58.699 DEBUG [org.apache.jasper.servlet.JspServlet@http-nio-8080-exec-4] RequestURI: /hello-world-22.0/WEB-INF/views/master/page.jsp 
2022-02-11 09:47:58.700 DEBUG [org.apache.jasper.servlet.JspServlet@http-nio-8080-exec-4] QueryString: null 
2022-02-11 09:47:58.896 DEBUG [org.hibernate.SQL@http-nio-8080-exec-4] select useraccoun0_.id as id1_0_, useraccoun0_.version as version2_0_, useraccoun0_.enabled as enabled1_6_, useraccoun0_.identity_email as identity2_6_, useraccoun0_.identity_name as identity3_6_, useraccoun0_.identity_surname as identity4_6_, useraccoun0_.password as password5_6_, useraccoun0_.username as username6_6_ from user_account useraccoun0_ where useraccoun0_.username=? 
2022-02-11 09:47:58.896 TRACE [org.hibernate.type.descriptor.sql.BasicBinder@http-nio-8080-exec-4] binding parameter [1] as [VARCHAR] - [anonymous] 
2022-02-11 09:47:58.899 ERROR [org.apache.catalina.core.ContainerBase.[Tomcat].[localhost].[/hello-world-22.0].[jsp]@http-nio-8080-exec-4] Servlet.service() for servlet [jsp] threw exception at acme.framework.services.AuthenticationService.loadUserByUsername(AuthenticationService.java:51): anonymous
2022-02-11 09:47:58.905 DEBUG [acme.framework.components.tiles.DynamicTilesView@http-nio-8080-exec-5] View name 'master/sign-in', model {username=, password=, remember=false} 
2022-02-11 09:47:58.908 DEBUG [org.apache.jasper.servlet.JspServlet@http-nio-8080-exec-5] JspEngine --> /WEB-INF/views/master/page.jsp 
2022-02-11 09:47:58.908 DEBUG [org.apache.jasper.servlet.JspServlet@http-nio-8080-exec-5] ServletPath: /WEB-INF/views/master/page.jsp 
2022-02-11 09:47:58.908 DEBUG [org.apache.jasper.servlet.JspServlet@http-nio-8080-exec-5] PathInfo: null 
2022-02-11 09:47:58.909 DEBUG [org.apache.jasper.servlet.JspServlet@http-nio-8080-exec-5] RealPath: C:\Users\stock\Desktop\Workspace-22.0\Workspace-22.0\Starters\Hello-World-22.0\target\classes\WEB-INF\views\master\page.jsp 
2022-02-11 09:47:58.909 DEBUG [org.apache.jasper.servlet.JspServlet@http-nio-8080-exec-5] RequestURI: /hello-world-22.0/WEB-INF/views/master/page.jsp 
2022-02-11 09:47:58.909 DEBUG [org.apache.jasper.servlet.JspServlet@http-nio-8080-exec-5] QueryString: null 
2022-02-11 09:47:58.966 DEBUG [org.apache.jasper.servlet.JspServlet@http-nio-8080-exec-5] JspEngine --> /WEB-INF/views/master/sign-in.jsp 
2022-02-11 09:47:58.966 DEBUG [org.apache.jasper.servlet.JspServlet@http-nio-8080-exec-5] ServletPath: /WEB-INF/views/master/page.jsp 
2022-02-11 09:47:58.966 DEBUG [org.apache.jasper.servlet.JspServlet@http-nio-8080-exec-5] PathInfo: null 
2022-02-11 09:47:58.967 DEBUG [org.apache.jasper.servlet.JspServlet@http-nio-8080-exec-5] RealPath: C:\Users\stock\Desktop\Workspace-22.0\Workspace-22.0\Starters\Hello-World-22.0\target\classes\WEB-INF\views\master\sign-in.jsp 
2022-02-11 09:47:58.967 DEBUG [org.apache.jasper.servlet.JspServlet@http-nio-8080-exec-5] RequestURI: /hello-world-22.0/WEB-INF/views/master/page.jsp 
2022-02-11 09:47:58.967 DEBUG [org.apache.jasper.servlet.JspServlet@http-nio-8080-exec-5] QueryString: null 
2022-02-11 09:47:59.128 DEBUG [org.hibernate.SQL@http-nio-8080-exec-5] select useraccoun0_.id as id1_0_, useraccoun0_.version as version2_0_, useraccoun0_.enabled as enabled1_6_, useraccoun0_.identity_email as identity2_6_, useraccoun0_.identity_name as identity3_6_, useraccoun0_.identity_surname as identity4_6_, useraccoun0_.password as password5_6_, useraccoun0_.username as username6_6_ from user_account useraccoun0_ where useraccoun0_.username=? 
2022-02-11 09:47:59.129 TRACE [org.hibernate.type.descriptor.sql.BasicBinder@http-nio-8080-exec-5] binding parameter [1] as [VARCHAR] - [anonymous] 
2022-02-11 09:47:59.134 ERROR [org.apache.catalina.core.ContainerBase.[Tomcat].[localhost].[/hello-world-22.0].[jsp]@http-nio-8080-exec-5] Servlet.service() for servlet [jsp] threw exception at acme.framework.services.AuthenticationService.loadUserByUsername(AuthenticationService.java:51): anonymous
2022-02-11 09:47:59.144 DEBUG [acme.framework.components.tiles.DynamicTilesView@http-nio-8080-exec-6] View name 'master/sign-in', model {username=, password=, remember=false} 
2022-02-11 09:47:59.146 DEBUG [org.apache.jasper.servlet.JspServlet@http-nio-8080-exec-6] JspEngine --> /WEB-INF/views/master/page.jsp 
2022-02-11 09:47:59.146 DEBUG [org.apache.jasper.servlet.JspServlet@http-nio-8080-exec-6] ServletPath: /WEB-INF/views/master/page.jsp 
2022-02-11 09:47:59.147 DEBUG [org.apache.jasper.servlet.JspServlet@http-nio-8080-exec-6] PathInfo: null 
2022-02-11 09:47:59.148 DEBUG [org.apache.jasper.servlet.JspServlet@http-nio-8080-exec-6] RealPath: C:\Users\stock\Desktop\Workspace-22.0\Workspace-22.0\Starters\Hello-World-22.0\target\classes\WEB-INF\views\master\page.jsp 
2022-02-11 09:47:59.148 DEBUG [org.apache.jasper.servlet.JspServlet@http-nio-8080-exec-6] RequestURI: /hello-world-22.0/WEB-INF/views/master/page.jsp 
2022-02-11 09:47:59.149 DEBUG [org.apache.jasper.servlet.JspServlet@http-nio-8080-exec-6] QueryString: null 
2022-02-11 09:47:59.226 DEBUG [org.apache.jasper.servlet.JspServlet@http-nio-8080-exec-6] JspEngine --> /WEB-INF/views/master/sign-in.jsp 
2022-02-11 09:47:59.226 DEBUG [org.apache.jasper.servlet.JspServlet@http-nio-8080-exec-6] ServletPath: /WEB-INF/views/master/page.jsp 
2022-02-11 09:47:59.227 DEBUG [org.apache.jasper.servlet.JspServlet@http-nio-8080-exec-6] PathInfo: null 
2022-02-11 09:47:59.228 DEBUG [org.apache.jasper.servlet.JspServlet@http-nio-8080-exec-6] RealPath: C:\Users\stock\Desktop\Workspace-22.0\Workspace-22.0\Starters\Hello-World-22.0\target\classes\WEB-INF\views\master\sign-in.jsp 
2022-02-11 09:47:59.228 DEBUG [org.apache.jasper.servlet.JspServlet@http-nio-8080-exec-6] RequestURI: /hello-world-22.0/WEB-INF/views/master/page.jsp 
2022-02-11 09:47:59.228 DEBUG [org.apache.jasper.servlet.JspServlet@http-nio-8080-exec-6] QueryString: null 
2022-02-11 09:47:59.361 DEBUG [org.hibernate.SQL@http-nio-8080-exec-6] select useraccoun0_.id as id1_0_, useraccoun0_.version as version2_0_, useraccoun0_.enabled as enabled1_6_, useraccoun0_.identity_email as identity2_6_, useraccoun0_.identity_name as identity3_6_, useraccoun0_.identity_surname as identity4_6_, useraccoun0_.password as password5_6_, useraccoun0_.username as username6_6_ from user_account useraccoun0_ where useraccoun0_.username=? 
2022-02-11 09:47:59.363 TRACE [org.hibernate.type.descriptor.sql.BasicBinder@http-nio-8080-exec-6] binding parameter [1] as [VARCHAR] - [anonymous] 
2022-02-11 09:47:59.366 ERROR [org.apache.catalina.core.ContainerBase.[Tomcat].[localhost].[/hello-world-22.0].[jsp]@http-nio-8080-exec-6] Servlet.service() for servlet [jsp] threw exception at acme.framework.services.AuthenticationService.loadUserByUsername(AuthenticationService.java:51): anonymous
2022-02-11 09:47:59.380 DEBUG [acme.framework.components.tiles.DynamicTilesView@http-nio-8080-exec-7] View name 'master/sign-in', model {username=, password=, remember=false} 
2022-02-11 09:47:59.381 DEBUG [org.apache.jasper.servlet.JspServlet@http-nio-8080-exec-7] JspEngine --> /WEB-INF/views/master/page.jsp 
2022-02-11 09:47:59.381 DEBUG [org.apache.jasper.servlet.JspServlet@http-nio-8080-exec-7] ServletPath: /WEB-INF/views/master/page.jsp 
2022-02-11 09:47:59.381 DEBUG [org.apache.jasper.servlet.JspServlet@http-nio-8080-exec-7] PathInfo: null 
2022-02-11 09:47:59.382 DEBUG [org.apache.jasper.servlet.JspServlet@http-nio-8080-exec-7] RealPath: C:\Users\stock\Desktop\Workspace-22.0\Workspace-22.0\Starters\Hello-World-22.0\target\classes\WEB-INF\views\master\page.jsp 
2022-02-11 09:47:59.382 DEBUG [org.apache.jasper.servlet.JspServlet@http-nio-8080-exec-7] RequestURI: /hello-world-22.0/WEB-INF/views/master/page.jsp 
2022-02-11 09:47:59.382 DEBUG [org.apache.jasper.servlet.JspServlet@http-nio-8080-exec-7] QueryString: null 
2022-02-11 09:47:59.446 DEBUG [org.apache.jasper.servlet.JspServlet@http-nio-8080-exec-7] JspEngine --> /WEB-INF/views/master/sign-in.jsp 
2022-02-11 09:47:59.447 DEBUG [org.apache.jasper.servlet.JspServlet@http-nio-8080-exec-7] ServletPath: /WEB-INF/views/master/page.jsp 
2022-02-11 09:47:59.448 DEBUG [org.apache.jasper.servlet.JspServlet@http-nio-8080-exec-7] PathInfo: null 
2022-02-11 09:47:59.448 DEBUG [org.apache.jasper.servlet.JspServlet@http-nio-8080-exec-7] RealPath: C:\Users\stock\Desktop\Workspace-22.0\Workspace-22.0\Starters\Hello-World-22.0\target\classes\WEB-INF\views\master\sign-in.jsp 
2022-02-11 09:47:59.449 DEBUG [org.apache.jasper.servlet.JspServlet@http-nio-8080-exec-7] RequestURI: /hello-world-22.0/WEB-INF/views/master/page.jsp 
2022-02-11 09:47:59.450 DEBUG [org.apache.jasper.servlet.JspServlet@http-nio-8080-exec-7] QueryString: null 
2022-02-11 09:47:59.616 DEBUG [org.hibernate.SQL@http-nio-8080-exec-7] select useraccoun0_.id as id1_0_, useraccoun0_.version as version2_0_, useraccoun0_.enabled as enabled1_6_, useraccoun0_.identity_email as identity2_6_, useraccoun0_.identity_name as identity3_6_, useraccoun0_.identity_surname as identity4_6_, useraccoun0_.password as password5_6_, useraccoun0_.username as username6_6_ from user_account useraccoun0_ where useraccoun0_.username=? 
2022-02-11 09:47:59.617 TRACE [org.hibernate.type.descriptor.sql.BasicBinder@http-nio-8080-exec-7] binding parameter [1] as [VARCHAR] - [anonymous] 
2022-02-11 09:47:59.620 ERROR [org.apache.catalina.core.ContainerBase.[Tomcat].[localhost].[/hello-world-22.0].[jsp]@http-nio-8080-exec-7] Servlet.service() for servlet [jsp] threw exception at acme.framework.services.AuthenticationService.loadUserByUsername(AuthenticationService.java:51): anonymous
2022-02-11 09:47:59.630 DEBUG [acme.framework.components.tiles.DynamicTilesView@http-nio-8080-exec-8] View name 'master/sign-in', model {username=, password=, remember=false} 
2022-02-11 09:47:59.631 DEBUG [org.apache.jasper.servlet.JspServlet@http-nio-8080-exec-8] JspEngine --> /WEB-INF/views/master/page.jsp 
2022-02-11 09:47:59.631 DEBUG [org.apache.jasper.servlet.JspServlet@http-nio-8080-exec-8] ServletPath: /WEB-INF/views/master/page.jsp 
2022-02-11 09:47:59.632 DEBUG [org.apache.jasper.servlet.JspServlet@http-nio-8080-exec-8] PathInfo: null 
2022-02-11 09:47:59.632 DEBUG [org.apache.jasper.servlet.JspServlet@http-nio-8080-exec-8] RealPath: C:\Users\stock\Desktop\Workspace-22.0\Workspace-22.0\Starters\Hello-World-22.0\target\classes\WEB-INF\views\master\page.jsp 
2022-02-11 09:47:59.632 DEBUG [org.apache.jasper.servlet.JspServlet@http-nio-8080-exec-8] RequestURI: /hello-world-22.0/WEB-INF/views/master/page.jsp 
2022-02-11 09:47:59.633 DEBUG [org.apache.jasper.servlet.JspServlet@http-nio-8080-exec-8] QueryString: null 
2022-02-11 09:47:59.729 DEBUG [org.apache.jasper.servlet.JspServlet@http-nio-8080-exec-8] JspEngine --> /WEB-INF/views/master/sign-in.jsp 
2022-02-11 09:47:59.729 DEBUG [org.apache.jasper.servlet.JspServlet@http-nio-8080-exec-8] ServletPath: /WEB-INF/views/master/page.jsp 
2022-02-11 09:47:59.730 DEBUG [org.apache.jasper.servlet.JspServlet@http-nio-8080-exec-8] PathInfo: null 
2022-02-11 09:47:59.730 DEBUG [org.apache.jasper.servlet.JspServlet@http-nio-8080-exec-8] RealPath: C:\Users\stock\Desktop\Workspace-22.0\Workspace-22.0\Starters\Hello-World-22.0\target\classes\WEB-INF\views\master\sign-in.jsp 
2022-02-11 09:47:59.730 DEBUG [org.apache.jasper.servlet.JspServlet@http-nio-8080-exec-8] RequestURI: /hello-world-22.0/WEB-INF/views/master/page.jsp 
2022-02-11 09:47:59.730 DEBUG [org.apache.jasper.servlet.JspServlet@http-nio-8080-exec-8] QueryString: null 
2022-02-11 09:47:59.843 DEBUG [org.hibernate.SQL@http-nio-8080-exec-8] select useraccoun0_.id as id1_0_, useraccoun0_.version as version2_0_, useraccoun0_.enabled as enabled1_6_, useraccoun0_.identity_email as identity2_6_, useraccoun0_.identity_name as identity3_6_, useraccoun0_.identity_surname as identity4_6_, useraccoun0_.password as password5_6_, useraccoun0_.username as username6_6_ from user_account useraccoun0_ where useraccoun0_.username=? 
2022-02-11 09:47:59.844 TRACE [org.hibernate.type.descriptor.sql.BasicBinder@http-nio-8080-exec-8] binding parameter [1] as [VARCHAR] - [anonymous] 
2022-02-11 09:47:59.847 ERROR [org.apache.catalina.core.ContainerBase.[Tomcat].[localhost].[/hello-world-22.0].[jsp]@http-nio-8080-exec-8] Servlet.service() for servlet [jsp] threw exception at acme.framework.services.AuthenticationService.loadUserByUsername(AuthenticationService.java:51): anonymous
2022-02-11 09:47:59.856 DEBUG [acme.framework.components.tiles.DynamicTilesView@http-nio-8080-exec-9] View name 'master/sign-in', model {username=, password=, remember=false} 
2022-02-11 09:47:59.857 DEBUG [org.apache.jasper.servlet.JspServlet@http-nio-8080-exec-9] JspEngine --> /WEB-INF/views/master/page.jsp 
2022-02-11 09:47:59.857 DEBUG [org.apache.jasper.servlet.JspServlet@http-nio-8080-exec-9] ServletPath: /WEB-INF/views/master/page.jsp 
2022-02-11 09:47:59.858 DEBUG [org.apache.jasper.servlet.JspServlet@http-nio-8080-exec-9] PathInfo: null 
2022-02-11 09:47:59.858 DEBUG [org.apache.jasper.servlet.JspServlet@http-nio-8080-exec-9] RealPath: C:\Users\stock\Desktop\Workspace-22.0\Workspace-22.0\Starters\Hello-World-22.0\target\classes\WEB-INF\views\master\page.jsp 
2022-02-11 09:47:59.858 DEBUG [org.apache.jasper.servlet.JspServlet@http-nio-8080-exec-9] RequestURI: /hello-world-22.0/WEB-INF/views/master/page.jsp 
2022-02-11 09:47:59.859 DEBUG [org.apache.jasper.servlet.JspServlet@http-nio-8080-exec-9] QueryString: null 
2022-02-11 09:47:59.924 DEBUG [org.apache.jasper.servlet.JspServlet@http-nio-8080-exec-9] JspEngine --> /WEB-INF/views/master/sign-in.jsp 
2022-02-11 09:47:59.924 DEBUG [org.apache.jasper.servlet.JspServlet@http-nio-8080-exec-9] ServletPath: /WEB-INF/views/master/page.jsp 
2022-02-11 09:47:59.925 DEBUG [org.apache.jasper.servlet.JspServlet@http-nio-8080-exec-9] PathInfo: null 
2022-02-11 09:47:59.925 DEBUG [org.apache.jasper.servlet.JspServlet@http-nio-8080-exec-9] RealPath: C:\Users\stock\Desktop\Workspace-22.0\Workspace-22.0\Starters\Hello-World-22.0\target\classes\WEB-INF\views\master\sign-in.jsp 
2022-02-11 09:47:59.925 DEBUG [org.apache.jasper.servlet.JspServlet@http-nio-8080-exec-9] RequestURI: /hello-world-22.0/WEB-INF/views/master/page.jsp 
2022-02-11 09:47:59.925 DEBUG [org.apache.jasper.servlet.JspServlet@http-nio-8080-exec-9] QueryString: null 
2022-02-11 09:48:00.034 DEBUG [org.hibernate.SQL@http-nio-8080-exec-9] select useraccoun0_.id as id1_0_, useraccoun0_.version as version2_0_, useraccoun0_.enabled as enabled1_6_, useraccoun0_.identity_email as identity2_6_, useraccoun0_.identity_name as identity3_6_, useraccoun0_.identity_surname as identity4_6_, useraccoun0_.password as password5_6_, useraccoun0_.username as username6_6_ from user_account useraccoun0_ where useraccoun0_.username=? 
2022-02-11 09:48:00.035 TRACE [org.hibernate.type.descriptor.sql.BasicBinder@http-nio-8080-exec-9] binding parameter [1] as [VARCHAR] - [anonymous] 
2022-02-11 09:48:00.038 ERROR [org.apache.catalina.core.ContainerBase.[Tomcat].[localhost].[/hello-world-22.0].[jsp]@http-nio-8080-exec-9] Servlet.service() for servlet [jsp] threw exception at acme.framework.services.AuthenticationService.loadUserByUsername(AuthenticationService.java:51): anonymous
2022-02-11 09:48:00.045 DEBUG [acme.framework.components.tiles.DynamicTilesView@http-nio-8080-exec-10] View name 'master/sign-in', model {username=, password=, remember=false} 
2022-02-11 09:48:00.046 DEBUG [org.apache.jasper.servlet.JspServlet@http-nio-8080-exec-10] JspEngine --> /WEB-INF/views/master/page.jsp 
2022-02-11 09:48:00.046 DEBUG [org.apache.jasper.servlet.JspServlet@http-nio-8080-exec-10] ServletPath: /WEB-INF/views/master/page.jsp 
2022-02-11 09:48:00.047 DEBUG [org.apache.jasper.servlet.JspServlet@http-nio-8080-exec-10] PathInfo: null 
2022-02-11 09:48:00.047 DEBUG [org.apache.jasper.servlet.JspServlet@http-nio-8080-exec-10] RealPath: C:\Users\stock\Desktop\Workspace-22.0\Workspace-22.0\Starters\Hello-World-22.0\target\classes\WEB-INF\views\master\page.jsp 
2022-02-11 09:48:00.047 DEBUG [org.apache.jasper.servlet.JspServlet@http-nio-8080-exec-10] RequestURI: /hello-world-22.0/WEB-INF/views/master/page.jsp 
2022-02-11 09:48:00.048 DEBUG [org.apache.jasper.servlet.JspServlet@http-nio-8080-exec-10] QueryString: null 
2022-02-11 09:48:00.106 DEBUG [org.apache.jasper.servlet.JspServlet@http-nio-8080-exec-10] JspEngine --> /WEB-INF/views/master/sign-in.jsp 
2022-02-11 09:48:00.107 DEBUG [org.apache.jasper.servlet.JspServlet@http-nio-8080-exec-10] ServletPath: /WEB-INF/views/master/page.jsp 
2022-02-11 09:48:00.108 DEBUG [org.apache.jasper.servlet.JspServlet@http-nio-8080-exec-10] PathInfo: null 
2022-02-11 09:48:00.108 DEBUG [org.apache.jasper.servlet.JspServlet@http-nio-8080-exec-10] RealPath: C:\Users\stock\Desktop\Workspace-22.0\Workspace-22.0\Starters\Hello-World-22.0\target\classes\WEB-INF\views\master\sign-in.jsp 
2022-02-11 09:48:00.108 DEBUG [org.apache.jasper.servlet.JspServlet@http-nio-8080-exec-10] RequestURI: /hello-world-22.0/WEB-INF/views/master/page.jsp 
2022-02-11 09:48:00.109 DEBUG [org.apache.jasper.servlet.JspServlet@http-nio-8080-exec-10] QueryString: null 
2022-02-11 09:48:00.225 DEBUG [org.hibernate.SQL@http-nio-8080-exec-10] select useraccoun0_.id as id1_0_, useraccoun0_.version as version2_0_, useraccoun0_.enabled as enabled1_6_, useraccoun0_.identity_email as identity2_6_, useraccoun0_.identity_name as identity3_6_, useraccoun0_.identity_surname as identity4_6_, useraccoun0_.password as password5_6_, useraccoun0_.username as username6_6_ from user_account useraccoun0_ where useraccoun0_.username=? 
2022-02-11 09:48:00.226 TRACE [org.hibernate.type.descriptor.sql.BasicBinder@http-nio-8080-exec-10] binding parameter [1] as [VARCHAR] - [anonymous] 
2022-02-11 09:48:00.228 ERROR [org.apache.catalina.core.ContainerBase.[Tomcat].[localhost].[/hello-world-22.0].[jsp]@http-nio-8080-exec-10] Servlet.service() for servlet [jsp] threw exception at acme.framework.services.AuthenticationService.loadUserByUsername(AuthenticationService.java:51): anonymous
2022-02-11 09:48:00.234 DEBUG [acme.framework.components.tiles.DynamicTilesView@http-nio-8080-exec-1] View name 'master/sign-in', model {username=, password=, remember=false} 
2022-02-11 09:48:00.235 DEBUG [org.apache.jasper.servlet.JspServlet@http-nio-8080-exec-1] JspEngine --> /WEB-INF/views/master/page.jsp 
2022-02-11 09:48:00.236 DEBUG [org.apache.jasper.servlet.JspServlet@http-nio-8080-exec-1] ServletPath: /WEB-INF/views/master/page.jsp 
2022-02-11 09:48:00.236 DEBUG [org.apache.jasper.servlet.JspServlet@http-nio-8080-exec-1] PathInfo: null 
2022-02-11 09:48:00.236 DEBUG [org.apache.jasper.servlet.JspServlet@http-nio-8080-exec-1] RealPath: C:\Users\stock\Desktop\Workspace-22.0\Workspace-22.0\Starters\Hello-World-22.0\target\classes\WEB-INF\views\master\page.jsp 
2022-02-11 09:48:00.236 DEBUG [org.apache.jasper.servlet.JspServlet@http-nio-8080-exec-1] RequestURI: /hello-world-22.0/WEB-INF/views/master/page.jsp 
2022-02-11 09:48:00.237 DEBUG [org.apache.jasper.servlet.JspServlet@http-nio-8080-exec-1] QueryString: null 
2022-02-11 09:48:00.297 DEBUG [org.apache.jasper.servlet.JspServlet@http-nio-8080-exec-1] JspEngine --> /WEB-INF/views/master/sign-in.jsp 
2022-02-11 09:48:00.297 DEBUG [org.apache.jasper.servlet.JspServlet@http-nio-8080-exec-1] ServletPath: /WEB-INF/views/master/page.jsp 
2022-02-11 09:48:00.298 DEBUG [org.apache.jasper.servlet.JspServlet@http-nio-8080-exec-1] PathInfo: null 
2022-02-11 09:48:00.298 DEBUG [org.apache.jasper.servlet.JspServlet@http-nio-8080-exec-1] RealPath: C:\Users\stock\Desktop\Workspace-22.0\Workspace-22.0\Starters\Hello-World-22.0\target\classes\WEB-INF\views\master\sign-in.jsp 
2022-02-11 09:48:00.298 DEBUG [org.apache.jasper.servlet.JspServlet@http-nio-8080-exec-1] RequestURI: /hello-world-22.0/WEB-INF/views/master/page.jsp 
2022-02-11 09:48:00.299 DEBUG [org.apache.jasper.servlet.JspServlet@http-nio-8080-exec-1] QueryString: null 
2022-02-11 09:48:00.415 DEBUG [org.hibernate.SQL@http-nio-8080-exec-1] select useraccoun0_.id as id1_0_, useraccoun0_.version as version2_0_, useraccoun0_.enabled as enabled1_6_, useraccoun0_.identity_email as identity2_6_, useraccoun0_.identity_name as identity3_6_, useraccoun0_.identity_surname as identity4_6_, useraccoun0_.password as password5_6_, useraccoun0_.username as username6_6_ from user_account useraccoun0_ where useraccoun0_.username=? 
2022-02-11 09:48:00.416 TRACE [org.hibernate.type.descriptor.sql.BasicBinder@http-nio-8080-exec-1] binding parameter [1] as [VARCHAR] - [anonymous] 
2022-02-11 09:48:00.418 ERROR [org.apache.catalina.core.ContainerBase.[Tomcat].[localhost].[/hello-world-22.0].[jsp]@http-nio-8080-exec-1] Servlet.service() for servlet [jsp] threw exception at acme.framework.services.AuthenticationService.loadUserByUsername(AuthenticationService.java:51): anonymous
