2022-04-18 11:00:40.471 INFO  [acme.Launcher@main] Starting Launcher using Java 1.8.0_241 on LAPTOP-GJN6D4CN with PID 17620 (C:\colegio\universidad\3\DP2\Workspace-22.0\Frameworks\Acme-Framework-22.3\target\classes started by Manuel in C:\colegio\universidad\3\DP2\Workspace-22.0\Projects\Acme-One-E8.02) 
2022-04-18 11:00:40.472 DEBUG [acme.Launcher@main] Running with Spring Boot v2.4.2, Spring v5.3.3 
2022-04-18 11:00:40.473 INFO  [acme.Launcher@main] The following profiles are active: development,default 
2022-04-18 11:00:43.555 DEBUG [org.apache.jasper.servlet.JasperInitializer@main] Initializing Jasper for context [application] 
2022-04-18 11:00:51.689 DEBUG [org.apache.jasper.servlet.JspServlet@main] Scratch dir for the JSP engine is: [C:\Users\Manuel\AppData\Local\Temp\tomcat.8080.4126541647866149591\work\Tomcat\localhost\hello-world-22.0] 
2022-04-18 11:00:51.690 DEBUG [org.apache.jasper.servlet.JspServlet@main] IMPORTANT: Do not modify the generated servlets 
2022-04-18 11:00:51.703 INFO  [acme.Launcher@main] Started Launcher in 12.02 seconds (JVM running for 12.718) 
2022-04-18 11:00:51.709 DEBUG [acme.Launcher@main] Found classpath entry '/C:/colegio/universidad/3/DP2/Workspace-22.0/Projects/Acme-One-E8.02/target/test-classes/' 
2022-04-18 11:00:51.710 DEBUG [acme.Launcher@main] Found classpath entry '/C:/colegio/universidad/3/DP2/Workspace-22.0/Projects/Acme-One-E8.02/target/classes/' 
2022-04-18 11:00:51.710 DEBUG [acme.Launcher@main] Found classpath entry '/C:/colegio/universidad/3/DP2/Workspace-22.0/Frameworks/Acme-Framework-22.3/target/classes/' 
2022-04-18 11:00:51.710 DEBUG [acme.Launcher@main] Found classpath entry '/C:/colegio/universidad/3/DP2/Workspace-22.0/Frameworks/Acme-Framework-22.3/target/test-classes/' 
2022-04-18 11:00:51.710 DEBUG [acme.Launcher@main] Found classpath entry '/C:/Users/Manuel/.m2/repository/org/springframework/boot/spring-boot-starter-tomcat/2.4.2/spring-boot-starter-tomcat-2.4.2.jar' 
2022-04-18 11:00:51.711 DEBUG [acme.Launcher@main] Found classpath entry '/C:/Users/Manuel/.m2/repository/jakarta/annotation/jakarta.annotation-api/1.3.5/jakarta.annotation-api-1.3.5.jar' 
2022-04-18 11:00:51.711 DEBUG [acme.Launcher@main] Found classpath entry '/C:/Users/Manuel/.m2/repository/org/apache/tomcat/embed/tomcat-embed-core/9.0.41/tomcat-embed-core-9.0.41.jar' 
2022-04-18 11:00:51.711 DEBUG [acme.Launcher@main] Found classpath entry '/C:/Users/Manuel/.m2/repository/org/glassfish/jakarta.el/3.0.3/jakarta.el-3.0.3.jar' 
2022-04-18 11:00:51.711 DEBUG [acme.Launcher@main] Found classpath entry '/C:/Users/Manuel/.m2/repository/org/apache/tomcat/embed/tomcat-embed-websocket/9.0.41/tomcat-embed-websocket-9.0.41.jar' 
2022-04-18 11:00:51.712 DEBUG [acme.Launcher@main] Found classpath entry '/C:/Users/Manuel/.m2/repository/org/apache/tomcat/embed/tomcat-embed-jasper/9.0.41/tomcat-embed-jasper-9.0.41.jar' 
2022-04-18 11:00:51.712 DEBUG [acme.Launcher@main] Found classpath entry '/C:/Users/Manuel/.m2/repository/org/apache/tomcat/embed/tomcat-embed-el/9.0.41/tomcat-embed-el-9.0.41.jar' 
2022-04-18 11:00:51.712 DEBUG [acme.Launcher@main] Found classpath entry '/C:/Users/Manuel/.m2/repository/org/eclipse/jdt/ecj/3.18.0/ecj-3.18.0.jar' 
2022-04-18 11:00:51.712 DEBUG [acme.Launcher@main] Found classpath entry '/C:/Users/Manuel/.m2/repository/javax/servlet/jstl/1.2/jstl-1.2.jar' 
2022-04-18 11:00:51.713 DEBUG [acme.Launcher@main] Found classpath entry '/C:/Users/Manuel/.m2/repository/org/springframework/boot/spring-boot-starter-test/2.4.2/spring-boot-starter-test-2.4.2.jar' 
2022-04-18 11:00:51.713 DEBUG [acme.Launcher@main] Found classpath entry '/C:/Users/Manuel/.m2/repository/org/springframework/boot/spring-boot-starter/2.4.2/spring-boot-starter-2.4.2.jar' 
2022-04-18 11:00:51.713 DEBUG [acme.Launcher@main] Found classpath entry '/C:/Users/Manuel/.m2/repository/org/springframework/boot/spring-boot/2.4.2/spring-boot-2.4.2.jar' 
2022-04-18 11:00:51.713 DEBUG [acme.Launcher@main] Found classpath entry '/C:/Users/Manuel/.m2/repository/org/springframework/boot/spring-boot-autoconfigure/2.4.2/spring-boot-autoconfigure-2.4.2.jar' 
2022-04-18 11:00:51.714 DEBUG [acme.Launcher@main] Found classpath entry '/C:/Users/Manuel/.m2/repository/org/springframework/boot/spring-boot-starter-logging/2.4.2/spring-boot-starter-logging-2.4.2.jar' 
2022-04-18 11:00:51.714 DEBUG [acme.Launcher@main] Found classpath entry '/C:/Users/Manuel/.m2/repository/ch/qos/logback/logback-classic/1.2.3/logback-classic-1.2.3.jar' 
2022-04-18 11:00:51.714 DEBUG [acme.Launcher@main] Found classpath entry '/C:/Users/Manuel/.m2/repository/ch/qos/logback/logback-core/1.2.3/logback-core-1.2.3.jar' 
2022-04-18 11:00:51.714 DEBUG [acme.Launcher@main] Found classpath entry '/C:/Users/Manuel/.m2/repository/org/apache/logging/log4j/log4j-to-slf4j/2.13.3/log4j-to-slf4j-2.13.3.jar' 
2022-04-18 11:00:51.714 DEBUG [acme.Launcher@main] Found classpath entry '/C:/Users/Manuel/.m2/repository/org/apache/logging/log4j/log4j-api/2.13.3/log4j-api-2.13.3.jar' 
2022-04-18 11:00:51.715 DEBUG [acme.Launcher@main] Found classpath entry '/C:/Users/Manuel/.m2/repository/org/slf4j/jul-to-slf4j/1.7.30/jul-to-slf4j-1.7.30.jar' 
2022-04-18 11:00:51.715 DEBUG [acme.Launcher@main] Found classpath entry '/C:/Users/Manuel/.m2/repository/org/yaml/snakeyaml/1.27/snakeyaml-1.27.jar' 
2022-04-18 11:00:51.715 DEBUG [acme.Launcher@main] Found classpath entry '/C:/Users/Manuel/.m2/repository/org/springframework/boot/spring-boot-test/2.4.2/spring-boot-test-2.4.2.jar' 
2022-04-18 11:00:51.715 DEBUG [acme.Launcher@main] Found classpath entry '/C:/Users/Manuel/.m2/repository/org/springframework/boot/spring-boot-test-autoconfigure/2.4.2/spring-boot-test-autoconfigure-2.4.2.jar' 
2022-04-18 11:00:51.715 DEBUG [acme.Launcher@main] Found classpath entry '/C:/Users/Manuel/.m2/repository/com/jayway/jsonpath/json-path/2.4.0/json-path-2.4.0.jar' 
2022-04-18 11:00:51.716 DEBUG [acme.Launcher@main] Found classpath entry '/C:/Users/Manuel/.m2/repository/net/minidev/json-smart/2.3/json-smart-2.3.jar' 
2022-04-18 11:00:51.716 DEBUG [acme.Launcher@main] Found classpath entry '/C:/Users/Manuel/.m2/repository/net/minidev/accessors-smart/1.2/accessors-smart-1.2.jar' 
2022-04-18 11:00:51.716 DEBUG [acme.Launcher@main] Found classpath entry '/C:/Users/Manuel/.m2/repository/org/ow2/asm/asm/5.0.4/asm-5.0.4.jar' 
2022-04-18 11:00:51.716 DEBUG [acme.Launcher@main] Found classpath entry '/C:/Users/Manuel/.m2/repository/jakarta/xml/bind/jakarta.xml.bind-api/2.3.3/jakarta.xml.bind-api-2.3.3.jar' 
2022-04-18 11:00:51.716 DEBUG [acme.Launcher@main] Found classpath entry '/C:/Users/Manuel/.m2/repository/jakarta/activation/jakarta.activation-api/1.2.2/jakarta.activation-api-1.2.2.jar' 
2022-04-18 11:00:51.717 DEBUG [acme.Launcher@main] Found classpath entry '/C:/Users/Manuel/.m2/repository/org/assertj/assertj-core/3.18.1/assertj-core-3.18.1.jar' 
2022-04-18 11:00:51.717 DEBUG [acme.Launcher@main] Found classpath entry '/C:/Users/Manuel/.m2/repository/org/hamcrest/hamcrest/2.2/hamcrest-2.2.jar' 
2022-04-18 11:00:51.717 DEBUG [acme.Launcher@main] Found classpath entry '/C:/Users/Manuel/.m2/repository/org/junit/jupiter/junit-jupiter/5.7.0/junit-jupiter-5.7.0.jar' 
2022-04-18 11:00:51.717 DEBUG [acme.Launcher@main] Found classpath entry '/C:/Users/Manuel/.m2/repository/org/mockito/mockito-core/3.6.28/mockito-core-3.6.28.jar' 
2022-04-18 11:00:51.717 DEBUG [acme.Launcher@main] Found classpath entry '/C:/Users/Manuel/.m2/repository/net/bytebuddy/byte-buddy-agent/1.10.19/byte-buddy-agent-1.10.19.jar' 
2022-04-18 11:00:51.718 DEBUG [acme.Launcher@main] Found classpath entry '/C:/Users/Manuel/.m2/repository/org/objenesis/objenesis/3.1/objenesis-3.1.jar' 
2022-04-18 11:00:51.718 DEBUG [acme.Launcher@main] Found classpath entry '/C:/Users/Manuel/.m2/repository/org/mockito/mockito-junit-jupiter/3.6.28/mockito-junit-jupiter-3.6.28.jar' 
2022-04-18 11:00:51.718 DEBUG [acme.Launcher@main] Found classpath entry '/C:/Users/Manuel/.m2/repository/org/skyscreamer/jsonassert/1.5.0/jsonassert-1.5.0.jar' 
2022-04-18 11:00:51.718 DEBUG [acme.Launcher@main] Found classpath entry '/C:/Users/Manuel/.m2/repository/com/vaadin/external/google/android-json/0.0.20131108.vaadin1/android-json-0.0.20131108.vaadin1.jar' 
2022-04-18 11:00:51.719 DEBUG [acme.Launcher@main] Found classpath entry '/C:/Users/Manuel/.m2/repository/org/springframework/spring-core/5.3.3/spring-core-5.3.3.jar' 
2022-04-18 11:00:51.719 DEBUG [acme.Launcher@main] Found classpath entry '/C:/Users/Manuel/.m2/repository/org/springframework/spring-jcl/5.3.3/spring-jcl-5.3.3.jar' 
2022-04-18 11:00:51.719 DEBUG [acme.Launcher@main] Found classpath entry '/C:/Users/Manuel/.m2/repository/org/springframework/spring-test/5.3.3/spring-test-5.3.3.jar' 
2022-04-18 11:00:51.719 DEBUG [acme.Launcher@main] Found classpath entry '/C:/Users/Manuel/.m2/repository/org/xmlunit/xmlunit-core/2.7.0/xmlunit-core-2.7.0.jar' 
2022-04-18 11:00:51.719 DEBUG [acme.Launcher@main] Found classpath entry '/C:/Users/Manuel/.m2/repository/org/springframework/boot/spring-boot-starter-security/2.4.2/spring-boot-starter-security-2.4.2.jar' 
2022-04-18 11:00:51.720 DEBUG [acme.Launcher@main] Found classpath entry '/C:/Users/Manuel/.m2/repository/org/springframework/spring-aop/5.3.3/spring-aop-5.3.3.jar' 
2022-04-18 11:00:51.720 DEBUG [acme.Launcher@main] Found classpath entry '/C:/Users/Manuel/.m2/repository/org/springframework/security/spring-security-web/5.4.2/spring-security-web-5.4.2.jar' 
2022-04-18 11:00:51.720 DEBUG [acme.Launcher@main] Found classpath entry '/C:/Users/Manuel/.m2/repository/org/springframework/security/spring-security-core/5.4.2/spring-security-core-5.4.2.jar' 
2022-04-18 11:00:51.720 DEBUG [acme.Launcher@main] Found classpath entry '/C:/Users/Manuel/.m2/repository/org/springframework/spring-beans/5.3.3/spring-beans-5.3.3.jar' 
2022-04-18 11:00:51.720 DEBUG [acme.Launcher@main] Found classpath entry '/C:/Users/Manuel/.m2/repository/org/springframework/spring-context/5.3.3/spring-context-5.3.3.jar' 
2022-04-18 11:00:51.720 DEBUG [acme.Launcher@main] Found classpath entry '/C:/Users/Manuel/.m2/repository/org/springframework/spring-expression/5.3.3/spring-expression-5.3.3.jar' 
2022-04-18 11:00:51.721 DEBUG [acme.Launcher@main] Found classpath entry '/C:/Users/Manuel/.m2/repository/org/springframework/spring-web/5.3.3/spring-web-5.3.3.jar' 
2022-04-18 11:00:51.721 DEBUG [acme.Launcher@main] Found classpath entry '/C:/Users/Manuel/.m2/repository/org/springframework/security/spring-security-config/5.4.2/spring-security-config-5.4.2.jar' 
2022-04-18 11:00:51.721 DEBUG [acme.Launcher@main] Found classpath entry '/C:/Users/Manuel/.m2/repository/org/springframework/security/spring-security-taglibs/5.4.2/spring-security-taglibs-5.4.2.jar' 
2022-04-18 11:00:51.721 DEBUG [acme.Launcher@main] Found classpath entry '/C:/Users/Manuel/.m2/repository/org/springframework/security/spring-security-acl/5.4.2/spring-security-acl-5.4.2.jar' 
2022-04-18 11:00:51.722 DEBUG [acme.Launcher@main] Found classpath entry '/C:/Users/Manuel/.m2/repository/org/springframework/spring-jdbc/5.3.3/spring-jdbc-5.3.3.jar' 
2022-04-18 11:00:51.722 DEBUG [acme.Launcher@main] Found classpath entry '/C:/Users/Manuel/.m2/repository/org/springframework/spring-tx/5.3.3/spring-tx-5.3.3.jar' 
2022-04-18 11:00:51.722 DEBUG [acme.Launcher@main] Found classpath entry '/C:/Users/Manuel/.m2/repository/org/springframework/boot/spring-boot-starter-web/2.4.2/spring-boot-starter-web-2.4.2.jar' 
2022-04-18 11:00:51.722 DEBUG [acme.Launcher@main] Found classpath entry '/C:/Users/Manuel/.m2/repository/org/springframework/boot/spring-boot-starter-json/2.4.2/spring-boot-starter-json-2.4.2.jar' 
2022-04-18 11:00:51.722 DEBUG [acme.Launcher@main] Found classpath entry '/C:/Users/Manuel/.m2/repository/com/fasterxml/jackson/core/jackson-databind/2.11.4/jackson-databind-2.11.4.jar' 
2022-04-18 11:00:51.722 DEBUG [acme.Launcher@main] Found classpath entry '/C:/Users/Manuel/.m2/repository/com/fasterxml/jackson/core/jackson-annotations/2.11.4/jackson-annotations-2.11.4.jar' 
2022-04-18 11:00:51.723 DEBUG [acme.Launcher@main] Found classpath entry '/C:/Users/Manuel/.m2/repository/com/fasterxml/jackson/core/jackson-core/2.11.4/jackson-core-2.11.4.jar' 
2022-04-18 11:00:51.723 DEBUG [acme.Launcher@main] Found classpath entry '/C:/Users/Manuel/.m2/repository/com/fasterxml/jackson/datatype/jackson-datatype-jdk8/2.11.4/jackson-datatype-jdk8-2.11.4.jar' 
2022-04-18 11:00:51.724 DEBUG [acme.Launcher@main] Found classpath entry '/C:/Users/Manuel/.m2/repository/com/fasterxml/jackson/datatype/jackson-datatype-jsr310/2.11.4/jackson-datatype-jsr310-2.11.4.jar' 
2022-04-18 11:00:51.724 DEBUG [acme.Launcher@main] Found classpath entry '/C:/Users/Manuel/.m2/repository/com/fasterxml/jackson/module/jackson-module-parameter-names/2.11.4/jackson-module-parameter-names-2.11.4.jar' 
2022-04-18 11:00:51.724 DEBUG [acme.Launcher@main] Found classpath entry '/C:/Users/Manuel/.m2/repository/org/springframework/spring-webmvc/5.3.3/spring-webmvc-5.3.3.jar' 
2022-04-18 11:00:51.724 DEBUG [acme.Launcher@main] Found classpath entry '/C:/Users/Manuel/.m2/repository/org/apache/tiles/tiles-jsp/3.0.8/tiles-jsp-3.0.8.jar' 
2022-04-18 11:00:51.725 DEBUG [acme.Launcher@main] Found classpath entry '/C:/Users/Manuel/.m2/repository/org/apache/tiles/tiles-servlet/3.0.8/tiles-servlet-3.0.8.jar' 
2022-04-18 11:00:51.725 DEBUG [acme.Launcher@main] Found classpath entry '/C:/Users/Manuel/.m2/repository/org/apache/tiles/tiles-core/3.0.8/tiles-core-3.0.8.jar' 
2022-04-18 11:00:51.725 DEBUG [acme.Launcher@main] Found classpath entry '/C:/Users/Manuel/.m2/repository/commons-digester/commons-digester/2.0/commons-digester-2.0.jar' 
2022-04-18 11:00:51.725 DEBUG [acme.Launcher@main] Found classpath entry '/C:/Users/Manuel/.m2/repository/org/slf4j/jcl-over-slf4j/1.7.30/jcl-over-slf4j-1.7.30.jar' 
2022-04-18 11:00:51.725 DEBUG [acme.Launcher@main] Found classpath entry '/C:/Users/Manuel/.m2/repository/org/apache/tiles/tiles-request-servlet/1.0.7/tiles-request-servlet-1.0.7.jar' 
2022-04-18 11:00:51.726 DEBUG [acme.Launcher@main] Found classpath entry '/C:/Users/Manuel/.m2/repository/org/apache/tiles/tiles-template/3.0.8/tiles-template-3.0.8.jar' 
2022-04-18 11:00:51.726 DEBUG [acme.Launcher@main] Found classpath entry '/C:/Users/Manuel/.m2/repository/org/apache/tiles/tiles-api/3.0.8/tiles-api-3.0.8.jar' 
2022-04-18 11:00:51.726 DEBUG [acme.Launcher@main] Found classpath entry '/C:/Users/Manuel/.m2/repository/org/apache/tiles/tiles-autotag-core-runtime/1.2/tiles-autotag-core-runtime-1.2.jar' 
2022-04-18 11:00:51.726 DEBUG [acme.Launcher@main] Found classpath entry '/C:/Users/Manuel/.m2/repository/org/slf4j/slf4j-api/1.7.30/slf4j-api-1.7.30.jar' 
2022-04-18 11:00:51.726 DEBUG [acme.Launcher@main] Found classpath entry '/C:/Users/Manuel/.m2/repository/org/apache/tiles/tiles-request-jsp/1.0.7/tiles-request-jsp-1.0.7.jar' 
2022-04-18 11:00:51.726 DEBUG [acme.Launcher@main] Found classpath entry '/C:/Users/Manuel/.m2/repository/org/apache/tiles/tiles-request-api/1.0.7/tiles-request-api-1.0.7.jar' 
2022-04-18 11:00:51.727 DEBUG [acme.Launcher@main] Found classpath entry '/C:/Users/Manuel/.m2/repository/org/springframework/boot/spring-boot-starter-data-jpa/2.4.2/spring-boot-starter-data-jpa-2.4.2.jar' 
2022-04-18 11:00:51.727 DEBUG [acme.Launcher@main] Found classpath entry '/C:/Users/Manuel/.m2/repository/org/springframework/boot/spring-boot-starter-aop/2.4.2/spring-boot-starter-aop-2.4.2.jar' 
2022-04-18 11:00:51.727 DEBUG [acme.Launcher@main] Found classpath entry '/C:/Users/Manuel/.m2/repository/org/aspectj/aspectjweaver/1.9.6/aspectjweaver-1.9.6.jar' 
2022-04-18 11:00:51.727 DEBUG [acme.Launcher@main] Found classpath entry '/C:/Users/Manuel/.m2/repository/org/springframework/boot/spring-boot-starter-jdbc/2.4.2/spring-boot-starter-jdbc-2.4.2.jar' 
2022-04-18 11:00:51.727 DEBUG [acme.Launcher@main] Found classpath entry '/C:/Users/Manuel/.m2/repository/jakarta/transaction/jakarta.transaction-api/1.3.3/jakarta.transaction-api-1.3.3.jar' 
2022-04-18 11:00:51.728 DEBUG [acme.Launcher@main] Found classpath entry '/C:/Users/Manuel/.m2/repository/jakarta/persistence/jakarta.persistence-api/2.2.3/jakarta.persistence-api-2.2.3.jar' 
2022-04-18 11:00:51.728 DEBUG [acme.Launcher@main] Found classpath entry '/C:/Users/Manuel/.m2/repository/org/hibernate/hibernate-core/5.4.27.Final/hibernate-core-5.4.27.Final.jar' 
2022-04-18 11:00:51.728 DEBUG [acme.Launcher@main] Found classpath entry '/C:/Users/Manuel/.m2/repository/org/jboss/logging/jboss-logging/3.4.1.Final/jboss-logging-3.4.1.Final.jar' 
2022-04-18 11:00:51.728 DEBUG [acme.Launcher@main] Found classpath entry '/C:/Users/Manuel/.m2/repository/org/javassist/javassist/3.27.0-GA/javassist-3.27.0-GA.jar' 
2022-04-18 11:00:51.729 DEBUG [acme.Launcher@main] Found classpath entry '/C:/Users/Manuel/.m2/repository/antlr/antlr/2.7.7/antlr-2.7.7.jar' 
2022-04-18 11:00:51.729 DEBUG [acme.Launcher@main] Found classpath entry '/C:/Users/Manuel/.m2/repository/org/jboss/jandex/2.1.3.Final/jandex-2.1.3.Final.jar' 
2022-04-18 11:00:51.729 DEBUG [acme.Launcher@main] Found classpath entry '/C:/Users/Manuel/.m2/repository/com/fasterxml/classmate/1.5.1/classmate-1.5.1.jar' 
2022-04-18 11:00:51.729 DEBUG [acme.Launcher@main] Found classpath entry '/C:/Users/Manuel/.m2/repository/org/dom4j/dom4j/2.1.3/dom4j-2.1.3.jar' 
2022-04-18 11:00:51.729 DEBUG [acme.Launcher@main] Found classpath entry '/C:/Users/Manuel/.m2/repository/org/hibernate/common/hibernate-commons-annotations/5.1.2.Final/hibernate-commons-annotations-5.1.2.Final.jar' 
2022-04-18 11:00:51.730 DEBUG [acme.Launcher@main] Found classpath entry '/C:/Users/Manuel/.m2/repository/org/glassfish/jaxb/jaxb-runtime/2.3.3/jaxb-runtime-2.3.3.jar' 
2022-04-18 11:00:51.730 DEBUG [acme.Launcher@main] Found classpath entry '/C:/Users/Manuel/.m2/repository/org/glassfish/jaxb/txw2/2.3.3/txw2-2.3.3.jar' 
2022-04-18 11:00:51.730 DEBUG [acme.Launcher@main] Found classpath entry '/C:/Users/Manuel/.m2/repository/com/sun/istack/istack-commons-runtime/3.0.11/istack-commons-runtime-3.0.11.jar' 
2022-04-18 11:00:51.730 DEBUG [acme.Launcher@main] Found classpath entry '/C:/Users/Manuel/.m2/repository/com/sun/activation/jakarta.activation/1.2.2/jakarta.activation-1.2.2.jar' 
2022-04-18 11:00:51.730 DEBUG [acme.Launcher@main] Found classpath entry '/C:/Users/Manuel/.m2/repository/org/springframework/data/spring-data-jpa/2.4.3/spring-data-jpa-2.4.3.jar' 
2022-04-18 11:00:51.730 DEBUG [acme.Launcher@main] Found classpath entry '/C:/Users/Manuel/.m2/repository/org/springframework/data/spring-data-commons/2.4.3/spring-data-commons-2.4.3.jar' 
2022-04-18 11:00:51.730 DEBUG [acme.Launcher@main] Found classpath entry '/C:/Users/Manuel/.m2/repository/org/springframework/spring-orm/5.3.3/spring-orm-5.3.3.jar' 
2022-04-18 11:00:51.731 DEBUG [acme.Launcher@main] Found classpath entry '/C:/Users/Manuel/.m2/repository/org/springframework/spring-aspects/5.3.3/spring-aspects-5.3.3.jar' 
2022-04-18 11:00:51.731 DEBUG [acme.Launcher@main] Found classpath entry '/C:/Users/Manuel/.m2/repository/org/springframework/boot/spring-boot-starter-validation/2.4.2/spring-boot-starter-validation-2.4.2.jar' 
2022-04-18 11:00:51.731 DEBUG [acme.Launcher@main] Found classpath entry '/C:/Users/Manuel/.m2/repository/org/hibernate/validator/hibernate-validator/6.1.7.Final/hibernate-validator-6.1.7.Final.jar' 
2022-04-18 11:00:51.731 DEBUG [acme.Launcher@main] Found classpath entry '/C:/Users/Manuel/.m2/repository/jakarta/validation/jakarta.validation-api/2.0.2/jakarta.validation-api-2.0.2.jar' 
2022-04-18 11:00:51.731 DEBUG [acme.Launcher@main] Found classpath entry '/C:/Users/Manuel/.m2/repository/mysql/mysql-connector-java/8.0.22/mysql-connector-java-8.0.22.jar' 
2022-04-18 11:00:51.732 DEBUG [acme.Launcher@main] Found classpath entry '/C:/Users/Manuel/.m2/repository/com/zaxxer/HikariCP/3.4.5/HikariCP-3.4.5.jar' 
2022-04-18 11:00:51.732 DEBUG [acme.Launcher@main] Found classpath entry '/C:/Users/Manuel/.m2/repository/org/junit/jupiter/junit-jupiter-engine/5.7.0/junit-jupiter-engine-5.7.0.jar' 
2022-04-18 11:00:51.732 DEBUG [acme.Launcher@main] Found classpath entry '/C:/Users/Manuel/.m2/repository/org/apiguardian/apiguardian-api/1.1.0/apiguardian-api-1.1.0.jar' 
2022-04-18 11:00:51.732 DEBUG [acme.Launcher@main] Found classpath entry '/C:/Users/Manuel/.m2/repository/org/junit/platform/junit-platform-engine/1.7.0/junit-platform-engine-1.7.0.jar' 
2022-04-18 11:00:51.732 DEBUG [acme.Launcher@main] Found classpath entry '/C:/Users/Manuel/.m2/repository/org/junit/jupiter/junit-jupiter-api/5.7.0/junit-jupiter-api-5.7.0.jar' 
2022-04-18 11:00:51.732 DEBUG [acme.Launcher@main] Found classpath entry '/C:/Users/Manuel/.m2/repository/org/opentest4j/opentest4j/1.2.0/opentest4j-1.2.0.jar' 
2022-04-18 11:00:51.733 DEBUG [acme.Launcher@main] Found classpath entry '/C:/Users/Manuel/.m2/repository/org/junit/platform/junit-platform-commons/1.7.0/junit-platform-commons-1.7.0.jar' 
2022-04-18 11:00:51.733 DEBUG [acme.Launcher@main] Found classpath entry '/C:/Users/Manuel/.m2/repository/org/junit/jupiter/junit-jupiter-params/5.7.0/junit-jupiter-params-5.7.0.jar' 
2022-04-18 11:00:51.733 DEBUG [acme.Launcher@main] Found classpath entry '/C:/Users/Manuel/.m2/repository/org/junit/platform/junit-platform-launcher/1.7.0/junit-platform-launcher-1.7.0.jar' 
2022-04-18 11:00:51.733 DEBUG [acme.Launcher@main] Found classpath entry '/C:/Users/Manuel/.m2/repository/org/seleniumhq/selenium/selenium-java/3.141.59/selenium-java-3.141.59.jar' 
2022-04-18 11:00:51.733 DEBUG [acme.Launcher@main] Found classpath entry '/C:/Users/Manuel/.m2/repository/org/seleniumhq/selenium/selenium-api/3.141.59/selenium-api-3.141.59.jar' 
2022-04-18 11:00:51.733 DEBUG [acme.Launcher@main] Found classpath entry '/C:/Users/Manuel/.m2/repository/org/seleniumhq/selenium/selenium-chrome-driver/3.141.59/selenium-chrome-driver-3.141.59.jar' 
2022-04-18 11:00:51.734 DEBUG [acme.Launcher@main] Found classpath entry '/C:/Users/Manuel/.m2/repository/org/seleniumhq/selenium/selenium-edge-driver/3.141.59/selenium-edge-driver-3.141.59.jar' 
2022-04-18 11:00:51.734 DEBUG [acme.Launcher@main] Found classpath entry '/C:/Users/Manuel/.m2/repository/org/seleniumhq/selenium/selenium-firefox-driver/3.141.59/selenium-firefox-driver-3.141.59.jar' 
2022-04-18 11:00:51.734 DEBUG [acme.Launcher@main] Found classpath entry '/C:/Users/Manuel/.m2/repository/org/seleniumhq/selenium/selenium-ie-driver/3.141.59/selenium-ie-driver-3.141.59.jar' 
2022-04-18 11:00:51.734 DEBUG [acme.Launcher@main] Found classpath entry '/C:/Users/Manuel/.m2/repository/org/seleniumhq/selenium/selenium-opera-driver/3.141.59/selenium-opera-driver-3.141.59.jar' 
2022-04-18 11:00:51.734 DEBUG [acme.Launcher@main] Found classpath entry '/C:/Users/Manuel/.m2/repository/org/seleniumhq/selenium/selenium-remote-driver/3.141.59/selenium-remote-driver-3.141.59.jar' 
2022-04-18 11:00:51.734 DEBUG [acme.Launcher@main] Found classpath entry '/C:/Users/Manuel/.m2/repository/org/seleniumhq/selenium/selenium-safari-driver/3.141.59/selenium-safari-driver-3.141.59.jar' 
2022-04-18 11:00:51.735 DEBUG [acme.Launcher@main] Found classpath entry '/C:/Users/Manuel/.m2/repository/org/seleniumhq/selenium/selenium-support/3.141.59/selenium-support-3.141.59.jar' 
2022-04-18 11:00:51.735 DEBUG [acme.Launcher@main] Found classpath entry '/C:/Users/Manuel/.m2/repository/net/bytebuddy/byte-buddy/1.10.19/byte-buddy-1.10.19.jar' 
2022-04-18 11:00:51.735 DEBUG [acme.Launcher@main] Found classpath entry '/C:/Users/Manuel/.m2/repository/org/apache/commons/commons-exec/1.3/commons-exec-1.3.jar' 
2022-04-18 11:00:51.735 DEBUG [acme.Launcher@main] Found classpath entry '/C:/Users/Manuel/.m2/repository/com/google/guava/guava/25.0-jre/guava-25.0-jre.jar' 
2022-04-18 11:00:51.735 DEBUG [acme.Launcher@main] Found classpath entry '/C:/Users/Manuel/.m2/repository/com/google/code/findbugs/jsr305/1.3.9/jsr305-1.3.9.jar' 
2022-04-18 11:00:51.735 DEBUG [acme.Launcher@main] Found classpath entry '/C:/Users/Manuel/.m2/repository/org/checkerframework/checker-compat-qual/2.0.0/checker-compat-qual-2.0.0.jar' 
2022-04-18 11:00:51.736 DEBUG [acme.Launcher@main] Found classpath entry '/C:/Users/Manuel/.m2/repository/com/google/errorprone/error_prone_annotations/2.1.3/error_prone_annotations-2.1.3.jar' 
2022-04-18 11:00:51.736 DEBUG [acme.Launcher@main] Found classpath entry '/C:/Users/Manuel/.m2/repository/com/google/j2objc/j2objc-annotations/1.1/j2objc-annotations-1.1.jar' 
2022-04-18 11:00:51.736 DEBUG [acme.Launcher@main] Found classpath entry '/C:/Users/Manuel/.m2/repository/org/codehaus/mojo/animal-sniffer-annotations/1.14/animal-sniffer-annotations-1.14.jar' 
2022-04-18 11:00:51.736 DEBUG [acme.Launcher@main] Found classpath entry '/C:/Users/Manuel/.m2/repository/com/squareup/okhttp3/okhttp/3.14.9/okhttp-3.14.9.jar' 
2022-04-18 11:00:51.736 DEBUG [acme.Launcher@main] Found classpath entry '/C:/Users/Manuel/.m2/repository/com/squareup/okio/okio/1.14.0/okio-1.14.0.jar' 
2022-04-18 11:00:51.736 DEBUG [acme.Launcher@main] Found classpath entry '/C:/Users/Manuel/.m2/repository/org/apache/commons/commons-lang3/3.11/commons-lang3-3.11.jar' 
2022-04-18 11:00:51.736 DEBUG [acme.Launcher@main] Found classpath entry '/C:/Users/Manuel/.m2/repository/org/apache/commons/commons-text/1.8/commons-text-1.8.jar' 
2022-04-18 11:00:51.737 DEBUG [acme.Launcher@main] Found classpath entry '/C:/Users/Manuel/.m2/repository/commons-io/commons-io/2.6/commons-io-2.6.jar' 
2022-04-18 11:00:51.737 DEBUG [acme.Launcher@main] Found classpath entry '/C:/Users/Manuel/.m2/repository/commons-cli/commons-cli/1.4/commons-cli-1.4.jar' 
2022-04-18 11:00:51.737 DEBUG [acme.Launcher@main] Found classpath entry '/C:/Users/Manuel/.m2/repository/org/projectlombok/lombok/1.18.16/lombok-1.18.16.jar' 
2022-04-18 11:00:51.737 DEBUG [acme.Launcher@main] Found classpath entry '/C:/Users/Manuel/.m2/repository/com/opencsv/opencsv/5.4/opencsv-5.4.jar' 
2022-04-18 11:00:51.737 DEBUG [acme.Launcher@main] Found classpath entry '/C:/Users/Manuel/.m2/repository/commons-beanutils/commons-beanutils/1.9.4/commons-beanutils-1.9.4.jar' 
2022-04-18 11:00:51.737 DEBUG [acme.Launcher@main] Found classpath entry '/C:/Users/Manuel/.m2/repository/commons-logging/commons-logging/1.2/commons-logging-1.2.jar' 
2022-04-18 11:00:51.738 DEBUG [acme.Launcher@main] Found classpath entry '/C:/Users/Manuel/.m2/repository/commons-collections/commons-collections/3.2.2/commons-collections-3.2.2.jar' 
2022-04-18 11:00:51.738 DEBUG [acme.Launcher@main] Found classpath entry '/C:/Users/Manuel/.m2/repository/org/apache/commons/commons-collections4/4.4/commons-collections4-4.4.jar' 
2022-04-18 11:00:51.830 DEBUG [acme.Launcher@main] Found entity class 'acme.entities.Announcement 
2022-04-18 11:00:51.830 DEBUG [acme.Launcher@main] Found entity class 'acme.entities.Chirp 
2022-04-18 11:00:51.830 DEBUG [acme.Launcher@main] Found entity class 'acme.entities.Component 
2022-04-18 11:00:51.830 DEBUG [acme.Launcher@main] Found entity class 'acme.entities.SystemConfiguration 
2022-04-18 11:00:51.830 DEBUG [acme.Launcher@main] Found entity class 'acme.entities.item.Item 
2022-04-18 11:00:51.830 DEBUG [acme.Launcher@main] Found entity class 'acme.entities.patronage.Patronage 
2022-04-18 11:00:51.830 DEBUG [acme.Launcher@main] Found entity class 'acme.entities.toolkit.Toolkit 
2022-04-18 11:00:51.830 DEBUG [acme.Launcher@main] Found entity class 'acme.roles.Consumer 
2022-04-18 11:00:51.831 DEBUG [acme.Launcher@main] Found entity class 'acme.roles.Inventor 
2022-04-18 11:00:51.831 DEBUG [acme.Launcher@main] Found entity class 'acme.roles.Patron 
2022-04-18 11:00:51.831 DEBUG [acme.Launcher@main] Found entity class 'acme.roles.Provider 
2022-04-18 11:00:51.831 DEBUG [acme.Launcher@main] Found entity class 'acme.framework.entities.UserAccount 
2022-04-18 11:00:51.831 DEBUG [acme.Launcher@main] Found entity class 'acme.framework.roles.Administrator 
2022-04-18 11:00:51.831 DEBUG [acme.Launcher@main] Found entity class 'acme.framework.roles.Anonymous 
2022-04-18 11:00:51.831 DEBUG [acme.Launcher@main] Found entity class 'acme.framework.roles.Any 
2022-04-18 11:00:51.831 DEBUG [acme.Launcher@main] Found entity class 'acme.framework.roles.Authenticated 
2022-04-18 11:00:51.836 INFO  [acme.Launcher@main] Running application (Standalone) 
2022-04-18 11:01:07.681 DEBUG [acme.framework.components.tiles.DynamicTilesView@http-nio-8080-exec-3] View name 'fragments/welcome', model {} 
2022-04-18 11:01:07.704 DEBUG [org.apache.tiles.definition.dao.BaseLocaleUrlDefinitionDAO@http-nio-8080-exec-3] File Resource file:/C:/colegio/universidad/3/DP2/Workspace-22.0/Projects/Acme-One-E8.02/target/classes/WEB-INF/views/master/tiles_en.xml at file:/C:/colegio/universidad/3/DP2/Workspace-22.0/Projects/Acme-One-E8.02/target/classes/WEB-INF/views/master/tiles_en.xml not found, continue 
2022-04-18 11:01:07.714 DEBUG [org.apache.jasper.servlet.JspServlet@http-nio-8080-exec-3] JspEngine --> /WEB-INF/views/master/page.jsp 
2022-04-18 11:01:07.715 DEBUG [org.apache.jasper.servlet.JspServlet@http-nio-8080-exec-3] ServletPath: /WEB-INF/views/master/page.jsp 
2022-04-18 11:01:07.716 DEBUG [org.apache.jasper.servlet.JspServlet@http-nio-8080-exec-3] PathInfo: null 
2022-04-18 11:01:07.718 DEBUG [org.apache.jasper.servlet.JspServlet@http-nio-8080-exec-3] RealPath: C:\colegio\universidad\3\DP2\Workspace-22.0\Projects\Acme-One-E8.02\target\classes\WEB-INF\views\master\page.jsp 
2022-04-18 11:01:07.719 DEBUG [org.apache.jasper.servlet.JspServlet@http-nio-8080-exec-3] RequestURI: /hello-world-22.0/WEB-INF/views/master/page.jsp 
2022-04-18 11:01:07.720 DEBUG [org.apache.jasper.servlet.JspServlet@http-nio-8080-exec-3] QueryString: null 
2022-04-18 11:01:12.747 DEBUG [acme.framework.configuration.ExtendedMessageSource@http-nio-8080-exec-3] Loading properties [C:\colegio\universidad\3\DP2\Workspace-22.0\Projects\Acme-One-E8.02\target\classes\WEB-INF\views\administrator\user-account\messages-en.i18n] with encoding 'utf-8' 
2022-04-18 11:01:12.749 DEBUG [acme.framework.configuration.ExtendedMessageSource@http-nio-8080-exec-3] Loading properties [C:\colegio\universidad\3\DP2\Workspace-22.0\Projects\Acme-One-E8.02\target\classes\WEB-INF\views\anonymous\user-account\messages-en.i18n] with encoding 'utf-8' 
2022-04-18 11:01:12.750 DEBUG [acme.framework.configuration.ExtendedMessageSource@http-nio-8080-exec-3] Loading properties [C:\colegio\universidad\3\DP2\Workspace-22.0\Projects\Acme-One-E8.02\target\classes\WEB-INF\views\authenticated\consumer\messsages-en.i18n] with encoding 'utf-8' 
2022-04-18 11:01:12.751 DEBUG [acme.framework.configuration.ExtendedMessageSource@http-nio-8080-exec-3] Loading properties [C:\colegio\universidad\3\DP2\Workspace-22.0\Projects\Acme-One-E8.02\target\classes\WEB-INF\views\authenticated\provider\messsages-en.i18n] with encoding 'utf-8' 
2022-04-18 11:01:12.751 DEBUG [acme.framework.configuration.ExtendedMessageSource@http-nio-8080-exec-3] Loading properties [C:\colegio\universidad\3\DP2\Workspace-22.0\Projects\Acme-One-E8.02\target\classes\WEB-INF\views\authenticated\user-account\messages-en.i18n] with encoding 'utf-8' 
2022-04-18 11:01:12.752 DEBUG [acme.framework.configuration.ExtendedMessageSource@http-nio-8080-exec-3] Loading properties [C:\colegio\universidad\3\DP2\Workspace-22.0\Projects\Acme-One-E8.02\target\classes\WEB-INF\views\fragments\banner-en.i18n] with encoding 'utf-8' 
2022-04-18 11:01:12.752 DEBUG [acme.framework.configuration.ExtendedMessageSource@http-nio-8080-exec-3] Loading properties [C:\colegio\universidad\3\DP2\Workspace-22.0\Projects\Acme-One-E8.02\target\classes\WEB-INF\views\fragments\company-en.i18n] with encoding 'utf-8' 
2022-04-18 11:01:12.753 DEBUG [acme.framework.configuration.ExtendedMessageSource@http-nio-8080-exec-3] Loading properties [C:\colegio\universidad\3\DP2\Workspace-22.0\Projects\Acme-One-E8.02\target\classes\WEB-INF\views\fragments\footer-en.i18n] with encoding 'utf-8' 
2022-04-18 11:01:12.753 DEBUG [acme.framework.configuration.ExtendedMessageSource@http-nio-8080-exec-3] Loading properties [C:\colegio\universidad\3\DP2\Workspace-22.0\Projects\Acme-One-E8.02\target\classes\WEB-INF\views\fragments\license-en.i18n] with encoding 'utf-8' 
2022-04-18 11:01:12.754 DEBUG [acme.framework.configuration.ExtendedMessageSource@http-nio-8080-exec-3] Loading properties [C:\colegio\universidad\3\DP2\Workspace-22.0\Projects\Acme-One-E8.02\target\classes\WEB-INF\views\fragments\menu-en.i18n] with encoding 'utf-8' 
2022-04-18 11:01:12.755 DEBUG [acme.framework.configuration.ExtendedMessageSource@http-nio-8080-exec-3] Loading properties [C:\colegio\universidad\3\DP2\Workspace-22.0\Projects\Acme-One-E8.02\target\classes\WEB-INF\views\fragments\messsages-en.i18n] with encoding 'utf-8' 
2022-04-18 11:01:12.756 DEBUG [acme.framework.configuration.ExtendedMessageSource@http-nio-8080-exec-3] Loading properties [C:\colegio\universidad\3\DP2\Workspace-22.0\Projects\Acme-One-E8.02\target\classes\WEB-INF\views\fragments\title-en.i18n] with encoding 'utf-8' 
2022-04-18 11:01:12.757 DEBUG [acme.framework.configuration.ExtendedMessageSource@http-nio-8080-exec-3] Loading properties [C:\colegio\universidad\3\DP2\Workspace-22.0\Projects\Acme-One-E8.02\target\classes\WEB-INF\views\fragments\welcome-en.i18n] with encoding 'utf-8' 
2022-04-18 11:01:12.758 DEBUG [acme.framework.configuration.ExtendedMessageSource@http-nio-8080-exec-3] Loading properties [C:\colegio\universidad\3\DP2\Workspace-22.0\Projects\Acme-One-E8.02\target\classes\WEB-INF\views\inventor\announcement\messsages-en.i18n] with encoding 'utf-8' 
2022-04-18 11:01:12.759 DEBUG [acme.framework.configuration.ExtendedMessageSource@http-nio-8080-exec-3] Loading properties [C:\colegio\universidad\3\DP2\Workspace-22.0\Projects\Acme-One-E8.02\target\classes\WEB-INF\views\inventor\chirp\messsages-en.i18n] with encoding 'utf-8' 
2022-04-18 11:01:12.759 DEBUG [acme.framework.configuration.ExtendedMessageSource@http-nio-8080-exec-3] Loading properties [C:\colegio\universidad\3\DP2\Workspace-22.0\Projects\Acme-One-E8.02\target\classes\WEB-INF\views\inventor\component\messsages-en.i18n] with encoding 'utf-8' 
2022-04-18 11:01:12.760 DEBUG [acme.framework.configuration.ExtendedMessageSource@http-nio-8080-exec-3] Loading properties [C:\colegio\universidad\3\DP2\Workspace-22.0\Projects\Acme-One-E8.02\target\classes\WEB-INF\views\master\defaults-en.i18n] with encoding 'utf-8' 
2022-04-18 11:01:12.761 DEBUG [acme.framework.configuration.ExtendedMessageSource@http-nio-8080-exec-3] Loading properties [C:\colegio\universidad\3\DP2\Workspace-22.0\Projects\Acme-One-E8.02\target\classes\WEB-INF\views\master\master-en.i18n] with encoding 'utf-8' 
2022-04-18 11:01:12.762 DEBUG [acme.framework.configuration.ExtendedMessageSource@http-nio-8080-exec-3] Loading properties [C:\colegio\universidad\3\DP2\Workspace-22.0\Projects\Acme-One-E8.02\target\classes\WEB-INF\views\master\throwables-en.i18n] with encoding 'utf-8' 
2022-04-18 11:01:12.763 DEBUG [acme.framework.configuration.ExtendedMessageSource@http-nio-8080-exec-3] Loading properties [C:\colegio\universidad\3\DP2\Workspace-22.0\Projects\Acme-One-E8.02\target\classes\WEB-INF\views\master\validation-en.i18n] with encoding 'utf-8' 
2022-04-18 11:01:12.763 DEBUG [acme.framework.configuration.ExtendedMessageSource@http-nio-8080-exec-3] Loading properties [C:\colegio\universidad\3\DP2\Workspace-22.0\Projects\Acme-One-E8.02\target\classes\WEB-INF\views\patron\announcement\messsages-en.i18n] with encoding 'utf-8' 
2022-04-18 11:01:12.764 DEBUG [acme.framework.configuration.ExtendedMessageSource@http-nio-8080-exec-3] Loading properties [C:\colegio\universidad\3\DP2\Workspace-22.0\Projects\Acme-One-E8.02\target\classes\WEB-INF\views\patron\chirp\messsages-en.i18n] with encoding 'utf-8' 
2022-04-18 11:01:12.765 DEBUG [acme.framework.configuration.ExtendedMessageSource@http-nio-8080-exec-3] Loading properties [C:\colegio\universidad\3\DP2\Workspace-22.0\Projects\Acme-One-E8.02\target\classes\WEB-INF\views\patron\component\messsages-en.i18n] with encoding 'utf-8' 
2022-04-18 11:01:12.766 DEBUG [acme.framework.configuration.ExtendedMessageSource@http-nio-8080-exec-3] Loading properties [C:\colegio\universidad\3\DP2\Workspace-22.0\Projects\Acme-One-E8.02\target\classes\WEB-INF\views\patron\patronDashboard\messages-en.i18n] with encoding 'utf-8' 
2022-04-18 11:01:12.904 DEBUG [org.apache.jasper.servlet.JspServlet@http-nio-8080-exec-3] JspEngine --> /WEB-INF/views/fragments/welcome.jsp 
2022-04-18 11:01:12.904 DEBUG [org.apache.jasper.servlet.JspServlet@http-nio-8080-exec-3] ServletPath: /WEB-INF/views/master/page.jsp 
2022-04-18 11:01:12.905 DEBUG [org.apache.jasper.servlet.JspServlet@http-nio-8080-exec-3] PathInfo: null 
2022-04-18 11:01:13.040 DEBUG [org.apache.jasper.servlet.JspServlet@http-nio-8080-exec-3] RealPath: C:\colegio\universidad\3\DP2\Workspace-22.0\Projects\Acme-One-E8.02\target\classes\WEB-INF\views\fragments\welcome.jsp 
2022-04-18 11:01:13.041 DEBUG [org.apache.jasper.servlet.JspServlet@http-nio-8080-exec-3] RequestURI: /hello-world-22.0/WEB-INF/views/master/page.jsp 
2022-04-18 11:01:13.043 DEBUG [org.apache.jasper.servlet.JspServlet@http-nio-8080-exec-3] QueryString: null 
2022-04-18 11:01:16.600 DEBUG [org.hibernate.SQL@http-nio-8080-exec-3] select useraccoun0_.id as id1_0_, useraccoun0_.version as version2_0_, useraccoun0_.enabled as enabled1_16_, useraccoun0_.identity as identity2_16_, useraccoun0_.password as password3_16_, useraccoun0_.username as username4_16_ from user_account useraccoun0_ where useraccoun0_.username=? 
2022-04-18 11:01:16.628 TRACE [org.hibernate.type.descriptor.sql.BasicBinder@http-nio-8080-exec-3] binding parameter [1] as [VARCHAR] - [anonymous] 
2022-04-18 11:01:16.689 DEBUG [org.hibernate.SQL@http-nio-8080-exec-3] select roles0_.user_account_id as user_acc1_17_0_, roles0_.id as id1_17_0_, roles0_.id as id1_0_1_, roles0_.version as version2_0_1_, roles0_.user_account_id as user_acc1_17_1_, roles0_.company as company1_8_1_, roles0_.sector as sector2_8_1_, roles0_.company as company1_9_1_, roles0_.link as link2_9_1_, roles0_.statement as statemen3_9_1_, roles0_.company as company1_11_1_, roles0_.link as link2_11_1_, roles0_.statement as statemen3_11_1_, roles0_.company as company1_13_1_, roles0_.sector as sector2_13_1_, roles0_.clazz_ as clazz_1_ from ( select id, version, user_account_id, company, sector, null as link, null as statement, 9 as clazz_ from consumer union all select id, version, user_account_id, company, null as sector, link, statement, 10 as clazz_ from inventor union all select id, version, user_account_id, company, null as sector, link, statement, 11 as clazz_ from patron union all select id, version, user_account_id, company, sector, null as link, null as statement, 12 as clazz_ from provider union all select id, version, user_account_id, null as company, null as sector, null as link, null as statement, 14 as clazz_ from administrator union all select id, version, user_account_id, null as company, null as sector, null as link, null as statement, 15 as clazz_ from anonymous union all select id, version, user_account_id, null as company, null as sector, null as link, null as statement, 16 as clazz_ from any union all select id, version, user_account_id, null as company, null as sector, null as link, null as statement, 17 as clazz_ from authenticated ) roles0_ where roles0_.user_account_id=? 
2022-04-18 11:01:16.689 TRACE [org.hibernate.type.descriptor.sql.BasicBinder@http-nio-8080-exec-3] binding parameter [1] as [INTEGER] - [4] 
2022-04-18 11:01:19.583 DEBUG [acme.framework.components.tiles.DynamicTilesView@http-nio-8080-exec-6] View name 'master/sign-in', model {username=, password=, remember=false} 
2022-04-18 11:01:19.584 DEBUG [org.apache.jasper.servlet.JspServlet@http-nio-8080-exec-6] JspEngine --> /WEB-INF/views/master/page.jsp 
2022-04-18 11:01:19.584 DEBUG [org.apache.jasper.servlet.JspServlet@http-nio-8080-exec-6] ServletPath: /WEB-INF/views/master/page.jsp 
2022-04-18 11:01:19.584 DEBUG [org.apache.jasper.servlet.JspServlet@http-nio-8080-exec-6] PathInfo: null 
2022-04-18 11:01:19.586 DEBUG [org.apache.jasper.servlet.JspServlet@http-nio-8080-exec-6] RealPath: C:\colegio\universidad\3\DP2\Workspace-22.0\Projects\Acme-One-E8.02\target\classes\WEB-INF\views\master\page.jsp 
2022-04-18 11:01:19.587 DEBUG [org.apache.jasper.servlet.JspServlet@http-nio-8080-exec-6] RequestURI: /hello-world-22.0/WEB-INF/views/master/page.jsp 
2022-04-18 11:01:19.587 DEBUG [org.apache.jasper.servlet.JspServlet@http-nio-8080-exec-6] QueryString: null 
2022-04-18 11:01:19.683 DEBUG [org.apache.jasper.servlet.JspServlet@http-nio-8080-exec-6] JspEngine --> /WEB-INF/views/master/sign-in.jsp 
2022-04-18 11:01:19.684 DEBUG [org.apache.jasper.servlet.JspServlet@http-nio-8080-exec-6] ServletPath: /WEB-INF/views/master/page.jsp 
2022-04-18 11:01:19.684 DEBUG [org.apache.jasper.servlet.JspServlet@http-nio-8080-exec-6] PathInfo: null 
2022-04-18 11:01:19.685 DEBUG [org.apache.jasper.servlet.JspServlet@http-nio-8080-exec-6] RealPath: C:\colegio\universidad\3\DP2\Workspace-22.0\Projects\Acme-One-E8.02\target\classes\WEB-INF\views\master\sign-in.jsp 
2022-04-18 11:01:19.685 DEBUG [org.apache.jasper.servlet.JspServlet@http-nio-8080-exec-6] RequestURI: /hello-world-22.0/WEB-INF/views/master/page.jsp 
2022-04-18 11:01:19.686 DEBUG [org.apache.jasper.servlet.JspServlet@http-nio-8080-exec-6] QueryString: null 
2022-04-18 11:01:22.217 DEBUG [org.hibernate.SQL@http-nio-8080-exec-6] select useraccoun0_.id as id1_0_, useraccoun0_.version as version2_0_, useraccoun0_.enabled as enabled1_16_, useraccoun0_.identity as identity2_16_, useraccoun0_.password as password3_16_, useraccoun0_.username as username4_16_ from user_account useraccoun0_ where useraccoun0_.username=? 
2022-04-18 11:01:22.218 TRACE [org.hibernate.type.descriptor.sql.BasicBinder@http-nio-8080-exec-6] binding parameter [1] as [VARCHAR] - [anonymous] 
2022-04-18 11:01:22.221 DEBUG [org.hibernate.SQL@http-nio-8080-exec-6] select roles0_.user_account_id as user_acc1_17_0_, roles0_.id as id1_17_0_, roles0_.id as id1_0_1_, roles0_.version as version2_0_1_, roles0_.user_account_id as user_acc1_17_1_, roles0_.company as company1_8_1_, roles0_.sector as sector2_8_1_, roles0_.company as company1_9_1_, roles0_.link as link2_9_1_, roles0_.statement as statemen3_9_1_, roles0_.company as company1_11_1_, roles0_.link as link2_11_1_, roles0_.statement as statemen3_11_1_, roles0_.company as company1_13_1_, roles0_.sector as sector2_13_1_, roles0_.clazz_ as clazz_1_ from ( select id, version, user_account_id, company, sector, null as link, null as statement, 9 as clazz_ from consumer union all select id, version, user_account_id, company, null as sector, link, statement, 10 as clazz_ from inventor union all select id, version, user_account_id, company, null as sector, link, statement, 11 as clazz_ from patron union all select id, version, user_account_id, company, sector, null as link, null as statement, 12 as clazz_ from provider union all select id, version, user_account_id, null as company, null as sector, null as link, null as statement, 14 as clazz_ from administrator union all select id, version, user_account_id, null as company, null as sector, null as link, null as statement, 15 as clazz_ from anonymous union all select id, version, user_account_id, null as company, null as sector, null as link, null as statement, 16 as clazz_ from any union all select id, version, user_account_id, null as company, null as sector, null as link, null as statement, 17 as clazz_ from authenticated ) roles0_ where roles0_.user_account_id=? 
2022-04-18 11:01:22.222 TRACE [org.hibernate.type.descriptor.sql.BasicBinder@http-nio-8080-exec-6] binding parameter [1] as [INTEGER] - [4] 
2022-04-18 11:01:31.596 DEBUG [org.hibernate.SQL@http-nio-8080-exec-7] select useraccoun0_.id as id1_0_, useraccoun0_.version as version2_0_, useraccoun0_.enabled as enabled1_16_, useraccoun0_.identity as identity2_16_, useraccoun0_.password as password3_16_, useraccoun0_.username as username4_16_ from user_account useraccoun0_ where useraccoun0_.username=? 
2022-04-18 11:01:31.597 TRACE [org.hibernate.type.descriptor.sql.BasicBinder@http-nio-8080-exec-7] binding parameter [1] as [VARCHAR] - [patron1] 
2022-04-18 11:01:31.601 DEBUG [org.hibernate.SQL@http-nio-8080-exec-7] select roles0_.user_account_id as user_acc1_17_0_, roles0_.id as id1_17_0_, roles0_.id as id1_0_1_, roles0_.version as version2_0_1_, roles0_.user_account_id as user_acc1_17_1_, roles0_.company as company1_8_1_, roles0_.sector as sector2_8_1_, roles0_.company as company1_9_1_, roles0_.link as link2_9_1_, roles0_.statement as statemen3_9_1_, roles0_.company as company1_11_1_, roles0_.link as link2_11_1_, roles0_.statement as statemen3_11_1_, roles0_.company as company1_13_1_, roles0_.sector as sector2_13_1_, roles0_.clazz_ as clazz_1_ from ( select id, version, user_account_id, company, sector, null as link, null as statement, 9 as clazz_ from consumer union all select id, version, user_account_id, company, null as sector, link, statement, 10 as clazz_ from inventor union all select id, version, user_account_id, company, null as sector, link, statement, 11 as clazz_ from patron union all select id, version, user_account_id, company, sector, null as link, null as statement, 12 as clazz_ from provider union all select id, version, user_account_id, null as company, null as sector, null as link, null as statement, 14 as clazz_ from administrator union all select id, version, user_account_id, null as company, null as sector, null as link, null as statement, 15 as clazz_ from anonymous union all select id, version, user_account_id, null as company, null as sector, null as link, null as statement, 16 as clazz_ from any union all select id, version, user_account_id, null as company, null as sector, null as link, null as statement, 17 as clazz_ from authenticated ) roles0_ where roles0_.user_account_id=? 
2022-04-18 11:01:31.602 TRACE [org.hibernate.type.descriptor.sql.BasicBinder@http-nio-8080-exec-7] binding parameter [1] as [INTEGER] - [6] 
2022-04-18 11:01:31.624 DEBUG [acme.framework.components.tiles.DynamicTilesView@http-nio-8080-exec-1] View name 'fragments/welcome', model {} 
2022-04-18 11:01:31.625 DEBUG [org.apache.jasper.servlet.JspServlet@http-nio-8080-exec-1] JspEngine --> /WEB-INF/views/master/page.jsp 
2022-04-18 11:01:31.626 DEBUG [org.apache.jasper.servlet.JspServlet@http-nio-8080-exec-1] ServletPath: /WEB-INF/views/master/page.jsp 
2022-04-18 11:01:31.626 DEBUG [org.apache.jasper.servlet.JspServlet@http-nio-8080-exec-1] PathInfo: null 
2022-04-18 11:01:31.630 DEBUG [org.apache.jasper.servlet.JspServlet@http-nio-8080-exec-1] RealPath: C:\colegio\universidad\3\DP2\Workspace-22.0\Projects\Acme-One-E8.02\target\classes\WEB-INF\views\master\page.jsp 
2022-04-18 11:01:31.631 DEBUG [org.apache.jasper.servlet.JspServlet@http-nio-8080-exec-1] RequestURI: /hello-world-22.0/WEB-INF/views/master/page.jsp 
2022-04-18 11:01:31.631 DEBUG [org.apache.jasper.servlet.JspServlet@http-nio-8080-exec-1] QueryString: null 
2022-04-18 11:01:31.725 DEBUG [org.apache.jasper.servlet.JspServlet@http-nio-8080-exec-1] JspEngine --> /WEB-INF/views/fragments/welcome.jsp 
2022-04-18 11:01:31.726 DEBUG [org.apache.jasper.servlet.JspServlet@http-nio-8080-exec-1] ServletPath: /WEB-INF/views/master/page.jsp 
2022-04-18 11:01:31.726 DEBUG [org.apache.jasper.servlet.JspServlet@http-nio-8080-exec-1] PathInfo: null 
2022-04-18 11:01:31.728 DEBUG [org.apache.jasper.servlet.JspServlet@http-nio-8080-exec-1] RealPath: C:\colegio\universidad\3\DP2\Workspace-22.0\Projects\Acme-One-E8.02\target\classes\WEB-INF\views\fragments\welcome.jsp 
2022-04-18 11:01:31.728 DEBUG [org.apache.jasper.servlet.JspServlet@http-nio-8080-exec-1] RequestURI: /hello-world-22.0/WEB-INF/views/master/page.jsp 
2022-04-18 11:01:31.728 DEBUG [org.apache.jasper.servlet.JspServlet@http-nio-8080-exec-1] QueryString: null 
2022-04-18 11:01:37.661 DEBUG [acme.framework.controllers.AbstractController@http-nio-8080-exec-4] DISPATCHING GET /hello-world-22.0/patron/announcement/list 
2022-04-18 11:01:37.662 DEBUG [acme.framework.controllers.AbstractController@http-nio-8080-exec-4] Command: list 
2022-04-18 11:01:37.662 DEBUG [acme.framework.controllers.AbstractController@http-nio-8080-exec-4] Model:   {} 
2022-04-18 11:01:37.662 DEBUG [acme.framework.controllers.AbstractController@http-nio-8080-exec-4] Locale:  en 
2022-04-18 11:01:37.683 DEBUG [org.hibernate.SQL@http-nio-8080-exec-4] select announceme0_.id as id1_0_, announceme0_.version as version2_0_, announceme0_.body as body1_2_, announceme0_.creation_moment as creation2_2_, announceme0_.critical as critical3_2_, announceme0_.link as link4_2_, announceme0_.title as title5_2_ from announcement announceme0_ where announceme0_.creation_moment>? 
2022-04-18 11:01:37.684 TRACE [org.hibernate.type.descriptor.sql.BasicBinder@http-nio-8080-exec-4] binding parameter [1] as [TIMESTAMP] - [Fri Mar 18 11:01:37 CET 2022] 
2022-04-18 11:01:37.722 DEBUG [acme.framework.controllers.AbstractController@http-nio-8080-exec-4] SERVING GET /hello-world-22.0/patron/announcement/list 
2022-04-18 11:01:37.723 DEBUG [acme.framework.controllers.AbstractController@http-nio-8080-exec-4] Result: ModelAndView [view="patron/announcement/list"; model={body[0]=Happy new years!, link[1]=https://www.acme.com, link[0]=https://www.acme.com, body[1]=This is an announcement!, title[1]=Announcement 1, version[1]=0, list$size=2, critical[1]=false, critical[0]=false, version[0]=0, creationMoment[1]=2022-04-01 16:04:00.0, creationMoment[0]=2022-04-01 16:04:00.0, title[0]=Announcement 3, id[1]=38, id[0]=36, command=list, principal=acme.framework.entities.Principal@76702dd2}] 
2022-04-18 11:01:37.726 DEBUG [acme.framework.components.tiles.DynamicTilesView@http-nio-8080-exec-4] View name 'patron/announcement/list', model {body[0]=Happy new years!, link[1]=https://www.acme.com, link[0]=https://www.acme.com, body[1]=This is an announcement!, title[1]=Announcement 1, version[1]=0, list$size=2, critical[1]=false, critical[0]=false, version[0]=0, creationMoment[1]=2022-04-01 16:04:00.0, creationMoment[0]=2022-04-01 16:04:00.0, title[0]=Announcement 3, id[1]=38, id[0]=36, command=list, principal=acme.framework.entities.Principal@76702dd2, org.springframework.validation.BindingResult.principal=org.springframework.validation.BeanPropertyBindingResult: 0 errors} 
2022-04-18 11:01:37.728 DEBUG [org.apache.jasper.servlet.JspServlet@http-nio-8080-exec-4] JspEngine --> /WEB-INF/views/master/page.jsp 
2022-04-18 11:01:37.728 DEBUG [org.apache.jasper.servlet.JspServlet@http-nio-8080-exec-4] ServletPath: /WEB-INF/views/master/page.jsp 
2022-04-18 11:01:37.728 DEBUG [org.apache.jasper.servlet.JspServlet@http-nio-8080-exec-4] PathInfo: null 
2022-04-18 11:01:37.729 DEBUG [org.apache.jasper.servlet.JspServlet@http-nio-8080-exec-4] RealPath: C:\colegio\universidad\3\DP2\Workspace-22.0\Projects\Acme-One-E8.02\target\classes\WEB-INF\views\master\page.jsp 
2022-04-18 11:01:37.730 DEBUG [org.apache.jasper.servlet.JspServlet@http-nio-8080-exec-4] RequestURI: /hello-world-22.0/WEB-INF/views/master/page.jsp 
2022-04-18 11:01:37.730 DEBUG [org.apache.jasper.servlet.JspServlet@http-nio-8080-exec-4] QueryString: null 
2022-04-18 11:01:37.801 DEBUG [org.apache.jasper.servlet.JspServlet@http-nio-8080-exec-4] JspEngine --> /WEB-INF/views/patron/announcement/list.jsp 
2022-04-18 11:01:37.801 DEBUG [org.apache.jasper.servlet.JspServlet@http-nio-8080-exec-4] ServletPath: /WEB-INF/views/master/page.jsp 
2022-04-18 11:01:37.802 DEBUG [org.apache.jasper.servlet.JspServlet@http-nio-8080-exec-4] PathInfo: null 
2022-04-18 11:01:37.804 DEBUG [org.apache.jasper.servlet.JspServlet@http-nio-8080-exec-4] RealPath: C:\colegio\universidad\3\DP2\Workspace-22.0\Projects\Acme-One-E8.02\target\classes\WEB-INF\views\patron\announcement\list.jsp 
2022-04-18 11:01:37.804 DEBUG [org.apache.jasper.servlet.JspServlet@http-nio-8080-exec-4] RequestURI: /hello-world-22.0/WEB-INF/views/master/page.jsp 
2022-04-18 11:01:37.805 DEBUG [org.apache.jasper.servlet.JspServlet@http-nio-8080-exec-4] QueryString: null 
2022-04-18 11:01:42.091 DEBUG [acme.framework.components.tiles.DynamicTilesView@http-nio-8080-exec-10] View name 'master/panic', model {} 
2022-04-18 11:01:42.092 DEBUG [org.apache.jasper.servlet.JspServlet@http-nio-8080-exec-10] JspEngine --> /WEB-INF/views/master/page.jsp 
2022-04-18 11:01:42.092 DEBUG [org.apache.jasper.servlet.JspServlet@http-nio-8080-exec-10] ServletPath: /WEB-INF/views/master/page.jsp 
2022-04-18 11:01:42.092 DEBUG [org.apache.jasper.servlet.JspServlet@http-nio-8080-exec-10] PathInfo: null 
2022-04-18 11:01:42.093 DEBUG [org.apache.jasper.servlet.JspServlet@http-nio-8080-exec-10] RealPath: C:\colegio\universidad\3\DP2\Workspace-22.0\Projects\Acme-One-E8.02\target\classes\WEB-INF\views\master\page.jsp 
2022-04-18 11:01:42.094 DEBUG [org.apache.jasper.servlet.JspServlet@http-nio-8080-exec-10] RequestURI: /hello-world-22.0/WEB-INF/views/master/page.jsp 
2022-04-18 11:01:42.094 DEBUG [org.apache.jasper.servlet.JspServlet@http-nio-8080-exec-10] QueryString: null 
2022-04-18 11:01:42.190 DEBUG [org.apache.jasper.servlet.JspServlet@http-nio-8080-exec-10] JspEngine --> /WEB-INF/views/master/panic.jsp 
2022-04-18 11:01:42.191 DEBUG [org.apache.jasper.servlet.JspServlet@http-nio-8080-exec-10] ServletPath: /WEB-INF/views/master/page.jsp 
2022-04-18 11:01:42.191 DEBUG [org.apache.jasper.servlet.JspServlet@http-nio-8080-exec-10] PathInfo: null 
2022-04-18 11:01:42.192 DEBUG [org.apache.jasper.servlet.JspServlet@http-nio-8080-exec-10] RealPath: C:\colegio\universidad\3\DP2\Workspace-22.0\Projects\Acme-One-E8.02\target\classes\WEB-INF\views\master\panic.jsp 
2022-04-18 11:01:42.192 DEBUG [org.apache.jasper.servlet.JspServlet@http-nio-8080-exec-10] RequestURI: /hello-world-22.0/WEB-INF/views/master/page.jsp 
2022-04-18 11:01:42.192 DEBUG [org.apache.jasper.servlet.JspServlet@http-nio-8080-exec-10] QueryString: null 
2022-04-18 11:01:42.367 ERROR [org.apache.jsp.WEB_002dINF.views.master.panic_jsp@http-nio-8080-exec-10] HTTP GET /hello-world-22.0/WEB-INF/views/master/page.jsp HTTP/1.1 
2022-04-18 11:01:42.368 ERROR [org.apache.jsp.WEB_002dINF.views.master.panic_jsp@http-nio-8080-exec-10] Status: 404 
