2022-04-19 14:15:10.021 INFO  [acme.Launcher@main] Starting Launcher using Java 1.8.0_241 on LAPTOP-GJN6D4CN with PID 14568 (C:\colegio\universidad\3\DP2\Workspace-22.0\Frameworks\Acme-Framework-22.3\target\classes started by Manuel in C:\colegio\universidad\3\DP2\Workspace-22.0\Projects\Acme-One-E8.02) 
2022-04-19 14:15:10.022 DEBUG [acme.Launcher@main] Running with Spring Boot v2.4.2, Spring v5.3.3 
2022-04-19 14:15:10.023 INFO  [acme.Launcher@main] The following profiles are active: development,default 
2022-04-19 14:15:13.251 DEBUG [org.apache.jasper.servlet.JasperInitializer@main] Initializing Jasper for context [application] 
2022-04-19 14:15:19.515 DEBUG [org.apache.jasper.servlet.JspServlet@main] Scratch dir for the JSP engine is: [C:\Users\Manuel\AppData\Local\Temp\tomcat.8080.2561058404396625160\work\Tomcat\localhost\hello-world-22.0] 
2022-04-19 14:15:19.515 DEBUG [org.apache.jasper.servlet.JspServlet@main] IMPORTANT: Do not modify the generated servlets 
2022-04-19 14:15:19.529 INFO  [acme.Launcher@main] Started Launcher in 10.316 seconds (JVM running for 11.118) 
2022-04-19 14:15:19.533 DEBUG [acme.Launcher@main] Found classpath entry '/C:/colegio/universidad/3/DP2/Workspace-22.0/Projects/Acme-One-E8.02/target/test-classes/' 
2022-04-19 14:15:19.534 DEBUG [acme.Launcher@main] Found classpath entry '/C:/colegio/universidad/3/DP2/Workspace-22.0/Projects/Acme-One-E8.02/target/classes/' 
2022-04-19 14:15:19.534 DEBUG [acme.Launcher@main] Found classpath entry '/C:/colegio/universidad/3/DP2/Workspace-22.0/Frameworks/Acme-Framework-22.3/target/classes/' 
2022-04-19 14:15:19.534 DEBUG [acme.Launcher@main] Found classpath entry '/C:/colegio/universidad/3/DP2/Workspace-22.0/Frameworks/Acme-Framework-22.3/target/test-classes/' 
2022-04-19 14:15:19.534 DEBUG [acme.Launcher@main] Found classpath entry '/C:/Users/Manuel/.m2/repository/org/springframework/boot/spring-boot-starter-tomcat/2.4.2/spring-boot-starter-tomcat-2.4.2.jar' 
2022-04-19 14:15:19.534 DEBUG [acme.Launcher@main] Found classpath entry '/C:/Users/Manuel/.m2/repository/jakarta/annotation/jakarta.annotation-api/1.3.5/jakarta.annotation-api-1.3.5.jar' 
2022-04-19 14:15:19.534 DEBUG [acme.Launcher@main] Found classpath entry '/C:/Users/Manuel/.m2/repository/org/apache/tomcat/embed/tomcat-embed-core/9.0.41/tomcat-embed-core-9.0.41.jar' 
2022-04-19 14:15:19.534 DEBUG [acme.Launcher@main] Found classpath entry '/C:/Users/Manuel/.m2/repository/org/glassfish/jakarta.el/3.0.3/jakarta.el-3.0.3.jar' 
2022-04-19 14:15:19.534 DEBUG [acme.Launcher@main] Found classpath entry '/C:/Users/Manuel/.m2/repository/org/apache/tomcat/embed/tomcat-embed-websocket/9.0.41/tomcat-embed-websocket-9.0.41.jar' 
2022-04-19 14:15:19.534 DEBUG [acme.Launcher@main] Found classpath entry '/C:/Users/Manuel/.m2/repository/org/apache/tomcat/embed/tomcat-embed-jasper/9.0.41/tomcat-embed-jasper-9.0.41.jar' 
2022-04-19 14:15:19.534 DEBUG [acme.Launcher@main] Found classpath entry '/C:/Users/Manuel/.m2/repository/org/apache/tomcat/embed/tomcat-embed-el/9.0.41/tomcat-embed-el-9.0.41.jar' 
2022-04-19 14:15:19.534 DEBUG [acme.Launcher@main] Found classpath entry '/C:/Users/Manuel/.m2/repository/org/eclipse/jdt/ecj/3.18.0/ecj-3.18.0.jar' 
2022-04-19 14:15:19.535 DEBUG [acme.Launcher@main] Found classpath entry '/C:/Users/Manuel/.m2/repository/javax/servlet/jstl/1.2/jstl-1.2.jar' 
2022-04-19 14:15:19.535 DEBUG [acme.Launcher@main] Found classpath entry '/C:/Users/Manuel/.m2/repository/org/springframework/boot/spring-boot-starter-test/2.4.2/spring-boot-starter-test-2.4.2.jar' 
2022-04-19 14:15:19.535 DEBUG [acme.Launcher@main] Found classpath entry '/C:/Users/Manuel/.m2/repository/org/springframework/boot/spring-boot-starter/2.4.2/spring-boot-starter-2.4.2.jar' 
2022-04-19 14:15:19.535 DEBUG [acme.Launcher@main] Found classpath entry '/C:/Users/Manuel/.m2/repository/org/springframework/boot/spring-boot/2.4.2/spring-boot-2.4.2.jar' 
2022-04-19 14:15:19.535 DEBUG [acme.Launcher@main] Found classpath entry '/C:/Users/Manuel/.m2/repository/org/springframework/boot/spring-boot-autoconfigure/2.4.2/spring-boot-autoconfigure-2.4.2.jar' 
2022-04-19 14:15:19.535 DEBUG [acme.Launcher@main] Found classpath entry '/C:/Users/Manuel/.m2/repository/org/springframework/boot/spring-boot-starter-logging/2.4.2/spring-boot-starter-logging-2.4.2.jar' 
2022-04-19 14:15:19.536 DEBUG [acme.Launcher@main] Found classpath entry '/C:/Users/Manuel/.m2/repository/ch/qos/logback/logback-classic/1.2.3/logback-classic-1.2.3.jar' 
2022-04-19 14:15:19.536 DEBUG [acme.Launcher@main] Found classpath entry '/C:/Users/Manuel/.m2/repository/ch/qos/logback/logback-core/1.2.3/logback-core-1.2.3.jar' 
2022-04-19 14:15:19.536 DEBUG [acme.Launcher@main] Found classpath entry '/C:/Users/Manuel/.m2/repository/org/apache/logging/log4j/log4j-to-slf4j/2.13.3/log4j-to-slf4j-2.13.3.jar' 
2022-04-19 14:15:19.536 DEBUG [acme.Launcher@main] Found classpath entry '/C:/Users/Manuel/.m2/repository/org/apache/logging/log4j/log4j-api/2.13.3/log4j-api-2.13.3.jar' 
2022-04-19 14:15:19.536 DEBUG [acme.Launcher@main] Found classpath entry '/C:/Users/Manuel/.m2/repository/org/slf4j/jul-to-slf4j/1.7.30/jul-to-slf4j-1.7.30.jar' 
2022-04-19 14:15:19.536 DEBUG [acme.Launcher@main] Found classpath entry '/C:/Users/Manuel/.m2/repository/org/yaml/snakeyaml/1.27/snakeyaml-1.27.jar' 
2022-04-19 14:15:19.537 DEBUG [acme.Launcher@main] Found classpath entry '/C:/Users/Manuel/.m2/repository/org/springframework/boot/spring-boot-test/2.4.2/spring-boot-test-2.4.2.jar' 
2022-04-19 14:15:19.537 DEBUG [acme.Launcher@main] Found classpath entry '/C:/Users/Manuel/.m2/repository/org/springframework/boot/spring-boot-test-autoconfigure/2.4.2/spring-boot-test-autoconfigure-2.4.2.jar' 
2022-04-19 14:15:19.537 DEBUG [acme.Launcher@main] Found classpath entry '/C:/Users/Manuel/.m2/repository/com/jayway/jsonpath/json-path/2.4.0/json-path-2.4.0.jar' 
2022-04-19 14:15:19.537 DEBUG [acme.Launcher@main] Found classpath entry '/C:/Users/Manuel/.m2/repository/net/minidev/json-smart/2.3/json-smart-2.3.jar' 
2022-04-19 14:15:19.537 DEBUG [acme.Launcher@main] Found classpath entry '/C:/Users/Manuel/.m2/repository/net/minidev/accessors-smart/1.2/accessors-smart-1.2.jar' 
2022-04-19 14:15:19.537 DEBUG [acme.Launcher@main] Found classpath entry '/C:/Users/Manuel/.m2/repository/org/ow2/asm/asm/5.0.4/asm-5.0.4.jar' 
2022-04-19 14:15:19.537 DEBUG [acme.Launcher@main] Found classpath entry '/C:/Users/Manuel/.m2/repository/jakarta/xml/bind/jakarta.xml.bind-api/2.3.3/jakarta.xml.bind-api-2.3.3.jar' 
2022-04-19 14:15:19.537 DEBUG [acme.Launcher@main] Found classpath entry '/C:/Users/Manuel/.m2/repository/jakarta/activation/jakarta.activation-api/1.2.2/jakarta.activation-api-1.2.2.jar' 
2022-04-19 14:15:19.538 DEBUG [acme.Launcher@main] Found classpath entry '/C:/Users/Manuel/.m2/repository/org/assertj/assertj-core/3.18.1/assertj-core-3.18.1.jar' 
2022-04-19 14:15:19.538 DEBUG [acme.Launcher@main] Found classpath entry '/C:/Users/Manuel/.m2/repository/org/hamcrest/hamcrest/2.2/hamcrest-2.2.jar' 
2022-04-19 14:15:19.538 DEBUG [acme.Launcher@main] Found classpath entry '/C:/Users/Manuel/.m2/repository/org/junit/jupiter/junit-jupiter/5.7.0/junit-jupiter-5.7.0.jar' 
2022-04-19 14:15:19.538 DEBUG [acme.Launcher@main] Found classpath entry '/C:/Users/Manuel/.m2/repository/org/mockito/mockito-core/3.6.28/mockito-core-3.6.28.jar' 
2022-04-19 14:15:19.538 DEBUG [acme.Launcher@main] Found classpath entry '/C:/Users/Manuel/.m2/repository/net/bytebuddy/byte-buddy-agent/1.10.19/byte-buddy-agent-1.10.19.jar' 
2022-04-19 14:15:19.539 DEBUG [acme.Launcher@main] Found classpath entry '/C:/Users/Manuel/.m2/repository/org/objenesis/objenesis/3.1/objenesis-3.1.jar' 
2022-04-19 14:15:19.539 DEBUG [acme.Launcher@main] Found classpath entry '/C:/Users/Manuel/.m2/repository/org/mockito/mockito-junit-jupiter/3.6.28/mockito-junit-jupiter-3.6.28.jar' 
2022-04-19 14:15:19.540 DEBUG [acme.Launcher@main] Found classpath entry '/C:/Users/Manuel/.m2/repository/org/skyscreamer/jsonassert/1.5.0/jsonassert-1.5.0.jar' 
2022-04-19 14:15:19.540 DEBUG [acme.Launcher@main] Found classpath entry '/C:/Users/Manuel/.m2/repository/com/vaadin/external/google/android-json/0.0.20131108.vaadin1/android-json-0.0.20131108.vaadin1.jar' 
2022-04-19 14:15:19.540 DEBUG [acme.Launcher@main] Found classpath entry '/C:/Users/Manuel/.m2/repository/org/springframework/spring-core/5.3.3/spring-core-5.3.3.jar' 
2022-04-19 14:15:19.541 DEBUG [acme.Launcher@main] Found classpath entry '/C:/Users/Manuel/.m2/repository/org/springframework/spring-jcl/5.3.3/spring-jcl-5.3.3.jar' 
2022-04-19 14:15:19.541 DEBUG [acme.Launcher@main] Found classpath entry '/C:/Users/Manuel/.m2/repository/org/springframework/spring-test/5.3.3/spring-test-5.3.3.jar' 
2022-04-19 14:15:19.541 DEBUG [acme.Launcher@main] Found classpath entry '/C:/Users/Manuel/.m2/repository/org/xmlunit/xmlunit-core/2.7.0/xmlunit-core-2.7.0.jar' 
2022-04-19 14:15:19.541 DEBUG [acme.Launcher@main] Found classpath entry '/C:/Users/Manuel/.m2/repository/org/springframework/boot/spring-boot-starter-security/2.4.2/spring-boot-starter-security-2.4.2.jar' 
2022-04-19 14:15:19.541 DEBUG [acme.Launcher@main] Found classpath entry '/C:/Users/Manuel/.m2/repository/org/springframework/spring-aop/5.3.3/spring-aop-5.3.3.jar' 
2022-04-19 14:15:19.542 DEBUG [acme.Launcher@main] Found classpath entry '/C:/Users/Manuel/.m2/repository/org/springframework/security/spring-security-web/5.4.2/spring-security-web-5.4.2.jar' 
2022-04-19 14:15:19.542 DEBUG [acme.Launcher@main] Found classpath entry '/C:/Users/Manuel/.m2/repository/org/springframework/security/spring-security-core/5.4.2/spring-security-core-5.4.2.jar' 
2022-04-19 14:15:19.542 DEBUG [acme.Launcher@main] Found classpath entry '/C:/Users/Manuel/.m2/repository/org/springframework/spring-beans/5.3.3/spring-beans-5.3.3.jar' 
2022-04-19 14:15:19.542 DEBUG [acme.Launcher@main] Found classpath entry '/C:/Users/Manuel/.m2/repository/org/springframework/spring-context/5.3.3/spring-context-5.3.3.jar' 
2022-04-19 14:15:19.542 DEBUG [acme.Launcher@main] Found classpath entry '/C:/Users/Manuel/.m2/repository/org/springframework/spring-expression/5.3.3/spring-expression-5.3.3.jar' 
2022-04-19 14:15:19.542 DEBUG [acme.Launcher@main] Found classpath entry '/C:/Users/Manuel/.m2/repository/org/springframework/spring-web/5.3.3/spring-web-5.3.3.jar' 
2022-04-19 14:15:19.542 DEBUG [acme.Launcher@main] Found classpath entry '/C:/Users/Manuel/.m2/repository/org/springframework/security/spring-security-config/5.4.2/spring-security-config-5.4.2.jar' 
2022-04-19 14:15:19.542 DEBUG [acme.Launcher@main] Found classpath entry '/C:/Users/Manuel/.m2/repository/org/springframework/security/spring-security-taglibs/5.4.2/spring-security-taglibs-5.4.2.jar' 
2022-04-19 14:15:19.543 DEBUG [acme.Launcher@main] Found classpath entry '/C:/Users/Manuel/.m2/repository/org/springframework/security/spring-security-acl/5.4.2/spring-security-acl-5.4.2.jar' 
2022-04-19 14:15:19.543 DEBUG [acme.Launcher@main] Found classpath entry '/C:/Users/Manuel/.m2/repository/org/springframework/spring-jdbc/5.3.3/spring-jdbc-5.3.3.jar' 
2022-04-19 14:15:19.543 DEBUG [acme.Launcher@main] Found classpath entry '/C:/Users/Manuel/.m2/repository/org/springframework/spring-tx/5.3.3/spring-tx-5.3.3.jar' 
2022-04-19 14:15:19.543 DEBUG [acme.Launcher@main] Found classpath entry '/C:/Users/Manuel/.m2/repository/org/springframework/boot/spring-boot-starter-web/2.4.2/spring-boot-starter-web-2.4.2.jar' 
2022-04-19 14:15:19.543 DEBUG [acme.Launcher@main] Found classpath entry '/C:/Users/Manuel/.m2/repository/org/springframework/boot/spring-boot-starter-json/2.4.2/spring-boot-starter-json-2.4.2.jar' 
2022-04-19 14:15:19.543 DEBUG [acme.Launcher@main] Found classpath entry '/C:/Users/Manuel/.m2/repository/com/fasterxml/jackson/core/jackson-databind/2.11.4/jackson-databind-2.11.4.jar' 
2022-04-19 14:15:19.543 DEBUG [acme.Launcher@main] Found classpath entry '/C:/Users/Manuel/.m2/repository/com/fasterxml/jackson/core/jackson-annotations/2.11.4/jackson-annotations-2.11.4.jar' 
2022-04-19 14:15:19.544 DEBUG [acme.Launcher@main] Found classpath entry '/C:/Users/Manuel/.m2/repository/com/fasterxml/jackson/core/jackson-core/2.11.4/jackson-core-2.11.4.jar' 
2022-04-19 14:15:19.544 DEBUG [acme.Launcher@main] Found classpath entry '/C:/Users/Manuel/.m2/repository/com/fasterxml/jackson/datatype/jackson-datatype-jdk8/2.11.4/jackson-datatype-jdk8-2.11.4.jar' 
2022-04-19 14:15:19.544 DEBUG [acme.Launcher@main] Found classpath entry '/C:/Users/Manuel/.m2/repository/com/fasterxml/jackson/datatype/jackson-datatype-jsr310/2.11.4/jackson-datatype-jsr310-2.11.4.jar' 
2022-04-19 14:15:19.544 DEBUG [acme.Launcher@main] Found classpath entry '/C:/Users/Manuel/.m2/repository/com/fasterxml/jackson/module/jackson-module-parameter-names/2.11.4/jackson-module-parameter-names-2.11.4.jar' 
2022-04-19 14:15:19.544 DEBUG [acme.Launcher@main] Found classpath entry '/C:/Users/Manuel/.m2/repository/org/springframework/spring-webmvc/5.3.3/spring-webmvc-5.3.3.jar' 
2022-04-19 14:15:19.545 DEBUG [acme.Launcher@main] Found classpath entry '/C:/Users/Manuel/.m2/repository/org/apache/tiles/tiles-jsp/3.0.8/tiles-jsp-3.0.8.jar' 
2022-04-19 14:15:19.545 DEBUG [acme.Launcher@main] Found classpath entry '/C:/Users/Manuel/.m2/repository/org/apache/tiles/tiles-servlet/3.0.8/tiles-servlet-3.0.8.jar' 
2022-04-19 14:15:19.545 DEBUG [acme.Launcher@main] Found classpath entry '/C:/Users/Manuel/.m2/repository/org/apache/tiles/tiles-core/3.0.8/tiles-core-3.0.8.jar' 
2022-04-19 14:15:19.545 DEBUG [acme.Launcher@main] Found classpath entry '/C:/Users/Manuel/.m2/repository/commons-digester/commons-digester/2.0/commons-digester-2.0.jar' 
2022-04-19 14:15:19.545 DEBUG [acme.Launcher@main] Found classpath entry '/C:/Users/Manuel/.m2/repository/org/slf4j/jcl-over-slf4j/1.7.30/jcl-over-slf4j-1.7.30.jar' 
2022-04-19 14:15:19.546 DEBUG [acme.Launcher@main] Found classpath entry '/C:/Users/Manuel/.m2/repository/org/apache/tiles/tiles-request-servlet/1.0.7/tiles-request-servlet-1.0.7.jar' 
2022-04-19 14:15:19.546 DEBUG [acme.Launcher@main] Found classpath entry '/C:/Users/Manuel/.m2/repository/org/apache/tiles/tiles-template/3.0.8/tiles-template-3.0.8.jar' 
2022-04-19 14:15:19.546 DEBUG [acme.Launcher@main] Found classpath entry '/C:/Users/Manuel/.m2/repository/org/apache/tiles/tiles-api/3.0.8/tiles-api-3.0.8.jar' 
2022-04-19 14:15:19.546 DEBUG [acme.Launcher@main] Found classpath entry '/C:/Users/Manuel/.m2/repository/org/apache/tiles/tiles-autotag-core-runtime/1.2/tiles-autotag-core-runtime-1.2.jar' 
2022-04-19 14:15:19.547 DEBUG [acme.Launcher@main] Found classpath entry '/C:/Users/Manuel/.m2/repository/org/slf4j/slf4j-api/1.7.30/slf4j-api-1.7.30.jar' 
2022-04-19 14:15:19.547 DEBUG [acme.Launcher@main] Found classpath entry '/C:/Users/Manuel/.m2/repository/org/apache/tiles/tiles-request-jsp/1.0.7/tiles-request-jsp-1.0.7.jar' 
2022-04-19 14:15:19.547 DEBUG [acme.Launcher@main] Found classpath entry '/C:/Users/Manuel/.m2/repository/org/apache/tiles/tiles-request-api/1.0.7/tiles-request-api-1.0.7.jar' 
2022-04-19 14:15:19.548 DEBUG [acme.Launcher@main] Found classpath entry '/C:/Users/Manuel/.m2/repository/org/springframework/boot/spring-boot-starter-data-jpa/2.4.2/spring-boot-starter-data-jpa-2.4.2.jar' 
2022-04-19 14:15:19.548 DEBUG [acme.Launcher@main] Found classpath entry '/C:/Users/Manuel/.m2/repository/org/springframework/boot/spring-boot-starter-aop/2.4.2/spring-boot-starter-aop-2.4.2.jar' 
2022-04-19 14:15:19.548 DEBUG [acme.Launcher@main] Found classpath entry '/C:/Users/Manuel/.m2/repository/org/aspectj/aspectjweaver/1.9.6/aspectjweaver-1.9.6.jar' 
2022-04-19 14:15:19.548 DEBUG [acme.Launcher@main] Found classpath entry '/C:/Users/Manuel/.m2/repository/org/springframework/boot/spring-boot-starter-jdbc/2.4.2/spring-boot-starter-jdbc-2.4.2.jar' 
2022-04-19 14:15:19.548 DEBUG [acme.Launcher@main] Found classpath entry '/C:/Users/Manuel/.m2/repository/jakarta/transaction/jakarta.transaction-api/1.3.3/jakarta.transaction-api-1.3.3.jar' 
2022-04-19 14:15:19.548 DEBUG [acme.Launcher@main] Found classpath entry '/C:/Users/Manuel/.m2/repository/jakarta/persistence/jakarta.persistence-api/2.2.3/jakarta.persistence-api-2.2.3.jar' 
2022-04-19 14:15:19.548 DEBUG [acme.Launcher@main] Found classpath entry '/C:/Users/Manuel/.m2/repository/org/hibernate/hibernate-core/5.4.27.Final/hibernate-core-5.4.27.Final.jar' 
2022-04-19 14:15:19.548 DEBUG [acme.Launcher@main] Found classpath entry '/C:/Users/Manuel/.m2/repository/org/jboss/logging/jboss-logging/3.4.1.Final/jboss-logging-3.4.1.Final.jar' 
2022-04-19 14:15:19.549 DEBUG [acme.Launcher@main] Found classpath entry '/C:/Users/Manuel/.m2/repository/org/javassist/javassist/3.27.0-GA/javassist-3.27.0-GA.jar' 
2022-04-19 14:15:19.549 DEBUG [acme.Launcher@main] Found classpath entry '/C:/Users/Manuel/.m2/repository/antlr/antlr/2.7.7/antlr-2.7.7.jar' 
2022-04-19 14:15:19.549 DEBUG [acme.Launcher@main] Found classpath entry '/C:/Users/Manuel/.m2/repository/org/jboss/jandex/2.1.3.Final/jandex-2.1.3.Final.jar' 
2022-04-19 14:15:19.549 DEBUG [acme.Launcher@main] Found classpath entry '/C:/Users/Manuel/.m2/repository/com/fasterxml/classmate/1.5.1/classmate-1.5.1.jar' 
2022-04-19 14:15:19.549 DEBUG [acme.Launcher@main] Found classpath entry '/C:/Users/Manuel/.m2/repository/org/dom4j/dom4j/2.1.3/dom4j-2.1.3.jar' 
2022-04-19 14:15:19.549 DEBUG [acme.Launcher@main] Found classpath entry '/C:/Users/Manuel/.m2/repository/org/hibernate/common/hibernate-commons-annotations/5.1.2.Final/hibernate-commons-annotations-5.1.2.Final.jar' 
2022-04-19 14:15:19.549 DEBUG [acme.Launcher@main] Found classpath entry '/C:/Users/Manuel/.m2/repository/org/glassfish/jaxb/jaxb-runtime/2.3.3/jaxb-runtime-2.3.3.jar' 
2022-04-19 14:15:19.549 DEBUG [acme.Launcher@main] Found classpath entry '/C:/Users/Manuel/.m2/repository/org/glassfish/jaxb/txw2/2.3.3/txw2-2.3.3.jar' 
2022-04-19 14:15:19.549 DEBUG [acme.Launcher@main] Found classpath entry '/C:/Users/Manuel/.m2/repository/com/sun/istack/istack-commons-runtime/3.0.11/istack-commons-runtime-3.0.11.jar' 
2022-04-19 14:15:19.550 DEBUG [acme.Launcher@main] Found classpath entry '/C:/Users/Manuel/.m2/repository/com/sun/activation/jakarta.activation/1.2.2/jakarta.activation-1.2.2.jar' 
2022-04-19 14:15:19.550 DEBUG [acme.Launcher@main] Found classpath entry '/C:/Users/Manuel/.m2/repository/org/springframework/data/spring-data-jpa/2.4.3/spring-data-jpa-2.4.3.jar' 
2022-04-19 14:15:19.550 DEBUG [acme.Launcher@main] Found classpath entry '/C:/Users/Manuel/.m2/repository/org/springframework/data/spring-data-commons/2.4.3/spring-data-commons-2.4.3.jar' 
2022-04-19 14:15:19.550 DEBUG [acme.Launcher@main] Found classpath entry '/C:/Users/Manuel/.m2/repository/org/springframework/spring-orm/5.3.3/spring-orm-5.3.3.jar' 
2022-04-19 14:15:19.550 DEBUG [acme.Launcher@main] Found classpath entry '/C:/Users/Manuel/.m2/repository/org/springframework/spring-aspects/5.3.3/spring-aspects-5.3.3.jar' 
2022-04-19 14:15:19.550 DEBUG [acme.Launcher@main] Found classpath entry '/C:/Users/Manuel/.m2/repository/org/springframework/boot/spring-boot-starter-validation/2.4.2/spring-boot-starter-validation-2.4.2.jar' 
2022-04-19 14:15:19.550 DEBUG [acme.Launcher@main] Found classpath entry '/C:/Users/Manuel/.m2/repository/org/hibernate/validator/hibernate-validator/6.1.7.Final/hibernate-validator-6.1.7.Final.jar' 
2022-04-19 14:15:19.550 DEBUG [acme.Launcher@main] Found classpath entry '/C:/Users/Manuel/.m2/repository/jakarta/validation/jakarta.validation-api/2.0.2/jakarta.validation-api-2.0.2.jar' 
2022-04-19 14:15:19.550 DEBUG [acme.Launcher@main] Found classpath entry '/C:/Users/Manuel/.m2/repository/mysql/mysql-connector-java/8.0.22/mysql-connector-java-8.0.22.jar' 
2022-04-19 14:15:19.551 DEBUG [acme.Launcher@main] Found classpath entry '/C:/Users/Manuel/.m2/repository/com/zaxxer/HikariCP/3.4.5/HikariCP-3.4.5.jar' 
2022-04-19 14:15:19.551 DEBUG [acme.Launcher@main] Found classpath entry '/C:/Users/Manuel/.m2/repository/org/junit/jupiter/junit-jupiter-engine/5.7.0/junit-jupiter-engine-5.7.0.jar' 
2022-04-19 14:15:19.551 DEBUG [acme.Launcher@main] Found classpath entry '/C:/Users/Manuel/.m2/repository/org/apiguardian/apiguardian-api/1.1.0/apiguardian-api-1.1.0.jar' 
2022-04-19 14:15:19.551 DEBUG [acme.Launcher@main] Found classpath entry '/C:/Users/Manuel/.m2/repository/org/junit/platform/junit-platform-engine/1.7.0/junit-platform-engine-1.7.0.jar' 
2022-04-19 14:15:19.551 DEBUG [acme.Launcher@main] Found classpath entry '/C:/Users/Manuel/.m2/repository/org/junit/jupiter/junit-jupiter-api/5.7.0/junit-jupiter-api-5.7.0.jar' 
2022-04-19 14:15:19.551 DEBUG [acme.Launcher@main] Found classpath entry '/C:/Users/Manuel/.m2/repository/org/opentest4j/opentest4j/1.2.0/opentest4j-1.2.0.jar' 
2022-04-19 14:15:19.551 DEBUG [acme.Launcher@main] Found classpath entry '/C:/Users/Manuel/.m2/repository/org/junit/platform/junit-platform-commons/1.7.0/junit-platform-commons-1.7.0.jar' 
2022-04-19 14:15:19.551 DEBUG [acme.Launcher@main] Found classpath entry '/C:/Users/Manuel/.m2/repository/org/junit/jupiter/junit-jupiter-params/5.7.0/junit-jupiter-params-5.7.0.jar' 
2022-04-19 14:15:19.551 DEBUG [acme.Launcher@main] Found classpath entry '/C:/Users/Manuel/.m2/repository/org/junit/platform/junit-platform-launcher/1.7.0/junit-platform-launcher-1.7.0.jar' 
2022-04-19 14:15:19.551 DEBUG [acme.Launcher@main] Found classpath entry '/C:/Users/Manuel/.m2/repository/org/seleniumhq/selenium/selenium-java/3.141.59/selenium-java-3.141.59.jar' 
2022-04-19 14:15:19.552 DEBUG [acme.Launcher@main] Found classpath entry '/C:/Users/Manuel/.m2/repository/org/seleniumhq/selenium/selenium-api/3.141.59/selenium-api-3.141.59.jar' 
2022-04-19 14:15:19.552 DEBUG [acme.Launcher@main] Found classpath entry '/C:/Users/Manuel/.m2/repository/org/seleniumhq/selenium/selenium-chrome-driver/3.141.59/selenium-chrome-driver-3.141.59.jar' 
2022-04-19 14:15:19.552 DEBUG [acme.Launcher@main] Found classpath entry '/C:/Users/Manuel/.m2/repository/org/seleniumhq/selenium/selenium-edge-driver/3.141.59/selenium-edge-driver-3.141.59.jar' 
2022-04-19 14:15:19.552 DEBUG [acme.Launcher@main] Found classpath entry '/C:/Users/Manuel/.m2/repository/org/seleniumhq/selenium/selenium-firefox-driver/3.141.59/selenium-firefox-driver-3.141.59.jar' 
2022-04-19 14:15:19.552 DEBUG [acme.Launcher@main] Found classpath entry '/C:/Users/Manuel/.m2/repository/org/seleniumhq/selenium/selenium-ie-driver/3.141.59/selenium-ie-driver-3.141.59.jar' 
2022-04-19 14:15:19.552 DEBUG [acme.Launcher@main] Found classpath entry '/C:/Users/Manuel/.m2/repository/org/seleniumhq/selenium/selenium-opera-driver/3.141.59/selenium-opera-driver-3.141.59.jar' 
2022-04-19 14:15:19.552 DEBUG [acme.Launcher@main] Found classpath entry '/C:/Users/Manuel/.m2/repository/org/seleniumhq/selenium/selenium-remote-driver/3.141.59/selenium-remote-driver-3.141.59.jar' 
2022-04-19 14:15:19.552 DEBUG [acme.Launcher@main] Found classpath entry '/C:/Users/Manuel/.m2/repository/org/seleniumhq/selenium/selenium-safari-driver/3.141.59/selenium-safari-driver-3.141.59.jar' 
2022-04-19 14:15:19.552 DEBUG [acme.Launcher@main] Found classpath entry '/C:/Users/Manuel/.m2/repository/org/seleniumhq/selenium/selenium-support/3.141.59/selenium-support-3.141.59.jar' 
2022-04-19 14:15:19.552 DEBUG [acme.Launcher@main] Found classpath entry '/C:/Users/Manuel/.m2/repository/net/bytebuddy/byte-buddy/1.10.19/byte-buddy-1.10.19.jar' 
2022-04-19 14:15:19.553 DEBUG [acme.Launcher@main] Found classpath entry '/C:/Users/Manuel/.m2/repository/org/apache/commons/commons-exec/1.3/commons-exec-1.3.jar' 
2022-04-19 14:15:19.553 DEBUG [acme.Launcher@main] Found classpath entry '/C:/Users/Manuel/.m2/repository/com/google/guava/guava/25.0-jre/guava-25.0-jre.jar' 
2022-04-19 14:15:19.553 DEBUG [acme.Launcher@main] Found classpath entry '/C:/Users/Manuel/.m2/repository/com/google/code/findbugs/jsr305/1.3.9/jsr305-1.3.9.jar' 
2022-04-19 14:15:19.553 DEBUG [acme.Launcher@main] Found classpath entry '/C:/Users/Manuel/.m2/repository/org/checkerframework/checker-compat-qual/2.0.0/checker-compat-qual-2.0.0.jar' 
2022-04-19 14:15:19.553 DEBUG [acme.Launcher@main] Found classpath entry '/C:/Users/Manuel/.m2/repository/com/google/errorprone/error_prone_annotations/2.1.3/error_prone_annotations-2.1.3.jar' 
2022-04-19 14:15:19.553 DEBUG [acme.Launcher@main] Found classpath entry '/C:/Users/Manuel/.m2/repository/com/google/j2objc/j2objc-annotations/1.1/j2objc-annotations-1.1.jar' 
2022-04-19 14:15:19.553 DEBUG [acme.Launcher@main] Found classpath entry '/C:/Users/Manuel/.m2/repository/org/codehaus/mojo/animal-sniffer-annotations/1.14/animal-sniffer-annotations-1.14.jar' 
2022-04-19 14:15:19.553 DEBUG [acme.Launcher@main] Found classpath entry '/C:/Users/Manuel/.m2/repository/com/squareup/okhttp3/okhttp/3.14.9/okhttp-3.14.9.jar' 
2022-04-19 14:15:19.553 DEBUG [acme.Launcher@main] Found classpath entry '/C:/Users/Manuel/.m2/repository/com/squareup/okio/okio/1.14.0/okio-1.14.0.jar' 
2022-04-19 14:15:19.553 DEBUG [acme.Launcher@main] Found classpath entry '/C:/Users/Manuel/.m2/repository/org/apache/commons/commons-lang3/3.11/commons-lang3-3.11.jar' 
2022-04-19 14:15:19.554 DEBUG [acme.Launcher@main] Found classpath entry '/C:/Users/Manuel/.m2/repository/org/apache/commons/commons-text/1.8/commons-text-1.8.jar' 
2022-04-19 14:15:19.554 DEBUG [acme.Launcher@main] Found classpath entry '/C:/Users/Manuel/.m2/repository/commons-io/commons-io/2.6/commons-io-2.6.jar' 
2022-04-19 14:15:19.554 DEBUG [acme.Launcher@main] Found classpath entry '/C:/Users/Manuel/.m2/repository/commons-cli/commons-cli/1.4/commons-cli-1.4.jar' 
2022-04-19 14:15:19.554 DEBUG [acme.Launcher@main] Found classpath entry '/C:/Users/Manuel/.m2/repository/org/projectlombok/lombok/1.18.16/lombok-1.18.16.jar' 
2022-04-19 14:15:19.554 DEBUG [acme.Launcher@main] Found classpath entry '/C:/Users/Manuel/.m2/repository/com/opencsv/opencsv/5.4/opencsv-5.4.jar' 
2022-04-19 14:15:19.554 DEBUG [acme.Launcher@main] Found classpath entry '/C:/Users/Manuel/.m2/repository/commons-beanutils/commons-beanutils/1.9.4/commons-beanutils-1.9.4.jar' 
2022-04-19 14:15:19.555 DEBUG [acme.Launcher@main] Found classpath entry '/C:/Users/Manuel/.m2/repository/commons-logging/commons-logging/1.2/commons-logging-1.2.jar' 
2022-04-19 14:15:19.555 DEBUG [acme.Launcher@main] Found classpath entry '/C:/Users/Manuel/.m2/repository/commons-collections/commons-collections/3.2.2/commons-collections-3.2.2.jar' 
2022-04-19 14:15:19.557 DEBUG [acme.Launcher@main] Found classpath entry '/C:/Users/Manuel/.m2/repository/org/apache/commons/commons-collections4/4.4/commons-collections4-4.4.jar' 
2022-04-19 14:15:19.652 DEBUG [acme.Launcher@main] Found entity class 'acme.entities.Announcement 
2022-04-19 14:15:19.652 DEBUG [acme.Launcher@main] Found entity class 'acme.entities.Chirp 
2022-04-19 14:15:19.653 DEBUG [acme.Launcher@main] Found entity class 'acme.entities.Component 
2022-04-19 14:15:19.653 DEBUG [acme.Launcher@main] Found entity class 'acme.entities.SystemConfiguration 
2022-04-19 14:15:19.653 DEBUG [acme.Launcher@main] Found entity class 'acme.entities.item.Item 
2022-04-19 14:15:19.653 DEBUG [acme.Launcher@main] Found entity class 'acme.entities.patronage.Patronage 
2022-04-19 14:15:19.653 DEBUG [acme.Launcher@main] Found entity class 'acme.entities.toolkit.Toolkit 
2022-04-19 14:15:19.653 DEBUG [acme.Launcher@main] Found entity class 'acme.roles.Consumer 
2022-04-19 14:15:19.653 DEBUG [acme.Launcher@main] Found entity class 'acme.roles.Inventor 
2022-04-19 14:15:19.653 DEBUG [acme.Launcher@main] Found entity class 'acme.roles.Patron 
2022-04-19 14:15:19.654 DEBUG [acme.Launcher@main] Found entity class 'acme.roles.Provider 
2022-04-19 14:15:19.654 DEBUG [acme.Launcher@main] Found entity class 'acme.framework.entities.UserAccount 
2022-04-19 14:15:19.654 DEBUG [acme.Launcher@main] Found entity class 'acme.framework.roles.Administrator 
2022-04-19 14:15:19.654 DEBUG [acme.Launcher@main] Found entity class 'acme.framework.roles.Anonymous 
2022-04-19 14:15:19.654 DEBUG [acme.Launcher@main] Found entity class 'acme.framework.roles.Any 
2022-04-19 14:15:19.654 DEBUG [acme.Launcher@main] Found entity class 'acme.framework.roles.Authenticated 
2022-04-19 14:15:19.662 INFO  [acme.Launcher@main] Running application (Standalone) 
2022-04-19 14:15:26.006 DEBUG [acme.framework.components.tiles.DynamicTilesView@http-nio-8080-exec-1] View name 'fragments/welcome', model {} 
2022-04-19 14:15:26.024 DEBUG [org.apache.tiles.definition.dao.BaseLocaleUrlDefinitionDAO@http-nio-8080-exec-1] File Resource file:/C:/colegio/universidad/3/DP2/Workspace-22.0/Projects/Acme-One-E8.02/target/classes/WEB-INF/views/master/tiles_en.xml at file:/C:/colegio/universidad/3/DP2/Workspace-22.0/Projects/Acme-One-E8.02/target/classes/WEB-INF/views/master/tiles_en.xml not found, continue 
2022-04-19 14:15:26.031 DEBUG [org.apache.jasper.servlet.JspServlet@http-nio-8080-exec-1] JspEngine --> /WEB-INF/views/master/page.jsp 
2022-04-19 14:15:26.032 DEBUG [org.apache.jasper.servlet.JspServlet@http-nio-8080-exec-1] ServletPath: /WEB-INF/views/master/page.jsp 
2022-04-19 14:15:26.032 DEBUG [org.apache.jasper.servlet.JspServlet@http-nio-8080-exec-1] PathInfo: null 
2022-04-19 14:15:26.033 DEBUG [org.apache.jasper.servlet.JspServlet@http-nio-8080-exec-1] RealPath: C:\colegio\universidad\3\DP2\Workspace-22.0\Projects\Acme-One-E8.02\target\classes\WEB-INF\views\master\page.jsp 
2022-04-19 14:15:26.034 DEBUG [org.apache.jasper.servlet.JspServlet@http-nio-8080-exec-1] RequestURI: /hello-world-22.0/WEB-INF/views/master/page.jsp 
2022-04-19 14:15:26.034 DEBUG [org.apache.jasper.servlet.JspServlet@http-nio-8080-exec-1] QueryString: null 
2022-04-19 14:15:30.446 DEBUG [acme.framework.configuration.ExtendedMessageSource@http-nio-8080-exec-1] Loading properties [C:\colegio\universidad\3\DP2\Workspace-22.0\Projects\Acme-One-E8.02\target\classes\WEB-INF\views\administrator\user-account\messages-en.i18n] with encoding 'utf-8' 
2022-04-19 14:15:30.447 DEBUG [acme.framework.configuration.ExtendedMessageSource@http-nio-8080-exec-1] Loading properties [C:\colegio\universidad\3\DP2\Workspace-22.0\Projects\Acme-One-E8.02\target\classes\WEB-INF\views\anonymous\user-account\messages-en.i18n] with encoding 'utf-8' 
2022-04-19 14:15:30.447 DEBUG [acme.framework.configuration.ExtendedMessageSource@http-nio-8080-exec-1] Loading properties [C:\colegio\universidad\3\DP2\Workspace-22.0\Projects\Acme-One-E8.02\target\classes\WEB-INF\views\authenticated\consumer\messsages-en.i18n] with encoding 'utf-8' 
2022-04-19 14:15:30.448 DEBUG [acme.framework.configuration.ExtendedMessageSource@http-nio-8080-exec-1] Loading properties [C:\colegio\universidad\3\DP2\Workspace-22.0\Projects\Acme-One-E8.02\target\classes\WEB-INF\views\authenticated\provider\messsages-en.i18n] with encoding 'utf-8' 
2022-04-19 14:15:30.449 DEBUG [acme.framework.configuration.ExtendedMessageSource@http-nio-8080-exec-1] Loading properties [C:\colegio\universidad\3\DP2\Workspace-22.0\Projects\Acme-One-E8.02\target\classes\WEB-INF\views\authenticated\user-account\messages-en.i18n] with encoding 'utf-8' 
2022-04-19 14:15:30.450 DEBUG [acme.framework.configuration.ExtendedMessageSource@http-nio-8080-exec-1] Loading properties [C:\colegio\universidad\3\DP2\Workspace-22.0\Projects\Acme-One-E8.02\target\classes\WEB-INF\views\fragments\banner-en.i18n] with encoding 'utf-8' 
2022-04-19 14:15:30.451 DEBUG [acme.framework.configuration.ExtendedMessageSource@http-nio-8080-exec-1] Loading properties [C:\colegio\universidad\3\DP2\Workspace-22.0\Projects\Acme-One-E8.02\target\classes\WEB-INF\views\fragments\company-en.i18n] with encoding 'utf-8' 
2022-04-19 14:15:30.453 DEBUG [acme.framework.configuration.ExtendedMessageSource@http-nio-8080-exec-1] Loading properties [C:\colegio\universidad\3\DP2\Workspace-22.0\Projects\Acme-One-E8.02\target\classes\WEB-INF\views\fragments\footer-en.i18n] with encoding 'utf-8' 
2022-04-19 14:15:30.454 DEBUG [acme.framework.configuration.ExtendedMessageSource@http-nio-8080-exec-1] Loading properties [C:\colegio\universidad\3\DP2\Workspace-22.0\Projects\Acme-One-E8.02\target\classes\WEB-INF\views\fragments\license-en.i18n] with encoding 'utf-8' 
2022-04-19 14:15:30.455 DEBUG [acme.framework.configuration.ExtendedMessageSource@http-nio-8080-exec-1] Loading properties [C:\colegio\universidad\3\DP2\Workspace-22.0\Projects\Acme-One-E8.02\target\classes\WEB-INF\views\fragments\menu-en.i18n] with encoding 'utf-8' 
2022-04-19 14:15:30.457 DEBUG [acme.framework.configuration.ExtendedMessageSource@http-nio-8080-exec-1] Loading properties [C:\colegio\universidad\3\DP2\Workspace-22.0\Projects\Acme-One-E8.02\target\classes\WEB-INF\views\fragments\messsages-en.i18n] with encoding 'utf-8' 
2022-04-19 14:15:30.458 DEBUG [acme.framework.configuration.ExtendedMessageSource@http-nio-8080-exec-1] Loading properties [C:\colegio\universidad\3\DP2\Workspace-22.0\Projects\Acme-One-E8.02\target\classes\WEB-INF\views\fragments\title-en.i18n] with encoding 'utf-8' 
2022-04-19 14:15:30.459 DEBUG [acme.framework.configuration.ExtendedMessageSource@http-nio-8080-exec-1] Loading properties [C:\colegio\universidad\3\DP2\Workspace-22.0\Projects\Acme-One-E8.02\target\classes\WEB-INF\views\fragments\welcome-en.i18n] with encoding 'utf-8' 
2022-04-19 14:15:30.459 DEBUG [acme.framework.configuration.ExtendedMessageSource@http-nio-8080-exec-1] Loading properties [C:\colegio\universidad\3\DP2\Workspace-22.0\Projects\Acme-One-E8.02\target\classes\WEB-INF\views\inventor\announcement\messsages-en.i18n] with encoding 'utf-8' 
2022-04-19 14:15:30.460 DEBUG [acme.framework.configuration.ExtendedMessageSource@http-nio-8080-exec-1] Loading properties [C:\colegio\universidad\3\DP2\Workspace-22.0\Projects\Acme-One-E8.02\target\classes\WEB-INF\views\inventor\chirp\messsages-en.i18n] with encoding 'utf-8' 
2022-04-19 14:15:30.461 DEBUG [acme.framework.configuration.ExtendedMessageSource@http-nio-8080-exec-1] Loading properties [C:\colegio\universidad\3\DP2\Workspace-22.0\Projects\Acme-One-E8.02\target\classes\WEB-INF\views\inventor\component\messsages-en.i18n] with encoding 'utf-8' 
2022-04-19 14:15:30.461 DEBUG [acme.framework.configuration.ExtendedMessageSource@http-nio-8080-exec-1] Loading properties [C:\colegio\universidad\3\DP2\Workspace-22.0\Projects\Acme-One-E8.02\target\classes\WEB-INF\views\master\defaults-en.i18n] with encoding 'utf-8' 
2022-04-19 14:15:30.462 DEBUG [acme.framework.configuration.ExtendedMessageSource@http-nio-8080-exec-1] Loading properties [C:\colegio\universidad\3\DP2\Workspace-22.0\Projects\Acme-One-E8.02\target\classes\WEB-INF\views\master\master-en.i18n] with encoding 'utf-8' 
2022-04-19 14:15:30.462 DEBUG [acme.framework.configuration.ExtendedMessageSource@http-nio-8080-exec-1] Loading properties [C:\colegio\universidad\3\DP2\Workspace-22.0\Projects\Acme-One-E8.02\target\classes\WEB-INF\views\master\throwables-en.i18n] with encoding 'utf-8' 
2022-04-19 14:15:30.463 DEBUG [acme.framework.configuration.ExtendedMessageSource@http-nio-8080-exec-1] Loading properties [C:\colegio\universidad\3\DP2\Workspace-22.0\Projects\Acme-One-E8.02\target\classes\WEB-INF\views\master\validation-en.i18n] with encoding 'utf-8' 
2022-04-19 14:15:30.464 DEBUG [acme.framework.configuration.ExtendedMessageSource@http-nio-8080-exec-1] Loading properties [C:\colegio\universidad\3\DP2\Workspace-22.0\Projects\Acme-One-E8.02\target\classes\WEB-INF\views\patron\announcement\messsages-en.i18n] with encoding 'utf-8' 
2022-04-19 14:15:30.464 DEBUG [acme.framework.configuration.ExtendedMessageSource@http-nio-8080-exec-1] Loading properties [C:\colegio\universidad\3\DP2\Workspace-22.0\Projects\Acme-One-E8.02\target\classes\WEB-INF\views\patron\chirp\messsages-en.i18n] with encoding 'utf-8' 
2022-04-19 14:15:30.465 DEBUG [acme.framework.configuration.ExtendedMessageSource@http-nio-8080-exec-1] Loading properties [C:\colegio\universidad\3\DP2\Workspace-22.0\Projects\Acme-One-E8.02\target\classes\WEB-INF\views\patron\component\messsages-en.i18n] with encoding 'utf-8' 
2022-04-19 14:15:30.466 DEBUG [acme.framework.configuration.ExtendedMessageSource@http-nio-8080-exec-1] Loading properties [C:\colegio\universidad\3\DP2\Workspace-22.0\Projects\Acme-One-E8.02\target\classes\WEB-INF\views\patron\patron-dashboard\messages-en.i18n] with encoding 'utf-8' 
2022-04-19 14:15:30.615 DEBUG [org.apache.jasper.servlet.JspServlet@http-nio-8080-exec-1] JspEngine --> /WEB-INF/views/fragments/welcome.jsp 
2022-04-19 14:15:30.616 DEBUG [org.apache.jasper.servlet.JspServlet@http-nio-8080-exec-1] ServletPath: /WEB-INF/views/master/page.jsp 
2022-04-19 14:15:30.616 DEBUG [org.apache.jasper.servlet.JspServlet@http-nio-8080-exec-1] PathInfo: null 
2022-04-19 14:15:30.621 DEBUG [org.apache.jasper.servlet.JspServlet@http-nio-8080-exec-1] RealPath: C:\colegio\universidad\3\DP2\Workspace-22.0\Projects\Acme-One-E8.02\target\classes\WEB-INF\views\fragments\welcome.jsp 
2022-04-19 14:15:30.622 DEBUG [org.apache.jasper.servlet.JspServlet@http-nio-8080-exec-1] RequestURI: /hello-world-22.0/WEB-INF/views/master/page.jsp 
2022-04-19 14:15:30.622 DEBUG [org.apache.jasper.servlet.JspServlet@http-nio-8080-exec-1] QueryString: null 
2022-04-19 14:15:30.899 DEBUG [org.hibernate.SQL@http-nio-8080-exec-1] select useraccoun0_.id as id1_0_, useraccoun0_.version as version2_0_, useraccoun0_.enabled as enabled1_16_, useraccoun0_.identity as identity2_16_, useraccoun0_.password as password3_16_, useraccoun0_.username as username4_16_ from user_account useraccoun0_ where useraccoun0_.username=? 
2022-04-19 14:15:30.928 TRACE [org.hibernate.type.descriptor.sql.BasicBinder@http-nio-8080-exec-1] binding parameter [1] as [VARCHAR] - [anonymous] 
2022-04-19 14:15:30.984 DEBUG [org.hibernate.SQL@http-nio-8080-exec-1] select roles0_.user_account_id as user_acc1_17_0_, roles0_.id as id1_17_0_, roles0_.id as id1_0_1_, roles0_.version as version2_0_1_, roles0_.user_account_id as user_acc1_17_1_, roles0_.company as company1_8_1_, roles0_.sector as sector2_8_1_, roles0_.company as company1_9_1_, roles0_.link as link2_9_1_, roles0_.statement as statemen3_9_1_, roles0_.company as company1_11_1_, roles0_.link as link2_11_1_, roles0_.statement as statemen3_11_1_, roles0_.company as company1_13_1_, roles0_.sector as sector2_13_1_, roles0_.clazz_ as clazz_1_ from ( select id, version, user_account_id, company, sector, null as link, null as statement, 9 as clazz_ from consumer union all select id, version, user_account_id, company, null as sector, link, statement, 10 as clazz_ from inventor union all select id, version, user_account_id, company, null as sector, link, statement, 11 as clazz_ from patron union all select id, version, user_account_id, company, sector, null as link, null as statement, 12 as clazz_ from provider union all select id, version, user_account_id, null as company, null as sector, null as link, null as statement, 14 as clazz_ from administrator union all select id, version, user_account_id, null as company, null as sector, null as link, null as statement, 15 as clazz_ from anonymous union all select id, version, user_account_id, null as company, null as sector, null as link, null as statement, 16 as clazz_ from any union all select id, version, user_account_id, null as company, null as sector, null as link, null as statement, 17 as clazz_ from authenticated ) roles0_ where roles0_.user_account_id=? 
2022-04-19 14:15:30.986 TRACE [org.hibernate.type.descriptor.sql.BasicBinder@http-nio-8080-exec-1] binding parameter [1] as [INTEGER] - [7] 
2022-04-19 14:15:39.829 DEBUG [acme.framework.components.tiles.DynamicTilesView@http-nio-8080-exec-8] View name 'master/sign-in', model {username=, password=, remember=false} 
2022-04-19 14:15:39.830 DEBUG [org.apache.jasper.servlet.JspServlet@http-nio-8080-exec-8] JspEngine --> /WEB-INF/views/master/page.jsp 
2022-04-19 14:15:39.830 DEBUG [org.apache.jasper.servlet.JspServlet@http-nio-8080-exec-8] ServletPath: /WEB-INF/views/master/page.jsp 
2022-04-19 14:15:39.830 DEBUG [org.apache.jasper.servlet.JspServlet@http-nio-8080-exec-8] PathInfo: null 
2022-04-19 14:15:39.833 DEBUG [org.apache.jasper.servlet.JspServlet@http-nio-8080-exec-8] RealPath: C:\colegio\universidad\3\DP2\Workspace-22.0\Projects\Acme-One-E8.02\target\classes\WEB-INF\views\master\page.jsp 
2022-04-19 14:15:39.833 DEBUG [org.apache.jasper.servlet.JspServlet@http-nio-8080-exec-8] RequestURI: /hello-world-22.0/WEB-INF/views/master/page.jsp 
2022-04-19 14:15:39.833 DEBUG [org.apache.jasper.servlet.JspServlet@http-nio-8080-exec-8] QueryString: null 
2022-04-19 14:15:39.920 DEBUG [org.apache.jasper.servlet.JspServlet@http-nio-8080-exec-8] JspEngine --> /WEB-INF/views/master/sign-in.jsp 
2022-04-19 14:15:39.920 DEBUG [org.apache.jasper.servlet.JspServlet@http-nio-8080-exec-8] ServletPath: /WEB-INF/views/master/page.jsp 
2022-04-19 14:15:39.921 DEBUG [org.apache.jasper.servlet.JspServlet@http-nio-8080-exec-8] PathInfo: null 
2022-04-19 14:15:39.921 DEBUG [org.apache.jasper.servlet.JspServlet@http-nio-8080-exec-8] RealPath: C:\colegio\universidad\3\DP2\Workspace-22.0\Projects\Acme-One-E8.02\target\classes\WEB-INF\views\master\sign-in.jsp 
2022-04-19 14:15:39.922 DEBUG [org.apache.jasper.servlet.JspServlet@http-nio-8080-exec-8] RequestURI: /hello-world-22.0/WEB-INF/views/master/page.jsp 
2022-04-19 14:15:39.922 DEBUG [org.apache.jasper.servlet.JspServlet@http-nio-8080-exec-8] QueryString: null 
2022-04-19 14:15:41.484 DEBUG [org.hibernate.SQL@http-nio-8080-exec-8] select useraccoun0_.id as id1_0_, useraccoun0_.version as version2_0_, useraccoun0_.enabled as enabled1_16_, useraccoun0_.identity as identity2_16_, useraccoun0_.password as password3_16_, useraccoun0_.username as username4_16_ from user_account useraccoun0_ where useraccoun0_.username=? 
2022-04-19 14:15:41.485 TRACE [org.hibernate.type.descriptor.sql.BasicBinder@http-nio-8080-exec-8] binding parameter [1] as [VARCHAR] - [anonymous] 
2022-04-19 14:15:41.487 DEBUG [org.hibernate.SQL@http-nio-8080-exec-8] select roles0_.user_account_id as user_acc1_17_0_, roles0_.id as id1_17_0_, roles0_.id as id1_0_1_, roles0_.version as version2_0_1_, roles0_.user_account_id as user_acc1_17_1_, roles0_.company as company1_8_1_, roles0_.sector as sector2_8_1_, roles0_.company as company1_9_1_, roles0_.link as link2_9_1_, roles0_.statement as statemen3_9_1_, roles0_.company as company1_11_1_, roles0_.link as link2_11_1_, roles0_.statement as statemen3_11_1_, roles0_.company as company1_13_1_, roles0_.sector as sector2_13_1_, roles0_.clazz_ as clazz_1_ from ( select id, version, user_account_id, company, sector, null as link, null as statement, 9 as clazz_ from consumer union all select id, version, user_account_id, company, null as sector, link, statement, 10 as clazz_ from inventor union all select id, version, user_account_id, company, null as sector, link, statement, 11 as clazz_ from patron union all select id, version, user_account_id, company, sector, null as link, null as statement, 12 as clazz_ from provider union all select id, version, user_account_id, null as company, null as sector, null as link, null as statement, 14 as clazz_ from administrator union all select id, version, user_account_id, null as company, null as sector, null as link, null as statement, 15 as clazz_ from anonymous union all select id, version, user_account_id, null as company, null as sector, null as link, null as statement, 16 as clazz_ from any union all select id, version, user_account_id, null as company, null as sector, null as link, null as statement, 17 as clazz_ from authenticated ) roles0_ where roles0_.user_account_id=? 
2022-04-19 14:15:41.488 TRACE [org.hibernate.type.descriptor.sql.BasicBinder@http-nio-8080-exec-8] binding parameter [1] as [INTEGER] - [7] 
2022-04-19 14:15:51.497 DEBUG [org.hibernate.SQL@http-nio-8080-exec-1] select useraccoun0_.id as id1_0_, useraccoun0_.version as version2_0_, useraccoun0_.enabled as enabled1_16_, useraccoun0_.identity as identity2_16_, useraccoun0_.password as password3_16_, useraccoun0_.username as username4_16_ from user_account useraccoun0_ where useraccoun0_.username=? 
2022-04-19 14:15:51.498 TRACE [org.hibernate.type.descriptor.sql.BasicBinder@http-nio-8080-exec-1] binding parameter [1] as [VARCHAR] - [patron1] 
2022-04-19 14:15:51.500 DEBUG [org.hibernate.SQL@http-nio-8080-exec-1] select roles0_.user_account_id as user_acc1_17_0_, roles0_.id as id1_17_0_, roles0_.id as id1_0_1_, roles0_.version as version2_0_1_, roles0_.user_account_id as user_acc1_17_1_, roles0_.company as company1_8_1_, roles0_.sector as sector2_8_1_, roles0_.company as company1_9_1_, roles0_.link as link2_9_1_, roles0_.statement as statemen3_9_1_, roles0_.company as company1_11_1_, roles0_.link as link2_11_1_, roles0_.statement as statemen3_11_1_, roles0_.company as company1_13_1_, roles0_.sector as sector2_13_1_, roles0_.clazz_ as clazz_1_ from ( select id, version, user_account_id, company, sector, null as link, null as statement, 9 as clazz_ from consumer union all select id, version, user_account_id, company, null as sector, link, statement, 10 as clazz_ from inventor union all select id, version, user_account_id, company, null as sector, link, statement, 11 as clazz_ from patron union all select id, version, user_account_id, company, sector, null as link, null as statement, 12 as clazz_ from provider union all select id, version, user_account_id, null as company, null as sector, null as link, null as statement, 14 as clazz_ from administrator union all select id, version, user_account_id, null as company, null as sector, null as link, null as statement, 15 as clazz_ from anonymous union all select id, version, user_account_id, null as company, null as sector, null as link, null as statement, 16 as clazz_ from any union all select id, version, user_account_id, null as company, null as sector, null as link, null as statement, 17 as clazz_ from authenticated ) roles0_ where roles0_.user_account_id=? 
2022-04-19 14:15:51.501 TRACE [org.hibernate.type.descriptor.sql.BasicBinder@http-nio-8080-exec-1] binding parameter [1] as [INTEGER] - [9] 
2022-04-19 14:15:51.529 DEBUG [acme.framework.components.tiles.DynamicTilesView@http-nio-8080-exec-9] View name 'fragments/welcome', model {} 
2022-04-19 14:15:51.531 DEBUG [org.apache.jasper.servlet.JspServlet@http-nio-8080-exec-9] JspEngine --> /WEB-INF/views/master/page.jsp 
2022-04-19 14:15:51.531 DEBUG [org.apache.jasper.servlet.JspServlet@http-nio-8080-exec-9] ServletPath: /WEB-INF/views/master/page.jsp 
2022-04-19 14:15:51.531 DEBUG [org.apache.jasper.servlet.JspServlet@http-nio-8080-exec-9] PathInfo: null 
2022-04-19 14:15:51.534 DEBUG [org.apache.jasper.servlet.JspServlet@http-nio-8080-exec-9] RealPath: C:\colegio\universidad\3\DP2\Workspace-22.0\Projects\Acme-One-E8.02\target\classes\WEB-INF\views\master\page.jsp 
2022-04-19 14:15:51.534 DEBUG [org.apache.jasper.servlet.JspServlet@http-nio-8080-exec-9] RequestURI: /hello-world-22.0/WEB-INF/views/master/page.jsp 
2022-04-19 14:15:51.534 DEBUG [org.apache.jasper.servlet.JspServlet@http-nio-8080-exec-9] QueryString: null 
2022-04-19 14:15:51.612 DEBUG [org.apache.jasper.servlet.JspServlet@http-nio-8080-exec-9] JspEngine --> /WEB-INF/views/fragments/welcome.jsp 
2022-04-19 14:15:51.612 DEBUG [org.apache.jasper.servlet.JspServlet@http-nio-8080-exec-9] ServletPath: /WEB-INF/views/master/page.jsp 
2022-04-19 14:15:51.612 DEBUG [org.apache.jasper.servlet.JspServlet@http-nio-8080-exec-9] PathInfo: null 
2022-04-19 14:15:51.614 DEBUG [org.apache.jasper.servlet.JspServlet@http-nio-8080-exec-9] RealPath: C:\colegio\universidad\3\DP2\Workspace-22.0\Projects\Acme-One-E8.02\target\classes\WEB-INF\views\fragments\welcome.jsp 
2022-04-19 14:15:51.614 DEBUG [org.apache.jasper.servlet.JspServlet@http-nio-8080-exec-9] RequestURI: /hello-world-22.0/WEB-INF/views/master/page.jsp 
2022-04-19 14:15:51.615 DEBUG [org.apache.jasper.servlet.JspServlet@http-nio-8080-exec-9] QueryString: null 
2022-04-19 14:15:55.662 DEBUG [acme.framework.controllers.AbstractController@http-nio-8080-exec-7] DISPATCHING GET /hello-world-22.0/patron/patron-dashboard/show 
2022-04-19 14:15:55.662 DEBUG [acme.framework.controllers.AbstractController@http-nio-8080-exec-7] Command: show 
2022-04-19 14:15:55.662 DEBUG [acme.framework.controllers.AbstractController@http-nio-8080-exec-7] Model:   {} 
2022-04-19 14:15:55.662 DEBUG [acme.framework.controllers.AbstractController@http-nio-8080-exec-7] Locale:  en 
2022-04-19 14:15:55.685 DEBUG [org.hibernate.SQL@http-nio-8080-exec-7] select count(patronage0_.id) as col_0_0_ from patronage patronage0_ where patronage0_.patron_id=? and patronage0_.status=? 
2022-04-19 14:15:55.686 TRACE [org.hibernate.type.descriptor.sql.BasicBinder@http-nio-8080-exec-7] binding parameter [1] as [INTEGER] - [15] 
2022-04-19 14:15:55.686 TRACE [org.hibernate.type.descriptor.sql.BasicBinder@http-nio-8080-exec-7] binding parameter [2] as [INTEGER] - [0] 
2022-04-19 14:15:55.690 DEBUG [org.hibernate.SQL@http-nio-8080-exec-7] select count(patronage0_.id) as col_0_0_ from patronage patronage0_ where patronage0_.patron_id=? and patronage0_.status=? 
2022-04-19 14:15:55.691 TRACE [org.hibernate.type.descriptor.sql.BasicBinder@http-nio-8080-exec-7] binding parameter [1] as [INTEGER] - [15] 
2022-04-19 14:15:55.691 TRACE [org.hibernate.type.descriptor.sql.BasicBinder@http-nio-8080-exec-7] binding parameter [2] as [INTEGER] - [1] 
2022-04-19 14:15:55.695 DEBUG [org.hibernate.SQL@http-nio-8080-exec-7] select count(patronage0_.id) as col_0_0_ from patronage patronage0_ where patronage0_.patron_id=? and patronage0_.status=? 
2022-04-19 14:15:55.695 TRACE [org.hibernate.type.descriptor.sql.BasicBinder@http-nio-8080-exec-7] binding parameter [1] as [INTEGER] - [15] 
2022-04-19 14:15:55.695 TRACE [org.hibernate.type.descriptor.sql.BasicBinder@http-nio-8080-exec-7] binding parameter [2] as [INTEGER] - [2] 
2022-04-19 14:15:55.698 DEBUG [org.hibernate.SQL@http-nio-8080-exec-7] select avg(patronage0_.budget_amount) as col_0_0_ from patronage patronage0_ where patronage0_.patron_id=? and patronage0_.status=? 
2022-04-19 14:15:55.698 TRACE [org.hibernate.type.descriptor.sql.BasicBinder@http-nio-8080-exec-7] binding parameter [1] as [INTEGER] - [15] 
2022-04-19 14:15:55.698 TRACE [org.hibernate.type.descriptor.sql.BasicBinder@http-nio-8080-exec-7] binding parameter [2] as [INTEGER] - [0] 
2022-04-19 14:15:55.701 DEBUG [org.hibernate.SQL@http-nio-8080-exec-7] select avg(patronage0_.budget_amount) as col_0_0_ from patronage patronage0_ where patronage0_.patron_id=? and patronage0_.status=? 
2022-04-19 14:15:55.701 TRACE [org.hibernate.type.descriptor.sql.BasicBinder@http-nio-8080-exec-7] binding parameter [1] as [INTEGER] - [15] 
2022-04-19 14:15:55.702 TRACE [org.hibernate.type.descriptor.sql.BasicBinder@http-nio-8080-exec-7] binding parameter [2] as [INTEGER] - [1] 
2022-04-19 14:15:55.703 DEBUG [org.hibernate.SQL@http-nio-8080-exec-7] select avg(patronage0_.budget_amount) as col_0_0_ from patronage patronage0_ where patronage0_.patron_id=? and patronage0_.status=? 
2022-04-19 14:15:55.704 TRACE [org.hibernate.type.descriptor.sql.BasicBinder@http-nio-8080-exec-7] binding parameter [1] as [INTEGER] - [15] 
2022-04-19 14:15:55.704 TRACE [org.hibernate.type.descriptor.sql.BasicBinder@http-nio-8080-exec-7] binding parameter [2] as [INTEGER] - [2] 
2022-04-19 14:15:55.709 DEBUG [org.hibernate.SQL@http-nio-8080-exec-7] select std(patronage0_.budget_amount) as col_0_0_ from patronage patronage0_ where patronage0_.patron_id=? and patronage0_.status=? 
2022-04-19 14:15:55.709 TRACE [org.hibernate.type.descriptor.sql.BasicBinder@http-nio-8080-exec-7] binding parameter [1] as [INTEGER] - [15] 
2022-04-19 14:15:55.709 TRACE [org.hibernate.type.descriptor.sql.BasicBinder@http-nio-8080-exec-7] binding parameter [2] as [INTEGER] - [0] 
2022-04-19 14:15:55.711 DEBUG [org.hibernate.SQL@http-nio-8080-exec-7] select std(patronage0_.budget_amount) as col_0_0_ from patronage patronage0_ where patronage0_.patron_id=? and patronage0_.status=? 
2022-04-19 14:15:55.711 TRACE [org.hibernate.type.descriptor.sql.BasicBinder@http-nio-8080-exec-7] binding parameter [1] as [INTEGER] - [15] 
2022-04-19 14:15:55.711 TRACE [org.hibernate.type.descriptor.sql.BasicBinder@http-nio-8080-exec-7] binding parameter [2] as [INTEGER] - [1] 
2022-04-19 14:15:55.713 DEBUG [org.hibernate.SQL@http-nio-8080-exec-7] select std(patronage0_.budget_amount) as col_0_0_ from patronage patronage0_ where patronage0_.patron_id=? and patronage0_.status=? 
2022-04-19 14:15:55.713 TRACE [org.hibernate.type.descriptor.sql.BasicBinder@http-nio-8080-exec-7] binding parameter [1] as [INTEGER] - [15] 
2022-04-19 14:15:55.713 TRACE [org.hibernate.type.descriptor.sql.BasicBinder@http-nio-8080-exec-7] binding parameter [2] as [INTEGER] - [2] 
2022-04-19 14:15:55.716 DEBUG [org.hibernate.SQL@http-nio-8080-exec-7] select min(patronage0_.budget_amount) as col_0_0_ from patronage patronage0_ where patronage0_.patron_id=? and patronage0_.status=? 
2022-04-19 14:15:55.716 TRACE [org.hibernate.type.descriptor.sql.BasicBinder@http-nio-8080-exec-7] binding parameter [1] as [INTEGER] - [15] 
2022-04-19 14:15:55.717 TRACE [org.hibernate.type.descriptor.sql.BasicBinder@http-nio-8080-exec-7] binding parameter [2] as [INTEGER] - [0] 
2022-04-19 14:15:55.719 DEBUG [org.hibernate.SQL@http-nio-8080-exec-7] select min(patronage0_.budget_amount) as col_0_0_ from patronage patronage0_ where patronage0_.patron_id=? and patronage0_.status=? 
2022-04-19 14:15:55.719 TRACE [org.hibernate.type.descriptor.sql.BasicBinder@http-nio-8080-exec-7] binding parameter [1] as [INTEGER] - [15] 
2022-04-19 14:15:55.719 TRACE [org.hibernate.type.descriptor.sql.BasicBinder@http-nio-8080-exec-7] binding parameter [2] as [INTEGER] - [1] 
2022-04-19 14:15:55.721 DEBUG [org.hibernate.SQL@http-nio-8080-exec-7] select min(patronage0_.budget_amount) as col_0_0_ from patronage patronage0_ where patronage0_.patron_id=? and patronage0_.status=? 
2022-04-19 14:15:55.721 TRACE [org.hibernate.type.descriptor.sql.BasicBinder@http-nio-8080-exec-7] binding parameter [1] as [INTEGER] - [15] 
2022-04-19 14:15:55.721 TRACE [org.hibernate.type.descriptor.sql.BasicBinder@http-nio-8080-exec-7] binding parameter [2] as [INTEGER] - [2] 
2022-04-19 14:15:55.724 DEBUG [org.hibernate.SQL@http-nio-8080-exec-7] select max(patronage0_.budget_amount) as col_0_0_ from patronage patronage0_ where patronage0_.patron_id=? and patronage0_.status=? 
2022-04-19 14:15:55.725 TRACE [org.hibernate.type.descriptor.sql.BasicBinder@http-nio-8080-exec-7] binding parameter [1] as [INTEGER] - [15] 
2022-04-19 14:15:55.725 TRACE [org.hibernate.type.descriptor.sql.BasicBinder@http-nio-8080-exec-7] binding parameter [2] as [INTEGER] - [0] 
2022-04-19 14:15:55.727 DEBUG [org.hibernate.SQL@http-nio-8080-exec-7] select max(patronage0_.budget_amount) as col_0_0_ from patronage patronage0_ where patronage0_.patron_id=? and patronage0_.status=? 
2022-04-19 14:15:55.727 TRACE [org.hibernate.type.descriptor.sql.BasicBinder@http-nio-8080-exec-7] binding parameter [1] as [INTEGER] - [15] 
2022-04-19 14:15:55.727 TRACE [org.hibernate.type.descriptor.sql.BasicBinder@http-nio-8080-exec-7] binding parameter [2] as [INTEGER] - [1] 
2022-04-19 14:15:55.729 DEBUG [org.hibernate.SQL@http-nio-8080-exec-7] select max(patronage0_.budget_amount) as col_0_0_ from patronage patronage0_ where patronage0_.patron_id=? and patronage0_.status=? 
2022-04-19 14:15:55.729 TRACE [org.hibernate.type.descriptor.sql.BasicBinder@http-nio-8080-exec-7] binding parameter [1] as [INTEGER] - [15] 
2022-04-19 14:15:55.729 TRACE [org.hibernate.type.descriptor.sql.BasicBinder@http-nio-8080-exec-7] binding parameter [2] as [INTEGER] - [2] 
2022-04-19 14:15:55.744 DEBUG [acme.framework.controllers.AbstractController@http-nio-8080-exec-7] SERVING GET /hello-world-22.0/patron/patron-dashboard/show 
2022-04-19 14:15:55.744 DEBUG [acme.framework.controllers.AbstractController@http-nio-8080-exec-7] Result: ModelAndView [view="patron/patron-dashboard/form"; model={minimumPatronageBudgetPerStateAccepted=52034.0, averagePatronageBudgetPerStateDenied=null, totalPatronagesProposed=1, minimumPatronageBudgetPerStateProposed=150000.0, maximumPatronageBudgetPerStateDenied=null, totalPatronagesAccepted=2, totalPatronagesDenied=0, deviationPatronageBudgetPerStateAccepted=0.0, maximumPatronageBudgetPerStateAccepted=52034.0, averagePatronageBudgetPerStateAccepted=52034.0, deviationPatronageBudgetPerStateProposed=0.0, maximumPatronageBudgetPerStateProposed=150000.0, averagePatronageBudgetPerStateProposed=150000.0, deviationPatronageBudgetPerStateDenied=null, minimumPatronageBudgetPerStateDenied=null, command=show, principal=acme.framework.entities.Principal@7442e10}] 
2022-04-19 14:15:55.748 DEBUG [acme.framework.components.tiles.DynamicTilesView@http-nio-8080-exec-7] View name 'patron/patron-dashboard/form', model {minimumPatronageBudgetPerStateAccepted=52034.0, averagePatronageBudgetPerStateDenied=null, totalPatronagesProposed=1, minimumPatronageBudgetPerStateProposed=150000.0, maximumPatronageBudgetPerStateDenied=null, totalPatronagesAccepted=2, totalPatronagesDenied=0, deviationPatronageBudgetPerStateAccepted=0.0, maximumPatronageBudgetPerStateAccepted=52034.0, averagePatronageBudgetPerStateAccepted=52034.0, deviationPatronageBudgetPerStateProposed=0.0, maximumPatronageBudgetPerStateProposed=150000.0, averagePatronageBudgetPerStateProposed=150000.0, deviationPatronageBudgetPerStateDenied=null, minimumPatronageBudgetPerStateDenied=null, command=show, principal=acme.framework.entities.Principal@7442e10, org.springframework.validation.BindingResult.principal=org.springframework.validation.BeanPropertyBindingResult: 0 errors} 
2022-04-19 14:15:55.750 DEBUG [org.apache.jasper.servlet.JspServlet@http-nio-8080-exec-7] JspEngine --> /WEB-INF/views/master/page.jsp 
2022-04-19 14:15:55.750 DEBUG [org.apache.jasper.servlet.JspServlet@http-nio-8080-exec-7] ServletPath: /WEB-INF/views/master/page.jsp 
2022-04-19 14:15:55.750 DEBUG [org.apache.jasper.servlet.JspServlet@http-nio-8080-exec-7] PathInfo: null 
2022-04-19 14:15:55.751 DEBUG [org.apache.jasper.servlet.JspServlet@http-nio-8080-exec-7] RealPath: C:\colegio\universidad\3\DP2\Workspace-22.0\Projects\Acme-One-E8.02\target\classes\WEB-INF\views\master\page.jsp 
2022-04-19 14:15:55.751 DEBUG [org.apache.jasper.servlet.JspServlet@http-nio-8080-exec-7] RequestURI: /hello-world-22.0/WEB-INF/views/master/page.jsp 
2022-04-19 14:15:55.751 DEBUG [org.apache.jasper.servlet.JspServlet@http-nio-8080-exec-7] QueryString: null 
2022-04-19 14:15:55.816 DEBUG [org.apache.jasper.servlet.JspServlet@http-nio-8080-exec-7] JspEngine --> /WEB-INF/views/patron/patron-dashboard/form.jsp 
2022-04-19 14:15:55.817 DEBUG [org.apache.jasper.servlet.JspServlet@http-nio-8080-exec-7] ServletPath: /WEB-INF/views/master/page.jsp 
2022-04-19 14:15:55.817 DEBUG [org.apache.jasper.servlet.JspServlet@http-nio-8080-exec-7] PathInfo: null 
2022-04-19 14:15:55.818 DEBUG [org.apache.jasper.servlet.JspServlet@http-nio-8080-exec-7] RealPath: C:\colegio\universidad\3\DP2\Workspace-22.0\Projects\Acme-One-E8.02\target\classes\WEB-INF\views\patron\patron-dashboard\form.jsp 
2022-04-19 14:15:55.818 DEBUG [org.apache.jasper.servlet.JspServlet@http-nio-8080-exec-7] RequestURI: /hello-world-22.0/WEB-INF/views/master/page.jsp 
2022-04-19 14:15:55.819 DEBUG [org.apache.jasper.servlet.JspServlet@http-nio-8080-exec-7] QueryString: null 
2022-04-19 14:19:41.019 DEBUG [org.hibernate.SQL@http-nio-8080-exec-2] select useraccoun0_.id as id1_0_, useraccoun0_.version as version2_0_, useraccoun0_.enabled as enabled1_16_, useraccoun0_.identity as identity2_16_, useraccoun0_.password as password3_16_, useraccoun0_.username as username4_16_ from user_account useraccoun0_ where useraccoun0_.username=? 
2022-04-19 14:19:41.020 TRACE [org.hibernate.type.descriptor.sql.BasicBinder@http-nio-8080-exec-2] binding parameter [1] as [VARCHAR] - [anonymous] 
2022-04-19 14:19:41.022 DEBUG [org.hibernate.SQL@http-nio-8080-exec-2] select roles0_.user_account_id as user_acc1_17_0_, roles0_.id as id1_17_0_, roles0_.id as id1_0_1_, roles0_.version as version2_0_1_, roles0_.user_account_id as user_acc1_17_1_, roles0_.company as company1_8_1_, roles0_.sector as sector2_8_1_, roles0_.company as company1_9_1_, roles0_.link as link2_9_1_, roles0_.statement as statemen3_9_1_, roles0_.company as company1_11_1_, roles0_.link as link2_11_1_, roles0_.statement as statemen3_11_1_, roles0_.company as company1_13_1_, roles0_.sector as sector2_13_1_, roles0_.clazz_ as clazz_1_ from ( select id, version, user_account_id, company, sector, null as link, null as statement, 9 as clazz_ from consumer union all select id, version, user_account_id, company, null as sector, link, statement, 10 as clazz_ from inventor union all select id, version, user_account_id, company, null as sector, link, statement, 11 as clazz_ from patron union all select id, version, user_account_id, company, sector, null as link, null as statement, 12 as clazz_ from provider union all select id, version, user_account_id, null as company, null as sector, null as link, null as statement, 14 as clazz_ from administrator union all select id, version, user_account_id, null as company, null as sector, null as link, null as statement, 15 as clazz_ from anonymous union all select id, version, user_account_id, null as company, null as sector, null as link, null as statement, 16 as clazz_ from any union all select id, version, user_account_id, null as company, null as sector, null as link, null as statement, 17 as clazz_ from authenticated ) roles0_ where roles0_.user_account_id=? 
2022-04-19 14:19:41.023 TRACE [org.hibernate.type.descriptor.sql.BasicBinder@http-nio-8080-exec-2] binding parameter [1] as [INTEGER] - [7] 
2022-04-19 14:19:41.030 DEBUG [acme.framework.components.tiles.DynamicTilesView@http-nio-8080-exec-5] View name 'fragments/welcome', model {} 
2022-04-19 14:19:41.031 DEBUG [org.apache.jasper.servlet.JspServlet@http-nio-8080-exec-5] JspEngine --> /WEB-INF/views/master/page.jsp 
2022-04-19 14:19:41.032 DEBUG [org.apache.jasper.servlet.JspServlet@http-nio-8080-exec-5] ServletPath: /WEB-INF/views/master/page.jsp 
2022-04-19 14:19:41.032 DEBUG [org.apache.jasper.servlet.JspServlet@http-nio-8080-exec-5] PathInfo: null 
2022-04-19 14:19:41.033 DEBUG [org.apache.jasper.servlet.JspServlet@http-nio-8080-exec-5] RealPath: C:\colegio\universidad\3\DP2\Workspace-22.0\Projects\Acme-One-E8.02\target\classes\WEB-INF\views\master\page.jsp 
2022-04-19 14:19:41.033 DEBUG [org.apache.jasper.servlet.JspServlet@http-nio-8080-exec-5] RequestURI: /hello-world-22.0/WEB-INF/views/master/page.jsp 
2022-04-19 14:19:41.034 DEBUG [org.apache.jasper.servlet.JspServlet@http-nio-8080-exec-5] QueryString: null 
2022-04-19 14:19:41.104 DEBUG [org.apache.jasper.servlet.JspServlet@http-nio-8080-exec-5] JspEngine --> /WEB-INF/views/fragments/welcome.jsp 
2022-04-19 14:19:41.105 DEBUG [org.apache.jasper.servlet.JspServlet@http-nio-8080-exec-5] ServletPath: /WEB-INF/views/master/page.jsp 
2022-04-19 14:19:41.106 DEBUG [org.apache.jasper.servlet.JspServlet@http-nio-8080-exec-5] PathInfo: null 
2022-04-19 14:19:41.107 DEBUG [org.apache.jasper.servlet.JspServlet@http-nio-8080-exec-5] RealPath: C:\colegio\universidad\3\DP2\Workspace-22.0\Projects\Acme-One-E8.02\target\classes\WEB-INF\views\fragments\welcome.jsp 
2022-04-19 14:19:41.108 DEBUG [org.apache.jasper.servlet.JspServlet@http-nio-8080-exec-5] RequestURI: /hello-world-22.0/WEB-INF/views/master/page.jsp 
2022-04-19 14:19:41.108 DEBUG [org.apache.jasper.servlet.JspServlet@http-nio-8080-exec-5] QueryString: null 
2022-04-19 14:19:41.143 DEBUG [org.hibernate.SQL@http-nio-8080-exec-5] select useraccoun0_.id as id1_0_, useraccoun0_.version as version2_0_, useraccoun0_.enabled as enabled1_16_, useraccoun0_.identity as identity2_16_, useraccoun0_.password as password3_16_, useraccoun0_.username as username4_16_ from user_account useraccoun0_ where useraccoun0_.username=? 
2022-04-19 14:19:41.143 TRACE [org.hibernate.type.descriptor.sql.BasicBinder@http-nio-8080-exec-5] binding parameter [1] as [VARCHAR] - [anonymous] 
2022-04-19 14:19:41.145 DEBUG [org.hibernate.SQL@http-nio-8080-exec-5] select roles0_.user_account_id as user_acc1_17_0_, roles0_.id as id1_17_0_, roles0_.id as id1_0_1_, roles0_.version as version2_0_1_, roles0_.user_account_id as user_acc1_17_1_, roles0_.company as company1_8_1_, roles0_.sector as sector2_8_1_, roles0_.company as company1_9_1_, roles0_.link as link2_9_1_, roles0_.statement as statemen3_9_1_, roles0_.company as company1_11_1_, roles0_.link as link2_11_1_, roles0_.statement as statemen3_11_1_, roles0_.company as company1_13_1_, roles0_.sector as sector2_13_1_, roles0_.clazz_ as clazz_1_ from ( select id, version, user_account_id, company, sector, null as link, null as statement, 9 as clazz_ from consumer union all select id, version, user_account_id, company, null as sector, link, statement, 10 as clazz_ from inventor union all select id, version, user_account_id, company, null as sector, link, statement, 11 as clazz_ from patron union all select id, version, user_account_id, company, sector, null as link, null as statement, 12 as clazz_ from provider union all select id, version, user_account_id, null as company, null as sector, null as link, null as statement, 14 as clazz_ from administrator union all select id, version, user_account_id, null as company, null as sector, null as link, null as statement, 15 as clazz_ from anonymous union all select id, version, user_account_id, null as company, null as sector, null as link, null as statement, 16 as clazz_ from any union all select id, version, user_account_id, null as company, null as sector, null as link, null as statement, 17 as clazz_ from authenticated ) roles0_ where roles0_.user_account_id=? 
2022-04-19 14:19:41.146 TRACE [org.hibernate.type.descriptor.sql.BasicBinder@http-nio-8080-exec-5] binding parameter [1] as [INTEGER] - [7] 
