2022-04-19 13:57:13.166 INFO  [acme.Launcher@main] Starting Launcher using Java 1.8.0_241 on LAPTOP-GJN6D4CN with PID 17012 (C:\colegio\universidad\3\DP2\Workspace-22.0\Frameworks\Acme-Framework-22.3\target\classes started by Manuel in C:\colegio\universidad\3\DP2\Workspace-22.0\Projects\Acme-One-E8.02) 
2022-04-19 13:57:13.167 DEBUG [acme.Launcher@main] Running with Spring Boot v2.4.2, Spring v5.3.3 
2022-04-19 13:57:13.169 INFO  [acme.Launcher@main] The following profiles are active: development,default 
2022-04-19 13:57:17.135 DEBUG [org.apache.jasper.servlet.JasperInitializer@main] Initializing Jasper for context [application] 
2022-04-19 13:57:26.538 DEBUG [org.apache.jasper.servlet.JspServlet@main] Scratch dir for the JSP engine is: [C:\Users\Manuel\AppData\Local\Temp\tomcat.8080.7221953494052461843\work\Tomcat\localhost\hello-world-22.0] 
2022-04-19 13:57:26.539 DEBUG [org.apache.jasper.servlet.JspServlet@main] IMPORTANT: Do not modify the generated servlets 
2022-04-19 13:57:26.560 INFO  [acme.Launcher@main] Started Launcher in 14.152 seconds (JVM running for 14.911) 
2022-04-19 13:57:26.566 DEBUG [acme.Launcher@main] Found classpath entry '/C:/colegio/universidad/3/DP2/Workspace-22.0/Projects/Acme-One-E8.02/target/test-classes/' 
2022-04-19 13:57:26.566 DEBUG [acme.Launcher@main] Found classpath entry '/C:/colegio/universidad/3/DP2/Workspace-22.0/Projects/Acme-One-E8.02/target/classes/' 
2022-04-19 13:57:26.566 DEBUG [acme.Launcher@main] Found classpath entry '/C:/colegio/universidad/3/DP2/Workspace-22.0/Frameworks/Acme-Framework-22.3/target/classes/' 
2022-04-19 13:57:26.566 DEBUG [acme.Launcher@main] Found classpath entry '/C:/colegio/universidad/3/DP2/Workspace-22.0/Frameworks/Acme-Framework-22.3/target/test-classes/' 
2022-04-19 13:57:26.566 DEBUG [acme.Launcher@main] Found classpath entry '/C:/Users/Manuel/.m2/repository/org/springframework/boot/spring-boot-starter-tomcat/2.4.2/spring-boot-starter-tomcat-2.4.2.jar' 
2022-04-19 13:57:26.567 DEBUG [acme.Launcher@main] Found classpath entry '/C:/Users/Manuel/.m2/repository/jakarta/annotation/jakarta.annotation-api/1.3.5/jakarta.annotation-api-1.3.5.jar' 
2022-04-19 13:57:26.567 DEBUG [acme.Launcher@main] Found classpath entry '/C:/Users/Manuel/.m2/repository/org/apache/tomcat/embed/tomcat-embed-core/9.0.41/tomcat-embed-core-9.0.41.jar' 
2022-04-19 13:57:26.568 DEBUG [acme.Launcher@main] Found classpath entry '/C:/Users/Manuel/.m2/repository/org/glassfish/jakarta.el/3.0.3/jakarta.el-3.0.3.jar' 
2022-04-19 13:57:26.568 DEBUG [acme.Launcher@main] Found classpath entry '/C:/Users/Manuel/.m2/repository/org/apache/tomcat/embed/tomcat-embed-websocket/9.0.41/tomcat-embed-websocket-9.0.41.jar' 
2022-04-19 13:57:26.568 DEBUG [acme.Launcher@main] Found classpath entry '/C:/Users/Manuel/.m2/repository/org/apache/tomcat/embed/tomcat-embed-jasper/9.0.41/tomcat-embed-jasper-9.0.41.jar' 
2022-04-19 13:57:26.569 DEBUG [acme.Launcher@main] Found classpath entry '/C:/Users/Manuel/.m2/repository/org/apache/tomcat/embed/tomcat-embed-el/9.0.41/tomcat-embed-el-9.0.41.jar' 
2022-04-19 13:57:26.569 DEBUG [acme.Launcher@main] Found classpath entry '/C:/Users/Manuel/.m2/repository/org/eclipse/jdt/ecj/3.18.0/ecj-3.18.0.jar' 
2022-04-19 13:57:26.569 DEBUG [acme.Launcher@main] Found classpath entry '/C:/Users/Manuel/.m2/repository/javax/servlet/jstl/1.2/jstl-1.2.jar' 
2022-04-19 13:57:26.570 DEBUG [acme.Launcher@main] Found classpath entry '/C:/Users/Manuel/.m2/repository/org/springframework/boot/spring-boot-starter-test/2.4.2/spring-boot-starter-test-2.4.2.jar' 
2022-04-19 13:57:26.570 DEBUG [acme.Launcher@main] Found classpath entry '/C:/Users/Manuel/.m2/repository/org/springframework/boot/spring-boot-starter/2.4.2/spring-boot-starter-2.4.2.jar' 
2022-04-19 13:57:26.570 DEBUG [acme.Launcher@main] Found classpath entry '/C:/Users/Manuel/.m2/repository/org/springframework/boot/spring-boot/2.4.2/spring-boot-2.4.2.jar' 
2022-04-19 13:57:26.571 DEBUG [acme.Launcher@main] Found classpath entry '/C:/Users/Manuel/.m2/repository/org/springframework/boot/spring-boot-autoconfigure/2.4.2/spring-boot-autoconfigure-2.4.2.jar' 
2022-04-19 13:57:26.571 DEBUG [acme.Launcher@main] Found classpath entry '/C:/Users/Manuel/.m2/repository/org/springframework/boot/spring-boot-starter-logging/2.4.2/spring-boot-starter-logging-2.4.2.jar' 
2022-04-19 13:57:26.572 DEBUG [acme.Launcher@main] Found classpath entry '/C:/Users/Manuel/.m2/repository/ch/qos/logback/logback-classic/1.2.3/logback-classic-1.2.3.jar' 
2022-04-19 13:57:26.572 DEBUG [acme.Launcher@main] Found classpath entry '/C:/Users/Manuel/.m2/repository/ch/qos/logback/logback-core/1.2.3/logback-core-1.2.3.jar' 
2022-04-19 13:57:26.572 DEBUG [acme.Launcher@main] Found classpath entry '/C:/Users/Manuel/.m2/repository/org/apache/logging/log4j/log4j-to-slf4j/2.13.3/log4j-to-slf4j-2.13.3.jar' 
2022-04-19 13:57:26.572 DEBUG [acme.Launcher@main] Found classpath entry '/C:/Users/Manuel/.m2/repository/org/apache/logging/log4j/log4j-api/2.13.3/log4j-api-2.13.3.jar' 
2022-04-19 13:57:26.573 DEBUG [acme.Launcher@main] Found classpath entry '/C:/Users/Manuel/.m2/repository/org/slf4j/jul-to-slf4j/1.7.30/jul-to-slf4j-1.7.30.jar' 
2022-04-19 13:57:26.573 DEBUG [acme.Launcher@main] Found classpath entry '/C:/Users/Manuel/.m2/repository/org/yaml/snakeyaml/1.27/snakeyaml-1.27.jar' 
2022-04-19 13:57:26.573 DEBUG [acme.Launcher@main] Found classpath entry '/C:/Users/Manuel/.m2/repository/org/springframework/boot/spring-boot-test/2.4.2/spring-boot-test-2.4.2.jar' 
2022-04-19 13:57:26.573 DEBUG [acme.Launcher@main] Found classpath entry '/C:/Users/Manuel/.m2/repository/org/springframework/boot/spring-boot-test-autoconfigure/2.4.2/spring-boot-test-autoconfigure-2.4.2.jar' 
2022-04-19 13:57:26.573 DEBUG [acme.Launcher@main] Found classpath entry '/C:/Users/Manuel/.m2/repository/com/jayway/jsonpath/json-path/2.4.0/json-path-2.4.0.jar' 
2022-04-19 13:57:26.573 DEBUG [acme.Launcher@main] Found classpath entry '/C:/Users/Manuel/.m2/repository/net/minidev/json-smart/2.3/json-smart-2.3.jar' 
2022-04-19 13:57:26.574 DEBUG [acme.Launcher@main] Found classpath entry '/C:/Users/Manuel/.m2/repository/net/minidev/accessors-smart/1.2/accessors-smart-1.2.jar' 
2022-04-19 13:57:26.574 DEBUG [acme.Launcher@main] Found classpath entry '/C:/Users/Manuel/.m2/repository/org/ow2/asm/asm/5.0.4/asm-5.0.4.jar' 
2022-04-19 13:57:26.575 DEBUG [acme.Launcher@main] Found classpath entry '/C:/Users/Manuel/.m2/repository/jakarta/xml/bind/jakarta.xml.bind-api/2.3.3/jakarta.xml.bind-api-2.3.3.jar' 
2022-04-19 13:57:26.575 DEBUG [acme.Launcher@main] Found classpath entry '/C:/Users/Manuel/.m2/repository/jakarta/activation/jakarta.activation-api/1.2.2/jakarta.activation-api-1.2.2.jar' 
2022-04-19 13:57:26.576 DEBUG [acme.Launcher@main] Found classpath entry '/C:/Users/Manuel/.m2/repository/org/assertj/assertj-core/3.18.1/assertj-core-3.18.1.jar' 
2022-04-19 13:57:26.577 DEBUG [acme.Launcher@main] Found classpath entry '/C:/Users/Manuel/.m2/repository/org/hamcrest/hamcrest/2.2/hamcrest-2.2.jar' 
2022-04-19 13:57:26.577 DEBUG [acme.Launcher@main] Found classpath entry '/C:/Users/Manuel/.m2/repository/org/junit/jupiter/junit-jupiter/5.7.0/junit-jupiter-5.7.0.jar' 
2022-04-19 13:57:26.577 DEBUG [acme.Launcher@main] Found classpath entry '/C:/Users/Manuel/.m2/repository/org/mockito/mockito-core/3.6.28/mockito-core-3.6.28.jar' 
2022-04-19 13:57:26.577 DEBUG [acme.Launcher@main] Found classpath entry '/C:/Users/Manuel/.m2/repository/net/bytebuddy/byte-buddy-agent/1.10.19/byte-buddy-agent-1.10.19.jar' 
2022-04-19 13:57:26.577 DEBUG [acme.Launcher@main] Found classpath entry '/C:/Users/Manuel/.m2/repository/org/objenesis/objenesis/3.1/objenesis-3.1.jar' 
2022-04-19 13:57:26.577 DEBUG [acme.Launcher@main] Found classpath entry '/C:/Users/Manuel/.m2/repository/org/mockito/mockito-junit-jupiter/3.6.28/mockito-junit-jupiter-3.6.28.jar' 
2022-04-19 13:57:26.578 DEBUG [acme.Launcher@main] Found classpath entry '/C:/Users/Manuel/.m2/repository/org/skyscreamer/jsonassert/1.5.0/jsonassert-1.5.0.jar' 
2022-04-19 13:57:26.578 DEBUG [acme.Launcher@main] Found classpath entry '/C:/Users/Manuel/.m2/repository/com/vaadin/external/google/android-json/0.0.20131108.vaadin1/android-json-0.0.20131108.vaadin1.jar' 
2022-04-19 13:57:26.578 DEBUG [acme.Launcher@main] Found classpath entry '/C:/Users/Manuel/.m2/repository/org/springframework/spring-core/5.3.3/spring-core-5.3.3.jar' 
2022-04-19 13:57:26.578 DEBUG [acme.Launcher@main] Found classpath entry '/C:/Users/Manuel/.m2/repository/org/springframework/spring-jcl/5.3.3/spring-jcl-5.3.3.jar' 
2022-04-19 13:57:26.579 DEBUG [acme.Launcher@main] Found classpath entry '/C:/Users/Manuel/.m2/repository/org/springframework/spring-test/5.3.3/spring-test-5.3.3.jar' 
2022-04-19 13:57:26.579 DEBUG [acme.Launcher@main] Found classpath entry '/C:/Users/Manuel/.m2/repository/org/xmlunit/xmlunit-core/2.7.0/xmlunit-core-2.7.0.jar' 
2022-04-19 13:57:26.579 DEBUG [acme.Launcher@main] Found classpath entry '/C:/Users/Manuel/.m2/repository/org/springframework/boot/spring-boot-starter-security/2.4.2/spring-boot-starter-security-2.4.2.jar' 
2022-04-19 13:57:26.579 DEBUG [acme.Launcher@main] Found classpath entry '/C:/Users/Manuel/.m2/repository/org/springframework/spring-aop/5.3.3/spring-aop-5.3.3.jar' 
2022-04-19 13:57:26.579 DEBUG [acme.Launcher@main] Found classpath entry '/C:/Users/Manuel/.m2/repository/org/springframework/security/spring-security-web/5.4.2/spring-security-web-5.4.2.jar' 
2022-04-19 13:57:26.579 DEBUG [acme.Launcher@main] Found classpath entry '/C:/Users/Manuel/.m2/repository/org/springframework/security/spring-security-core/5.4.2/spring-security-core-5.4.2.jar' 
2022-04-19 13:57:26.580 DEBUG [acme.Launcher@main] Found classpath entry '/C:/Users/Manuel/.m2/repository/org/springframework/spring-beans/5.3.3/spring-beans-5.3.3.jar' 
2022-04-19 13:57:26.580 DEBUG [acme.Launcher@main] Found classpath entry '/C:/Users/Manuel/.m2/repository/org/springframework/spring-context/5.3.3/spring-context-5.3.3.jar' 
2022-04-19 13:57:26.580 DEBUG [acme.Launcher@main] Found classpath entry '/C:/Users/Manuel/.m2/repository/org/springframework/spring-expression/5.3.3/spring-expression-5.3.3.jar' 
2022-04-19 13:57:26.580 DEBUG [acme.Launcher@main] Found classpath entry '/C:/Users/Manuel/.m2/repository/org/springframework/spring-web/5.3.3/spring-web-5.3.3.jar' 
2022-04-19 13:57:26.580 DEBUG [acme.Launcher@main] Found classpath entry '/C:/Users/Manuel/.m2/repository/org/springframework/security/spring-security-config/5.4.2/spring-security-config-5.4.2.jar' 
2022-04-19 13:57:26.581 DEBUG [acme.Launcher@main] Found classpath entry '/C:/Users/Manuel/.m2/repository/org/springframework/security/spring-security-taglibs/5.4.2/spring-security-taglibs-5.4.2.jar' 
2022-04-19 13:57:26.581 DEBUG [acme.Launcher@main] Found classpath entry '/C:/Users/Manuel/.m2/repository/org/springframework/security/spring-security-acl/5.4.2/spring-security-acl-5.4.2.jar' 
2022-04-19 13:57:26.581 DEBUG [acme.Launcher@main] Found classpath entry '/C:/Users/Manuel/.m2/repository/org/springframework/spring-jdbc/5.3.3/spring-jdbc-5.3.3.jar' 
2022-04-19 13:57:26.581 DEBUG [acme.Launcher@main] Found classpath entry '/C:/Users/Manuel/.m2/repository/org/springframework/spring-tx/5.3.3/spring-tx-5.3.3.jar' 
2022-04-19 13:57:26.581 DEBUG [acme.Launcher@main] Found classpath entry '/C:/Users/Manuel/.m2/repository/org/springframework/boot/spring-boot-starter-web/2.4.2/spring-boot-starter-web-2.4.2.jar' 
2022-04-19 13:57:26.581 DEBUG [acme.Launcher@main] Found classpath entry '/C:/Users/Manuel/.m2/repository/org/springframework/boot/spring-boot-starter-json/2.4.2/spring-boot-starter-json-2.4.2.jar' 
2022-04-19 13:57:26.582 DEBUG [acme.Launcher@main] Found classpath entry '/C:/Users/Manuel/.m2/repository/com/fasterxml/jackson/core/jackson-databind/2.11.4/jackson-databind-2.11.4.jar' 
2022-04-19 13:57:26.582 DEBUG [acme.Launcher@main] Found classpath entry '/C:/Users/Manuel/.m2/repository/com/fasterxml/jackson/core/jackson-annotations/2.11.4/jackson-annotations-2.11.4.jar' 
2022-04-19 13:57:26.582 DEBUG [acme.Launcher@main] Found classpath entry '/C:/Users/Manuel/.m2/repository/com/fasterxml/jackson/core/jackson-core/2.11.4/jackson-core-2.11.4.jar' 
2022-04-19 13:57:26.582 DEBUG [acme.Launcher@main] Found classpath entry '/C:/Users/Manuel/.m2/repository/com/fasterxml/jackson/datatype/jackson-datatype-jdk8/2.11.4/jackson-datatype-jdk8-2.11.4.jar' 
2022-04-19 13:57:26.582 DEBUG [acme.Launcher@main] Found classpath entry '/C:/Users/Manuel/.m2/repository/com/fasterxml/jackson/datatype/jackson-datatype-jsr310/2.11.4/jackson-datatype-jsr310-2.11.4.jar' 
2022-04-19 13:57:26.583 DEBUG [acme.Launcher@main] Found classpath entry '/C:/Users/Manuel/.m2/repository/com/fasterxml/jackson/module/jackson-module-parameter-names/2.11.4/jackson-module-parameter-names-2.11.4.jar' 
2022-04-19 13:57:26.583 DEBUG [acme.Launcher@main] Found classpath entry '/C:/Users/Manuel/.m2/repository/org/springframework/spring-webmvc/5.3.3/spring-webmvc-5.3.3.jar' 
2022-04-19 13:57:26.583 DEBUG [acme.Launcher@main] Found classpath entry '/C:/Users/Manuel/.m2/repository/org/apache/tiles/tiles-jsp/3.0.8/tiles-jsp-3.0.8.jar' 
2022-04-19 13:57:26.583 DEBUG [acme.Launcher@main] Found classpath entry '/C:/Users/Manuel/.m2/repository/org/apache/tiles/tiles-servlet/3.0.8/tiles-servlet-3.0.8.jar' 
2022-04-19 13:57:26.583 DEBUG [acme.Launcher@main] Found classpath entry '/C:/Users/Manuel/.m2/repository/org/apache/tiles/tiles-core/3.0.8/tiles-core-3.0.8.jar' 
2022-04-19 13:57:26.584 DEBUG [acme.Launcher@main] Found classpath entry '/C:/Users/Manuel/.m2/repository/commons-digester/commons-digester/2.0/commons-digester-2.0.jar' 
2022-04-19 13:57:26.584 DEBUG [acme.Launcher@main] Found classpath entry '/C:/Users/Manuel/.m2/repository/org/slf4j/jcl-over-slf4j/1.7.30/jcl-over-slf4j-1.7.30.jar' 
2022-04-19 13:57:26.584 DEBUG [acme.Launcher@main] Found classpath entry '/C:/Users/Manuel/.m2/repository/org/apache/tiles/tiles-request-servlet/1.0.7/tiles-request-servlet-1.0.7.jar' 
2022-04-19 13:57:26.584 DEBUG [acme.Launcher@main] Found classpath entry '/C:/Users/Manuel/.m2/repository/org/apache/tiles/tiles-template/3.0.8/tiles-template-3.0.8.jar' 
2022-04-19 13:57:26.585 DEBUG [acme.Launcher@main] Found classpath entry '/C:/Users/Manuel/.m2/repository/org/apache/tiles/tiles-api/3.0.8/tiles-api-3.0.8.jar' 
2022-04-19 13:57:26.585 DEBUG [acme.Launcher@main] Found classpath entry '/C:/Users/Manuel/.m2/repository/org/apache/tiles/tiles-autotag-core-runtime/1.2/tiles-autotag-core-runtime-1.2.jar' 
2022-04-19 13:57:26.585 DEBUG [acme.Launcher@main] Found classpath entry '/C:/Users/Manuel/.m2/repository/org/slf4j/slf4j-api/1.7.30/slf4j-api-1.7.30.jar' 
2022-04-19 13:57:26.585 DEBUG [acme.Launcher@main] Found classpath entry '/C:/Users/Manuel/.m2/repository/org/apache/tiles/tiles-request-jsp/1.0.7/tiles-request-jsp-1.0.7.jar' 
2022-04-19 13:57:26.586 DEBUG [acme.Launcher@main] Found classpath entry '/C:/Users/Manuel/.m2/repository/org/apache/tiles/tiles-request-api/1.0.7/tiles-request-api-1.0.7.jar' 
2022-04-19 13:57:26.586 DEBUG [acme.Launcher@main] Found classpath entry '/C:/Users/Manuel/.m2/repository/org/springframework/boot/spring-boot-starter-data-jpa/2.4.2/spring-boot-starter-data-jpa-2.4.2.jar' 
2022-04-19 13:57:26.586 DEBUG [acme.Launcher@main] Found classpath entry '/C:/Users/Manuel/.m2/repository/org/springframework/boot/spring-boot-starter-aop/2.4.2/spring-boot-starter-aop-2.4.2.jar' 
2022-04-19 13:57:26.586 DEBUG [acme.Launcher@main] Found classpath entry '/C:/Users/Manuel/.m2/repository/org/aspectj/aspectjweaver/1.9.6/aspectjweaver-1.9.6.jar' 
2022-04-19 13:57:26.586 DEBUG [acme.Launcher@main] Found classpath entry '/C:/Users/Manuel/.m2/repository/org/springframework/boot/spring-boot-starter-jdbc/2.4.2/spring-boot-starter-jdbc-2.4.2.jar' 
2022-04-19 13:57:26.586 DEBUG [acme.Launcher@main] Found classpath entry '/C:/Users/Manuel/.m2/repository/jakarta/transaction/jakarta.transaction-api/1.3.3/jakarta.transaction-api-1.3.3.jar' 
2022-04-19 13:57:26.587 DEBUG [acme.Launcher@main] Found classpath entry '/C:/Users/Manuel/.m2/repository/jakarta/persistence/jakarta.persistence-api/2.2.3/jakarta.persistence-api-2.2.3.jar' 
2022-04-19 13:57:26.587 DEBUG [acme.Launcher@main] Found classpath entry '/C:/Users/Manuel/.m2/repository/org/hibernate/hibernate-core/5.4.27.Final/hibernate-core-5.4.27.Final.jar' 
2022-04-19 13:57:26.587 DEBUG [acme.Launcher@main] Found classpath entry '/C:/Users/Manuel/.m2/repository/org/jboss/logging/jboss-logging/3.4.1.Final/jboss-logging-3.4.1.Final.jar' 
2022-04-19 13:57:26.587 DEBUG [acme.Launcher@main] Found classpath entry '/C:/Users/Manuel/.m2/repository/org/javassist/javassist/3.27.0-GA/javassist-3.27.0-GA.jar' 
2022-04-19 13:57:26.587 DEBUG [acme.Launcher@main] Found classpath entry '/C:/Users/Manuel/.m2/repository/antlr/antlr/2.7.7/antlr-2.7.7.jar' 
2022-04-19 13:57:26.588 DEBUG [acme.Launcher@main] Found classpath entry '/C:/Users/Manuel/.m2/repository/org/jboss/jandex/2.1.3.Final/jandex-2.1.3.Final.jar' 
2022-04-19 13:57:26.588 DEBUG [acme.Launcher@main] Found classpath entry '/C:/Users/Manuel/.m2/repository/com/fasterxml/classmate/1.5.1/classmate-1.5.1.jar' 
2022-04-19 13:57:26.588 DEBUG [acme.Launcher@main] Found classpath entry '/C:/Users/Manuel/.m2/repository/org/dom4j/dom4j/2.1.3/dom4j-2.1.3.jar' 
2022-04-19 13:57:26.588 DEBUG [acme.Launcher@main] Found classpath entry '/C:/Users/Manuel/.m2/repository/org/hibernate/common/hibernate-commons-annotations/5.1.2.Final/hibernate-commons-annotations-5.1.2.Final.jar' 
2022-04-19 13:57:26.588 DEBUG [acme.Launcher@main] Found classpath entry '/C:/Users/Manuel/.m2/repository/org/glassfish/jaxb/jaxb-runtime/2.3.3/jaxb-runtime-2.3.3.jar' 
2022-04-19 13:57:26.588 DEBUG [acme.Launcher@main] Found classpath entry '/C:/Users/Manuel/.m2/repository/org/glassfish/jaxb/txw2/2.3.3/txw2-2.3.3.jar' 
2022-04-19 13:57:26.588 DEBUG [acme.Launcher@main] Found classpath entry '/C:/Users/Manuel/.m2/repository/com/sun/istack/istack-commons-runtime/3.0.11/istack-commons-runtime-3.0.11.jar' 
2022-04-19 13:57:26.589 DEBUG [acme.Launcher@main] Found classpath entry '/C:/Users/Manuel/.m2/repository/com/sun/activation/jakarta.activation/1.2.2/jakarta.activation-1.2.2.jar' 
2022-04-19 13:57:26.589 DEBUG [acme.Launcher@main] Found classpath entry '/C:/Users/Manuel/.m2/repository/org/springframework/data/spring-data-jpa/2.4.3/spring-data-jpa-2.4.3.jar' 
2022-04-19 13:57:26.589 DEBUG [acme.Launcher@main] Found classpath entry '/C:/Users/Manuel/.m2/repository/org/springframework/data/spring-data-commons/2.4.3/spring-data-commons-2.4.3.jar' 
2022-04-19 13:57:26.589 DEBUG [acme.Launcher@main] Found classpath entry '/C:/Users/Manuel/.m2/repository/org/springframework/spring-orm/5.3.3/spring-orm-5.3.3.jar' 
2022-04-19 13:57:26.589 DEBUG [acme.Launcher@main] Found classpath entry '/C:/Users/Manuel/.m2/repository/org/springframework/spring-aspects/5.3.3/spring-aspects-5.3.3.jar' 
2022-04-19 13:57:26.589 DEBUG [acme.Launcher@main] Found classpath entry '/C:/Users/Manuel/.m2/repository/org/springframework/boot/spring-boot-starter-validation/2.4.2/spring-boot-starter-validation-2.4.2.jar' 
2022-04-19 13:57:26.590 DEBUG [acme.Launcher@main] Found classpath entry '/C:/Users/Manuel/.m2/repository/org/hibernate/validator/hibernate-validator/6.1.7.Final/hibernate-validator-6.1.7.Final.jar' 
2022-04-19 13:57:26.590 DEBUG [acme.Launcher@main] Found classpath entry '/C:/Users/Manuel/.m2/repository/jakarta/validation/jakarta.validation-api/2.0.2/jakarta.validation-api-2.0.2.jar' 
2022-04-19 13:57:26.590 DEBUG [acme.Launcher@main] Found classpath entry '/C:/Users/Manuel/.m2/repository/mysql/mysql-connector-java/8.0.22/mysql-connector-java-8.0.22.jar' 
2022-04-19 13:57:26.590 DEBUG [acme.Launcher@main] Found classpath entry '/C:/Users/Manuel/.m2/repository/com/zaxxer/HikariCP/3.4.5/HikariCP-3.4.5.jar' 
2022-04-19 13:57:26.590 DEBUG [acme.Launcher@main] Found classpath entry '/C:/Users/Manuel/.m2/repository/org/junit/jupiter/junit-jupiter-engine/5.7.0/junit-jupiter-engine-5.7.0.jar' 
2022-04-19 13:57:26.590 DEBUG [acme.Launcher@main] Found classpath entry '/C:/Users/Manuel/.m2/repository/org/apiguardian/apiguardian-api/1.1.0/apiguardian-api-1.1.0.jar' 
2022-04-19 13:57:26.590 DEBUG [acme.Launcher@main] Found classpath entry '/C:/Users/Manuel/.m2/repository/org/junit/platform/junit-platform-engine/1.7.0/junit-platform-engine-1.7.0.jar' 
2022-04-19 13:57:26.591 DEBUG [acme.Launcher@main] Found classpath entry '/C:/Users/Manuel/.m2/repository/org/junit/jupiter/junit-jupiter-api/5.7.0/junit-jupiter-api-5.7.0.jar' 
2022-04-19 13:57:26.592 DEBUG [acme.Launcher@main] Found classpath entry '/C:/Users/Manuel/.m2/repository/org/opentest4j/opentest4j/1.2.0/opentest4j-1.2.0.jar' 
2022-04-19 13:57:26.593 DEBUG [acme.Launcher@main] Found classpath entry '/C:/Users/Manuel/.m2/repository/org/junit/platform/junit-platform-commons/1.7.0/junit-platform-commons-1.7.0.jar' 
2022-04-19 13:57:26.593 DEBUG [acme.Launcher@main] Found classpath entry '/C:/Users/Manuel/.m2/repository/org/junit/jupiter/junit-jupiter-params/5.7.0/junit-jupiter-params-5.7.0.jar' 
2022-04-19 13:57:26.594 DEBUG [acme.Launcher@main] Found classpath entry '/C:/Users/Manuel/.m2/repository/org/junit/platform/junit-platform-launcher/1.7.0/junit-platform-launcher-1.7.0.jar' 
2022-04-19 13:57:26.595 DEBUG [acme.Launcher@main] Found classpath entry '/C:/Users/Manuel/.m2/repository/org/seleniumhq/selenium/selenium-java/3.141.59/selenium-java-3.141.59.jar' 
2022-04-19 13:57:26.595 DEBUG [acme.Launcher@main] Found classpath entry '/C:/Users/Manuel/.m2/repository/org/seleniumhq/selenium/selenium-api/3.141.59/selenium-api-3.141.59.jar' 
2022-04-19 13:57:26.595 DEBUG [acme.Launcher@main] Found classpath entry '/C:/Users/Manuel/.m2/repository/org/seleniumhq/selenium/selenium-chrome-driver/3.141.59/selenium-chrome-driver-3.141.59.jar' 
2022-04-19 13:57:26.595 DEBUG [acme.Launcher@main] Found classpath entry '/C:/Users/Manuel/.m2/repository/org/seleniumhq/selenium/selenium-edge-driver/3.141.59/selenium-edge-driver-3.141.59.jar' 
2022-04-19 13:57:26.596 DEBUG [acme.Launcher@main] Found classpath entry '/C:/Users/Manuel/.m2/repository/org/seleniumhq/selenium/selenium-firefox-driver/3.141.59/selenium-firefox-driver-3.141.59.jar' 
2022-04-19 13:57:26.596 DEBUG [acme.Launcher@main] Found classpath entry '/C:/Users/Manuel/.m2/repository/org/seleniumhq/selenium/selenium-ie-driver/3.141.59/selenium-ie-driver-3.141.59.jar' 
2022-04-19 13:57:26.596 DEBUG [acme.Launcher@main] Found classpath entry '/C:/Users/Manuel/.m2/repository/org/seleniumhq/selenium/selenium-opera-driver/3.141.59/selenium-opera-driver-3.141.59.jar' 
2022-04-19 13:57:26.596 DEBUG [acme.Launcher@main] Found classpath entry '/C:/Users/Manuel/.m2/repository/org/seleniumhq/selenium/selenium-remote-driver/3.141.59/selenium-remote-driver-3.141.59.jar' 
2022-04-19 13:57:26.596 DEBUG [acme.Launcher@main] Found classpath entry '/C:/Users/Manuel/.m2/repository/org/seleniumhq/selenium/selenium-safari-driver/3.141.59/selenium-safari-driver-3.141.59.jar' 
2022-04-19 13:57:26.597 DEBUG [acme.Launcher@main] Found classpath entry '/C:/Users/Manuel/.m2/repository/org/seleniumhq/selenium/selenium-support/3.141.59/selenium-support-3.141.59.jar' 
2022-04-19 13:57:26.597 DEBUG [acme.Launcher@main] Found classpath entry '/C:/Users/Manuel/.m2/repository/net/bytebuddy/byte-buddy/1.10.19/byte-buddy-1.10.19.jar' 
2022-04-19 13:57:26.597 DEBUG [acme.Launcher@main] Found classpath entry '/C:/Users/Manuel/.m2/repository/org/apache/commons/commons-exec/1.3/commons-exec-1.3.jar' 
2022-04-19 13:57:26.597 DEBUG [acme.Launcher@main] Found classpath entry '/C:/Users/Manuel/.m2/repository/com/google/guava/guava/25.0-jre/guava-25.0-jre.jar' 
2022-04-19 13:57:26.597 DEBUG [acme.Launcher@main] Found classpath entry '/C:/Users/Manuel/.m2/repository/com/google/code/findbugs/jsr305/1.3.9/jsr305-1.3.9.jar' 
2022-04-19 13:57:26.597 DEBUG [acme.Launcher@main] Found classpath entry '/C:/Users/Manuel/.m2/repository/org/checkerframework/checker-compat-qual/2.0.0/checker-compat-qual-2.0.0.jar' 
2022-04-19 13:57:26.598 DEBUG [acme.Launcher@main] Found classpath entry '/C:/Users/Manuel/.m2/repository/com/google/errorprone/error_prone_annotations/2.1.3/error_prone_annotations-2.1.3.jar' 
2022-04-19 13:57:26.598 DEBUG [acme.Launcher@main] Found classpath entry '/C:/Users/Manuel/.m2/repository/com/google/j2objc/j2objc-annotations/1.1/j2objc-annotations-1.1.jar' 
2022-04-19 13:57:26.598 DEBUG [acme.Launcher@main] Found classpath entry '/C:/Users/Manuel/.m2/repository/org/codehaus/mojo/animal-sniffer-annotations/1.14/animal-sniffer-annotations-1.14.jar' 
2022-04-19 13:57:26.598 DEBUG [acme.Launcher@main] Found classpath entry '/C:/Users/Manuel/.m2/repository/com/squareup/okhttp3/okhttp/3.14.9/okhttp-3.14.9.jar' 
2022-04-19 13:57:26.598 DEBUG [acme.Launcher@main] Found classpath entry '/C:/Users/Manuel/.m2/repository/com/squareup/okio/okio/1.14.0/okio-1.14.0.jar' 
2022-04-19 13:57:26.598 DEBUG [acme.Launcher@main] Found classpath entry '/C:/Users/Manuel/.m2/repository/org/apache/commons/commons-lang3/3.11/commons-lang3-3.11.jar' 
2022-04-19 13:57:26.598 DEBUG [acme.Launcher@main] Found classpath entry '/C:/Users/Manuel/.m2/repository/org/apache/commons/commons-text/1.8/commons-text-1.8.jar' 
2022-04-19 13:57:26.599 DEBUG [acme.Launcher@main] Found classpath entry '/C:/Users/Manuel/.m2/repository/commons-io/commons-io/2.6/commons-io-2.6.jar' 
2022-04-19 13:57:26.599 DEBUG [acme.Launcher@main] Found classpath entry '/C:/Users/Manuel/.m2/repository/commons-cli/commons-cli/1.4/commons-cli-1.4.jar' 
2022-04-19 13:57:26.599 DEBUG [acme.Launcher@main] Found classpath entry '/C:/Users/Manuel/.m2/repository/org/projectlombok/lombok/1.18.16/lombok-1.18.16.jar' 
2022-04-19 13:57:26.599 DEBUG [acme.Launcher@main] Found classpath entry '/C:/Users/Manuel/.m2/repository/com/opencsv/opencsv/5.4/opencsv-5.4.jar' 
2022-04-19 13:57:26.599 DEBUG [acme.Launcher@main] Found classpath entry '/C:/Users/Manuel/.m2/repository/commons-beanutils/commons-beanutils/1.9.4/commons-beanutils-1.9.4.jar' 
2022-04-19 13:57:26.599 DEBUG [acme.Launcher@main] Found classpath entry '/C:/Users/Manuel/.m2/repository/commons-logging/commons-logging/1.2/commons-logging-1.2.jar' 
2022-04-19 13:57:26.599 DEBUG [acme.Launcher@main] Found classpath entry '/C:/Users/Manuel/.m2/repository/commons-collections/commons-collections/3.2.2/commons-collections-3.2.2.jar' 
2022-04-19 13:57:26.600 DEBUG [acme.Launcher@main] Found classpath entry '/C:/Users/Manuel/.m2/repository/org/apache/commons/commons-collections4/4.4/commons-collections4-4.4.jar' 
2022-04-19 13:57:26.724 DEBUG [acme.Launcher@main] Found entity class 'acme.entities.Announcement 
2022-04-19 13:57:26.725 DEBUG [acme.Launcher@main] Found entity class 'acme.entities.Chirp 
2022-04-19 13:57:26.727 DEBUG [acme.Launcher@main] Found entity class 'acme.entities.Component 
2022-04-19 13:57:26.727 DEBUG [acme.Launcher@main] Found entity class 'acme.entities.SystemConfiguration 
2022-04-19 13:57:26.728 DEBUG [acme.Launcher@main] Found entity class 'acme.entities.item.Item 
2022-04-19 13:57:26.728 DEBUG [acme.Launcher@main] Found entity class 'acme.entities.patronage.Patronage 
2022-04-19 13:57:26.728 DEBUG [acme.Launcher@main] Found entity class 'acme.entities.toolkit.Toolkit 
2022-04-19 13:57:26.728 DEBUG [acme.Launcher@main] Found entity class 'acme.roles.Consumer 
2022-04-19 13:57:26.728 DEBUG [acme.Launcher@main] Found entity class 'acme.roles.Inventor 
2022-04-19 13:57:26.729 DEBUG [acme.Launcher@main] Found entity class 'acme.roles.Patron 
2022-04-19 13:57:26.729 DEBUG [acme.Launcher@main] Found entity class 'acme.roles.Provider 
2022-04-19 13:57:26.729 DEBUG [acme.Launcher@main] Found entity class 'acme.framework.entities.UserAccount 
2022-04-19 13:57:26.729 DEBUG [acme.Launcher@main] Found entity class 'acme.framework.roles.Administrator 
2022-04-19 13:57:26.729 DEBUG [acme.Launcher@main] Found entity class 'acme.framework.roles.Anonymous 
2022-04-19 13:57:26.729 DEBUG [acme.Launcher@main] Found entity class 'acme.framework.roles.Any 
2022-04-19 13:57:26.730 DEBUG [acme.Launcher@main] Found entity class 'acme.framework.roles.Authenticated 
2022-04-19 13:57:26.734 INFO  [acme.Launcher@main] Running application (Standalone) 
2022-04-19 13:57:54.630 DEBUG [acme.framework.components.tiles.DynamicTilesView@http-nio-8080-exec-1] View name 'fragments/welcome', model {} 
2022-04-19 13:57:54.651 DEBUG [org.apache.tiles.definition.dao.BaseLocaleUrlDefinitionDAO@http-nio-8080-exec-1] File Resource file:/C:/colegio/universidad/3/DP2/Workspace-22.0/Projects/Acme-One-E8.02/target/classes/WEB-INF/views/master/tiles_en.xml at file:/C:/colegio/universidad/3/DP2/Workspace-22.0/Projects/Acme-One-E8.02/target/classes/WEB-INF/views/master/tiles_en.xml not found, continue 
2022-04-19 13:57:54.660 DEBUG [org.apache.jasper.servlet.JspServlet@http-nio-8080-exec-1] JspEngine --> /WEB-INF/views/master/page.jsp 
2022-04-19 13:57:54.661 DEBUG [org.apache.jasper.servlet.JspServlet@http-nio-8080-exec-1] ServletPath: /WEB-INF/views/master/page.jsp 
2022-04-19 13:57:54.661 DEBUG [org.apache.jasper.servlet.JspServlet@http-nio-8080-exec-1] PathInfo: null 
2022-04-19 13:57:54.664 DEBUG [org.apache.jasper.servlet.JspServlet@http-nio-8080-exec-1] RealPath: C:\colegio\universidad\3\DP2\Workspace-22.0\Projects\Acme-One-E8.02\target\classes\WEB-INF\views\master\page.jsp 
2022-04-19 13:57:54.665 DEBUG [org.apache.jasper.servlet.JspServlet@http-nio-8080-exec-1] RequestURI: /hello-world-22.0/WEB-INF/views/master/page.jsp 
2022-04-19 13:57:54.665 DEBUG [org.apache.jasper.servlet.JspServlet@http-nio-8080-exec-1] QueryString: null 
2022-04-19 13:58:00.694 DEBUG [acme.framework.configuration.ExtendedMessageSource@http-nio-8080-exec-1] Loading properties [C:\colegio\universidad\3\DP2\Workspace-22.0\Projects\Acme-One-E8.02\target\classes\WEB-INF\views\administrator\user-account\messages-en.i18n] with encoding 'utf-8' 
2022-04-19 13:58:00.695 DEBUG [acme.framework.configuration.ExtendedMessageSource@http-nio-8080-exec-1] Loading properties [C:\colegio\universidad\3\DP2\Workspace-22.0\Projects\Acme-One-E8.02\target\classes\WEB-INF\views\anonymous\user-account\messages-en.i18n] with encoding 'utf-8' 
2022-04-19 13:58:00.696 DEBUG [acme.framework.configuration.ExtendedMessageSource@http-nio-8080-exec-1] Loading properties [C:\colegio\universidad\3\DP2\Workspace-22.0\Projects\Acme-One-E8.02\target\classes\WEB-INF\views\authenticated\consumer\messsages-en.i18n] with encoding 'utf-8' 
2022-04-19 13:58:00.697 DEBUG [acme.framework.configuration.ExtendedMessageSource@http-nio-8080-exec-1] Loading properties [C:\colegio\universidad\3\DP2\Workspace-22.0\Projects\Acme-One-E8.02\target\classes\WEB-INF\views\authenticated\provider\messsages-en.i18n] with encoding 'utf-8' 
2022-04-19 13:58:00.698 DEBUG [acme.framework.configuration.ExtendedMessageSource@http-nio-8080-exec-1] Loading properties [C:\colegio\universidad\3\DP2\Workspace-22.0\Projects\Acme-One-E8.02\target\classes\WEB-INF\views\authenticated\user-account\messages-en.i18n] with encoding 'utf-8' 
2022-04-19 13:58:00.698 DEBUG [acme.framework.configuration.ExtendedMessageSource@http-nio-8080-exec-1] Loading properties [C:\colegio\universidad\3\DP2\Workspace-22.0\Projects\Acme-One-E8.02\target\classes\WEB-INF\views\fragments\banner-en.i18n] with encoding 'utf-8' 
2022-04-19 13:58:00.699 DEBUG [acme.framework.configuration.ExtendedMessageSource@http-nio-8080-exec-1] Loading properties [C:\colegio\universidad\3\DP2\Workspace-22.0\Projects\Acme-One-E8.02\target\classes\WEB-INF\views\fragments\company-en.i18n] with encoding 'utf-8' 
2022-04-19 13:58:00.699 DEBUG [acme.framework.configuration.ExtendedMessageSource@http-nio-8080-exec-1] Loading properties [C:\colegio\universidad\3\DP2\Workspace-22.0\Projects\Acme-One-E8.02\target\classes\WEB-INF\views\fragments\footer-en.i18n] with encoding 'utf-8' 
2022-04-19 13:58:00.700 DEBUG [acme.framework.configuration.ExtendedMessageSource@http-nio-8080-exec-1] Loading properties [C:\colegio\universidad\3\DP2\Workspace-22.0\Projects\Acme-One-E8.02\target\classes\WEB-INF\views\fragments\license-en.i18n] with encoding 'utf-8' 
2022-04-19 13:58:00.700 DEBUG [acme.framework.configuration.ExtendedMessageSource@http-nio-8080-exec-1] Loading properties [C:\colegio\universidad\3\DP2\Workspace-22.0\Projects\Acme-One-E8.02\target\classes\WEB-INF\views\fragments\menu-en.i18n] with encoding 'utf-8' 
2022-04-19 13:58:00.701 DEBUG [acme.framework.configuration.ExtendedMessageSource@http-nio-8080-exec-1] Loading properties [C:\colegio\universidad\3\DP2\Workspace-22.0\Projects\Acme-One-E8.02\target\classes\WEB-INF\views\fragments\messsages-en.i18n] with encoding 'utf-8' 
2022-04-19 13:58:00.701 DEBUG [acme.framework.configuration.ExtendedMessageSource@http-nio-8080-exec-1] Loading properties [C:\colegio\universidad\3\DP2\Workspace-22.0\Projects\Acme-One-E8.02\target\classes\WEB-INF\views\fragments\title-en.i18n] with encoding 'utf-8' 
2022-04-19 13:58:00.702 DEBUG [acme.framework.configuration.ExtendedMessageSource@http-nio-8080-exec-1] Loading properties [C:\colegio\universidad\3\DP2\Workspace-22.0\Projects\Acme-One-E8.02\target\classes\WEB-INF\views\fragments\welcome-en.i18n] with encoding 'utf-8' 
2022-04-19 13:58:00.702 DEBUG [acme.framework.configuration.ExtendedMessageSource@http-nio-8080-exec-1] Loading properties [C:\colegio\universidad\3\DP2\Workspace-22.0\Projects\Acme-One-E8.02\target\classes\WEB-INF\views\inventor\announcement\messsages-en.i18n] with encoding 'utf-8' 
2022-04-19 13:58:00.703 DEBUG [acme.framework.configuration.ExtendedMessageSource@http-nio-8080-exec-1] Loading properties [C:\colegio\universidad\3\DP2\Workspace-22.0\Projects\Acme-One-E8.02\target\classes\WEB-INF\views\inventor\chirp\messsages-en.i18n] with encoding 'utf-8' 
2022-04-19 13:58:00.704 DEBUG [acme.framework.configuration.ExtendedMessageSource@http-nio-8080-exec-1] Loading properties [C:\colegio\universidad\3\DP2\Workspace-22.0\Projects\Acme-One-E8.02\target\classes\WEB-INF\views\inventor\component\messsages-en.i18n] with encoding 'utf-8' 
2022-04-19 13:58:00.705 DEBUG [acme.framework.configuration.ExtendedMessageSource@http-nio-8080-exec-1] Loading properties [C:\colegio\universidad\3\DP2\Workspace-22.0\Projects\Acme-One-E8.02\target\classes\WEB-INF\views\master\defaults-en.i18n] with encoding 'utf-8' 
2022-04-19 13:58:00.705 DEBUG [acme.framework.configuration.ExtendedMessageSource@http-nio-8080-exec-1] Loading properties [C:\colegio\universidad\3\DP2\Workspace-22.0\Projects\Acme-One-E8.02\target\classes\WEB-INF\views\master\master-en.i18n] with encoding 'utf-8' 
2022-04-19 13:58:00.706 DEBUG [acme.framework.configuration.ExtendedMessageSource@http-nio-8080-exec-1] Loading properties [C:\colegio\universidad\3\DP2\Workspace-22.0\Projects\Acme-One-E8.02\target\classes\WEB-INF\views\master\throwables-en.i18n] with encoding 'utf-8' 
2022-04-19 13:58:00.707 DEBUG [acme.framework.configuration.ExtendedMessageSource@http-nio-8080-exec-1] Loading properties [C:\colegio\universidad\3\DP2\Workspace-22.0\Projects\Acme-One-E8.02\target\classes\WEB-INF\views\master\validation-en.i18n] with encoding 'utf-8' 
2022-04-19 13:58:00.708 DEBUG [acme.framework.configuration.ExtendedMessageSource@http-nio-8080-exec-1] Loading properties [C:\colegio\universidad\3\DP2\Workspace-22.0\Projects\Acme-One-E8.02\target\classes\WEB-INF\views\patron\announcement\messsages-en.i18n] with encoding 'utf-8' 
2022-04-19 13:58:00.709 DEBUG [acme.framework.configuration.ExtendedMessageSource@http-nio-8080-exec-1] Loading properties [C:\colegio\universidad\3\DP2\Workspace-22.0\Projects\Acme-One-E8.02\target\classes\WEB-INF\views\patron\chirp\messsages-en.i18n] with encoding 'utf-8' 
2022-04-19 13:58:00.709 DEBUG [acme.framework.configuration.ExtendedMessageSource@http-nio-8080-exec-1] Loading properties [C:\colegio\universidad\3\DP2\Workspace-22.0\Projects\Acme-One-E8.02\target\classes\WEB-INF\views\patron\component\messsages-en.i18n] with encoding 'utf-8' 
2022-04-19 13:58:00.711 DEBUG [acme.framework.configuration.ExtendedMessageSource@http-nio-8080-exec-1] Loading properties [C:\colegio\universidad\3\DP2\Workspace-22.0\Projects\Acme-One-E8.02\target\classes\WEB-INF\views\patron\patron-dashboard\messages-en.i18n] with encoding 'utf-8' 
2022-04-19 13:58:00.875 DEBUG [org.apache.jasper.servlet.JspServlet@http-nio-8080-exec-1] JspEngine --> /WEB-INF/views/fragments/welcome.jsp 
2022-04-19 13:58:00.876 DEBUG [org.apache.jasper.servlet.JspServlet@http-nio-8080-exec-1] ServletPath: /WEB-INF/views/master/page.jsp 
2022-04-19 13:58:00.876 DEBUG [org.apache.jasper.servlet.JspServlet@http-nio-8080-exec-1] PathInfo: null 
2022-04-19 13:58:00.878 DEBUG [org.apache.jasper.servlet.JspServlet@http-nio-8080-exec-1] RealPath: C:\colegio\universidad\3\DP2\Workspace-22.0\Projects\Acme-One-E8.02\target\classes\WEB-INF\views\fragments\welcome.jsp 
2022-04-19 13:58:00.879 DEBUG [org.apache.jasper.servlet.JspServlet@http-nio-8080-exec-1] RequestURI: /hello-world-22.0/WEB-INF/views/master/page.jsp 
2022-04-19 13:58:00.879 DEBUG [org.apache.jasper.servlet.JspServlet@http-nio-8080-exec-1] QueryString: null 
2022-04-19 13:58:01.202 DEBUG [org.hibernate.SQL@http-nio-8080-exec-1] select useraccoun0_.id as id1_0_, useraccoun0_.version as version2_0_, useraccoun0_.enabled as enabled1_16_, useraccoun0_.identity as identity2_16_, useraccoun0_.password as password3_16_, useraccoun0_.username as username4_16_ from user_account useraccoun0_ where useraccoun0_.username=? 
2022-04-19 13:58:01.232 TRACE [org.hibernate.type.descriptor.sql.BasicBinder@http-nio-8080-exec-1] binding parameter [1] as [VARCHAR] - [anonymous] 
2022-04-19 13:58:01.295 DEBUG [org.hibernate.SQL@http-nio-8080-exec-1] select roles0_.user_account_id as user_acc1_17_0_, roles0_.id as id1_17_0_, roles0_.id as id1_0_1_, roles0_.version as version2_0_1_, roles0_.user_account_id as user_acc1_17_1_, roles0_.company as company1_8_1_, roles0_.sector as sector2_8_1_, roles0_.company as company1_9_1_, roles0_.link as link2_9_1_, roles0_.statement as statemen3_9_1_, roles0_.company as company1_11_1_, roles0_.link as link2_11_1_, roles0_.statement as statemen3_11_1_, roles0_.company as company1_13_1_, roles0_.sector as sector2_13_1_, roles0_.clazz_ as clazz_1_ from ( select id, version, user_account_id, company, sector, null as link, null as statement, 9 as clazz_ from consumer union all select id, version, user_account_id, company, null as sector, link, statement, 10 as clazz_ from inventor union all select id, version, user_account_id, company, null as sector, link, statement, 11 as clazz_ from patron union all select id, version, user_account_id, company, sector, null as link, null as statement, 12 as clazz_ from provider union all select id, version, user_account_id, null as company, null as sector, null as link, null as statement, 14 as clazz_ from administrator union all select id, version, user_account_id, null as company, null as sector, null as link, null as statement, 15 as clazz_ from anonymous union all select id, version, user_account_id, null as company, null as sector, null as link, null as statement, 16 as clazz_ from any union all select id, version, user_account_id, null as company, null as sector, null as link, null as statement, 17 as clazz_ from authenticated ) roles0_ where roles0_.user_account_id=? 
2022-04-19 13:58:01.295 TRACE [org.hibernate.type.descriptor.sql.BasicBinder@http-nio-8080-exec-1] binding parameter [1] as [INTEGER] - [7] 
2022-04-19 13:58:05.112 DEBUG [acme.framework.components.tiles.DynamicTilesView@http-nio-8080-exec-1] View name 'master/sign-in', model {username=, password=, remember=false} 
2022-04-19 13:58:05.114 DEBUG [org.apache.jasper.servlet.JspServlet@http-nio-8080-exec-1] JspEngine --> /WEB-INF/views/master/page.jsp 
2022-04-19 13:58:05.115 DEBUG [org.apache.jasper.servlet.JspServlet@http-nio-8080-exec-1] ServletPath: /WEB-INF/views/master/page.jsp 
2022-04-19 13:58:05.115 DEBUG [org.apache.jasper.servlet.JspServlet@http-nio-8080-exec-1] PathInfo: null 
2022-04-19 13:58:05.118 DEBUG [org.apache.jasper.servlet.JspServlet@http-nio-8080-exec-1] RealPath: C:\colegio\universidad\3\DP2\Workspace-22.0\Projects\Acme-One-E8.02\target\classes\WEB-INF\views\master\page.jsp 
2022-04-19 13:58:05.118 DEBUG [org.apache.jasper.servlet.JspServlet@http-nio-8080-exec-1] RequestURI: /hello-world-22.0/WEB-INF/views/master/page.jsp 
2022-04-19 13:58:05.119 DEBUG [org.apache.jasper.servlet.JspServlet@http-nio-8080-exec-1] QueryString: null 
2022-04-19 13:58:05.209 DEBUG [org.apache.jasper.servlet.JspServlet@http-nio-8080-exec-1] JspEngine --> /WEB-INF/views/master/sign-in.jsp 
2022-04-19 13:58:05.209 DEBUG [org.apache.jasper.servlet.JspServlet@http-nio-8080-exec-1] ServletPath: /WEB-INF/views/master/page.jsp 
2022-04-19 13:58:05.210 DEBUG [org.apache.jasper.servlet.JspServlet@http-nio-8080-exec-1] PathInfo: null 
2022-04-19 13:58:05.210 DEBUG [org.apache.jasper.servlet.JspServlet@http-nio-8080-exec-1] RealPath: C:\colegio\universidad\3\DP2\Workspace-22.0\Projects\Acme-One-E8.02\target\classes\WEB-INF\views\master\sign-in.jsp 
2022-04-19 13:58:05.211 DEBUG [org.apache.jasper.servlet.JspServlet@http-nio-8080-exec-1] RequestURI: /hello-world-22.0/WEB-INF/views/master/page.jsp 
2022-04-19 13:58:05.211 DEBUG [org.apache.jasper.servlet.JspServlet@http-nio-8080-exec-1] QueryString: null 
2022-04-19 13:58:06.930 DEBUG [org.hibernate.SQL@http-nio-8080-exec-1] select useraccoun0_.id as id1_0_, useraccoun0_.version as version2_0_, useraccoun0_.enabled as enabled1_16_, useraccoun0_.identity as identity2_16_, useraccoun0_.password as password3_16_, useraccoun0_.username as username4_16_ from user_account useraccoun0_ where useraccoun0_.username=? 
2022-04-19 13:58:06.931 TRACE [org.hibernate.type.descriptor.sql.BasicBinder@http-nio-8080-exec-1] binding parameter [1] as [VARCHAR] - [anonymous] 
2022-04-19 13:58:06.933 DEBUG [org.hibernate.SQL@http-nio-8080-exec-1] select roles0_.user_account_id as user_acc1_17_0_, roles0_.id as id1_17_0_, roles0_.id as id1_0_1_, roles0_.version as version2_0_1_, roles0_.user_account_id as user_acc1_17_1_, roles0_.company as company1_8_1_, roles0_.sector as sector2_8_1_, roles0_.company as company1_9_1_, roles0_.link as link2_9_1_, roles0_.statement as statemen3_9_1_, roles0_.company as company1_11_1_, roles0_.link as link2_11_1_, roles0_.statement as statemen3_11_1_, roles0_.company as company1_13_1_, roles0_.sector as sector2_13_1_, roles0_.clazz_ as clazz_1_ from ( select id, version, user_account_id, company, sector, null as link, null as statement, 9 as clazz_ from consumer union all select id, version, user_account_id, company, null as sector, link, statement, 10 as clazz_ from inventor union all select id, version, user_account_id, company, null as sector, link, statement, 11 as clazz_ from patron union all select id, version, user_account_id, company, sector, null as link, null as statement, 12 as clazz_ from provider union all select id, version, user_account_id, null as company, null as sector, null as link, null as statement, 14 as clazz_ from administrator union all select id, version, user_account_id, null as company, null as sector, null as link, null as statement, 15 as clazz_ from anonymous union all select id, version, user_account_id, null as company, null as sector, null as link, null as statement, 16 as clazz_ from any union all select id, version, user_account_id, null as company, null as sector, null as link, null as statement, 17 as clazz_ from authenticated ) roles0_ where roles0_.user_account_id=? 
2022-04-19 13:58:06.934 TRACE [org.hibernate.type.descriptor.sql.BasicBinder@http-nio-8080-exec-1] binding parameter [1] as [INTEGER] - [7] 
2022-04-19 13:58:17.931 DEBUG [org.hibernate.SQL@http-nio-8080-exec-8] select useraccoun0_.id as id1_0_, useraccoun0_.version as version2_0_, useraccoun0_.enabled as enabled1_16_, useraccoun0_.identity as identity2_16_, useraccoun0_.password as password3_16_, useraccoun0_.username as username4_16_ from user_account useraccoun0_ where useraccoun0_.username=? 
2022-04-19 13:58:17.932 TRACE [org.hibernate.type.descriptor.sql.BasicBinder@http-nio-8080-exec-8] binding parameter [1] as [VARCHAR] - [patron1] 
2022-04-19 13:58:17.934 DEBUG [org.hibernate.SQL@http-nio-8080-exec-8] select roles0_.user_account_id as user_acc1_17_0_, roles0_.id as id1_17_0_, roles0_.id as id1_0_1_, roles0_.version as version2_0_1_, roles0_.user_account_id as user_acc1_17_1_, roles0_.company as company1_8_1_, roles0_.sector as sector2_8_1_, roles0_.company as company1_9_1_, roles0_.link as link2_9_1_, roles0_.statement as statemen3_9_1_, roles0_.company as company1_11_1_, roles0_.link as link2_11_1_, roles0_.statement as statemen3_11_1_, roles0_.company as company1_13_1_, roles0_.sector as sector2_13_1_, roles0_.clazz_ as clazz_1_ from ( select id, version, user_account_id, company, sector, null as link, null as statement, 9 as clazz_ from consumer union all select id, version, user_account_id, company, null as sector, link, statement, 10 as clazz_ from inventor union all select id, version, user_account_id, company, null as sector, link, statement, 11 as clazz_ from patron union all select id, version, user_account_id, company, sector, null as link, null as statement, 12 as clazz_ from provider union all select id, version, user_account_id, null as company, null as sector, null as link, null as statement, 14 as clazz_ from administrator union all select id, version, user_account_id, null as company, null as sector, null as link, null as statement, 15 as clazz_ from anonymous union all select id, version, user_account_id, null as company, null as sector, null as link, null as statement, 16 as clazz_ from any union all select id, version, user_account_id, null as company, null as sector, null as link, null as statement, 17 as clazz_ from authenticated ) roles0_ where roles0_.user_account_id=? 
2022-04-19 13:58:17.936 TRACE [org.hibernate.type.descriptor.sql.BasicBinder@http-nio-8080-exec-8] binding parameter [1] as [INTEGER] - [9] 
2022-04-19 13:58:17.964 DEBUG [acme.framework.components.tiles.DynamicTilesView@http-nio-8080-exec-6] View name 'fragments/welcome', model {} 
2022-04-19 13:58:17.966 DEBUG [org.apache.jasper.servlet.JspServlet@http-nio-8080-exec-6] JspEngine --> /WEB-INF/views/master/page.jsp 
2022-04-19 13:58:17.966 DEBUG [org.apache.jasper.servlet.JspServlet@http-nio-8080-exec-6] ServletPath: /WEB-INF/views/master/page.jsp 
2022-04-19 13:58:17.967 DEBUG [org.apache.jasper.servlet.JspServlet@http-nio-8080-exec-6] PathInfo: null 
2022-04-19 13:58:17.970 DEBUG [org.apache.jasper.servlet.JspServlet@http-nio-8080-exec-6] RealPath: C:\colegio\universidad\3\DP2\Workspace-22.0\Projects\Acme-One-E8.02\target\classes\WEB-INF\views\master\page.jsp 
2022-04-19 13:58:17.970 DEBUG [org.apache.jasper.servlet.JspServlet@http-nio-8080-exec-6] RequestURI: /hello-world-22.0/WEB-INF/views/master/page.jsp 
2022-04-19 13:58:17.971 DEBUG [org.apache.jasper.servlet.JspServlet@http-nio-8080-exec-6] QueryString: null 
2022-04-19 13:58:18.058 DEBUG [org.apache.jasper.servlet.JspServlet@http-nio-8080-exec-6] JspEngine --> /WEB-INF/views/fragments/welcome.jsp 
2022-04-19 13:58:18.058 DEBUG [org.apache.jasper.servlet.JspServlet@http-nio-8080-exec-6] ServletPath: /WEB-INF/views/master/page.jsp 
2022-04-19 13:58:18.058 DEBUG [org.apache.jasper.servlet.JspServlet@http-nio-8080-exec-6] PathInfo: null 
2022-04-19 13:58:18.060 DEBUG [org.apache.jasper.servlet.JspServlet@http-nio-8080-exec-6] RealPath: C:\colegio\universidad\3\DP2\Workspace-22.0\Projects\Acme-One-E8.02\target\classes\WEB-INF\views\fragments\welcome.jsp 
2022-04-19 13:58:18.060 DEBUG [org.apache.jasper.servlet.JspServlet@http-nio-8080-exec-6] RequestURI: /hello-world-22.0/WEB-INF/views/master/page.jsp 
2022-04-19 13:58:18.060 DEBUG [org.apache.jasper.servlet.JspServlet@http-nio-8080-exec-6] QueryString: null 
2022-04-19 13:58:22.630 DEBUG [acme.framework.controllers.AbstractController@http-nio-8080-exec-6] DISPATCHING GET /hello-world-22.0/patron/patron-dashboard/show 
2022-04-19 13:58:22.631 DEBUG [acme.framework.controllers.AbstractController@http-nio-8080-exec-6] Command: show 
2022-04-19 13:58:22.631 DEBUG [acme.framework.controllers.AbstractController@http-nio-8080-exec-6] Model:   {} 
2022-04-19 13:58:22.631 DEBUG [acme.framework.controllers.AbstractController@http-nio-8080-exec-6] Locale:  en 
2022-04-19 13:58:22.655 DEBUG [org.hibernate.SQL@http-nio-8080-exec-6] select count(patronage0_.id) as col_0_0_ from patronage patronage0_ where patronage0_.patron_id=? and patronage0_.status=? 
2022-04-19 13:58:22.656 TRACE [org.hibernate.type.descriptor.sql.BasicBinder@http-nio-8080-exec-6] binding parameter [1] as [INTEGER] - [15] 
2022-04-19 13:58:22.656 TRACE [org.hibernate.type.descriptor.sql.BasicBinder@http-nio-8080-exec-6] binding parameter [2] as [INTEGER] - [0] 
2022-04-19 13:58:22.659 DEBUG [org.hibernate.SQL@http-nio-8080-exec-6] select count(patronage0_.id) as col_0_0_ from patronage patronage0_ where patronage0_.patron_id=? and patronage0_.status=? 
2022-04-19 13:58:22.659 TRACE [org.hibernate.type.descriptor.sql.BasicBinder@http-nio-8080-exec-6] binding parameter [1] as [INTEGER] - [15] 
2022-04-19 13:58:22.660 TRACE [org.hibernate.type.descriptor.sql.BasicBinder@http-nio-8080-exec-6] binding parameter [2] as [INTEGER] - [1] 
2022-04-19 13:58:22.661 DEBUG [org.hibernate.SQL@http-nio-8080-exec-6] select count(patronage0_.id) as col_0_0_ from patronage patronage0_ where patronage0_.patron_id=? and patronage0_.status=? 
2022-04-19 13:58:22.662 TRACE [org.hibernate.type.descriptor.sql.BasicBinder@http-nio-8080-exec-6] binding parameter [1] as [INTEGER] - [15] 
2022-04-19 13:58:22.662 TRACE [org.hibernate.type.descriptor.sql.BasicBinder@http-nio-8080-exec-6] binding parameter [2] as [INTEGER] - [2] 
2022-04-19 13:58:22.665 DEBUG [org.hibernate.SQL@http-nio-8080-exec-6] select avg(patronage0_.budget_amount) as col_0_0_ from patronage patronage0_ where patronage0_.patron_id=? and patronage0_.status=? 
2022-04-19 13:58:22.665 TRACE [org.hibernate.type.descriptor.sql.BasicBinder@http-nio-8080-exec-6] binding parameter [1] as [INTEGER] - [15] 
2022-04-19 13:58:22.665 TRACE [org.hibernate.type.descriptor.sql.BasicBinder@http-nio-8080-exec-6] binding parameter [2] as [INTEGER] - [0] 
2022-04-19 13:58:22.668 DEBUG [org.hibernate.SQL@http-nio-8080-exec-6] select avg(patronage0_.budget_amount) as col_0_0_ from patronage patronage0_ where patronage0_.patron_id=? and patronage0_.status=? 
2022-04-19 13:58:22.669 TRACE [org.hibernate.type.descriptor.sql.BasicBinder@http-nio-8080-exec-6] binding parameter [1] as [INTEGER] - [15] 
2022-04-19 13:58:22.669 TRACE [org.hibernate.type.descriptor.sql.BasicBinder@http-nio-8080-exec-6] binding parameter [2] as [INTEGER] - [1] 
2022-04-19 13:58:22.671 DEBUG [org.hibernate.SQL@http-nio-8080-exec-6] select avg(patronage0_.budget_amount) as col_0_0_ from patronage patronage0_ where patronage0_.patron_id=? and patronage0_.status=? 
2022-04-19 13:58:22.671 TRACE [org.hibernate.type.descriptor.sql.BasicBinder@http-nio-8080-exec-6] binding parameter [1] as [INTEGER] - [15] 
2022-04-19 13:58:22.671 TRACE [org.hibernate.type.descriptor.sql.BasicBinder@http-nio-8080-exec-6] binding parameter [2] as [INTEGER] - [2] 
2022-04-19 13:58:22.674 DEBUG [org.hibernate.SQL@http-nio-8080-exec-6] select std(patronage0_.budget_amount) as col_0_0_ from patronage patronage0_ where patronage0_.patron_id=? and patronage0_.status=? 
2022-04-19 13:58:22.675 TRACE [org.hibernate.type.descriptor.sql.BasicBinder@http-nio-8080-exec-6] binding parameter [1] as [INTEGER] - [15] 
2022-04-19 13:58:22.675 TRACE [org.hibernate.type.descriptor.sql.BasicBinder@http-nio-8080-exec-6] binding parameter [2] as [INTEGER] - [0] 
2022-04-19 13:58:22.676 DEBUG [org.hibernate.SQL@http-nio-8080-exec-6] select std(patronage0_.budget_amount) as col_0_0_ from patronage patronage0_ where patronage0_.patron_id=? and patronage0_.status=? 
2022-04-19 13:58:22.677 TRACE [org.hibernate.type.descriptor.sql.BasicBinder@http-nio-8080-exec-6] binding parameter [1] as [INTEGER] - [15] 
2022-04-19 13:58:22.677 TRACE [org.hibernate.type.descriptor.sql.BasicBinder@http-nio-8080-exec-6] binding parameter [2] as [INTEGER] - [1] 
2022-04-19 13:58:22.679 DEBUG [org.hibernate.SQL@http-nio-8080-exec-6] select std(patronage0_.budget_amount) as col_0_0_ from patronage patronage0_ where patronage0_.patron_id=? and patronage0_.status=? 
2022-04-19 13:58:22.679 TRACE [org.hibernate.type.descriptor.sql.BasicBinder@http-nio-8080-exec-6] binding parameter [1] as [INTEGER] - [15] 
2022-04-19 13:58:22.679 TRACE [org.hibernate.type.descriptor.sql.BasicBinder@http-nio-8080-exec-6] binding parameter [2] as [INTEGER] - [2] 
2022-04-19 13:58:22.681 DEBUG [org.hibernate.SQL@http-nio-8080-exec-6] select min(patronage0_.budget_amount) as col_0_0_ from patronage patronage0_ where patronage0_.patron_id=? and patronage0_.status=? 
2022-04-19 13:58:22.682 TRACE [org.hibernate.type.descriptor.sql.BasicBinder@http-nio-8080-exec-6] binding parameter [1] as [INTEGER] - [15] 
2022-04-19 13:58:22.682 TRACE [org.hibernate.type.descriptor.sql.BasicBinder@http-nio-8080-exec-6] binding parameter [2] as [INTEGER] - [0] 
2022-04-19 13:58:22.684 DEBUG [org.hibernate.SQL@http-nio-8080-exec-6] select min(patronage0_.budget_amount) as col_0_0_ from patronage patronage0_ where patronage0_.patron_id=? and patronage0_.status=? 
2022-04-19 13:58:22.684 TRACE [org.hibernate.type.descriptor.sql.BasicBinder@http-nio-8080-exec-6] binding parameter [1] as [INTEGER] - [15] 
2022-04-19 13:58:22.684 TRACE [org.hibernate.type.descriptor.sql.BasicBinder@http-nio-8080-exec-6] binding parameter [2] as [INTEGER] - [1] 
2022-04-19 13:58:22.686 DEBUG [org.hibernate.SQL@http-nio-8080-exec-6] select min(patronage0_.budget_amount) as col_0_0_ from patronage patronage0_ where patronage0_.patron_id=? and patronage0_.status=? 
2022-04-19 13:58:22.687 TRACE [org.hibernate.type.descriptor.sql.BasicBinder@http-nio-8080-exec-6] binding parameter [1] as [INTEGER] - [15] 
2022-04-19 13:58:22.687 TRACE [org.hibernate.type.descriptor.sql.BasicBinder@http-nio-8080-exec-6] binding parameter [2] as [INTEGER] - [2] 
2022-04-19 13:58:22.689 DEBUG [org.hibernate.SQL@http-nio-8080-exec-6] select max(patronage0_.budget_amount) as col_0_0_ from patronage patronage0_ where patronage0_.patron_id=? and patronage0_.status=? 
2022-04-19 13:58:22.690 TRACE [org.hibernate.type.descriptor.sql.BasicBinder@http-nio-8080-exec-6] binding parameter [1] as [INTEGER] - [15] 
2022-04-19 13:58:22.690 TRACE [org.hibernate.type.descriptor.sql.BasicBinder@http-nio-8080-exec-6] binding parameter [2] as [INTEGER] - [0] 
2022-04-19 13:58:22.691 DEBUG [org.hibernate.SQL@http-nio-8080-exec-6] select max(patronage0_.budget_amount) as col_0_0_ from patronage patronage0_ where patronage0_.patron_id=? and patronage0_.status=? 
2022-04-19 13:58:22.692 TRACE [org.hibernate.type.descriptor.sql.BasicBinder@http-nio-8080-exec-6] binding parameter [1] as [INTEGER] - [15] 
2022-04-19 13:58:22.692 TRACE [org.hibernate.type.descriptor.sql.BasicBinder@http-nio-8080-exec-6] binding parameter [2] as [INTEGER] - [1] 
2022-04-19 13:58:22.693 DEBUG [org.hibernate.SQL@http-nio-8080-exec-6] select max(patronage0_.budget_amount) as col_0_0_ from patronage patronage0_ where patronage0_.patron_id=? and patronage0_.status=? 
2022-04-19 13:58:22.694 TRACE [org.hibernate.type.descriptor.sql.BasicBinder@http-nio-8080-exec-6] binding parameter [1] as [INTEGER] - [15] 
2022-04-19 13:58:22.694 TRACE [org.hibernate.type.descriptor.sql.BasicBinder@http-nio-8080-exec-6] binding parameter [2] as [INTEGER] - [2] 
2022-04-19 13:58:22.710 DEBUG [acme.framework.controllers.AbstractController@http-nio-8080-exec-6] SERVING GET /hello-world-22.0/patron/patron-dashboard/show 
2022-04-19 13:58:22.711 DEBUG [acme.framework.controllers.AbstractController@http-nio-8080-exec-6] Result: ModelAndView [view="patron/patron-dashboard/form"; model={totalPatronages=null, deviationPatronageBudgetPerState=null, averagePatronageBudgetPerState=null, maximumPatronageBudgetPerState=null, minimumPatronageBudgetPerState=null, command=show, principal=acme.framework.entities.Principal@1c324531}] 
2022-04-19 13:58:22.715 DEBUG [acme.framework.components.tiles.DynamicTilesView@http-nio-8080-exec-6] View name 'patron/patron-dashboard/form', model {totalPatronages=null, deviationPatronageBudgetPerState=null, averagePatronageBudgetPerState=null, maximumPatronageBudgetPerState=null, minimumPatronageBudgetPerState=null, command=show, principal=acme.framework.entities.Principal@1c324531, org.springframework.validation.BindingResult.principal=org.springframework.validation.BeanPropertyBindingResult: 0 errors} 
2022-04-19 13:58:22.717 DEBUG [org.apache.jasper.servlet.JspServlet@http-nio-8080-exec-6] JspEngine --> /WEB-INF/views/master/page.jsp 
2022-04-19 13:58:22.717 DEBUG [org.apache.jasper.servlet.JspServlet@http-nio-8080-exec-6] ServletPath: /WEB-INF/views/master/page.jsp 
2022-04-19 13:58:22.717 DEBUG [org.apache.jasper.servlet.JspServlet@http-nio-8080-exec-6] PathInfo: null 
2022-04-19 13:58:22.718 DEBUG [org.apache.jasper.servlet.JspServlet@http-nio-8080-exec-6] RealPath: C:\colegio\universidad\3\DP2\Workspace-22.0\Projects\Acme-One-E8.02\target\classes\WEB-INF\views\master\page.jsp 
2022-04-19 13:58:22.718 DEBUG [org.apache.jasper.servlet.JspServlet@http-nio-8080-exec-6] RequestURI: /hello-world-22.0/WEB-INF/views/master/page.jsp 
2022-04-19 13:58:22.718 DEBUG [org.apache.jasper.servlet.JspServlet@http-nio-8080-exec-6] QueryString: null 
2022-04-19 13:58:22.792 DEBUG [org.apache.jasper.servlet.JspServlet@http-nio-8080-exec-6] JspEngine --> /WEB-INF/views/patron/patron-dashboard/form.jsp 
2022-04-19 13:58:22.793 DEBUG [org.apache.jasper.servlet.JspServlet@http-nio-8080-exec-6] ServletPath: /WEB-INF/views/master/page.jsp 
2022-04-19 13:58:22.793 DEBUG [org.apache.jasper.servlet.JspServlet@http-nio-8080-exec-6] PathInfo: null 
2022-04-19 13:58:22.795 DEBUG [org.apache.jasper.servlet.JspServlet@http-nio-8080-exec-6] RealPath: C:\colegio\universidad\3\DP2\Workspace-22.0\Projects\Acme-One-E8.02\target\classes\WEB-INF\views\patron\patron-dashboard\form.jsp 
2022-04-19 13:58:22.795 DEBUG [org.apache.jasper.servlet.JspServlet@http-nio-8080-exec-6] RequestURI: /hello-world-22.0/WEB-INF/views/master/page.jsp 
2022-04-19 13:58:22.795 DEBUG [org.apache.jasper.servlet.JspServlet@http-nio-8080-exec-6] QueryString: null 
