2022-04-06 14:58:57.461 INFO  [acme.Launcher@main] Starting Launcher using Java 1.8.0_281 on DESKTOP-VF7K1NA with PID 2612 (C:\Users\Grego\Desktop\Workspace-22.0\Frameworks\Acme-Framework-22.3\target\classes started by Grego in C:\Users\Grego\Desktop\Workspace-22.0\Projects\Acme-One-E8.02) 
2022-04-06 14:58:57.461 DEBUG [acme.Launcher@main] Running with Spring Boot v2.4.2, Spring v5.3.3 
2022-04-06 14:58:57.462 INFO  [acme.Launcher@main] The following profiles are active: development,default 
2022-04-06 14:58:59.094 DEBUG [org.apache.jasper.servlet.JasperInitializer@main] Initializing Jasper for context [application] 
2022-04-06 14:59:02.498 DEBUG [org.apache.jasper.servlet.JspServlet@main] Scratch dir for the JSP engine is: [C:\Users\Grego\AppData\Local\Temp\tomcat.8080.7708311127346394692\work\Tomcat\localhost\hello-world-22.0] 
2022-04-06 14:59:02.498 DEBUG [org.apache.jasper.servlet.JspServlet@main] IMPORTANT: Do not modify the generated servlets 
2022-04-06 14:59:02.511 INFO  [acme.Launcher@main] Started Launcher in 5.955 seconds (JVM running for 6.613) 
2022-04-06 14:59:02.519 DEBUG [acme.Launcher@main] Found classpath entry '/C:/Users/Grego/Desktop/Workspace-22.0/Projects/Acme-One-E8.02/target/classes/' 
2022-04-06 14:59:02.523 DEBUG [acme.Launcher@main] Found classpath entry '/C:/Users/Grego/Desktop/Workspace-22.0/Projects/Acme-One-E8.02/target/test-classes/' 
2022-04-06 14:59:02.523 DEBUG [acme.Launcher@main] Found classpath entry '/C:/Users/Grego/.m2/repository/org/springframework/boot/spring-boot-starter-tomcat/2.4.2/spring-boot-starter-tomcat-2.4.2.jar' 
2022-04-06 14:59:02.523 DEBUG [acme.Launcher@main] Found classpath entry '/C:/Users/Grego/.m2/repository/jakarta/annotation/jakarta.annotation-api/1.3.5/jakarta.annotation-api-1.3.5.jar' 
2022-04-06 14:59:02.523 DEBUG [acme.Launcher@main] Found classpath entry '/C:/Users/Grego/.m2/repository/org/apache/tomcat/embed/tomcat-embed-core/9.0.41/tomcat-embed-core-9.0.41.jar' 
2022-04-06 14:59:02.524 DEBUG [acme.Launcher@main] Found classpath entry '/C:/Users/Grego/.m2/repository/org/glassfish/jakarta.el/3.0.3/jakarta.el-3.0.3.jar' 
2022-04-06 14:59:02.524 DEBUG [acme.Launcher@main] Found classpath entry '/C:/Users/Grego/.m2/repository/org/apache/tomcat/embed/tomcat-embed-websocket/9.0.41/tomcat-embed-websocket-9.0.41.jar' 
2022-04-06 14:59:02.524 DEBUG [acme.Launcher@main] Found classpath entry '/C:/Users/Grego/.m2/repository/org/apache/tomcat/embed/tomcat-embed-jasper/9.0.41/tomcat-embed-jasper-9.0.41.jar' 
2022-04-06 14:59:02.525 DEBUG [acme.Launcher@main] Found classpath entry '/C:/Users/Grego/.m2/repository/org/apache/tomcat/embed/tomcat-embed-el/9.0.41/tomcat-embed-el-9.0.41.jar' 
2022-04-06 14:59:02.525 DEBUG [acme.Launcher@main] Found classpath entry '/C:/Users/Grego/.m2/repository/org/eclipse/jdt/ecj/3.18.0/ecj-3.18.0.jar' 
2022-04-06 14:59:02.525 DEBUG [acme.Launcher@main] Found classpath entry '/C:/Users/Grego/.m2/repository/javax/servlet/jstl/1.2/jstl-1.2.jar' 
2022-04-06 14:59:02.525 DEBUG [acme.Launcher@main] Found classpath entry '/C:/Users/Grego/.m2/repository/org/springframework/boot/spring-boot-starter-test/2.4.2/spring-boot-starter-test-2.4.2.jar' 
2022-04-06 14:59:02.526 DEBUG [acme.Launcher@main] Found classpath entry '/C:/Users/Grego/.m2/repository/org/springframework/boot/spring-boot-starter/2.4.2/spring-boot-starter-2.4.2.jar' 
2022-04-06 14:59:02.526 DEBUG [acme.Launcher@main] Found classpath entry '/C:/Users/Grego/.m2/repository/org/springframework/boot/spring-boot/2.4.2/spring-boot-2.4.2.jar' 
2022-04-06 14:59:02.526 DEBUG [acme.Launcher@main] Found classpath entry '/C:/Users/Grego/.m2/repository/org/springframework/boot/spring-boot-autoconfigure/2.4.2/spring-boot-autoconfigure-2.4.2.jar' 
2022-04-06 14:59:02.526 DEBUG [acme.Launcher@main] Found classpath entry '/C:/Users/Grego/.m2/repository/org/springframework/boot/spring-boot-starter-logging/2.4.2/spring-boot-starter-logging-2.4.2.jar' 
2022-04-06 14:59:02.526 DEBUG [acme.Launcher@main] Found classpath entry '/C:/Users/Grego/.m2/repository/ch/qos/logback/logback-classic/1.2.3/logback-classic-1.2.3.jar' 
2022-04-06 14:59:02.527 DEBUG [acme.Launcher@main] Found classpath entry '/C:/Users/Grego/.m2/repository/ch/qos/logback/logback-core/1.2.3/logback-core-1.2.3.jar' 
2022-04-06 14:59:02.527 DEBUG [acme.Launcher@main] Found classpath entry '/C:/Users/Grego/.m2/repository/org/apache/logging/log4j/log4j-to-slf4j/2.13.3/log4j-to-slf4j-2.13.3.jar' 
2022-04-06 14:59:02.527 DEBUG [acme.Launcher@main] Found classpath entry '/C:/Users/Grego/.m2/repository/org/apache/logging/log4j/log4j-api/2.13.3/log4j-api-2.13.3.jar' 
2022-04-06 14:59:02.528 DEBUG [acme.Launcher@main] Found classpath entry '/C:/Users/Grego/.m2/repository/org/slf4j/jul-to-slf4j/1.7.30/jul-to-slf4j-1.7.30.jar' 
2022-04-06 14:59:02.528 DEBUG [acme.Launcher@main] Found classpath entry '/C:/Users/Grego/.m2/repository/org/yaml/snakeyaml/1.27/snakeyaml-1.27.jar' 
2022-04-06 14:59:02.529 DEBUG [acme.Launcher@main] Found classpath entry '/C:/Users/Grego/.m2/repository/org/springframework/boot/spring-boot-test/2.4.2/spring-boot-test-2.4.2.jar' 
2022-04-06 14:59:02.529 DEBUG [acme.Launcher@main] Found classpath entry '/C:/Users/Grego/.m2/repository/org/springframework/boot/spring-boot-test-autoconfigure/2.4.2/spring-boot-test-autoconfigure-2.4.2.jar' 
2022-04-06 14:59:02.530 DEBUG [acme.Launcher@main] Found classpath entry '/C:/Users/Grego/.m2/repository/com/jayway/jsonpath/json-path/2.4.0/json-path-2.4.0.jar' 
2022-04-06 14:59:02.530 DEBUG [acme.Launcher@main] Found classpath entry '/C:/Users/Grego/.m2/repository/net/minidev/json-smart/2.3/json-smart-2.3.jar' 
2022-04-06 14:59:02.531 DEBUG [acme.Launcher@main] Found classpath entry '/C:/Users/Grego/.m2/repository/net/minidev/accessors-smart/1.2/accessors-smart-1.2.jar' 
2022-04-06 14:59:02.531 DEBUG [acme.Launcher@main] Found classpath entry '/C:/Users/Grego/.m2/repository/org/ow2/asm/asm/5.0.4/asm-5.0.4.jar' 
2022-04-06 14:59:02.531 DEBUG [acme.Launcher@main] Found classpath entry '/C:/Users/Grego/.m2/repository/jakarta/xml/bind/jakarta.xml.bind-api/2.3.3/jakarta.xml.bind-api-2.3.3.jar' 
2022-04-06 14:59:02.532 DEBUG [acme.Launcher@main] Found classpath entry '/C:/Users/Grego/.m2/repository/jakarta/activation/jakarta.activation-api/1.2.2/jakarta.activation-api-1.2.2.jar' 
2022-04-06 14:59:02.532 DEBUG [acme.Launcher@main] Found classpath entry '/C:/Users/Grego/.m2/repository/org/assertj/assertj-core/3.18.1/assertj-core-3.18.1.jar' 
2022-04-06 14:59:02.533 DEBUG [acme.Launcher@main] Found classpath entry '/C:/Users/Grego/.m2/repository/org/hamcrest/hamcrest/2.2/hamcrest-2.2.jar' 
2022-04-06 14:59:02.534 DEBUG [acme.Launcher@main] Found classpath entry '/C:/Users/Grego/.m2/repository/org/junit/jupiter/junit-jupiter/5.7.0/junit-jupiter-5.7.0.jar' 
2022-04-06 14:59:02.534 DEBUG [acme.Launcher@main] Found classpath entry '/C:/Users/Grego/.m2/repository/org/mockito/mockito-core/3.6.28/mockito-core-3.6.28.jar' 
2022-04-06 14:59:02.534 DEBUG [acme.Launcher@main] Found classpath entry '/C:/Users/Grego/.m2/repository/net/bytebuddy/byte-buddy-agent/1.10.19/byte-buddy-agent-1.10.19.jar' 
2022-04-06 14:59:02.534 DEBUG [acme.Launcher@main] Found classpath entry '/C:/Users/Grego/.m2/repository/org/objenesis/objenesis/3.1/objenesis-3.1.jar' 
2022-04-06 14:59:02.534 DEBUG [acme.Launcher@main] Found classpath entry '/C:/Users/Grego/.m2/repository/org/mockito/mockito-junit-jupiter/3.6.28/mockito-junit-jupiter-3.6.28.jar' 
2022-04-06 14:59:02.534 DEBUG [acme.Launcher@main] Found classpath entry '/C:/Users/Grego/.m2/repository/org/skyscreamer/jsonassert/1.5.0/jsonassert-1.5.0.jar' 
2022-04-06 14:59:02.535 DEBUG [acme.Launcher@main] Found classpath entry '/C:/Users/Grego/.m2/repository/com/vaadin/external/google/android-json/0.0.20131108.vaadin1/android-json-0.0.20131108.vaadin1.jar' 
2022-04-06 14:59:02.535 DEBUG [acme.Launcher@main] Found classpath entry '/C:/Users/Grego/.m2/repository/org/springframework/spring-core/5.3.3/spring-core-5.3.3.jar' 
2022-04-06 14:59:02.535 DEBUG [acme.Launcher@main] Found classpath entry '/C:/Users/Grego/.m2/repository/org/springframework/spring-jcl/5.3.3/spring-jcl-5.3.3.jar' 
2022-04-06 14:59:02.535 DEBUG [acme.Launcher@main] Found classpath entry '/C:/Users/Grego/.m2/repository/org/springframework/spring-test/5.3.3/spring-test-5.3.3.jar' 
2022-04-06 14:59:02.535 DEBUG [acme.Launcher@main] Found classpath entry '/C:/Users/Grego/.m2/repository/org/xmlunit/xmlunit-core/2.7.0/xmlunit-core-2.7.0.jar' 
2022-04-06 14:59:02.535 DEBUG [acme.Launcher@main] Found classpath entry '/C:/Users/Grego/.m2/repository/org/springframework/boot/spring-boot-starter-security/2.4.2/spring-boot-starter-security-2.4.2.jar' 
2022-04-06 14:59:02.535 DEBUG [acme.Launcher@main] Found classpath entry '/C:/Users/Grego/.m2/repository/org/springframework/spring-aop/5.3.3/spring-aop-5.3.3.jar' 
2022-04-06 14:59:02.536 DEBUG [acme.Launcher@main] Found classpath entry '/C:/Users/Grego/.m2/repository/org/springframework/security/spring-security-web/5.4.2/spring-security-web-5.4.2.jar' 
2022-04-06 14:59:02.536 DEBUG [acme.Launcher@main] Found classpath entry '/C:/Users/Grego/.m2/repository/org/springframework/security/spring-security-core/5.4.2/spring-security-core-5.4.2.jar' 
2022-04-06 14:59:02.536 DEBUG [acme.Launcher@main] Found classpath entry '/C:/Users/Grego/.m2/repository/org/springframework/spring-beans/5.3.3/spring-beans-5.3.3.jar' 
2022-04-06 14:59:02.536 DEBUG [acme.Launcher@main] Found classpath entry '/C:/Users/Grego/.m2/repository/org/springframework/spring-context/5.3.3/spring-context-5.3.3.jar' 
2022-04-06 14:59:02.536 DEBUG [acme.Launcher@main] Found classpath entry '/C:/Users/Grego/.m2/repository/org/springframework/spring-expression/5.3.3/spring-expression-5.3.3.jar' 
2022-04-06 14:59:02.536 DEBUG [acme.Launcher@main] Found classpath entry '/C:/Users/Grego/.m2/repository/org/springframework/spring-web/5.3.3/spring-web-5.3.3.jar' 
2022-04-06 14:59:02.536 DEBUG [acme.Launcher@main] Found classpath entry '/C:/Users/Grego/.m2/repository/org/springframework/security/spring-security-config/5.4.2/spring-security-config-5.4.2.jar' 
2022-04-06 14:59:02.536 DEBUG [acme.Launcher@main] Found classpath entry '/C:/Users/Grego/.m2/repository/org/springframework/security/spring-security-taglibs/5.4.2/spring-security-taglibs-5.4.2.jar' 
2022-04-06 14:59:02.537 DEBUG [acme.Launcher@main] Found classpath entry '/C:/Users/Grego/.m2/repository/org/springframework/security/spring-security-acl/5.4.2/spring-security-acl-5.4.2.jar' 
2022-04-06 14:59:02.537 DEBUG [acme.Launcher@main] Found classpath entry '/C:/Users/Grego/.m2/repository/org/springframework/spring-jdbc/5.3.3/spring-jdbc-5.3.3.jar' 
2022-04-06 14:59:02.538 DEBUG [acme.Launcher@main] Found classpath entry '/C:/Users/Grego/.m2/repository/org/springframework/spring-tx/5.3.3/spring-tx-5.3.3.jar' 
2022-04-06 14:59:02.538 DEBUG [acme.Launcher@main] Found classpath entry '/C:/Users/Grego/.m2/repository/org/springframework/boot/spring-boot-starter-web/2.4.2/spring-boot-starter-web-2.4.2.jar' 
2022-04-06 14:59:02.538 DEBUG [acme.Launcher@main] Found classpath entry '/C:/Users/Grego/.m2/repository/org/springframework/boot/spring-boot-starter-json/2.4.2/spring-boot-starter-json-2.4.2.jar' 
2022-04-06 14:59:02.538 DEBUG [acme.Launcher@main] Found classpath entry '/C:/Users/Grego/.m2/repository/com/fasterxml/jackson/core/jackson-databind/2.11.4/jackson-databind-2.11.4.jar' 
2022-04-06 14:59:02.538 DEBUG [acme.Launcher@main] Found classpath entry '/C:/Users/Grego/.m2/repository/com/fasterxml/jackson/core/jackson-annotations/2.11.4/jackson-annotations-2.11.4.jar' 
2022-04-06 14:59:02.538 DEBUG [acme.Launcher@main] Found classpath entry '/C:/Users/Grego/.m2/repository/com/fasterxml/jackson/core/jackson-core/2.11.4/jackson-core-2.11.4.jar' 
2022-04-06 14:59:02.538 DEBUG [acme.Launcher@main] Found classpath entry '/C:/Users/Grego/.m2/repository/com/fasterxml/jackson/datatype/jackson-datatype-jdk8/2.11.4/jackson-datatype-jdk8-2.11.4.jar' 
2022-04-06 14:59:02.538 DEBUG [acme.Launcher@main] Found classpath entry '/C:/Users/Grego/.m2/repository/com/fasterxml/jackson/datatype/jackson-datatype-jsr310/2.11.4/jackson-datatype-jsr310-2.11.4.jar' 
2022-04-06 14:59:02.539 DEBUG [acme.Launcher@main] Found classpath entry '/C:/Users/Grego/.m2/repository/com/fasterxml/jackson/module/jackson-module-parameter-names/2.11.4/jackson-module-parameter-names-2.11.4.jar' 
2022-04-06 14:59:02.539 DEBUG [acme.Launcher@main] Found classpath entry '/C:/Users/Grego/.m2/repository/org/springframework/spring-webmvc/5.3.3/spring-webmvc-5.3.3.jar' 
2022-04-06 14:59:02.539 DEBUG [acme.Launcher@main] Found classpath entry '/C:/Users/Grego/.m2/repository/org/apache/tiles/tiles-jsp/3.0.8/tiles-jsp-3.0.8.jar' 
2022-04-06 14:59:02.549 DEBUG [acme.Launcher@main] Found classpath entry '/C:/Users/Grego/.m2/repository/org/apache/tiles/tiles-servlet/3.0.8/tiles-servlet-3.0.8.jar' 
2022-04-06 14:59:02.549 DEBUG [acme.Launcher@main] Found classpath entry '/C:/Users/Grego/.m2/repository/org/apache/tiles/tiles-core/3.0.8/tiles-core-3.0.8.jar' 
2022-04-06 14:59:02.550 DEBUG [acme.Launcher@main] Found classpath entry '/C:/Users/Grego/.m2/repository/commons-digester/commons-digester/2.0/commons-digester-2.0.jar' 
2022-04-06 14:59:02.550 DEBUG [acme.Launcher@main] Found classpath entry '/C:/Users/Grego/.m2/repository/org/slf4j/jcl-over-slf4j/1.7.30/jcl-over-slf4j-1.7.30.jar' 
2022-04-06 14:59:02.550 DEBUG [acme.Launcher@main] Found classpath entry '/C:/Users/Grego/.m2/repository/org/apache/tiles/tiles-request-servlet/1.0.7/tiles-request-servlet-1.0.7.jar' 
2022-04-06 14:59:02.550 DEBUG [acme.Launcher@main] Found classpath entry '/C:/Users/Grego/.m2/repository/org/apache/tiles/tiles-template/3.0.8/tiles-template-3.0.8.jar' 
2022-04-06 14:59:02.550 DEBUG [acme.Launcher@main] Found classpath entry '/C:/Users/Grego/.m2/repository/org/apache/tiles/tiles-api/3.0.8/tiles-api-3.0.8.jar' 
2022-04-06 14:59:02.550 DEBUG [acme.Launcher@main] Found classpath entry '/C:/Users/Grego/.m2/repository/org/apache/tiles/tiles-autotag-core-runtime/1.2/tiles-autotag-core-runtime-1.2.jar' 
2022-04-06 14:59:02.550 DEBUG [acme.Launcher@main] Found classpath entry '/C:/Users/Grego/.m2/repository/org/slf4j/slf4j-api/1.7.30/slf4j-api-1.7.30.jar' 
2022-04-06 14:59:02.551 DEBUG [acme.Launcher@main] Found classpath entry '/C:/Users/Grego/.m2/repository/org/apache/tiles/tiles-request-jsp/1.0.7/tiles-request-jsp-1.0.7.jar' 
2022-04-06 14:59:02.551 DEBUG [acme.Launcher@main] Found classpath entry '/C:/Users/Grego/.m2/repository/org/apache/tiles/tiles-request-api/1.0.7/tiles-request-api-1.0.7.jar' 
2022-04-06 14:59:02.551 DEBUG [acme.Launcher@main] Found classpath entry '/C:/Users/Grego/.m2/repository/org/springframework/boot/spring-boot-starter-data-jpa/2.4.2/spring-boot-starter-data-jpa-2.4.2.jar' 
2022-04-06 14:59:02.551 DEBUG [acme.Launcher@main] Found classpath entry '/C:/Users/Grego/.m2/repository/org/springframework/boot/spring-boot-starter-aop/2.4.2/spring-boot-starter-aop-2.4.2.jar' 
2022-04-06 14:59:02.551 DEBUG [acme.Launcher@main] Found classpath entry '/C:/Users/Grego/.m2/repository/org/aspectj/aspectjweaver/1.9.6/aspectjweaver-1.9.6.jar' 
2022-04-06 14:59:02.552 DEBUG [acme.Launcher@main] Found classpath entry '/C:/Users/Grego/.m2/repository/org/springframework/boot/spring-boot-starter-jdbc/2.4.2/spring-boot-starter-jdbc-2.4.2.jar' 
2022-04-06 14:59:02.552 DEBUG [acme.Launcher@main] Found classpath entry '/C:/Users/Grego/.m2/repository/jakarta/transaction/jakarta.transaction-api/1.3.3/jakarta.transaction-api-1.3.3.jar' 
2022-04-06 14:59:02.552 DEBUG [acme.Launcher@main] Found classpath entry '/C:/Users/Grego/.m2/repository/jakarta/persistence/jakarta.persistence-api/2.2.3/jakarta.persistence-api-2.2.3.jar' 
2022-04-06 14:59:02.552 DEBUG [acme.Launcher@main] Found classpath entry '/C:/Users/Grego/.m2/repository/org/hibernate/hibernate-core/5.4.27.Final/hibernate-core-5.4.27.Final.jar' 
2022-04-06 14:59:02.552 DEBUG [acme.Launcher@main] Found classpath entry '/C:/Users/Grego/.m2/repository/org/jboss/logging/jboss-logging/3.4.1.Final/jboss-logging-3.4.1.Final.jar' 
2022-04-06 14:59:02.553 DEBUG [acme.Launcher@main] Found classpath entry '/C:/Users/Grego/.m2/repository/org/javassist/javassist/3.27.0-GA/javassist-3.27.0-GA.jar' 
2022-04-06 14:59:02.553 DEBUG [acme.Launcher@main] Found classpath entry '/C:/Users/Grego/.m2/repository/antlr/antlr/2.7.7/antlr-2.7.7.jar' 
2022-04-06 14:59:02.553 DEBUG [acme.Launcher@main] Found classpath entry '/C:/Users/Grego/.m2/repository/org/jboss/jandex/2.1.3.Final/jandex-2.1.3.Final.jar' 
2022-04-06 14:59:02.553 DEBUG [acme.Launcher@main] Found classpath entry '/C:/Users/Grego/.m2/repository/com/fasterxml/classmate/1.5.1/classmate-1.5.1.jar' 
2022-04-06 14:59:02.553 DEBUG [acme.Launcher@main] Found classpath entry '/C:/Users/Grego/.m2/repository/org/dom4j/dom4j/2.1.3/dom4j-2.1.3.jar' 
2022-04-06 14:59:02.553 DEBUG [acme.Launcher@main] Found classpath entry '/C:/Users/Grego/.m2/repository/org/hibernate/common/hibernate-commons-annotations/5.1.2.Final/hibernate-commons-annotations-5.1.2.Final.jar' 
2022-04-06 14:59:02.553 DEBUG [acme.Launcher@main] Found classpath entry '/C:/Users/Grego/.m2/repository/org/glassfish/jaxb/jaxb-runtime/2.3.3/jaxb-runtime-2.3.3.jar' 
2022-04-06 14:59:02.553 DEBUG [acme.Launcher@main] Found classpath entry '/C:/Users/Grego/.m2/repository/org/glassfish/jaxb/txw2/2.3.3/txw2-2.3.3.jar' 
2022-04-06 14:59:02.553 DEBUG [acme.Launcher@main] Found classpath entry '/C:/Users/Grego/.m2/repository/com/sun/istack/istack-commons-runtime/3.0.11/istack-commons-runtime-3.0.11.jar' 
2022-04-06 14:59:02.553 DEBUG [acme.Launcher@main] Found classpath entry '/C:/Users/Grego/.m2/repository/com/sun/activation/jakarta.activation/1.2.2/jakarta.activation-1.2.2.jar' 
2022-04-06 14:59:02.554 DEBUG [acme.Launcher@main] Found classpath entry '/C:/Users/Grego/.m2/repository/org/springframework/data/spring-data-jpa/2.4.3/spring-data-jpa-2.4.3.jar' 
2022-04-06 14:59:02.554 DEBUG [acme.Launcher@main] Found classpath entry '/C:/Users/Grego/.m2/repository/org/springframework/data/spring-data-commons/2.4.3/spring-data-commons-2.4.3.jar' 
2022-04-06 14:59:02.554 DEBUG [acme.Launcher@main] Found classpath entry '/C:/Users/Grego/.m2/repository/org/springframework/spring-orm/5.3.3/spring-orm-5.3.3.jar' 
2022-04-06 14:59:02.554 DEBUG [acme.Launcher@main] Found classpath entry '/C:/Users/Grego/.m2/repository/org/springframework/spring-aspects/5.3.3/spring-aspects-5.3.3.jar' 
2022-04-06 14:59:02.554 DEBUG [acme.Launcher@main] Found classpath entry '/C:/Users/Grego/.m2/repository/org/springframework/boot/spring-boot-starter-validation/2.4.2/spring-boot-starter-validation-2.4.2.jar' 
2022-04-06 14:59:02.554 DEBUG [acme.Launcher@main] Found classpath entry '/C:/Users/Grego/.m2/repository/org/hibernate/validator/hibernate-validator/6.1.7.Final/hibernate-validator-6.1.7.Final.jar' 
2022-04-06 14:59:02.554 DEBUG [acme.Launcher@main] Found classpath entry '/C:/Users/Grego/.m2/repository/jakarta/validation/jakarta.validation-api/2.0.2/jakarta.validation-api-2.0.2.jar' 
2022-04-06 14:59:02.554 DEBUG [acme.Launcher@main] Found classpath entry '/C:/Users/Grego/.m2/repository/mysql/mysql-connector-java/8.0.22/mysql-connector-java-8.0.22.jar' 
2022-04-06 14:59:02.554 DEBUG [acme.Launcher@main] Found classpath entry '/C:/Users/Grego/.m2/repository/com/zaxxer/HikariCP/3.4.5/HikariCP-3.4.5.jar' 
2022-04-06 14:59:02.554 DEBUG [acme.Launcher@main] Found classpath entry '/C:/Users/Grego/.m2/repository/org/junit/jupiter/junit-jupiter-engine/5.7.0/junit-jupiter-engine-5.7.0.jar' 
2022-04-06 14:59:02.554 DEBUG [acme.Launcher@main] Found classpath entry '/C:/Users/Grego/.m2/repository/org/apiguardian/apiguardian-api/1.1.0/apiguardian-api-1.1.0.jar' 
2022-04-06 14:59:02.554 DEBUG [acme.Launcher@main] Found classpath entry '/C:/Users/Grego/.m2/repository/org/junit/platform/junit-platform-engine/1.7.0/junit-platform-engine-1.7.0.jar' 
2022-04-06 14:59:02.554 DEBUG [acme.Launcher@main] Found classpath entry '/C:/Users/Grego/.m2/repository/org/junit/jupiter/junit-jupiter-api/5.7.0/junit-jupiter-api-5.7.0.jar' 
2022-04-06 14:59:02.554 DEBUG [acme.Launcher@main] Found classpath entry '/C:/Users/Grego/.m2/repository/org/opentest4j/opentest4j/1.2.0/opentest4j-1.2.0.jar' 
2022-04-06 14:59:02.554 DEBUG [acme.Launcher@main] Found classpath entry '/C:/Users/Grego/.m2/repository/org/junit/platform/junit-platform-commons/1.7.0/junit-platform-commons-1.7.0.jar' 
2022-04-06 14:59:02.554 DEBUG [acme.Launcher@main] Found classpath entry '/C:/Users/Grego/.m2/repository/org/junit/jupiter/junit-jupiter-params/5.7.0/junit-jupiter-params-5.7.0.jar' 
2022-04-06 14:59:02.554 DEBUG [acme.Launcher@main] Found classpath entry '/C:/Users/Grego/.m2/repository/org/junit/platform/junit-platform-launcher/1.7.0/junit-platform-launcher-1.7.0.jar' 
2022-04-06 14:59:02.554 DEBUG [acme.Launcher@main] Found classpath entry '/C:/Users/Grego/.m2/repository/org/seleniumhq/selenium/selenium-java/3.141.59/selenium-java-3.141.59.jar' 
2022-04-06 14:59:02.554 DEBUG [acme.Launcher@main] Found classpath entry '/C:/Users/Grego/.m2/repository/org/seleniumhq/selenium/selenium-api/3.141.59/selenium-api-3.141.59.jar' 
2022-04-06 14:59:02.554 DEBUG [acme.Launcher@main] Found classpath entry '/C:/Users/Grego/.m2/repository/org/seleniumhq/selenium/selenium-chrome-driver/3.141.59/selenium-chrome-driver-3.141.59.jar' 
2022-04-06 14:59:02.554 DEBUG [acme.Launcher@main] Found classpath entry '/C:/Users/Grego/.m2/repository/org/seleniumhq/selenium/selenium-edge-driver/3.141.59/selenium-edge-driver-3.141.59.jar' 
2022-04-06 14:59:02.555 DEBUG [acme.Launcher@main] Found classpath entry '/C:/Users/Grego/.m2/repository/org/seleniumhq/selenium/selenium-firefox-driver/3.141.59/selenium-firefox-driver-3.141.59.jar' 
2022-04-06 14:59:02.555 DEBUG [acme.Launcher@main] Found classpath entry '/C:/Users/Grego/.m2/repository/org/seleniumhq/selenium/selenium-ie-driver/3.141.59/selenium-ie-driver-3.141.59.jar' 
2022-04-06 14:59:02.555 DEBUG [acme.Launcher@main] Found classpath entry '/C:/Users/Grego/.m2/repository/org/seleniumhq/selenium/selenium-opera-driver/3.141.59/selenium-opera-driver-3.141.59.jar' 
2022-04-06 14:59:02.555 DEBUG [acme.Launcher@main] Found classpath entry '/C:/Users/Grego/.m2/repository/org/seleniumhq/selenium/selenium-remote-driver/3.141.59/selenium-remote-driver-3.141.59.jar' 
2022-04-06 14:59:02.555 DEBUG [acme.Launcher@main] Found classpath entry '/C:/Users/Grego/.m2/repository/org/seleniumhq/selenium/selenium-safari-driver/3.141.59/selenium-safari-driver-3.141.59.jar' 
2022-04-06 14:59:02.555 DEBUG [acme.Launcher@main] Found classpath entry '/C:/Users/Grego/.m2/repository/org/seleniumhq/selenium/selenium-support/3.141.59/selenium-support-3.141.59.jar' 
2022-04-06 14:59:02.555 DEBUG [acme.Launcher@main] Found classpath entry '/C:/Users/Grego/.m2/repository/net/bytebuddy/byte-buddy/1.10.19/byte-buddy-1.10.19.jar' 
2022-04-06 14:59:02.555 DEBUG [acme.Launcher@main] Found classpath entry '/C:/Users/Grego/.m2/repository/org/apache/commons/commons-exec/1.3/commons-exec-1.3.jar' 
2022-04-06 14:59:02.555 DEBUG [acme.Launcher@main] Found classpath entry '/C:/Users/Grego/.m2/repository/com/google/guava/guava/25.0-jre/guava-25.0-jre.jar' 
2022-04-06 14:59:02.555 DEBUG [acme.Launcher@main] Found classpath entry '/C:/Users/Grego/.m2/repository/com/google/code/findbugs/jsr305/1.3.9/jsr305-1.3.9.jar' 
2022-04-06 14:59:02.555 DEBUG [acme.Launcher@main] Found classpath entry '/C:/Users/Grego/.m2/repository/org/checkerframework/checker-compat-qual/2.0.0/checker-compat-qual-2.0.0.jar' 
2022-04-06 14:59:02.555 DEBUG [acme.Launcher@main] Found classpath entry '/C:/Users/Grego/.m2/repository/com/google/errorprone/error_prone_annotations/2.1.3/error_prone_annotations-2.1.3.jar' 
2022-04-06 14:59:02.555 DEBUG [acme.Launcher@main] Found classpath entry '/C:/Users/Grego/.m2/repository/com/google/j2objc/j2objc-annotations/1.1/j2objc-annotations-1.1.jar' 
2022-04-06 14:59:02.556 DEBUG [acme.Launcher@main] Found classpath entry '/C:/Users/Grego/.m2/repository/org/codehaus/mojo/animal-sniffer-annotations/1.14/animal-sniffer-annotations-1.14.jar' 
2022-04-06 14:59:02.556 DEBUG [acme.Launcher@main] Found classpath entry '/C:/Users/Grego/.m2/repository/com/squareup/okhttp3/okhttp/3.14.9/okhttp-3.14.9.jar' 
2022-04-06 14:59:02.556 DEBUG [acme.Launcher@main] Found classpath entry '/C:/Users/Grego/.m2/repository/com/squareup/okio/okio/1.14.0/okio-1.14.0.jar' 
2022-04-06 14:59:02.556 DEBUG [acme.Launcher@main] Found classpath entry '/C:/Users/Grego/.m2/repository/org/apache/commons/commons-lang3/3.11/commons-lang3-3.11.jar' 
2022-04-06 14:59:02.556 DEBUG [acme.Launcher@main] Found classpath entry '/C:/Users/Grego/.m2/repository/org/apache/commons/commons-text/1.8/commons-text-1.8.jar' 
2022-04-06 14:59:02.556 DEBUG [acme.Launcher@main] Found classpath entry '/C:/Users/Grego/.m2/repository/commons-io/commons-io/2.6/commons-io-2.6.jar' 
2022-04-06 14:59:02.556 DEBUG [acme.Launcher@main] Found classpath entry '/C:/Users/Grego/.m2/repository/commons-cli/commons-cli/1.4/commons-cli-1.4.jar' 
2022-04-06 14:59:02.556 DEBUG [acme.Launcher@main] Found classpath entry '/C:/Users/Grego/.m2/repository/org/projectlombok/lombok/1.18.16/lombok-1.18.16.jar' 
2022-04-06 14:59:02.556 DEBUG [acme.Launcher@main] Found classpath entry '/C:/Users/Grego/.m2/repository/com/opencsv/opencsv/5.4/opencsv-5.4.jar' 
2022-04-06 14:59:02.556 DEBUG [acme.Launcher@main] Found classpath entry '/C:/Users/Grego/.m2/repository/commons-beanutils/commons-beanutils/1.9.4/commons-beanutils-1.9.4.jar' 
2022-04-06 14:59:02.556 DEBUG [acme.Launcher@main] Found classpath entry '/C:/Users/Grego/.m2/repository/commons-logging/commons-logging/1.2/commons-logging-1.2.jar' 
2022-04-06 14:59:02.556 DEBUG [acme.Launcher@main] Found classpath entry '/C:/Users/Grego/.m2/repository/commons-collections/commons-collections/3.2.2/commons-collections-3.2.2.jar' 
2022-04-06 14:59:02.557 DEBUG [acme.Launcher@main] Found classpath entry '/C:/Users/Grego/.m2/repository/org/apache/commons/commons-collections4/4.4/commons-collections4-4.4.jar' 
2022-04-06 14:59:02.557 DEBUG [acme.Launcher@main] Found classpath entry '/C:/Users/Grego/Desktop/Workspace-22.0/Frameworks/Acme-Framework-22.3/target/classes/' 
2022-04-06 14:59:02.557 DEBUG [acme.Launcher@main] Found classpath entry '/C:/Users/Grego/Desktop/Workspace-22.0/Frameworks/Acme-Framework-22.3/target/test-classes/' 
2022-04-06 14:59:02.557 DEBUG [acme.Launcher@main] Found classpath entry '/C:/Users/Grego/Desktop/Workspace-22.0/Tools/IDEs/eclipse-jee-2021-12-R/configuration/org.eclipse.osgi/418/0/.cp/lib/javaagent-shaded.jar' 
2022-04-06 14:59:02.620 DEBUG [acme.Launcher@main] Found entity class 'acme.entities.Announcement 
2022-04-06 14:59:02.620 DEBUG [acme.Launcher@main] Found entity class 'acme.entities.Chirp 
2022-04-06 14:59:02.620 DEBUG [acme.Launcher@main] Found entity class 'acme.entities.Component 
2022-04-06 14:59:02.620 DEBUG [acme.Launcher@main] Found entity class 'acme.entities.SystemConfiguration 
2022-04-06 14:59:02.620 DEBUG [acme.Launcher@main] Found entity class 'acme.entities.item.Item 
2022-04-06 14:59:02.620 DEBUG [acme.Launcher@main] Found entity class 'acme.entities.patronage.Patronage 
2022-04-06 14:59:02.620 DEBUG [acme.Launcher@main] Found entity class 'acme.entities.toolkit.Toolkit 
2022-04-06 14:59:02.620 DEBUG [acme.Launcher@main] Found entity class 'acme.roles.Consumer 
2022-04-06 14:59:02.620 DEBUG [acme.Launcher@main] Found entity class 'acme.roles.Inventor 
2022-04-06 14:59:02.620 DEBUG [acme.Launcher@main] Found entity class 'acme.roles.Patron 
2022-04-06 14:59:02.621 DEBUG [acme.Launcher@main] Found entity class 'acme.roles.Provider 
2022-04-06 14:59:02.621 DEBUG [acme.Launcher@main] Found entity class 'acme.framework.entities.UserAccount 
2022-04-06 14:59:02.621 DEBUG [acme.Launcher@main] Found entity class 'acme.framework.roles.Administrator 
2022-04-06 14:59:02.621 DEBUG [acme.Launcher@main] Found entity class 'acme.framework.roles.Anonymous 
2022-04-06 14:59:02.621 DEBUG [acme.Launcher@main] Found entity class 'acme.framework.roles.Any 
2022-04-06 14:59:02.621 DEBUG [acme.Launcher@main] Found entity class 'acme.framework.roles.Authenticated 
2022-04-06 14:59:02.631 INFO  [acme.Launcher@main] Running application (Standalone) 
2022-04-06 14:59:09.359 DEBUG [org.hibernate.SQL@http-nio-8080-exec-5] select useraccoun0_.id as id1_0_, useraccoun0_.version as version2_0_, useraccoun0_.enabled as enabled1_16_, useraccoun0_.identity as identity2_16_, useraccoun0_.password as password3_16_, useraccoun0_.username as username4_16_ from user_account useraccoun0_ where useraccoun0_.username=? 
2022-04-06 14:59:09.372 TRACE [org.hibernate.type.descriptor.sql.BasicBinder@http-nio-8080-exec-5] binding parameter [1] as [VARCHAR] - [inventor1] 
2022-04-06 14:59:09.411 DEBUG [org.hibernate.SQL@http-nio-8080-exec-5] select roles0_.user_account_id as user_acc1_17_0_, roles0_.id as id1_17_0_, roles0_.id as id1_0_1_, roles0_.version as version2_0_1_, roles0_.user_account_id as user_acc1_17_1_, roles0_.company as company1_8_1_, roles0_.sector as sector2_8_1_, roles0_.company as company1_9_1_, roles0_.link as link2_9_1_, roles0_.statement as statemen3_9_1_, roles0_.company as company1_11_1_, roles0_.link as link2_11_1_, roles0_.statement as statemen3_11_1_, roles0_.company as company1_13_1_, roles0_.sector as sector2_13_1_, roles0_.clazz_ as clazz_1_ from ( select id, version, user_account_id, company, sector, null as link, null as statement, 9 as clazz_ from consumer union all select id, version, user_account_id, company, null as sector, link, statement, 10 as clazz_ from inventor union all select id, version, user_account_id, company, null as sector, link, statement, 11 as clazz_ from patron union all select id, version, user_account_id, company, sector, null as link, null as statement, 12 as clazz_ from provider union all select id, version, user_account_id, null as company, null as sector, null as link, null as statement, 14 as clazz_ from administrator union all select id, version, user_account_id, null as company, null as sector, null as link, null as statement, 15 as clazz_ from anonymous union all select id, version, user_account_id, null as company, null as sector, null as link, null as statement, 16 as clazz_ from any union all select id, version, user_account_id, null as company, null as sector, null as link, null as statement, 17 as clazz_ from authenticated ) roles0_ where roles0_.user_account_id=? 
2022-04-06 14:59:09.412 TRACE [org.hibernate.type.descriptor.sql.BasicBinder@http-nio-8080-exec-5] binding parameter [1] as [INTEGER] - [7] 
2022-04-06 14:59:09.460 DEBUG [acme.framework.components.tiles.DynamicTilesView@http-nio-8080-exec-6] View name 'fragments/welcome', model {} 
2022-04-06 14:59:09.483 DEBUG [org.apache.tiles.definition.dao.BaseLocaleUrlDefinitionDAO@http-nio-8080-exec-6] File Resource file:/C:/Users/Grego/Desktop/Workspace-22.0/Projects/Acme-One-E8.02/target/classes/WEB-INF/views/master/tiles_en.xml at file:/C:/Users/Grego/Desktop/Workspace-22.0/Projects/Acme-One-E8.02/target/classes/WEB-INF/views/master/tiles_en.xml not found, continue 
2022-04-06 14:59:09.487 DEBUG [org.apache.jasper.servlet.JspServlet@http-nio-8080-exec-6] JspEngine --> /WEB-INF/views/master/page.jsp 
2022-04-06 14:59:09.487 DEBUG [org.apache.jasper.servlet.JspServlet@http-nio-8080-exec-6] ServletPath: /WEB-INF/views/master/page.jsp 
2022-04-06 14:59:09.488 DEBUG [org.apache.jasper.servlet.JspServlet@http-nio-8080-exec-6] PathInfo: null 
2022-04-06 14:59:09.488 DEBUG [org.apache.jasper.servlet.JspServlet@http-nio-8080-exec-6] RealPath: C:\Users\Grego\Desktop\Workspace-22.0\Projects\Acme-One-E8.02\target\classes\WEB-INF\views\master\page.jsp 
2022-04-06 14:59:09.488 DEBUG [org.apache.jasper.servlet.JspServlet@http-nio-8080-exec-6] RequestURI: /hello-world-22.0/WEB-INF/views/master/page.jsp 
2022-04-06 14:59:09.489 DEBUG [org.apache.jasper.servlet.JspServlet@http-nio-8080-exec-6] QueryString: null 
2022-04-06 14:59:11.174 DEBUG [acme.framework.configuration.ExtendedMessageSource@http-nio-8080-exec-6] Loading properties [C:\Users\Grego\Desktop\Workspace-22.0\Projects\Acme-One-E8.02\target\classes\WEB-INF\views\administrator\user-account\messages-en.i18n] with encoding 'utf-8' 
2022-04-06 14:59:11.175 DEBUG [acme.framework.configuration.ExtendedMessageSource@http-nio-8080-exec-6] Loading properties [C:\Users\Grego\Desktop\Workspace-22.0\Projects\Acme-One-E8.02\target\classes\WEB-INF\views\anonymous\user-account\messages-en.i18n] with encoding 'utf-8' 
2022-04-06 14:59:11.176 DEBUG [acme.framework.configuration.ExtendedMessageSource@http-nio-8080-exec-6] Loading properties [C:\Users\Grego\Desktop\Workspace-22.0\Projects\Acme-One-E8.02\target\classes\WEB-INF\views\authenticated\consumer\messsages-en.i18n] with encoding 'utf-8' 
2022-04-06 14:59:11.176 DEBUG [acme.framework.configuration.ExtendedMessageSource@http-nio-8080-exec-6] Loading properties [C:\Users\Grego\Desktop\Workspace-22.0\Projects\Acme-One-E8.02\target\classes\WEB-INF\views\authenticated\provider\messsages-en.i18n] with encoding 'utf-8' 
2022-04-06 14:59:11.176 DEBUG [acme.framework.configuration.ExtendedMessageSource@http-nio-8080-exec-6] Loading properties [C:\Users\Grego\Desktop\Workspace-22.0\Projects\Acme-One-E8.02\target\classes\WEB-INF\views\authenticated\user-account\messages-en.i18n] with encoding 'utf-8' 
2022-04-06 14:59:11.176 DEBUG [acme.framework.configuration.ExtendedMessageSource@http-nio-8080-exec-6] Loading properties [C:\Users\Grego\Desktop\Workspace-22.0\Projects\Acme-One-E8.02\target\classes\WEB-INF\views\fragments\banner-en.i18n] with encoding 'utf-8' 
2022-04-06 14:59:11.176 DEBUG [acme.framework.configuration.ExtendedMessageSource@http-nio-8080-exec-6] Loading properties [C:\Users\Grego\Desktop\Workspace-22.0\Projects\Acme-One-E8.02\target\classes\WEB-INF\views\fragments\company-en.i18n] with encoding 'utf-8' 
2022-04-06 14:59:11.177 DEBUG [acme.framework.configuration.ExtendedMessageSource@http-nio-8080-exec-6] Loading properties [C:\Users\Grego\Desktop\Workspace-22.0\Projects\Acme-One-E8.02\target\classes\WEB-INF\views\fragments\footer-en.i18n] with encoding 'utf-8' 
2022-04-06 14:59:11.177 DEBUG [acme.framework.configuration.ExtendedMessageSource@http-nio-8080-exec-6] Loading properties [C:\Users\Grego\Desktop\Workspace-22.0\Projects\Acme-One-E8.02\target\classes\WEB-INF\views\fragments\license-en.i18n] with encoding 'utf-8' 
2022-04-06 14:59:11.177 DEBUG [acme.framework.configuration.ExtendedMessageSource@http-nio-8080-exec-6] Loading properties [C:\Users\Grego\Desktop\Workspace-22.0\Projects\Acme-One-E8.02\target\classes\WEB-INF\views\fragments\menu-en.i18n] with encoding 'utf-8' 
2022-04-06 14:59:11.178 DEBUG [acme.framework.configuration.ExtendedMessageSource@http-nio-8080-exec-6] Loading properties [C:\Users\Grego\Desktop\Workspace-22.0\Projects\Acme-One-E8.02\target\classes\WEB-INF\views\fragments\messsages-en.i18n] with encoding 'utf-8' 
2022-04-06 14:59:11.178 DEBUG [acme.framework.configuration.ExtendedMessageSource@http-nio-8080-exec-6] Loading properties [C:\Users\Grego\Desktop\Workspace-22.0\Projects\Acme-One-E8.02\target\classes\WEB-INF\views\fragments\title-en.i18n] with encoding 'utf-8' 
2022-04-06 14:59:11.179 DEBUG [acme.framework.configuration.ExtendedMessageSource@http-nio-8080-exec-6] Loading properties [C:\Users\Grego\Desktop\Workspace-22.0\Projects\Acme-One-E8.02\target\classes\WEB-INF\views\fragments\welcome-en.i18n] with encoding 'utf-8' 
2022-04-06 14:59:11.179 DEBUG [acme.framework.configuration.ExtendedMessageSource@http-nio-8080-exec-6] Loading properties [C:\Users\Grego\Desktop\Workspace-22.0\Projects\Acme-One-E8.02\target\classes\WEB-INF\views\inventor\chirp\messsages-en.i18n] with encoding 'utf-8' 
2022-04-06 14:59:11.180 DEBUG [acme.framework.configuration.ExtendedMessageSource@http-nio-8080-exec-6] Loading properties [C:\Users\Grego\Desktop\Workspace-22.0\Projects\Acme-One-E8.02\target\classes\WEB-INF\views\master\defaults-en.i18n] with encoding 'utf-8' 
2022-04-06 14:59:11.180 DEBUG [acme.framework.configuration.ExtendedMessageSource@http-nio-8080-exec-6] Loading properties [C:\Users\Grego\Desktop\Workspace-22.0\Projects\Acme-One-E8.02\target\classes\WEB-INF\views\master\master-en.i18n] with encoding 'utf-8' 
2022-04-06 14:59:11.181 DEBUG [acme.framework.configuration.ExtendedMessageSource@http-nio-8080-exec-6] Loading properties [C:\Users\Grego\Desktop\Workspace-22.0\Projects\Acme-One-E8.02\target\classes\WEB-INF\views\master\throwables-en.i18n] with encoding 'utf-8' 
2022-04-06 14:59:11.181 DEBUG [acme.framework.configuration.ExtendedMessageSource@http-nio-8080-exec-6] Loading properties [C:\Users\Grego\Desktop\Workspace-22.0\Projects\Acme-One-E8.02\target\classes\WEB-INF\views\master\validation-en.i18n] with encoding 'utf-8' 
2022-04-06 14:59:11.182 DEBUG [acme.framework.configuration.ExtendedMessageSource@http-nio-8080-exec-6] Loading properties [C:\Users\Grego\Desktop\Workspace-22.0\Projects\Acme-One-E8.02\target\classes\WEB-INF\views\patron\chirp\messsages-en.i18n] with encoding 'utf-8' 
2022-04-06 14:59:11.256 DEBUG [org.apache.jasper.servlet.JspServlet@http-nio-8080-exec-6] JspEngine --> /WEB-INF/views/fragments/welcome.jsp 
2022-04-06 14:59:11.256 DEBUG [org.apache.jasper.servlet.JspServlet@http-nio-8080-exec-6] ServletPath: /WEB-INF/views/master/page.jsp 
2022-04-06 14:59:11.257 DEBUG [org.apache.jasper.servlet.JspServlet@http-nio-8080-exec-6] PathInfo: null 
2022-04-06 14:59:11.257 DEBUG [org.apache.jasper.servlet.JspServlet@http-nio-8080-exec-6] RealPath: C:\Users\Grego\Desktop\Workspace-22.0\Projects\Acme-One-E8.02\target\classes\WEB-INF\views\fragments\welcome.jsp 
2022-04-06 14:59:11.257 DEBUG [org.apache.jasper.servlet.JspServlet@http-nio-8080-exec-6] RequestURI: /hello-world-22.0/WEB-INF/views/master/page.jsp 
2022-04-06 14:59:11.257 DEBUG [org.apache.jasper.servlet.JspServlet@http-nio-8080-exec-6] QueryString: null 
2022-04-06 14:59:11.355 DEBUG [org.hibernate.SQL@http-nio-8080-exec-6] select useraccoun0_.id as id1_0_, useraccoun0_.version as version2_0_, useraccoun0_.enabled as enabled1_16_, useraccoun0_.identity as identity2_16_, useraccoun0_.password as password3_16_, useraccoun0_.username as username4_16_ from user_account useraccoun0_ where useraccoun0_.username=? 
2022-04-06 14:59:11.355 TRACE [org.hibernate.type.descriptor.sql.BasicBinder@http-nio-8080-exec-6] binding parameter [1] as [VARCHAR] - [anonymous] 
2022-04-06 14:59:11.356 DEBUG [org.hibernate.SQL@http-nio-8080-exec-6] select roles0_.user_account_id as user_acc1_17_0_, roles0_.id as id1_17_0_, roles0_.id as id1_0_1_, roles0_.version as version2_0_1_, roles0_.user_account_id as user_acc1_17_1_, roles0_.company as company1_8_1_, roles0_.sector as sector2_8_1_, roles0_.company as company1_9_1_, roles0_.link as link2_9_1_, roles0_.statement as statemen3_9_1_, roles0_.company as company1_11_1_, roles0_.link as link2_11_1_, roles0_.statement as statemen3_11_1_, roles0_.company as company1_13_1_, roles0_.sector as sector2_13_1_, roles0_.clazz_ as clazz_1_ from ( select id, version, user_account_id, company, sector, null as link, null as statement, 9 as clazz_ from consumer union all select id, version, user_account_id, company, null as sector, link, statement, 10 as clazz_ from inventor union all select id, version, user_account_id, company, null as sector, link, statement, 11 as clazz_ from patron union all select id, version, user_account_id, company, sector, null as link, null as statement, 12 as clazz_ from provider union all select id, version, user_account_id, null as company, null as sector, null as link, null as statement, 14 as clazz_ from administrator union all select id, version, user_account_id, null as company, null as sector, null as link, null as statement, 15 as clazz_ from anonymous union all select id, version, user_account_id, null as company, null as sector, null as link, null as statement, 16 as clazz_ from any union all select id, version, user_account_id, null as company, null as sector, null as link, null as statement, 17 as clazz_ from authenticated ) roles0_ where roles0_.user_account_id=? 
2022-04-06 14:59:11.357 TRACE [org.hibernate.type.descriptor.sql.BasicBinder@http-nio-8080-exec-6] binding parameter [1] as [INTEGER] - [1] 
2022-04-06 14:59:13.686 DEBUG [acme.framework.components.tiles.DynamicTilesView@http-nio-8080-exec-7] View name 'master/sign-in', model {username=, password=, remember=false} 
2022-04-06 14:59:13.686 DEBUG [org.apache.jasper.servlet.JspServlet@http-nio-8080-exec-7] JspEngine --> /WEB-INF/views/master/page.jsp 
2022-04-06 14:59:13.686 DEBUG [org.apache.jasper.servlet.JspServlet@http-nio-8080-exec-7] ServletPath: /WEB-INF/views/master/page.jsp 
2022-04-06 14:59:13.687 DEBUG [org.apache.jasper.servlet.JspServlet@http-nio-8080-exec-7] PathInfo: null 
2022-04-06 14:59:13.687 DEBUG [org.apache.jasper.servlet.JspServlet@http-nio-8080-exec-7] RealPath: C:\Users\Grego\Desktop\Workspace-22.0\Projects\Acme-One-E8.02\target\classes\WEB-INF\views\master\page.jsp 
2022-04-06 14:59:13.687 DEBUG [org.apache.jasper.servlet.JspServlet@http-nio-8080-exec-7] RequestURI: /hello-world-22.0/WEB-INF/views/master/page.jsp 
2022-04-06 14:59:13.688 DEBUG [org.apache.jasper.servlet.JspServlet@http-nio-8080-exec-7] QueryString: null 
2022-04-06 14:59:13.735 DEBUG [org.apache.jasper.servlet.JspServlet@http-nio-8080-exec-7] JspEngine --> /WEB-INF/views/master/sign-in.jsp 
2022-04-06 14:59:13.735 DEBUG [org.apache.jasper.servlet.JspServlet@http-nio-8080-exec-7] ServletPath: /WEB-INF/views/master/page.jsp 
2022-04-06 14:59:13.735 DEBUG [org.apache.jasper.servlet.JspServlet@http-nio-8080-exec-7] PathInfo: null 
2022-04-06 14:59:13.736 DEBUG [org.apache.jasper.servlet.JspServlet@http-nio-8080-exec-7] RealPath: C:\Users\Grego\Desktop\Workspace-22.0\Projects\Acme-One-E8.02\target\classes\WEB-INF\views\master\sign-in.jsp 
2022-04-06 14:59:13.736 DEBUG [org.apache.jasper.servlet.JspServlet@http-nio-8080-exec-7] RequestURI: /hello-world-22.0/WEB-INF/views/master/page.jsp 
2022-04-06 14:59:13.736 DEBUG [org.apache.jasper.servlet.JspServlet@http-nio-8080-exec-7] QueryString: null 
2022-04-06 14:59:14.286 DEBUG [org.hibernate.SQL@http-nio-8080-exec-7] select useraccoun0_.id as id1_0_, useraccoun0_.version as version2_0_, useraccoun0_.enabled as enabled1_16_, useraccoun0_.identity as identity2_16_, useraccoun0_.password as password3_16_, useraccoun0_.username as username4_16_ from user_account useraccoun0_ where useraccoun0_.username=? 
2022-04-06 14:59:14.286 TRACE [org.hibernate.type.descriptor.sql.BasicBinder@http-nio-8080-exec-7] binding parameter [1] as [VARCHAR] - [anonymous] 
2022-04-06 14:59:14.287 DEBUG [org.hibernate.SQL@http-nio-8080-exec-7] select roles0_.user_account_id as user_acc1_17_0_, roles0_.id as id1_17_0_, roles0_.id as id1_0_1_, roles0_.version as version2_0_1_, roles0_.user_account_id as user_acc1_17_1_, roles0_.company as company1_8_1_, roles0_.sector as sector2_8_1_, roles0_.company as company1_9_1_, roles0_.link as link2_9_1_, roles0_.statement as statemen3_9_1_, roles0_.company as company1_11_1_, roles0_.link as link2_11_1_, roles0_.statement as statemen3_11_1_, roles0_.company as company1_13_1_, roles0_.sector as sector2_13_1_, roles0_.clazz_ as clazz_1_ from ( select id, version, user_account_id, company, sector, null as link, null as statement, 9 as clazz_ from consumer union all select id, version, user_account_id, company, null as sector, link, statement, 10 as clazz_ from inventor union all select id, version, user_account_id, company, null as sector, link, statement, 11 as clazz_ from patron union all select id, version, user_account_id, company, sector, null as link, null as statement, 12 as clazz_ from provider union all select id, version, user_account_id, null as company, null as sector, null as link, null as statement, 14 as clazz_ from administrator union all select id, version, user_account_id, null as company, null as sector, null as link, null as statement, 15 as clazz_ from anonymous union all select id, version, user_account_id, null as company, null as sector, null as link, null as statement, 16 as clazz_ from any union all select id, version, user_account_id, null as company, null as sector, null as link, null as statement, 17 as clazz_ from authenticated ) roles0_ where roles0_.user_account_id=? 
2022-04-06 14:59:14.287 TRACE [org.hibernate.type.descriptor.sql.BasicBinder@http-nio-8080-exec-7] binding parameter [1] as [INTEGER] - [1] 
2022-04-06 14:59:18.186 DEBUG [org.hibernate.SQL@http-nio-8080-exec-2] select useraccoun0_.id as id1_0_, useraccoun0_.version as version2_0_, useraccoun0_.enabled as enabled1_16_, useraccoun0_.identity as identity2_16_, useraccoun0_.password as password3_16_, useraccoun0_.username as username4_16_ from user_account useraccoun0_ where useraccoun0_.username=? 
2022-04-06 14:59:18.186 TRACE [org.hibernate.type.descriptor.sql.BasicBinder@http-nio-8080-exec-2] binding parameter [1] as [VARCHAR] - [inventor1] 
2022-04-06 14:59:18.186 DEBUG [org.hibernate.SQL@http-nio-8080-exec-2] select roles0_.user_account_id as user_acc1_17_0_, roles0_.id as id1_17_0_, roles0_.id as id1_0_1_, roles0_.version as version2_0_1_, roles0_.user_account_id as user_acc1_17_1_, roles0_.company as company1_8_1_, roles0_.sector as sector2_8_1_, roles0_.company as company1_9_1_, roles0_.link as link2_9_1_, roles0_.statement as statemen3_9_1_, roles0_.company as company1_11_1_, roles0_.link as link2_11_1_, roles0_.statement as statemen3_11_1_, roles0_.company as company1_13_1_, roles0_.sector as sector2_13_1_, roles0_.clazz_ as clazz_1_ from ( select id, version, user_account_id, company, sector, null as link, null as statement, 9 as clazz_ from consumer union all select id, version, user_account_id, company, null as sector, link, statement, 10 as clazz_ from inventor union all select id, version, user_account_id, company, null as sector, link, statement, 11 as clazz_ from patron union all select id, version, user_account_id, company, sector, null as link, null as statement, 12 as clazz_ from provider union all select id, version, user_account_id, null as company, null as sector, null as link, null as statement, 14 as clazz_ from administrator union all select id, version, user_account_id, null as company, null as sector, null as link, null as statement, 15 as clazz_ from anonymous union all select id, version, user_account_id, null as company, null as sector, null as link, null as statement, 16 as clazz_ from any union all select id, version, user_account_id, null as company, null as sector, null as link, null as statement, 17 as clazz_ from authenticated ) roles0_ where roles0_.user_account_id=? 
2022-04-06 14:59:18.187 TRACE [org.hibernate.type.descriptor.sql.BasicBinder@http-nio-8080-exec-2] binding parameter [1] as [INTEGER] - [7] 
2022-04-06 14:59:18.196 DEBUG [acme.framework.components.tiles.DynamicTilesView@http-nio-8080-exec-4] View name 'fragments/welcome', model {} 
2022-04-06 14:59:18.197 DEBUG [org.apache.jasper.servlet.JspServlet@http-nio-8080-exec-4] JspEngine --> /WEB-INF/views/master/page.jsp 
2022-04-06 14:59:18.197 DEBUG [org.apache.jasper.servlet.JspServlet@http-nio-8080-exec-4] ServletPath: /WEB-INF/views/master/page.jsp 
2022-04-06 14:59:18.197 DEBUG [org.apache.jasper.servlet.JspServlet@http-nio-8080-exec-4] PathInfo: null 
2022-04-06 14:59:18.197 DEBUG [org.apache.jasper.servlet.JspServlet@http-nio-8080-exec-4] RealPath: C:\Users\Grego\Desktop\Workspace-22.0\Projects\Acme-One-E8.02\target\classes\WEB-INF\views\master\page.jsp 
2022-04-06 14:59:18.197 DEBUG [org.apache.jasper.servlet.JspServlet@http-nio-8080-exec-4] RequestURI: /hello-world-22.0/WEB-INF/views/master/page.jsp 
2022-04-06 14:59:18.197 DEBUG [org.apache.jasper.servlet.JspServlet@http-nio-8080-exec-4] QueryString: null 
2022-04-06 14:59:18.238 DEBUG [org.apache.jasper.servlet.JspServlet@http-nio-8080-exec-4] JspEngine --> /WEB-INF/views/fragments/welcome.jsp 
2022-04-06 14:59:18.239 DEBUG [org.apache.jasper.servlet.JspServlet@http-nio-8080-exec-4] ServletPath: /WEB-INF/views/master/page.jsp 
2022-04-06 14:59:18.239 DEBUG [org.apache.jasper.servlet.JspServlet@http-nio-8080-exec-4] PathInfo: null 
2022-04-06 14:59:18.239 DEBUG [org.apache.jasper.servlet.JspServlet@http-nio-8080-exec-4] RealPath: C:\Users\Grego\Desktop\Workspace-22.0\Projects\Acme-One-E8.02\target\classes\WEB-INF\views\fragments\welcome.jsp 
2022-04-06 14:59:18.239 DEBUG [org.apache.jasper.servlet.JspServlet@http-nio-8080-exec-4] RequestURI: /hello-world-22.0/WEB-INF/views/master/page.jsp 
2022-04-06 14:59:18.239 DEBUG [org.apache.jasper.servlet.JspServlet@http-nio-8080-exec-4] QueryString: null 
2022-04-06 14:59:20.280 DEBUG [acme.framework.components.tiles.DynamicTilesView@http-nio-8080-exec-8] View name 'master/panic', model {} 
2022-04-06 14:59:20.281 DEBUG [org.apache.jasper.servlet.JspServlet@http-nio-8080-exec-8] JspEngine --> /WEB-INF/views/master/page.jsp 
2022-04-06 14:59:20.281 DEBUG [org.apache.jasper.servlet.JspServlet@http-nio-8080-exec-8] ServletPath: /WEB-INF/views/master/page.jsp 
2022-04-06 14:59:20.281 DEBUG [org.apache.jasper.servlet.JspServlet@http-nio-8080-exec-8] PathInfo: null 
2022-04-06 14:59:20.281 DEBUG [org.apache.jasper.servlet.JspServlet@http-nio-8080-exec-8] RealPath: C:\Users\Grego\Desktop\Workspace-22.0\Projects\Acme-One-E8.02\target\classes\WEB-INF\views\master\page.jsp 
2022-04-06 14:59:20.281 DEBUG [org.apache.jasper.servlet.JspServlet@http-nio-8080-exec-8] RequestURI: /hello-world-22.0/WEB-INF/views/master/page.jsp 
2022-04-06 14:59:20.281 DEBUG [org.apache.jasper.servlet.JspServlet@http-nio-8080-exec-8] QueryString: null 
2022-04-06 14:59:20.315 DEBUG [org.apache.jasper.servlet.JspServlet@http-nio-8080-exec-8] JspEngine --> /WEB-INF/views/master/panic.jsp 
2022-04-06 14:59:20.315 DEBUG [org.apache.jasper.servlet.JspServlet@http-nio-8080-exec-8] ServletPath: /WEB-INF/views/master/page.jsp 
2022-04-06 14:59:20.316 DEBUG [org.apache.jasper.servlet.JspServlet@http-nio-8080-exec-8] PathInfo: null 
2022-04-06 14:59:20.316 DEBUG [org.apache.jasper.servlet.JspServlet@http-nio-8080-exec-8] RealPath: C:\Users\Grego\Desktop\Workspace-22.0\Projects\Acme-One-E8.02\target\classes\WEB-INF\views\master\panic.jsp 
2022-04-06 14:59:20.316 DEBUG [org.apache.jasper.servlet.JspServlet@http-nio-8080-exec-8] RequestURI: /hello-world-22.0/WEB-INF/views/master/page.jsp 
2022-04-06 14:59:20.316 DEBUG [org.apache.jasper.servlet.JspServlet@http-nio-8080-exec-8] QueryString: null 
2022-04-06 14:59:20.383 ERROR [org.apache.jsp.WEB_002dINF.views.master.panic_jsp@http-nio-8080-exec-8] HTTP GET /hello-world-22.0/WEB-INF/views/master/page.jsp HTTP/1.1 
2022-04-06 14:59:20.384 ERROR [org.apache.jsp.WEB_002dINF.views.master.panic_jsp@http-nio-8080-exec-8] Status: 404 
2022-04-06 14:59:36.792 DEBUG [acme.framework.controllers.AbstractController@http-nio-8080-exec-7] DISPATCHING GET /hello-world-22.0/inventor/chirp/list 
2022-04-06 14:59:36.793 DEBUG [acme.framework.controllers.AbstractController@http-nio-8080-exec-7] Command: list 
2022-04-06 14:59:36.793 DEBUG [acme.framework.controllers.AbstractController@http-nio-8080-exec-7] Model:   {} 
2022-04-06 14:59:36.793 DEBUG [acme.framework.controllers.AbstractController@http-nio-8080-exec-7] Locale:  en 
2022-04-06 14:59:36.805 DEBUG [org.hibernate.SQL@http-nio-8080-exec-7] select chirp0_.id as id1_0_, chirp0_.version as version2_0_, chirp0_.author as author1_6_, chirp0_.body as body2_6_, chirp0_.mail as mail3_6_, chirp0_.moment as moment4_6_, chirp0_.title as title5_6_ from chirp chirp0_ where chirp0_.moment>? 
2022-04-06 14:59:36.805 TRACE [org.hibernate.type.descriptor.sql.BasicBinder@http-nio-8080-exec-7] binding parameter [1] as [TIMESTAMP] - [Sun Mar 06 14:59:36 CET 2022] 
2022-04-06 14:59:36.824 DEBUG [acme.framework.controllers.AbstractController@http-nio-8080-exec-7] SERVING GET /hello-world-22.0/inventor/chirp/list 
2022-04-06 14:59:36.824 DEBUG [acme.framework.controllers.AbstractController@http-nio-8080-exec-7] Result: ModelAndView [view="inventor/chirp/list"; model={body[0]=This is a test Chirp, moment[0]=2022-04-05 00:27:00.0, mail[0]=chirp1@acme.com, version[0]=0, title[0]=Test Chirp 1, id[0]=32, autor[0]=null, list$size=1, command=list, principal=acme.framework.entities.Principal@33afd5c6}] 
2022-04-06 14:59:36.827 DEBUG [acme.framework.components.tiles.DynamicTilesView@http-nio-8080-exec-7] View name 'inventor/chirp/list', model {body[0]=This is a test Chirp, moment[0]=2022-04-05 00:27:00.0, mail[0]=chirp1@acme.com, version[0]=0, title[0]=Test Chirp 1, id[0]=32, autor[0]=null, list$size=1, command=list, principal=acme.framework.entities.Principal@33afd5c6, org.springframework.validation.BindingResult.principal=org.springframework.validation.BeanPropertyBindingResult: 0 errors} 
2022-04-06 14:59:36.828 DEBUG [org.apache.jasper.servlet.JspServlet@http-nio-8080-exec-7] JspEngine --> /WEB-INF/views/master/page.jsp 
2022-04-06 14:59:36.828 DEBUG [org.apache.jasper.servlet.JspServlet@http-nio-8080-exec-7] ServletPath: /WEB-INF/views/master/page.jsp 
2022-04-06 14:59:36.828 DEBUG [org.apache.jasper.servlet.JspServlet@http-nio-8080-exec-7] PathInfo: null 
2022-04-06 14:59:36.829 DEBUG [org.apache.jasper.servlet.JspServlet@http-nio-8080-exec-7] RealPath: C:\Users\Grego\Desktop\Workspace-22.0\Projects\Acme-One-E8.02\target\classes\WEB-INF\views\master\page.jsp 
2022-04-06 14:59:36.829 DEBUG [org.apache.jasper.servlet.JspServlet@http-nio-8080-exec-7] RequestURI: /hello-world-22.0/WEB-INF/views/master/page.jsp 
2022-04-06 14:59:36.829 DEBUG [org.apache.jasper.servlet.JspServlet@http-nio-8080-exec-7] QueryString: null 
2022-04-06 14:59:36.871 DEBUG [org.apache.jasper.servlet.JspServlet@http-nio-8080-exec-7] JspEngine --> /WEB-INF/views/inventor/chirp/list.jsp 
2022-04-06 14:59:36.871 DEBUG [org.apache.jasper.servlet.JspServlet@http-nio-8080-exec-7] ServletPath: /WEB-INF/views/master/page.jsp 
2022-04-06 14:59:36.872 DEBUG [org.apache.jasper.servlet.JspServlet@http-nio-8080-exec-7] PathInfo: null 
2022-04-06 14:59:36.872 DEBUG [org.apache.jasper.servlet.JspServlet@http-nio-8080-exec-7] RealPath: C:\Users\Grego\Desktop\Workspace-22.0\Projects\Acme-One-E8.02\target\classes\WEB-INF\views\inventor\chirp\list.jsp 
2022-04-06 14:59:36.872 DEBUG [org.apache.jasper.servlet.JspServlet@http-nio-8080-exec-7] RequestURI: /hello-world-22.0/WEB-INF/views/master/page.jsp 
2022-04-06 14:59:36.872 DEBUG [org.apache.jasper.servlet.JspServlet@http-nio-8080-exec-7] QueryString: null 
2022-04-06 14:59:43.513 DEBUG [acme.framework.controllers.AbstractController@http-nio-8080-exec-8] DISPATCHING GET /hello-world-22.0/inventor/chirp/show 
2022-04-06 14:59:43.513 DEBUG [acme.framework.controllers.AbstractController@http-nio-8080-exec-8] Command: show 
2022-04-06 14:59:43.513 DEBUG [acme.framework.controllers.AbstractController@http-nio-8080-exec-8] Model:   {id=32} 
2022-04-06 14:59:43.514 DEBUG [acme.framework.controllers.AbstractController@http-nio-8080-exec-8] Locale:  en 
2022-04-06 14:59:43.516 DEBUG [acme.framework.controllers.AbstractController@http-nio-8080-exec-8] SERVING GET /hello-world-22.0/inventor/chirp/show 
2022-04-06 14:59:43.516 DEBUG [acme.framework.controllers.AbstractController@http-nio-8080-exec-8] Result: ModelAndView [view="master/panic"; model={oops=java.lang.IllegalStateException: End-point not available}] 
2022-04-06 14:59:43.516 DEBUG [acme.framework.components.tiles.DynamicTilesView@http-nio-8080-exec-8] View name 'master/panic', model {oops=java.lang.IllegalStateException: End-point not available, org.springframework.validation.BindingResult.oops=org.springframework.validation.BeanPropertyBindingResult: 0 errors} 
2022-04-06 14:59:43.517 DEBUG [org.apache.jasper.servlet.JspServlet@http-nio-8080-exec-8] JspEngine --> /WEB-INF/views/master/page.jsp 
2022-04-06 14:59:43.517 DEBUG [org.apache.jasper.servlet.JspServlet@http-nio-8080-exec-8] ServletPath: /WEB-INF/views/master/page.jsp 
2022-04-06 14:59:43.517 DEBUG [org.apache.jasper.servlet.JspServlet@http-nio-8080-exec-8] PathInfo: null 
2022-04-06 14:59:43.518 DEBUG [org.apache.jasper.servlet.JspServlet@http-nio-8080-exec-8] RealPath: C:\Users\Grego\Desktop\Workspace-22.0\Projects\Acme-One-E8.02\target\classes\WEB-INF\views\master\page.jsp 
2022-04-06 14:59:43.518 DEBUG [org.apache.jasper.servlet.JspServlet@http-nio-8080-exec-8] RequestURI: /hello-world-22.0/WEB-INF/views/master/page.jsp 
2022-04-06 14:59:43.518 DEBUG [org.apache.jasper.servlet.JspServlet@http-nio-8080-exec-8] QueryString: id=32 
2022-04-06 14:59:43.566 DEBUG [org.apache.jasper.servlet.JspServlet@http-nio-8080-exec-8] JspEngine --> /WEB-INF/views/master/panic.jsp 
2022-04-06 14:59:43.567 DEBUG [org.apache.jasper.servlet.JspServlet@http-nio-8080-exec-8] ServletPath: /WEB-INF/views/master/page.jsp 
2022-04-06 14:59:43.567 DEBUG [org.apache.jasper.servlet.JspServlet@http-nio-8080-exec-8] PathInfo: null 
2022-04-06 14:59:43.567 DEBUG [org.apache.jasper.servlet.JspServlet@http-nio-8080-exec-8] RealPath: C:\Users\Grego\Desktop\Workspace-22.0\Projects\Acme-One-E8.02\target\classes\WEB-INF\views\master\panic.jsp 
2022-04-06 14:59:43.568 DEBUG [org.apache.jasper.servlet.JspServlet@http-nio-8080-exec-8] RequestURI: /hello-world-22.0/WEB-INF/views/master/page.jsp 
2022-04-06 14:59:43.568 DEBUG [org.apache.jasper.servlet.JspServlet@http-nio-8080-exec-8] QueryString: id=32 
2022-04-06 14:59:43.568 ERROR [org.apache.jsp.WEB_002dINF.views.master.panic_jsp@http-nio-8080-exec-8] HTTP GET /hello-world-22.0/WEB-INF/views/master/page.jsp HTTP/1.1 
2022-04-06 14:59:43.568 ERROR [org.apache.jsp.WEB_002dINF.views.master.panic_jsp@http-nio-8080-exec-8] Status: 500 
2022-04-06 14:59:43.568 ERROR [org.apache.jsp.WEB_002dINF.views.master.panic_jsp@http-nio-8080-exec-8] Exception: acme.framework.helpers.Assert.state(Assert.java:45): End-point not available 
2022-04-06 14:59:47.991 DEBUG [acme.framework.controllers.AbstractController@http-nio-8080-exec-5] DISPATCHING GET /hello-world-22.0/inventor/chirp/list 
2022-04-06 14:59:47.991 DEBUG [acme.framework.controllers.AbstractController@http-nio-8080-exec-5] Command: list 
2022-04-06 14:59:47.991 DEBUG [acme.framework.controllers.AbstractController@http-nio-8080-exec-5] Model:   {} 
2022-04-06 14:59:47.991 DEBUG [acme.framework.controllers.AbstractController@http-nio-8080-exec-5] Locale:  en 
2022-04-06 14:59:47.992 DEBUG [org.hibernate.SQL@http-nio-8080-exec-5] select chirp0_.id as id1_0_, chirp0_.version as version2_0_, chirp0_.author as author1_6_, chirp0_.body as body2_6_, chirp0_.mail as mail3_6_, chirp0_.moment as moment4_6_, chirp0_.title as title5_6_ from chirp chirp0_ where chirp0_.moment>? 
2022-04-06 14:59:47.992 TRACE [org.hibernate.type.descriptor.sql.BasicBinder@http-nio-8080-exec-5] binding parameter [1] as [TIMESTAMP] - [Sun Mar 06 14:59:47 CET 2022] 
2022-04-06 14:59:47.994 DEBUG [acme.framework.controllers.AbstractController@http-nio-8080-exec-5] SERVING GET /hello-world-22.0/inventor/chirp/list 
2022-04-06 14:59:47.994 DEBUG [acme.framework.controllers.AbstractController@http-nio-8080-exec-5] Result: ModelAndView [view="inventor/chirp/list"; model={body[0]=This is a test Chirp, moment[0]=2022-04-05 00:27:00.0, mail[0]=chirp1@acme.com, version[0]=0, title[0]=Test Chirp 1, id[0]=32, autor[0]=null, list$size=1, command=list, principal=acme.framework.entities.Principal@33afd5c6}] 
2022-04-06 14:59:47.994 DEBUG [acme.framework.components.tiles.DynamicTilesView@http-nio-8080-exec-5] View name 'inventor/chirp/list', model {body[0]=This is a test Chirp, moment[0]=2022-04-05 00:27:00.0, mail[0]=chirp1@acme.com, version[0]=0, title[0]=Test Chirp 1, id[0]=32, autor[0]=null, list$size=1, command=list, principal=acme.framework.entities.Principal@33afd5c6, org.springframework.validation.BindingResult.principal=org.springframework.validation.BeanPropertyBindingResult: 0 errors} 
2022-04-06 14:59:47.995 DEBUG [org.apache.jasper.servlet.JspServlet@http-nio-8080-exec-5] JspEngine --> /WEB-INF/views/master/page.jsp 
2022-04-06 14:59:47.995 DEBUG [org.apache.jasper.servlet.JspServlet@http-nio-8080-exec-5] ServletPath: /WEB-INF/views/master/page.jsp 
2022-04-06 14:59:47.995 DEBUG [org.apache.jasper.servlet.JspServlet@http-nio-8080-exec-5] PathInfo: null 
2022-04-06 14:59:47.995 DEBUG [org.apache.jasper.servlet.JspServlet@http-nio-8080-exec-5] RealPath: C:\Users\Grego\Desktop\Workspace-22.0\Projects\Acme-One-E8.02\target\classes\WEB-INF\views\master\page.jsp 
2022-04-06 14:59:47.995 DEBUG [org.apache.jasper.servlet.JspServlet@http-nio-8080-exec-5] RequestURI: /hello-world-22.0/WEB-INF/views/master/page.jsp 
2022-04-06 14:59:47.996 DEBUG [org.apache.jasper.servlet.JspServlet@http-nio-8080-exec-5] QueryString: null 
2022-04-06 14:59:48.040 DEBUG [org.apache.jasper.servlet.JspServlet@http-nio-8080-exec-5] JspEngine --> /WEB-INF/views/inventor/chirp/list.jsp 
2022-04-06 14:59:48.041 DEBUG [org.apache.jasper.servlet.JspServlet@http-nio-8080-exec-5] ServletPath: /WEB-INF/views/master/page.jsp 
2022-04-06 14:59:48.041 DEBUG [org.apache.jasper.servlet.JspServlet@http-nio-8080-exec-5] PathInfo: null 
2022-04-06 14:59:48.041 DEBUG [org.apache.jasper.servlet.JspServlet@http-nio-8080-exec-5] RealPath: C:\Users\Grego\Desktop\Workspace-22.0\Projects\Acme-One-E8.02\target\classes\WEB-INF\views\inventor\chirp\list.jsp 
2022-04-06 14:59:48.041 DEBUG [org.apache.jasper.servlet.JspServlet@http-nio-8080-exec-5] RequestURI: /hello-world-22.0/WEB-INF/views/master/page.jsp 
2022-04-06 14:59:48.042 DEBUG [org.apache.jasper.servlet.JspServlet@http-nio-8080-exec-5] QueryString: null 
2022-04-06 14:59:55.894 DEBUG [acme.framework.controllers.AbstractController@http-nio-8080-exec-4] DISPATCHING GET /hello-world-22.0/inventor/chirp/show 
2022-04-06 14:59:55.894 DEBUG [acme.framework.controllers.AbstractController@http-nio-8080-exec-4] Command: show 
2022-04-06 14:59:55.894 DEBUG [acme.framework.controllers.AbstractController@http-nio-8080-exec-4] Model:   {id=32} 
2022-04-06 14:59:55.894 DEBUG [acme.framework.controllers.AbstractController@http-nio-8080-exec-4] Locale:  en 
2022-04-06 14:59:55.895 DEBUG [acme.framework.controllers.AbstractController@http-nio-8080-exec-4] SERVING GET /hello-world-22.0/inventor/chirp/show 
2022-04-06 14:59:55.895 DEBUG [acme.framework.controllers.AbstractController@http-nio-8080-exec-4] Result: ModelAndView [view="master/panic"; model={oops=java.lang.IllegalStateException: End-point not available}] 
2022-04-06 14:59:55.895 DEBUG [acme.framework.components.tiles.DynamicTilesView@http-nio-8080-exec-4] View name 'master/panic', model {oops=java.lang.IllegalStateException: End-point not available, org.springframework.validation.BindingResult.oops=org.springframework.validation.BeanPropertyBindingResult: 0 errors} 
2022-04-06 14:59:55.896 DEBUG [org.apache.jasper.servlet.JspServlet@http-nio-8080-exec-4] JspEngine --> /WEB-INF/views/master/page.jsp 
2022-04-06 14:59:55.896 DEBUG [org.apache.jasper.servlet.JspServlet@http-nio-8080-exec-4] ServletPath: /WEB-INF/views/master/page.jsp 
2022-04-06 14:59:55.896 DEBUG [org.apache.jasper.servlet.JspServlet@http-nio-8080-exec-4] PathInfo: null 
2022-04-06 14:59:55.896 DEBUG [org.apache.jasper.servlet.JspServlet@http-nio-8080-exec-4] RealPath: C:\Users\Grego\Desktop\Workspace-22.0\Projects\Acme-One-E8.02\target\classes\WEB-INF\views\master\page.jsp 
2022-04-06 14:59:55.897 DEBUG [org.apache.jasper.servlet.JspServlet@http-nio-8080-exec-4] RequestURI: /hello-world-22.0/WEB-INF/views/master/page.jsp 
2022-04-06 14:59:55.897 DEBUG [org.apache.jasper.servlet.JspServlet@http-nio-8080-exec-4] QueryString: id=32 
2022-04-06 14:59:55.945 DEBUG [org.apache.jasper.servlet.JspServlet@http-nio-8080-exec-4] JspEngine --> /WEB-INF/views/master/panic.jsp 
2022-04-06 14:59:55.945 DEBUG [org.apache.jasper.servlet.JspServlet@http-nio-8080-exec-4] ServletPath: /WEB-INF/views/master/page.jsp 
2022-04-06 14:59:55.945 DEBUG [org.apache.jasper.servlet.JspServlet@http-nio-8080-exec-4] PathInfo: null 
2022-04-06 14:59:55.945 DEBUG [org.apache.jasper.servlet.JspServlet@http-nio-8080-exec-4] RealPath: C:\Users\Grego\Desktop\Workspace-22.0\Projects\Acme-One-E8.02\target\classes\WEB-INF\views\master\panic.jsp 
2022-04-06 14:59:55.946 DEBUG [org.apache.jasper.servlet.JspServlet@http-nio-8080-exec-4] RequestURI: /hello-world-22.0/WEB-INF/views/master/page.jsp 
2022-04-06 14:59:55.946 DEBUG [org.apache.jasper.servlet.JspServlet@http-nio-8080-exec-4] QueryString: id=32 
2022-04-06 14:59:55.946 ERROR [org.apache.jsp.WEB_002dINF.views.master.panic_jsp@http-nio-8080-exec-4] HTTP GET /hello-world-22.0/WEB-INF/views/master/page.jsp HTTP/1.1 
2022-04-06 14:59:55.946 ERROR [org.apache.jsp.WEB_002dINF.views.master.panic_jsp@http-nio-8080-exec-4] Status: 500 
2022-04-06 14:59:55.946 ERROR [org.apache.jsp.WEB_002dINF.views.master.panic_jsp@http-nio-8080-exec-4] Exception: acme.framework.helpers.Assert.state(Assert.java:45): End-point not available 
2022-04-06 14:59:58.238 DEBUG [acme.framework.controllers.AbstractController@http-nio-8080-exec-1] DISPATCHING GET /hello-world-22.0/inventor/chirp/list 
2022-04-06 14:59:58.238 DEBUG [acme.framework.controllers.AbstractController@http-nio-8080-exec-1] Command: list 
2022-04-06 14:59:58.238 DEBUG [acme.framework.controllers.AbstractController@http-nio-8080-exec-1] Model:   {} 
2022-04-06 14:59:58.238 DEBUG [acme.framework.controllers.AbstractController@http-nio-8080-exec-1] Locale:  en 
2022-04-06 14:59:58.238 DEBUG [org.hibernate.SQL@http-nio-8080-exec-1] select chirp0_.id as id1_0_, chirp0_.version as version2_0_, chirp0_.author as author1_6_, chirp0_.body as body2_6_, chirp0_.mail as mail3_6_, chirp0_.moment as moment4_6_, chirp0_.title as title5_6_ from chirp chirp0_ where chirp0_.moment>? 
2022-04-06 14:59:58.240 TRACE [org.hibernate.type.descriptor.sql.BasicBinder@http-nio-8080-exec-1] binding parameter [1] as [TIMESTAMP] - [Sun Mar 06 14:59:58 CET 2022] 
2022-04-06 14:59:58.242 DEBUG [acme.framework.controllers.AbstractController@http-nio-8080-exec-1] SERVING GET /hello-world-22.0/inventor/chirp/list 
2022-04-06 14:59:58.242 DEBUG [acme.framework.controllers.AbstractController@http-nio-8080-exec-1] Result: ModelAndView [view="inventor/chirp/list"; model={body[0]=This is a test Chirp, moment[0]=2022-04-05 00:27:00.0, mail[0]=chirp1@acme.com, version[0]=0, title[0]=Test Chirp 1, id[0]=32, autor[0]=null, list$size=1, command=list, principal=acme.framework.entities.Principal@33afd5c6}] 
2022-04-06 14:59:58.242 DEBUG [acme.framework.components.tiles.DynamicTilesView@http-nio-8080-exec-1] View name 'inventor/chirp/list', model {body[0]=This is a test Chirp, moment[0]=2022-04-05 00:27:00.0, mail[0]=chirp1@acme.com, version[0]=0, title[0]=Test Chirp 1, id[0]=32, autor[0]=null, list$size=1, command=list, principal=acme.framework.entities.Principal@33afd5c6, org.springframework.validation.BindingResult.principal=org.springframework.validation.BeanPropertyBindingResult: 0 errors} 
2022-04-06 14:59:58.243 DEBUG [org.apache.jasper.servlet.JspServlet@http-nio-8080-exec-1] JspEngine --> /WEB-INF/views/master/page.jsp 
2022-04-06 14:59:58.243 DEBUG [org.apache.jasper.servlet.JspServlet@http-nio-8080-exec-1] ServletPath: /WEB-INF/views/master/page.jsp 
2022-04-06 14:59:58.243 DEBUG [org.apache.jasper.servlet.JspServlet@http-nio-8080-exec-1] PathInfo: null 
2022-04-06 14:59:58.243 DEBUG [org.apache.jasper.servlet.JspServlet@http-nio-8080-exec-1] RealPath: C:\Users\Grego\Desktop\Workspace-22.0\Projects\Acme-One-E8.02\target\classes\WEB-INF\views\master\page.jsp 
2022-04-06 14:59:58.243 DEBUG [org.apache.jasper.servlet.JspServlet@http-nio-8080-exec-1] RequestURI: /hello-world-22.0/WEB-INF/views/master/page.jsp 
2022-04-06 14:59:58.243 DEBUG [org.apache.jasper.servlet.JspServlet@http-nio-8080-exec-1] QueryString: null 
2022-04-06 14:59:58.290 DEBUG [org.apache.jasper.servlet.JspServlet@http-nio-8080-exec-1] JspEngine --> /WEB-INF/views/inventor/chirp/list.jsp 
2022-04-06 14:59:58.291 DEBUG [org.apache.jasper.servlet.JspServlet@http-nio-8080-exec-1] ServletPath: /WEB-INF/views/master/page.jsp 
2022-04-06 14:59:58.291 DEBUG [org.apache.jasper.servlet.JspServlet@http-nio-8080-exec-1] PathInfo: null 
2022-04-06 14:59:58.291 DEBUG [org.apache.jasper.servlet.JspServlet@http-nio-8080-exec-1] RealPath: C:\Users\Grego\Desktop\Workspace-22.0\Projects\Acme-One-E8.02\target\classes\WEB-INF\views\inventor\chirp\list.jsp 
2022-04-06 14:59:58.291 DEBUG [org.apache.jasper.servlet.JspServlet@http-nio-8080-exec-1] RequestURI: /hello-world-22.0/WEB-INF/views/master/page.jsp 
2022-04-06 14:59:58.292 DEBUG [org.apache.jasper.servlet.JspServlet@http-nio-8080-exec-1] QueryString: null 
