2022-04-06 00:00:00.007 DEBUG [acme.framework.components.database.DatabaseUtil@main] Executing script command 'create table system_configuration (id integer not null, version integer not null, accepted_currencies varchar(255), default_currency varchar(255), strong_spam_terms varchar(255), strong_threshold double precision not null, weak_spam_terms varchar(255), weak_threshold double precision not null, primary key (id)) engine=InnoDB'. 
2022-04-06 00:00:00.273 DEBUG [acme.framework.components.database.DatabaseUtil@main] Executing script command 'create table toolkit (id integer not null, version integer not null, assembly_notes varchar(255), code varchar(255), description varchar(255), link varchar(255), title varchar(255), primary key (id)) engine=InnoDB'. 
2022-04-06 00:00:00.548 DEBUG [acme.framework.components.database.DatabaseUtil@main] Executing script command 'create table user_account (id integer not null, version integer not null, enabled bit not null, identity blob, password varchar(255), username varchar(255), primary key (id)) engine=InnoDB'. 
2022-04-06 00:00:00.815 DEBUG [acme.framework.components.database.DatabaseUtil@main] Executing script command 'alter table component add constraint UK_24wq1y3l3mfjohvgtsewd3vo unique (code)'. 
2022-04-06 00:00:01.273 DEBUG [acme.framework.components.database.DatabaseUtil@main] Executing script command 'alter table item add constraint UK_6cgogdarkq48dlg1lbnv4q1oq unique (code)'. 
2022-04-06 00:00:01.781 DEBUG [acme.framework.components.database.DatabaseUtil@main] Executing script command 'alter table patronage add constraint UK_7s289l63ihnn85qwyna5cqbfh unique (code)'. 
2022-04-06 00:00:04.171 DEBUG [acme.framework.components.database.DatabaseUtil@main] Executing script command 'alter table toolkit add constraint UK_qvml9bbjdvicrw1wt0e1bej3c unique (code)'. 
2022-04-06 00:00:04.605 DEBUG [acme.framework.components.database.DatabaseUtil@main] Executing script command 'alter table user_account add constraint UK_castjbvpeeus0r8lbpehiu0e4 unique (username)'. 
2022-04-06 00:00:05.022 DEBUG [acme.framework.components.database.DatabaseUtil@main] Executing script command 'alter table administrator add constraint FK_2a5vcjo3stlfcwadosjfq49l1 foreign key (user_account_id) references user_account (id)'. 
2022-04-06 00:00:05.413 DEBUG [acme.framework.components.database.DatabaseUtil@main] Executing script command 'alter table anonymous add constraint FK_6lnbc6fo3om54vugoh8icg78m foreign key (user_account_id) references user_account (id)'. 
2022-04-06 00:00:05.789 DEBUG [acme.framework.components.database.DatabaseUtil@main] Executing script command 'alter table any add constraint FK_26yflnlk4xrrxtkiwkag1l7lf foreign key (user_account_id) references user_account (id)'. 
2022-04-06 00:00:06.204 DEBUG [acme.framework.components.database.DatabaseUtil@main] Executing script command 'alter table authenticated add constraint FK_h52w0f3wjoi68b63wv9vwon57 foreign key (user_account_id) references user_account (id)'. 
2022-04-06 00:00:06.579 DEBUG [acme.framework.components.database.DatabaseUtil@main] Executing script command 'alter table consumer add constraint FK_6cyha9f1wpj0dpbxrrjddrqed foreign key (user_account_id) references user_account (id)'. 
2022-04-06 00:00:06.946 DEBUG [acme.framework.components.database.DatabaseUtil@main] Executing script command 'alter table inventor add constraint FK_2upmsx50p5pou2l4uy8trxor6 foreign key (user_account_id) references user_account (id)'. 
2022-04-06 00:00:07.338 DEBUG [acme.framework.components.database.DatabaseUtil@main] Executing script command 'alter table patron add constraint FK_8xx5nujhuio3advxc2freyu65 foreign key (user_account_id) references user_account (id)'. 
2022-04-06 00:00:08.137 DEBUG [acme.framework.components.database.DatabaseUtil@main] Executing script command 'alter table patronage add constraint FKgkbt6mel1m6joiypsbc2ko6mi foreign key (inventor_id) references inventor (id)'. 
2022-04-06 00:00:08.512 DEBUG [acme.framework.components.database.DatabaseUtil@main] Executing script command 'alter table provider add constraint FK_b1gwnjqm6ggy9yuiqm0o4rlmd foreign key (user_account_id) references user_account (id)'. 
2022-04-06 00:00:08.895 DEBUG [acme.framework.components.database.DatabaseUtil@main] Executing script command 'set foreign_key_checks=1'. 
2022-04-06 00:00:08.895 DEBUG [acme.framework.components.database.DatabaseUtil@main] Committing transaction '1931130011'. 
2022-04-06 00:00:08.897 INFO  [acme.framework.components.database.DatabasePopulator@main] Reading entities from 'classpath:/WEB-INF/resources/initial-data' 
2022-04-06 00:00:08.903 DEBUG [acme.framework.components.database.Dataset@main] Reading dataset from 'D:\Uni\DP2\Workspace-22.0\Projects\Acme-One-E8.02\target\classes\WEB-INF\resources\initial-data\administrator.csv' 
2022-04-06 00:00:09.048 DEBUG [acme.framework.components.database.Dataset@main] Reading mapping '{key:user-account=user-account-administrator-01, key=administrator-01}' from 'D:\Uni\DP2\Workspace-22.0\Projects\Acme-One-E8.02\target\classes\WEB-INF\resources\initial-data\administrator.csv' 
2022-04-06 00:00:09.050 DEBUG [acme.framework.components.database.Dataset@main] Reading dataset from 'D:\Uni\DP2\Workspace-22.0\Projects\Acme-One-E8.02\target\classes\WEB-INF\resources\initial-data\anonymous.csv' 
2022-04-06 00:00:09.054 DEBUG [acme.framework.components.database.Dataset@main] Reading mapping '{key:user-account=user-account-anonymous-01, key=anonymous-01}' from 'D:\Uni\DP2\Workspace-22.0\Projects\Acme-One-E8.02\target\classes\WEB-INF\resources\initial-data\anonymous.csv' 
2022-04-06 00:00:09.055 DEBUG [acme.framework.components.database.Dataset@main] Reading dataset from 'D:\Uni\DP2\Workspace-22.0\Projects\Acme-One-E8.02\target\classes\WEB-INF\resources\initial-data\system-configuration.csv' 
2022-04-06 00:00:09.064 DEBUG [acme.framework.components.database.Dataset@main] Reading mapping '{weak-spam-terms=sexy, nigeria, you’ve won, one mil-lion, has ganado, un millón, default-currency=EUR, accepted-currencies=EUR, USD, GBP, strong-spam-terms=sex, hard core, viagra, cialis , sexo, weak-threshold=25.00, key=system-configuration-01, strong-threshold=10.00}' from 'D:\Uni\DP2\Workspace-22.0\Projects\Acme-One-E8.02\target\classes\WEB-INF\resources\initial-data\system-configuration.csv' 
2022-04-06 00:00:09.065 DEBUG [acme.framework.components.database.Dataset@main] Reading dataset from 'D:\Uni\DP2\Workspace-22.0\Projects\Acme-One-E8.02\target\classes\WEB-INF\resources\initial-data\user-account.csv' 
2022-04-06 00:00:09.065 DEBUG [acme.framework.components.database.Dataset@main] Reading mapping '{password=HIDDEN-PASSWORD, identity=UserIdentity{name: 'John', surname: 'Doe', email: 'john.doe@acme.com'}, key=user-account-anonymous-01, enabled=false, username=anonymous}' from 'D:\Uni\DP2\Workspace-22.0\Projects\Acme-One-E8.02\target\classes\WEB-INF\resources\initial-data\user-account.csv' 
2022-04-06 00:00:09.065 DEBUG [acme.framework.components.database.Dataset@main] Reading mapping '{password=administrator, identity=UserIdentity{name: 'Administrator', surname: 'Acme', email: 'administrator@acme.com'}, key=user-account-administrator-01, enabled=true, username=administrator}' from 'D:\Uni\DP2\Workspace-22.0\Projects\Acme-One-E8.02\target\classes\WEB-INF\resources\initial-data\user-account.csv' 
2022-04-06 00:00:09.066 DEBUG [acme.framework.components.database.Dataset@main] Reading mapping '{password=inventor1, identity=UserIdentity{name:'inventor',surname:'1',email:'inventor1@acme.com'}, key=user-account-inventor-01, enabled=true, username=inventor1}' from 'D:\Uni\DP2\Workspace-22.0\Projects\Acme-One-E8.02\target\classes\WEB-INF\resources\initial-data\user-account.csv' 
2022-04-06 00:00:09.066 DEBUG [acme.framework.components.database.Dataset@main] Reading mapping '{password=inventor2, identity=UserIdentity{name:'inventor',surname:'2',email:'inventor2@acme.com'}, key=user-account-inventor-02, enabled=true, username=inventor2}' from 'D:\Uni\DP2\Workspace-22.0\Projects\Acme-One-E8.02\target\classes\WEB-INF\resources\initial-data\user-account.csv' 
2022-04-06 00:00:09.066 DEBUG [acme.framework.components.database.Dataset@main] Reading mapping '{password=inventor3, identity=UserIdentity{name:'inventor',surname:'3',email:'inventor3@acme.com'}, key=user-account-inventor-03, enabled=true, username=inventor3}' from 'D:\Uni\DP2\Workspace-22.0\Projects\Acme-One-E8.02\target\classes\WEB-INF\resources\initial-data\user-account.csv' 
2022-04-06 00:00:09.066 DEBUG [acme.framework.components.database.EntityWeb@main] Setting attributes of entities of class acme.framework.roles.Administrator 
2022-04-06 00:00:09.066 DEBUG [acme.framework.components.database.EntityWeb@main] Setting attributes of entities of class acme.entities.SystemConfiguration 
2022-04-06 00:00:09.079 DEBUG [acme.framework.components.database.EntityWeb@main] Setting attributes of entities of class acme.framework.roles.Anonymous 
2022-04-06 00:00:09.079 DEBUG [acme.framework.components.database.EntityWeb@main] Setting attributes of entities of class acme.framework.entities.UserAccount 
2022-04-06 00:00:09.291 DEBUG [acme.framework.components.database.EntityWeb@main] Linking entities of class acme.framework.roles.Administrator 
2022-04-06 00:00:09.296 DEBUG [acme.framework.components.database.EntityWeb@main] Linking entities of class acme.entities.SystemConfiguration 
2022-04-06 00:00:09.297 DEBUG [acme.framework.components.database.EntityWeb@main] Linking entities of class acme.framework.roles.Anonymous 
2022-04-06 00:00:09.301 DEBUG [acme.framework.components.database.EntityWeb@main] Linking entities of class acme.framework.entities.UserAccount 
2022-04-06 00:00:09.301 INFO  [acme.framework.components.database.DatabasePopulator@main] Reading entities from 'classpath:/WEB-INF/resources/sample-data' 
2022-04-06 00:00:09.303 DEBUG [acme.framework.components.database.Dataset@main] Reading dataset from 'D:\Uni\DP2\Workspace-22.0\Projects\Acme-One-E8.02\target\classes\WEB-INF\resources\sample-data\announcement.csv' 
2022-04-06 00:00:09.307 DEBUG [acme.framework.components.database.Dataset@main] Reading mapping '{critical=false, creationMoment=2022/04/01 16:04, link=https://www.acme.com, title=Announcement 3, body=Happy new years!, key=announcement-03}' from 'D:\Uni\DP2\Workspace-22.0\Projects\Acme-One-E8.02\target\classes\WEB-INF\resources\sample-data\announcement.csv' 
2022-04-06 00:00:09.307 DEBUG [acme.framework.components.database.Dataset@main] Reading mapping '{critical=true, creationMoment=2021/12/31 23:59, link=https://www.acme.com, title=Announcement 2, body=This is a critical announcement!, key=announcement-02}' from 'D:\Uni\DP2\Workspace-22.0\Projects\Acme-One-E8.02\target\classes\WEB-INF\resources\sample-data\announcement.csv' 
2022-04-06 00:00:09.308 DEBUG [acme.framework.components.database.Dataset@main] Reading mapping '{critical=false, creationMoment=2022/04/01 16:04, link=https://www.acme.com, title=Announcement 1, body=This is an announcement!, key=announcement-01}' from 'D:\Uni\DP2\Workspace-22.0\Projects\Acme-One-E8.02\target\classes\WEB-INF\resources\sample-data\announcement.csv' 
2022-04-06 00:00:09.308 DEBUG [acme.framework.components.database.Dataset@main] Reading dataset from 'D:\Uni\DP2\Workspace-22.0\Projects\Acme-One-E8.02\target\classes\WEB-INF\resources\sample-data\chirp.csv' 
2022-04-06 00:00:09.314 DEBUG [acme.framework.components.database.Dataset@main] Reading mapping '{mail=chirp1@acme.com, author=chirp1, title=Test Chirp 1, body=This is a test Chirp, key=chirp-01, moment=2022/04/05 00:27}' from 'D:\Uni\DP2\Workspace-22.0\Projects\Acme-One-E8.02\target\classes\WEB-INF\resources\sample-data\chirp.csv' 
2022-04-06 00:00:09.314 DEBUG [acme.framework.components.database.Dataset@main] Reading mapping '{mail=chirp2@acme.com, author=chirp2, title=Test Chirp 2, body=This is a another test Chirp, key=chirp-02, moment=2022/01/15 09:55}' from 'D:\Uni\DP2\Workspace-22.0\Projects\Acme-One-E8.02\target\classes\WEB-INF\resources\sample-data\chirp.csv' 
2022-04-06 00:00:09.314 DEBUG [acme.framework.components.database.Dataset@main] Reading mapping '{mail=chirp3@acme.com, author=chirp3, title=Te$st Ch1rp 3, body=This is the final test Chirp, key=chirp-03, moment=2021/11/11 23:53}' from 'D:\Uni\DP2\Workspace-22.0\Projects\Acme-One-E8.02\target\classes\WEB-INF\resources\sample-data\chirp.csv' 
2022-04-06 00:00:09.314 DEBUG [acme.framework.components.database.Dataset@main] Reading dataset from 'D:\Uni\DP2\Workspace-22.0\Projects\Acme-One-E8.02\target\classes\WEB-INF\resources\sample-data\component.csv' 
2022-04-06 00:00:09.319 DEBUG [acme.framework.components.database.Dataset@main] Reading mapping '{code=COM-001, name=Component 1, link=https://www.acme.com, description=Test Component 1, technology=Technology 1, key=component-01, retail-price=100.00}' from 'D:\Uni\DP2\Workspace-22.0\Projects\Acme-One-E8.02\target\classes\WEB-INF\resources\sample-data\component.csv' 
2022-04-06 00:00:09.319 DEBUG [acme.framework.components.database.Dataset@main] Reading mapping '{code=COM-001-B, name=Component 2, link=https://www.acme.com, description=Another Test Component, technology=Technology 2, key=component-02, retail-price=2133}' from 'D:\Uni\DP2\Workspace-22.0\Projects\Acme-One-E8.02\target\classes\WEB-INF\resources\sample-data\component.csv' 
2022-04-06 00:00:09.319 DEBUG [acme.framework.components.database.Dataset@main] Reading mapping '{code=COM-003, name=C0mp0n3nt, link=https://www.acme.com, description=$$$$$$$!!!!, technology=Technology 3, key=component-03, retail-price=23.3}' from 'D:\Uni\DP2\Workspace-22.0\Projects\Acme-One-E8.02\target\classes\WEB-INF\resources\sample-data\component.csv' 
2022-04-06 00:00:09.320 DEBUG [acme.framework.components.database.Dataset@main] Reading dataset from 'D:\Uni\DP2\Workspace-22.0\Projects\Acme-One-E8.02\target\classes\WEB-INF\resources\sample-data\consumer.csv' 
2022-04-06 00:00:09.321 DEBUG [acme.framework.components.database.Dataset@main] Reading mapping '{key:user-account=user-account-administrator-01, company=Macarena, Inc., sector=Telecommunications, key=consumer-01}' from 'D:\Uni\DP2\Workspace-22.0\Projects\Acme-One-E8.02\target\classes\WEB-INF\resources\sample-data\consumer.csv' 
2022-04-06 00:00:09.322 DEBUG [acme.framework.components.database.Dataset@main] Reading dataset from 'D:\Uni\DP2\Workspace-22.0\Projects\Acme-One-E8.02\target\classes\WEB-INF\resources\sample-data\inventor.csv' 
2022-04-06 00:00:09.322 DEBUG [acme.framework.components.database.Dataset@main] Reading mapping '{key:user-account=user-account-invententor-01, statement=This is an inventor!, link=https://www.acme.com, company=Company 1, key=inventor-01}' from 'D:\Uni\DP2\Workspace-22.0\Projects\Acme-One-E8.02\target\classes\WEB-INF\resources\sample-data\inventor.csv' 
2022-04-06 00:00:09.322 DEBUG [acme.framework.components.database.Dataset@main] Reading mapping '{key:user-account=user-account-invententor-02, statement=This is another inventor!, link=https://www.acme.com, company=Company 2, key=inventor-02}' from 'D:\Uni\DP2\Workspace-22.0\Projects\Acme-One-E8.02\target\classes\WEB-INF\resources\sample-data\inventor.csv' 
2022-04-06 00:00:09.322 DEBUG [acme.framework.components.database.Dataset@main] Reading mapping '{key:user-account=user-account-invententor-03, statement=#$%#%#!!!, link=https://www.acme.com, company=C0mpany 3, key=inventor-03}' from 'D:\Uni\DP2\Workspace-22.0\Projects\Acme-One-E8.02\target\classes\WEB-INF\resources\sample-data\inventor.csv' 
2022-04-06 00:00:09.323 DEBUG [acme.framework.components.database.Dataset@main] Reading dataset from 'D:\Uni\DP2\Workspace-22.0\Projects\Acme-One-E8.02\target\classes\WEB-INF\resources\sample-data\provider.csv' 
2022-04-06 00:00:09.327 DEBUG [acme.framework.components.database.Dataset@main] Reading mapping '{key:user-account=user-account-administrator-01, company=Terra Nets, S.A., sector=Internet, key=provider-01}' from 'D:\Uni\DP2\Workspace-22.0\Projects\Acme-One-E8.02\target\classes\WEB-INF\resources\sample-data\provider.csv' 
2022-04-06 00:00:09.327 DEBUG [acme.framework.components.database.EntityWeb@main] Setting attributes of entities of class acme.entities.Announcement 
2022-04-06 00:00:09.343 DEBUG [acme.framework.configuration.ExtendedMessageSource@main] Loading properties [D:\Uni\DP2\Workspace-22.0\Projects\Acme-One-E8.02\target\classes\WEB-INF\views\administrator\user-account\messages-en.i18n] with encoding 'utf-8' 
2022-04-06 00:00:09.348 DEBUG [acme.framework.configuration.ExtendedMessageSource@main] Loading properties [D:\Uni\DP2\Workspace-22.0\Projects\Acme-One-E8.02\target\classes\WEB-INF\views\authenticated\consumer\messsages-en.i18n] with encoding 'utf-8' 
2022-04-06 00:00:09.351 DEBUG [acme.framework.configuration.ExtendedMessageSource@main] Loading properties [D:\Uni\DP2\Workspace-22.0\Projects\Acme-One-E8.02\target\classes\WEB-INF\views\authenticated\provider\messsages-en.i18n] with encoding 'utf-8' 
2022-04-06 00:00:09.356 DEBUG [acme.framework.configuration.ExtendedMessageSource@main] Loading properties [D:\Uni\DP2\Workspace-22.0\Projects\Acme-One-E8.02\target\classes\WEB-INF\views\fragments\banner-en.i18n] with encoding 'utf-8' 
2022-04-06 00:00:09.360 DEBUG [acme.framework.configuration.ExtendedMessageSource@main] Loading properties [D:\Uni\DP2\Workspace-22.0\Projects\Acme-One-E8.02\target\classes\WEB-INF\views\fragments\company-en.i18n] with encoding 'utf-8' 
2022-04-06 00:00:09.366 DEBUG [acme.framework.configuration.ExtendedMessageSource@main] Loading properties [D:\Uni\DP2\Workspace-22.0\Projects\Acme-One-E8.02\target\classes\WEB-INF\views\fragments\footer-en.i18n] with encoding 'utf-8' 
2022-04-06 00:00:09.371 DEBUG [acme.framework.configuration.ExtendedMessageSource@main] Loading properties [D:\Uni\DP2\Workspace-22.0\Projects\Acme-One-E8.02\target\classes\WEB-INF\views\fragments\license-en.i18n] with encoding 'utf-8' 
2022-04-06 00:00:09.377 DEBUG [acme.framework.configuration.ExtendedMessageSource@main] Loading properties [D:\Uni\DP2\Workspace-22.0\Projects\Acme-One-E8.02\target\classes\WEB-INF\views\fragments\menu-en.i18n] with encoding 'utf-8' 
2022-04-06 00:00:09.382 DEBUG [acme.framework.configuration.ExtendedMessageSource@main] Loading properties [D:\Uni\DP2\Workspace-22.0\Projects\Acme-One-E8.02\target\classes\WEB-INF\views\fragments\messsages-en.i18n] with encoding 'utf-8' 
2022-04-06 00:00:09.386 DEBUG [acme.framework.configuration.ExtendedMessageSource@main] Loading properties [D:\Uni\DP2\Workspace-22.0\Projects\Acme-One-E8.02\target\classes\WEB-INF\views\fragments\title-en.i18n] with encoding 'utf-8' 
2022-04-06 00:00:09.391 DEBUG [acme.framework.configuration.ExtendedMessageSource@main] Loading properties [D:\Uni\DP2\Workspace-22.0\Projects\Acme-One-E8.02\target\classes\WEB-INF\views\fragments\welcome-en.i18n] with encoding 'utf-8' 
2022-04-06 00:00:09.396 DEBUG [acme.framework.configuration.ExtendedMessageSource@main] Loading properties [D:\Uni\DP2\Workspace-22.0\Projects\Acme-One-E8.02\target\classes\WEB-INF\views\master\defaults-en.i18n] with encoding 'utf-8' 
2022-04-06 00:00:09.400 DEBUG [acme.framework.configuration.ExtendedMessageSource@main] Loading properties [D:\Uni\DP2\Workspace-22.0\Projects\Acme-One-E8.02\target\classes\WEB-INF\views\master\master-en.i18n] with encoding 'utf-8' 
2022-04-06 00:00:09.405 DEBUG [acme.framework.configuration.ExtendedMessageSource@main] Loading properties [D:\Uni\DP2\Workspace-22.0\Projects\Acme-One-E8.02\target\classes\WEB-INF\views\master\throwables-en.i18n] with encoding 'utf-8' 
2022-04-06 00:00:09.411 DEBUG [acme.framework.configuration.ExtendedMessageSource@main] Loading properties [D:\Uni\DP2\Workspace-22.0\Projects\Acme-One-E8.02\target\classes\WEB-INF\views\master\validation-en.i18n] with encoding 'utf-8' 
2022-04-06 00:00:09.415 DEBUG [acme.framework.components.database.EntityWeb@main] Setting attributes of entities of class acme.roles.Consumer 
2022-04-06 00:00:09.419 DEBUG [acme.framework.components.database.EntityWeb@main] Setting attributes of entities of class acme.entities.Component 
2022-04-06 00:00:09.423 DEBUG [acme.framework.components.database.EntityWeb@main] Setting attributes of entities of class acme.entities.Chirp 
2022-04-06 00:00:09.428 DEBUG [acme.framework.components.database.EntityWeb@main] Setting attributes of entities of class acme.roles.Inventor 
2022-04-06 00:00:09.432 DEBUG [acme.framework.components.database.EntityWeb@main] Setting attributes of entities of class acme.roles.Provider 
2022-04-06 00:00:09.436 DEBUG [acme.framework.components.database.EntityWeb@main] Linking entities of class acme.entities.Announcement 
2022-04-06 00:00:09.436 DEBUG [acme.framework.components.database.EntityWeb@main] Linking entities of class acme.roles.Consumer 
2022-04-06 00:00:09.436 DEBUG [acme.framework.components.database.EntityWeb@main] Linking entities of class acme.entities.Component 
2022-04-06 00:00:09.436 DEBUG [acme.framework.components.database.EntityWeb@main] Linking entities of class acme.entities.Chirp 
2022-04-06 00:00:09.436 DEBUG [acme.framework.components.database.EntityWeb@main] Linking entities of class acme.roles.Inventor 
2022-04-06 00:00:09.438 ERROR [acme.Launcher@main] acme.framework.components.database.EntityWeb.computeLinkAttributes(EntityWeb.java:291): D:\Uni\DP2\Workspace-22.0\Projects\Acme-One-E8.02\target\classes\WEB-INF\resources\sample-data\inventor.csv: couldn't find entity 'acme.framework.entities.UserAccount@user-account-invententor-02' for property 'acme.roles.Inventor@inventor-02::userAccount' 
2022-04-06 00:00:09.439 INFO  [acme.Launcher@main] The application log provides additional debugging messages! 
2022-04-06 00:00:10.504 INFO  [acme.framework.configuration.ShutdownConfiguration@main] The system is shutting down... 
2022-04-06 00:00:10.513 DEBUG [acme.Launcher@main] Exit code = 0 
