2022-04-05 23:16:49.380 INFO  [acme.Launcher@main] Starting Launcher using Java 1.8.0_281 on DESKTOP-5LQR2DK with PID 17956 (D:\Uni\DP2\Workspace-22.0\Frameworks\Acme-Framework-22.3\target\classes started by Stockie in D:\Uni\DP2\Workspace-22.0\Projects\Acme-One-E8.02) 
2022-04-05 23:16:49.381 DEBUG [acme.Launcher@main] Running with Spring Boot v2.4.2, Spring v5.3.3 
2022-04-05 23:16:49.382 INFO  [acme.Launcher@main] The following profiles are active: development,populator 
2022-04-05 23:16:51.290 DEBUG [org.apache.jasper.servlet.JasperInitializer@main] Initializing Jasper for context [application] 
2022-04-05 23:16:54.741 DEBUG [org.apache.jasper.servlet.JspServlet@main] Scratch dir for the JSP engine is: [C:\Users\Stockie\AppData\Local\Temp\tomcat.8083.3398120270577847846\work\Tomcat\localhost\hello-world-22.0] 
2022-04-05 23:16:54.742 DEBUG [org.apache.jasper.servlet.JspServlet@main] IMPORTANT: Do not modify the generated servlets 
2022-04-05 23:16:54.751 INFO  [acme.Launcher@main] Started Launcher in 5.885 seconds (JVM running for 6.381) 
2022-04-05 23:16:54.756 DEBUG [acme.Launcher@main] Found classpath entry '/D:/Uni/DP2/Workspace-22.0/Projects/Acme-One-E8.02/target/classes/' 
2022-04-05 23:16:54.756 DEBUG [acme.Launcher@main] Found classpath entry '/D:/Uni/DP2/Workspace-22.0/Projects/Acme-One-E8.02/target/test-classes/' 
2022-04-05 23:16:54.756 DEBUG [acme.Launcher@main] Found classpath entry '/C:/Users/Stockie/.m2/repository/org/springframework/boot/spring-boot-starter-tomcat/2.4.2/spring-boot-starter-tomcat-2.4.2.jar' 
2022-04-05 23:16:54.756 DEBUG [acme.Launcher@main] Found classpath entry '/C:/Users/Stockie/.m2/repository/jakarta/annotation/jakarta.annotation-api/1.3.5/jakarta.annotation-api-1.3.5.jar' 
2022-04-05 23:16:54.756 DEBUG [acme.Launcher@main] Found classpath entry '/C:/Users/Stockie/.m2/repository/org/apache/tomcat/embed/tomcat-embed-core/9.0.41/tomcat-embed-core-9.0.41.jar' 
2022-04-05 23:16:54.756 DEBUG [acme.Launcher@main] Found classpath entry '/C:/Users/Stockie/.m2/repository/org/glassfish/jakarta.el/3.0.3/jakarta.el-3.0.3.jar' 
2022-04-05 23:16:54.757 DEBUG [acme.Launcher@main] Found classpath entry '/C:/Users/Stockie/.m2/repository/org/apache/tomcat/embed/tomcat-embed-websocket/9.0.41/tomcat-embed-websocket-9.0.41.jar' 
2022-04-05 23:16:54.757 DEBUG [acme.Launcher@main] Found classpath entry '/C:/Users/Stockie/.m2/repository/org/apache/tomcat/embed/tomcat-embed-jasper/9.0.41/tomcat-embed-jasper-9.0.41.jar' 
2022-04-05 23:16:54.757 DEBUG [acme.Launcher@main] Found classpath entry '/C:/Users/Stockie/.m2/repository/org/apache/tomcat/embed/tomcat-embed-el/9.0.41/tomcat-embed-el-9.0.41.jar' 
2022-04-05 23:16:54.757 DEBUG [acme.Launcher@main] Found classpath entry '/C:/Users/Stockie/.m2/repository/org/eclipse/jdt/ecj/3.18.0/ecj-3.18.0.jar' 
2022-04-05 23:16:54.757 DEBUG [acme.Launcher@main] Found classpath entry '/C:/Users/Stockie/.m2/repository/javax/servlet/jstl/1.2/jstl-1.2.jar' 
2022-04-05 23:16:54.757 DEBUG [acme.Launcher@main] Found classpath entry '/C:/Users/Stockie/.m2/repository/org/springframework/boot/spring-boot-starter-test/2.4.2/spring-boot-starter-test-2.4.2.jar' 
2022-04-05 23:16:54.757 DEBUG [acme.Launcher@main] Found classpath entry '/C:/Users/Stockie/.m2/repository/org/springframework/boot/spring-boot-starter/2.4.2/spring-boot-starter-2.4.2.jar' 
2022-04-05 23:16:54.758 DEBUG [acme.Launcher@main] Found classpath entry '/C:/Users/Stockie/.m2/repository/org/springframework/boot/spring-boot/2.4.2/spring-boot-2.4.2.jar' 
2022-04-05 23:16:54.758 DEBUG [acme.Launcher@main] Found classpath entry '/C:/Users/Stockie/.m2/repository/org/springframework/boot/spring-boot-autoconfigure/2.4.2/spring-boot-autoconfigure-2.4.2.jar' 
2022-04-05 23:16:54.758 DEBUG [acme.Launcher@main] Found classpath entry '/C:/Users/Stockie/.m2/repository/org/springframework/boot/spring-boot-starter-logging/2.4.2/spring-boot-starter-logging-2.4.2.jar' 
2022-04-05 23:16:54.758 DEBUG [acme.Launcher@main] Found classpath entry '/C:/Users/Stockie/.m2/repository/ch/qos/logback/logback-classic/1.2.3/logback-classic-1.2.3.jar' 
2022-04-05 23:16:54.758 DEBUG [acme.Launcher@main] Found classpath entry '/C:/Users/Stockie/.m2/repository/ch/qos/logback/logback-core/1.2.3/logback-core-1.2.3.jar' 
2022-04-05 23:16:54.758 DEBUG [acme.Launcher@main] Found classpath entry '/C:/Users/Stockie/.m2/repository/org/apache/logging/log4j/log4j-to-slf4j/2.13.3/log4j-to-slf4j-2.13.3.jar' 
2022-04-05 23:16:54.759 DEBUG [acme.Launcher@main] Found classpath entry '/C:/Users/Stockie/.m2/repository/org/apache/logging/log4j/log4j-api/2.13.3/log4j-api-2.13.3.jar' 
2022-04-05 23:16:54.759 DEBUG [acme.Launcher@main] Found classpath entry '/C:/Users/Stockie/.m2/repository/org/slf4j/jul-to-slf4j/1.7.30/jul-to-slf4j-1.7.30.jar' 
2022-04-05 23:16:54.759 DEBUG [acme.Launcher@main] Found classpath entry '/C:/Users/Stockie/.m2/repository/org/yaml/snakeyaml/1.27/snakeyaml-1.27.jar' 
2022-04-05 23:16:54.759 DEBUG [acme.Launcher@main] Found classpath entry '/C:/Users/Stockie/.m2/repository/org/springframework/boot/spring-boot-test/2.4.2/spring-boot-test-2.4.2.jar' 
2022-04-05 23:16:54.759 DEBUG [acme.Launcher@main] Found classpath entry '/C:/Users/Stockie/.m2/repository/org/springframework/boot/spring-boot-test-autoconfigure/2.4.2/spring-boot-test-autoconfigure-2.4.2.jar' 
2022-04-05 23:16:54.759 DEBUG [acme.Launcher@main] Found classpath entry '/C:/Users/Stockie/.m2/repository/com/jayway/jsonpath/json-path/2.4.0/json-path-2.4.0.jar' 
2022-04-05 23:16:54.759 DEBUG [acme.Launcher@main] Found classpath entry '/C:/Users/Stockie/.m2/repository/net/minidev/json-smart/2.3/json-smart-2.3.jar' 
2022-04-05 23:16:54.760 DEBUG [acme.Launcher@main] Found classpath entry '/C:/Users/Stockie/.m2/repository/net/minidev/accessors-smart/1.2/accessors-smart-1.2.jar' 
2022-04-05 23:16:54.760 DEBUG [acme.Launcher@main] Found classpath entry '/C:/Users/Stockie/.m2/repository/org/ow2/asm/asm/5.0.4/asm-5.0.4.jar' 
2022-04-05 23:16:54.760 DEBUG [acme.Launcher@main] Found classpath entry '/C:/Users/Stockie/.m2/repository/jakarta/xml/bind/jakarta.xml.bind-api/2.3.3/jakarta.xml.bind-api-2.3.3.jar' 
2022-04-05 23:16:54.760 DEBUG [acme.Launcher@main] Found classpath entry '/C:/Users/Stockie/.m2/repository/jakarta/activation/jakarta.activation-api/1.2.2/jakarta.activation-api-1.2.2.jar' 
2022-04-05 23:16:54.760 DEBUG [acme.Launcher@main] Found classpath entry '/C:/Users/Stockie/.m2/repository/org/assertj/assertj-core/3.18.1/assertj-core-3.18.1.jar' 
2022-04-05 23:16:54.760 DEBUG [acme.Launcher@main] Found classpath entry '/C:/Users/Stockie/.m2/repository/org/hamcrest/hamcrest/2.2/hamcrest-2.2.jar' 
2022-04-05 23:16:54.760 DEBUG [acme.Launcher@main] Found classpath entry '/C:/Users/Stockie/.m2/repository/org/junit/jupiter/junit-jupiter/5.7.0/junit-jupiter-5.7.0.jar' 
2022-04-05 23:16:54.761 DEBUG [acme.Launcher@main] Found classpath entry '/C:/Users/Stockie/.m2/repository/org/mockito/mockito-core/3.6.28/mockito-core-3.6.28.jar' 
2022-04-05 23:16:54.761 DEBUG [acme.Launcher@main] Found classpath entry '/C:/Users/Stockie/.m2/repository/net/bytebuddy/byte-buddy-agent/1.10.19/byte-buddy-agent-1.10.19.jar' 
2022-04-05 23:16:54.761 DEBUG [acme.Launcher@main] Found classpath entry '/C:/Users/Stockie/.m2/repository/org/objenesis/objenesis/3.1/objenesis-3.1.jar' 
2022-04-05 23:16:54.761 DEBUG [acme.Launcher@main] Found classpath entry '/C:/Users/Stockie/.m2/repository/org/mockito/mockito-junit-jupiter/3.6.28/mockito-junit-jupiter-3.6.28.jar' 
2022-04-05 23:16:54.761 DEBUG [acme.Launcher@main] Found classpath entry '/C:/Users/Stockie/.m2/repository/org/skyscreamer/jsonassert/1.5.0/jsonassert-1.5.0.jar' 
2022-04-05 23:16:54.761 DEBUG [acme.Launcher@main] Found classpath entry '/C:/Users/Stockie/.m2/repository/com/vaadin/external/google/android-json/0.0.20131108.vaadin1/android-json-0.0.20131108.vaadin1.jar' 
2022-04-05 23:16:54.761 DEBUG [acme.Launcher@main] Found classpath entry '/C:/Users/Stockie/.m2/repository/org/springframework/spring-core/5.3.3/spring-core-5.3.3.jar' 
2022-04-05 23:16:54.762 DEBUG [acme.Launcher@main] Found classpath entry '/C:/Users/Stockie/.m2/repository/org/springframework/spring-jcl/5.3.3/spring-jcl-5.3.3.jar' 
2022-04-05 23:16:54.762 DEBUG [acme.Launcher@main] Found classpath entry '/C:/Users/Stockie/.m2/repository/org/springframework/spring-test/5.3.3/spring-test-5.3.3.jar' 
2022-04-05 23:16:54.762 DEBUG [acme.Launcher@main] Found classpath entry '/C:/Users/Stockie/.m2/repository/org/xmlunit/xmlunit-core/2.7.0/xmlunit-core-2.7.0.jar' 
2022-04-05 23:16:54.762 DEBUG [acme.Launcher@main] Found classpath entry '/C:/Users/Stockie/.m2/repository/org/springframework/boot/spring-boot-starter-security/2.4.2/spring-boot-starter-security-2.4.2.jar' 
2022-04-05 23:16:54.762 DEBUG [acme.Launcher@main] Found classpath entry '/C:/Users/Stockie/.m2/repository/org/springframework/spring-aop/5.3.3/spring-aop-5.3.3.jar' 
2022-04-05 23:16:54.763 DEBUG [acme.Launcher@main] Found classpath entry '/C:/Users/Stockie/.m2/repository/org/springframework/security/spring-security-web/5.4.2/spring-security-web-5.4.2.jar' 
2022-04-05 23:16:54.763 DEBUG [acme.Launcher@main] Found classpath entry '/C:/Users/Stockie/.m2/repository/org/springframework/security/spring-security-core/5.4.2/spring-security-core-5.4.2.jar' 
2022-04-05 23:16:54.763 DEBUG [acme.Launcher@main] Found classpath entry '/C:/Users/Stockie/.m2/repository/org/springframework/spring-beans/5.3.3/spring-beans-5.3.3.jar' 
2022-04-05 23:16:54.763 DEBUG [acme.Launcher@main] Found classpath entry '/C:/Users/Stockie/.m2/repository/org/springframework/spring-context/5.3.3/spring-context-5.3.3.jar' 
2022-04-05 23:16:54.763 DEBUG [acme.Launcher@main] Found classpath entry '/C:/Users/Stockie/.m2/repository/org/springframework/spring-expression/5.3.3/spring-expression-5.3.3.jar' 
2022-04-05 23:16:54.763 DEBUG [acme.Launcher@main] Found classpath entry '/C:/Users/Stockie/.m2/repository/org/springframework/spring-web/5.3.3/spring-web-5.3.3.jar' 
2022-04-05 23:16:54.763 DEBUG [acme.Launcher@main] Found classpath entry '/C:/Users/Stockie/.m2/repository/org/springframework/security/spring-security-config/5.4.2/spring-security-config-5.4.2.jar' 
2022-04-05 23:16:54.763 DEBUG [acme.Launcher@main] Found classpath entry '/C:/Users/Stockie/.m2/repository/org/springframework/security/spring-security-taglibs/5.4.2/spring-security-taglibs-5.4.2.jar' 
2022-04-05 23:16:54.764 DEBUG [acme.Launcher@main] Found classpath entry '/C:/Users/Stockie/.m2/repository/org/springframework/security/spring-security-acl/5.4.2/spring-security-acl-5.4.2.jar' 
2022-04-05 23:16:54.764 DEBUG [acme.Launcher@main] Found classpath entry '/C:/Users/Stockie/.m2/repository/org/springframework/spring-jdbc/5.3.3/spring-jdbc-5.3.3.jar' 
2022-04-05 23:16:54.764 DEBUG [acme.Launcher@main] Found classpath entry '/C:/Users/Stockie/.m2/repository/org/springframework/spring-tx/5.3.3/spring-tx-5.3.3.jar' 
2022-04-05 23:16:54.764 DEBUG [acme.Launcher@main] Found classpath entry '/C:/Users/Stockie/.m2/repository/org/springframework/boot/spring-boot-starter-web/2.4.2/spring-boot-starter-web-2.4.2.jar' 
2022-04-05 23:16:54.764 DEBUG [acme.Launcher@main] Found classpath entry '/C:/Users/Stockie/.m2/repository/org/springframework/boot/spring-boot-starter-json/2.4.2/spring-boot-starter-json-2.4.2.jar' 
2022-04-05 23:16:54.764 DEBUG [acme.Launcher@main] Found classpath entry '/C:/Users/Stockie/.m2/repository/com/fasterxml/jackson/core/jackson-databind/2.11.4/jackson-databind-2.11.4.jar' 
2022-04-05 23:16:54.764 DEBUG [acme.Launcher@main] Found classpath entry '/C:/Users/Stockie/.m2/repository/com/fasterxml/jackson/core/jackson-annotations/2.11.4/jackson-annotations-2.11.4.jar' 
2022-04-05 23:16:54.764 DEBUG [acme.Launcher@main] Found classpath entry '/C:/Users/Stockie/.m2/repository/com/fasterxml/jackson/core/jackson-core/2.11.4/jackson-core-2.11.4.jar' 
2022-04-05 23:16:54.765 DEBUG [acme.Launcher@main] Found classpath entry '/C:/Users/Stockie/.m2/repository/com/fasterxml/jackson/datatype/jackson-datatype-jdk8/2.11.4/jackson-datatype-jdk8-2.11.4.jar' 
2022-04-05 23:16:54.765 DEBUG [acme.Launcher@main] Found classpath entry '/C:/Users/Stockie/.m2/repository/com/fasterxml/jackson/datatype/jackson-datatype-jsr310/2.11.4/jackson-datatype-jsr310-2.11.4.jar' 
2022-04-05 23:16:54.765 DEBUG [acme.Launcher@main] Found classpath entry '/C:/Users/Stockie/.m2/repository/com/fasterxml/jackson/module/jackson-module-parameter-names/2.11.4/jackson-module-parameter-names-2.11.4.jar' 
2022-04-05 23:16:54.765 DEBUG [acme.Launcher@main] Found classpath entry '/C:/Users/Stockie/.m2/repository/org/springframework/spring-webmvc/5.3.3/spring-webmvc-5.3.3.jar' 
2022-04-05 23:16:54.765 DEBUG [acme.Launcher@main] Found classpath entry '/C:/Users/Stockie/.m2/repository/org/apache/tiles/tiles-jsp/3.0.8/tiles-jsp-3.0.8.jar' 
2022-04-05 23:16:54.765 DEBUG [acme.Launcher@main] Found classpath entry '/C:/Users/Stockie/.m2/repository/org/apache/tiles/tiles-servlet/3.0.8/tiles-servlet-3.0.8.jar' 
2022-04-05 23:16:54.765 DEBUG [acme.Launcher@main] Found classpath entry '/C:/Users/Stockie/.m2/repository/org/apache/tiles/tiles-core/3.0.8/tiles-core-3.0.8.jar' 
2022-04-05 23:16:54.765 DEBUG [acme.Launcher@main] Found classpath entry '/C:/Users/Stockie/.m2/repository/commons-digester/commons-digester/2.0/commons-digester-2.0.jar' 
2022-04-05 23:16:54.766 DEBUG [acme.Launcher@main] Found classpath entry '/C:/Users/Stockie/.m2/repository/org/slf4j/jcl-over-slf4j/1.7.30/jcl-over-slf4j-1.7.30.jar' 
2022-04-05 23:16:54.766 DEBUG [acme.Launcher@main] Found classpath entry '/C:/Users/Stockie/.m2/repository/org/apache/tiles/tiles-request-servlet/1.0.7/tiles-request-servlet-1.0.7.jar' 
2022-04-05 23:16:54.766 DEBUG [acme.Launcher@main] Found classpath entry '/C:/Users/Stockie/.m2/repository/org/apache/tiles/tiles-template/3.0.8/tiles-template-3.0.8.jar' 
2022-04-05 23:16:54.766 DEBUG [acme.Launcher@main] Found classpath entry '/C:/Users/Stockie/.m2/repository/org/apache/tiles/tiles-api/3.0.8/tiles-api-3.0.8.jar' 
2022-04-05 23:16:54.766 DEBUG [acme.Launcher@main] Found classpath entry '/C:/Users/Stockie/.m2/repository/org/apache/tiles/tiles-autotag-core-runtime/1.2/tiles-autotag-core-runtime-1.2.jar' 
2022-04-05 23:16:54.766 DEBUG [acme.Launcher@main] Found classpath entry '/C:/Users/Stockie/.m2/repository/org/slf4j/slf4j-api/1.7.30/slf4j-api-1.7.30.jar' 
2022-04-05 23:16:54.766 DEBUG [acme.Launcher@main] Found classpath entry '/C:/Users/Stockie/.m2/repository/org/apache/tiles/tiles-request-jsp/1.0.7/tiles-request-jsp-1.0.7.jar' 
2022-04-05 23:16:54.766 DEBUG [acme.Launcher@main] Found classpath entry '/C:/Users/Stockie/.m2/repository/org/apache/tiles/tiles-request-api/1.0.7/tiles-request-api-1.0.7.jar' 
2022-04-05 23:16:54.767 DEBUG [acme.Launcher@main] Found classpath entry '/C:/Users/Stockie/.m2/repository/org/springframework/boot/spring-boot-starter-data-jpa/2.4.2/spring-boot-starter-data-jpa-2.4.2.jar' 
2022-04-05 23:16:54.767 DEBUG [acme.Launcher@main] Found classpath entry '/C:/Users/Stockie/.m2/repository/org/springframework/boot/spring-boot-starter-aop/2.4.2/spring-boot-starter-aop-2.4.2.jar' 
2022-04-05 23:16:54.767 DEBUG [acme.Launcher@main] Found classpath entry '/C:/Users/Stockie/.m2/repository/org/aspectj/aspectjweaver/1.9.6/aspectjweaver-1.9.6.jar' 
2022-04-05 23:16:54.767 DEBUG [acme.Launcher@main] Found classpath entry '/C:/Users/Stockie/.m2/repository/org/springframework/boot/spring-boot-starter-jdbc/2.4.2/spring-boot-starter-jdbc-2.4.2.jar' 
2022-04-05 23:16:54.767 DEBUG [acme.Launcher@main] Found classpath entry '/C:/Users/Stockie/.m2/repository/jakarta/transaction/jakarta.transaction-api/1.3.3/jakarta.transaction-api-1.3.3.jar' 
2022-04-05 23:16:54.767 DEBUG [acme.Launcher@main] Found classpath entry '/C:/Users/Stockie/.m2/repository/jakarta/persistence/jakarta.persistence-api/2.2.3/jakarta.persistence-api-2.2.3.jar' 
2022-04-05 23:16:54.767 DEBUG [acme.Launcher@main] Found classpath entry '/C:/Users/Stockie/.m2/repository/org/hibernate/hibernate-core/5.4.27.Final/hibernate-core-5.4.27.Final.jar' 
2022-04-05 23:16:54.767 DEBUG [acme.Launcher@main] Found classpath entry '/C:/Users/Stockie/.m2/repository/org/jboss/logging/jboss-logging/3.4.1.Final/jboss-logging-3.4.1.Final.jar' 
2022-04-05 23:16:54.767 DEBUG [acme.Launcher@main] Found classpath entry '/C:/Users/Stockie/.m2/repository/org/javassist/javassist/3.27.0-GA/javassist-3.27.0-GA.jar' 
2022-04-05 23:16:54.768 DEBUG [acme.Launcher@main] Found classpath entry '/C:/Users/Stockie/.m2/repository/antlr/antlr/2.7.7/antlr-2.7.7.jar' 
2022-04-05 23:16:54.768 DEBUG [acme.Launcher@main] Found classpath entry '/C:/Users/Stockie/.m2/repository/org/jboss/jandex/2.1.3.Final/jandex-2.1.3.Final.jar' 
2022-04-05 23:16:54.768 DEBUG [acme.Launcher@main] Found classpath entry '/C:/Users/Stockie/.m2/repository/com/fasterxml/classmate/1.5.1/classmate-1.5.1.jar' 
2022-04-05 23:16:54.768 DEBUG [acme.Launcher@main] Found classpath entry '/C:/Users/Stockie/.m2/repository/org/dom4j/dom4j/2.1.3/dom4j-2.1.3.jar' 
2022-04-05 23:16:54.768 DEBUG [acme.Launcher@main] Found classpath entry '/C:/Users/Stockie/.m2/repository/org/hibernate/common/hibernate-commons-annotations/5.1.2.Final/hibernate-commons-annotations-5.1.2.Final.jar' 
2022-04-05 23:16:54.768 DEBUG [acme.Launcher@main] Found classpath entry '/C:/Users/Stockie/.m2/repository/org/glassfish/jaxb/jaxb-runtime/2.3.3/jaxb-runtime-2.3.3.jar' 
2022-04-05 23:16:54.768 DEBUG [acme.Launcher@main] Found classpath entry '/C:/Users/Stockie/.m2/repository/org/glassfish/jaxb/txw2/2.3.3/txw2-2.3.3.jar' 
2022-04-05 23:16:54.768 DEBUG [acme.Launcher@main] Found classpath entry '/C:/Users/Stockie/.m2/repository/com/sun/istack/istack-commons-runtime/3.0.11/istack-commons-runtime-3.0.11.jar' 
2022-04-05 23:16:54.769 DEBUG [acme.Launcher@main] Found classpath entry '/C:/Users/Stockie/.m2/repository/com/sun/activation/jakarta.activation/1.2.2/jakarta.activation-1.2.2.jar' 
2022-04-05 23:16:54.769 DEBUG [acme.Launcher@main] Found classpath entry '/C:/Users/Stockie/.m2/repository/org/springframework/data/spring-data-jpa/2.4.3/spring-data-jpa-2.4.3.jar' 
2022-04-05 23:16:54.769 DEBUG [acme.Launcher@main] Found classpath entry '/C:/Users/Stockie/.m2/repository/org/springframework/data/spring-data-commons/2.4.3/spring-data-commons-2.4.3.jar' 
2022-04-05 23:16:54.769 DEBUG [acme.Launcher@main] Found classpath entry '/C:/Users/Stockie/.m2/repository/org/springframework/spring-orm/5.3.3/spring-orm-5.3.3.jar' 
2022-04-05 23:16:54.769 DEBUG [acme.Launcher@main] Found classpath entry '/C:/Users/Stockie/.m2/repository/org/springframework/spring-aspects/5.3.3/spring-aspects-5.3.3.jar' 
2022-04-05 23:16:54.769 DEBUG [acme.Launcher@main] Found classpath entry '/C:/Users/Stockie/.m2/repository/org/springframework/boot/spring-boot-starter-validation/2.4.2/spring-boot-starter-validation-2.4.2.jar' 
2022-04-05 23:16:54.769 DEBUG [acme.Launcher@main] Found classpath entry '/C:/Users/Stockie/.m2/repository/org/hibernate/validator/hibernate-validator/6.1.7.Final/hibernate-validator-6.1.7.Final.jar' 
2022-04-05 23:16:54.769 DEBUG [acme.Launcher@main] Found classpath entry '/C:/Users/Stockie/.m2/repository/jakarta/validation/jakarta.validation-api/2.0.2/jakarta.validation-api-2.0.2.jar' 
2022-04-05 23:16:54.770 DEBUG [acme.Launcher@main] Found classpath entry '/C:/Users/Stockie/.m2/repository/mysql/mysql-connector-java/8.0.22/mysql-connector-java-8.0.22.jar' 
2022-04-05 23:16:54.770 DEBUG [acme.Launcher@main] Found classpath entry '/C:/Users/Stockie/.m2/repository/com/zaxxer/HikariCP/3.4.5/HikariCP-3.4.5.jar' 
2022-04-05 23:16:54.770 DEBUG [acme.Launcher@main] Found classpath entry '/C:/Users/Stockie/.m2/repository/org/junit/jupiter/junit-jupiter-engine/5.7.0/junit-jupiter-engine-5.7.0.jar' 
2022-04-05 23:16:54.770 DEBUG [acme.Launcher@main] Found classpath entry '/C:/Users/Stockie/.m2/repository/org/apiguardian/apiguardian-api/1.1.0/apiguardian-api-1.1.0.jar' 
2022-04-05 23:16:54.770 DEBUG [acme.Launcher@main] Found classpath entry '/C:/Users/Stockie/.m2/repository/org/junit/platform/junit-platform-engine/1.7.0/junit-platform-engine-1.7.0.jar' 
2022-04-05 23:16:54.770 DEBUG [acme.Launcher@main] Found classpath entry '/C:/Users/Stockie/.m2/repository/org/junit/jupiter/junit-jupiter-api/5.7.0/junit-jupiter-api-5.7.0.jar' 
2022-04-05 23:16:54.770 DEBUG [acme.Launcher@main] Found classpath entry '/C:/Users/Stockie/.m2/repository/org/opentest4j/opentest4j/1.2.0/opentest4j-1.2.0.jar' 
2022-04-05 23:16:54.770 DEBUG [acme.Launcher@main] Found classpath entry '/C:/Users/Stockie/.m2/repository/org/junit/platform/junit-platform-commons/1.7.0/junit-platform-commons-1.7.0.jar' 
2022-04-05 23:16:54.771 DEBUG [acme.Launcher@main] Found classpath entry '/C:/Users/Stockie/.m2/repository/org/junit/jupiter/junit-jupiter-params/5.7.0/junit-jupiter-params-5.7.0.jar' 
2022-04-05 23:16:54.771 DEBUG [acme.Launcher@main] Found classpath entry '/C:/Users/Stockie/.m2/repository/org/junit/platform/junit-platform-launcher/1.7.0/junit-platform-launcher-1.7.0.jar' 
2022-04-05 23:16:54.771 DEBUG [acme.Launcher@main] Found classpath entry '/C:/Users/Stockie/.m2/repository/org/seleniumhq/selenium/selenium-java/3.141.59/selenium-java-3.141.59.jar' 
2022-04-05 23:16:54.771 DEBUG [acme.Launcher@main] Found classpath entry '/C:/Users/Stockie/.m2/repository/org/seleniumhq/selenium/selenium-api/3.141.59/selenium-api-3.141.59.jar' 
2022-04-05 23:16:54.771 DEBUG [acme.Launcher@main] Found classpath entry '/C:/Users/Stockie/.m2/repository/org/seleniumhq/selenium/selenium-chrome-driver/3.141.59/selenium-chrome-driver-3.141.59.jar' 
2022-04-05 23:16:54.771 DEBUG [acme.Launcher@main] Found classpath entry '/C:/Users/Stockie/.m2/repository/org/seleniumhq/selenium/selenium-edge-driver/3.141.59/selenium-edge-driver-3.141.59.jar' 
2022-04-05 23:16:54.771 DEBUG [acme.Launcher@main] Found classpath entry '/C:/Users/Stockie/.m2/repository/org/seleniumhq/selenium/selenium-firefox-driver/3.141.59/selenium-firefox-driver-3.141.59.jar' 
2022-04-05 23:16:54.771 DEBUG [acme.Launcher@main] Found classpath entry '/C:/Users/Stockie/.m2/repository/org/seleniumhq/selenium/selenium-ie-driver/3.141.59/selenium-ie-driver-3.141.59.jar' 
2022-04-05 23:16:54.772 DEBUG [acme.Launcher@main] Found classpath entry '/C:/Users/Stockie/.m2/repository/org/seleniumhq/selenium/selenium-opera-driver/3.141.59/selenium-opera-driver-3.141.59.jar' 
2022-04-05 23:16:54.772 DEBUG [acme.Launcher@main] Found classpath entry '/C:/Users/Stockie/.m2/repository/org/seleniumhq/selenium/selenium-remote-driver/3.141.59/selenium-remote-driver-3.141.59.jar' 
2022-04-05 23:16:54.772 DEBUG [acme.Launcher@main] Found classpath entry '/C:/Users/Stockie/.m2/repository/org/seleniumhq/selenium/selenium-safari-driver/3.141.59/selenium-safari-driver-3.141.59.jar' 
2022-04-05 23:16:54.772 DEBUG [acme.Launcher@main] Found classpath entry '/C:/Users/Stockie/.m2/repository/org/seleniumhq/selenium/selenium-support/3.141.59/selenium-support-3.141.59.jar' 
2022-04-05 23:16:54.772 DEBUG [acme.Launcher@main] Found classpath entry '/C:/Users/Stockie/.m2/repository/net/bytebuddy/byte-buddy/1.10.19/byte-buddy-1.10.19.jar' 
2022-04-05 23:16:54.772 DEBUG [acme.Launcher@main] Found classpath entry '/C:/Users/Stockie/.m2/repository/org/apache/commons/commons-exec/1.3/commons-exec-1.3.jar' 
2022-04-05 23:16:54.772 DEBUG [acme.Launcher@main] Found classpath entry '/C:/Users/Stockie/.m2/repository/com/google/guava/guava/25.0-jre/guava-25.0-jre.jar' 
2022-04-05 23:16:54.772 DEBUG [acme.Launcher@main] Found classpath entry '/C:/Users/Stockie/.m2/repository/com/google/code/findbugs/jsr305/1.3.9/jsr305-1.3.9.jar' 
2022-04-05 23:16:54.772 DEBUG [acme.Launcher@main] Found classpath entry '/C:/Users/Stockie/.m2/repository/org/checkerframework/checker-compat-qual/2.0.0/checker-compat-qual-2.0.0.jar' 
2022-04-05 23:16:54.772 DEBUG [acme.Launcher@main] Found classpath entry '/C:/Users/Stockie/.m2/repository/com/google/errorprone/error_prone_annotations/2.1.3/error_prone_annotations-2.1.3.jar' 
2022-04-05 23:16:54.773 DEBUG [acme.Launcher@main] Found classpath entry '/C:/Users/Stockie/.m2/repository/com/google/j2objc/j2objc-annotations/1.1/j2objc-annotations-1.1.jar' 
2022-04-05 23:16:54.773 DEBUG [acme.Launcher@main] Found classpath entry '/C:/Users/Stockie/.m2/repository/org/codehaus/mojo/animal-sniffer-annotations/1.14/animal-sniffer-annotations-1.14.jar' 
2022-04-05 23:16:54.773 DEBUG [acme.Launcher@main] Found classpath entry '/C:/Users/Stockie/.m2/repository/com/squareup/okhttp3/okhttp/3.14.9/okhttp-3.14.9.jar' 
2022-04-05 23:16:54.773 DEBUG [acme.Launcher@main] Found classpath entry '/C:/Users/Stockie/.m2/repository/com/squareup/okio/okio/1.14.0/okio-1.14.0.jar' 
2022-04-05 23:16:54.773 DEBUG [acme.Launcher@main] Found classpath entry '/C:/Users/Stockie/.m2/repository/org/apache/commons/commons-lang3/3.11/commons-lang3-3.11.jar' 
2022-04-05 23:16:54.773 DEBUG [acme.Launcher@main] Found classpath entry '/C:/Users/Stockie/.m2/repository/org/apache/commons/commons-text/1.8/commons-text-1.8.jar' 
2022-04-05 23:16:54.773 DEBUG [acme.Launcher@main] Found classpath entry '/C:/Users/Stockie/.m2/repository/commons-io/commons-io/2.6/commons-io-2.6.jar' 
2022-04-05 23:16:54.773 DEBUG [acme.Launcher@main] Found classpath entry '/C:/Users/Stockie/.m2/repository/commons-cli/commons-cli/1.4/commons-cli-1.4.jar' 
2022-04-05 23:16:54.773 DEBUG [acme.Launcher@main] Found classpath entry '/C:/Users/Stockie/.m2/repository/org/projectlombok/lombok/1.18.16/lombok-1.18.16.jar' 
2022-04-05 23:16:54.774 DEBUG [acme.Launcher@main] Found classpath entry '/C:/Users/Stockie/.m2/repository/com/opencsv/opencsv/5.4/opencsv-5.4.jar' 
2022-04-05 23:16:54.774 DEBUG [acme.Launcher@main] Found classpath entry '/C:/Users/Stockie/.m2/repository/commons-beanutils/commons-beanutils/1.9.4/commons-beanutils-1.9.4.jar' 
2022-04-05 23:16:54.774 DEBUG [acme.Launcher@main] Found classpath entry '/C:/Users/Stockie/.m2/repository/commons-logging/commons-logging/1.2/commons-logging-1.2.jar' 
2022-04-05 23:16:54.774 DEBUG [acme.Launcher@main] Found classpath entry '/C:/Users/Stockie/.m2/repository/commons-collections/commons-collections/3.2.2/commons-collections-3.2.2.jar' 
2022-04-05 23:16:54.774 DEBUG [acme.Launcher@main] Found classpath entry '/C:/Users/Stockie/.m2/repository/org/apache/commons/commons-collections4/4.4/commons-collections4-4.4.jar' 
2022-04-05 23:16:54.774 DEBUG [acme.Launcher@main] Found classpath entry '/D:/Uni/DP2/Workspace-22.0/Frameworks/Acme-Framework-22.3/target/classes/' 
2022-04-05 23:16:54.774 DEBUG [acme.Launcher@main] Found classpath entry '/D:/Uni/DP2/Workspace-22.0/Frameworks/Acme-Framework-22.3/target/test-classes/' 
2022-04-05 23:16:54.906 DEBUG [acme.Launcher@main] Found entity class 'acme.entities.Announcement 
2022-04-05 23:16:54.906 DEBUG [acme.Launcher@main] Found entity class 'acme.entities.Chirp 
2022-04-05 23:16:54.906 DEBUG [acme.Launcher@main] Found entity class 'acme.entities.Component 
2022-04-05 23:16:54.906 DEBUG [acme.Launcher@main] Found entity class 'acme.entities.SystemConfiguration 
2022-04-05 23:16:54.906 DEBUG [acme.Launcher@main] Found entity class 'acme.entities.item.Item 
2022-04-05 23:16:54.906 DEBUG [acme.Launcher@main] Found entity class 'acme.entities.patronage.Patronage 
2022-04-05 23:16:54.906 DEBUG [acme.Launcher@main] Found entity class 'acme.entities.toolkit.Toolkit 
2022-04-05 23:16:54.907 DEBUG [acme.Launcher@main] Found entity class 'acme.roles.Consumer 
2022-04-05 23:16:54.907 DEBUG [acme.Launcher@main] Found entity class 'acme.roles.Inventor 
2022-04-05 23:16:54.907 DEBUG [acme.Launcher@main] Found entity class 'acme.roles.Patron 
2022-04-05 23:16:54.907 DEBUG [acme.Launcher@main] Found entity class 'acme.roles.Provider 
2022-04-05 23:16:54.907 DEBUG [acme.Launcher@main] Found entity class 'acme.framework.entities.UserAccount 
2022-04-05 23:16:54.907 DEBUG [acme.Launcher@main] Found entity class 'acme.framework.roles.Administrator 
2022-04-05 23:16:54.907 DEBUG [acme.Launcher@main] Found entity class 'acme.framework.roles.Anonymous 
2022-04-05 23:16:54.907 DEBUG [acme.Launcher@main] Found entity class 'acme.framework.roles.Any 
2022-04-05 23:16:54.907 DEBUG [acme.Launcher@main] Found entity class 'acme.framework.roles.Authenticated 
2022-04-05 23:16:54.911 INFO  [acme.Launcher@main] Populating (sample data) 
2022-04-05 23:16:54.911 INFO  [acme.framework.components.database.DatabasePopulator@main] Building database schema 
2022-04-05 23:16:54.941 DEBUG [acme.framework.components.database.DatabaseUtil@main] Executing script. 
2022-04-05 23:16:54.941 DEBUG [acme.framework.components.database.DatabaseUtil@main] Starting new transaction. 
2022-04-05 23:16:54.947 DEBUG [acme.framework.components.database.DatabaseUtil@main] Executing command 'set transaction isolation level read uncommitted;'. 
2022-04-05 23:16:54.956 DEBUG [acme.framework.components.database.DatabaseUtil@main] Starting transaction '823790002'. 
2022-04-05 23:16:54.956 DEBUG [acme.framework.components.database.DatabaseUtil@main] Executing script command 'set foreign_key_checks=0'. 
2022-04-05 23:16:54.956 DEBUG [acme.framework.components.database.DatabaseUtil@main] Executing script command 'drop table if exists administrator'. 
2022-04-05 23:16:55.548 DEBUG [acme.framework.components.database.DatabaseUtil@main] Executing script command 'drop table if exists announcement'. 
2022-04-05 23:16:55.782 DEBUG [acme.framework.components.database.DatabaseUtil@main] Executing script command 'drop table if exists anonymous'. 
2022-04-05 23:16:56.024 DEBUG [acme.framework.components.database.DatabaseUtil@main] Executing script command 'drop table if exists any'. 
2022-04-05 23:16:56.240 DEBUG [acme.framework.components.database.DatabaseUtil@main] Executing script command 'drop table if exists authenticated'. 
2022-04-05 23:16:56.473 DEBUG [acme.framework.components.database.DatabaseUtil@main] Executing script command 'drop table if exists chirp'. 
2022-04-05 23:16:56.690 DEBUG [acme.framework.components.database.DatabaseUtil@main] Executing script command 'drop table if exists component'. 
2022-04-05 23:16:56.906 DEBUG [acme.framework.components.database.DatabaseUtil@main] Executing script command 'drop table if exists consumer'. 
2022-04-05 23:16:57.206 DEBUG [acme.framework.components.database.DatabaseUtil@main] Executing script command 'drop table if exists hibernate_sequence'. 
2022-04-05 23:16:57.448 DEBUG [acme.framework.components.database.DatabaseUtil@main] Executing script command 'drop table if exists inventor'. 
2022-04-05 23:16:57.664 DEBUG [acme.framework.components.database.DatabaseUtil@main] Executing script command 'drop table if exists item'. 
2022-04-05 23:16:57.872 DEBUG [acme.framework.components.database.DatabaseUtil@main] Executing script command 'drop table if exists patron'. 
2022-04-05 23:16:58.097 DEBUG [acme.framework.components.database.DatabaseUtil@main] Executing script command 'drop table if exists patronage'. 
2022-04-05 23:16:58.305 DEBUG [acme.framework.components.database.DatabaseUtil@main] Executing script command 'drop table if exists provider'. 
2022-04-05 23:16:58.522 DEBUG [acme.framework.components.database.DatabaseUtil@main] Executing script command 'drop table if exists system_configuration'. 
2022-04-05 23:16:58.755 DEBUG [acme.framework.components.database.DatabaseUtil@main] Executing script command 'drop table if exists toolkit'. 
2022-04-05 23:16:58.972 DEBUG [acme.framework.components.database.DatabaseUtil@main] Executing script command 'drop table if exists user_account'. 
2022-04-05 23:16:59.189 DEBUG [acme.framework.components.database.DatabaseUtil@main] Executing script command 'set foreign_key_checks=1'. 
2022-04-05 23:16:59.189 DEBUG [acme.framework.components.database.DatabaseUtil@main] Committing transaction '823790002'. 
2022-04-05 23:16:59.197 DEBUG [acme.framework.components.database.DatabaseUtil@main] Executing script. 
2022-04-05 23:16:59.197 DEBUG [acme.framework.components.database.DatabaseUtil@main] Starting new transaction. 
2022-04-05 23:16:59.198 DEBUG [acme.framework.components.database.DatabaseUtil@main] Executing command 'set transaction isolation level read uncommitted;'. 
2022-04-05 23:16:59.198 DEBUG [acme.framework.components.database.DatabaseUtil@main] Starting transaction '1768471397'. 
2022-04-05 23:16:59.198 DEBUG [acme.framework.components.database.DatabaseUtil@main] Executing script command 'set foreign_key_checks=0'. 
2022-04-05 23:16:59.198 DEBUG [acme.framework.components.database.DatabaseUtil@main] Executing script command 'create table administrator (id integer not null, version integer not null, user_account_id integer, primary key (id)) engine=InnoDB'. 
2022-04-05 23:16:59.454 DEBUG [acme.framework.components.database.DatabaseUtil@main] Executing script command 'create table announcement (id integer not null, version integer not null, body varchar(255), creation_moment datetime, critical bit not null, link varchar(255), title varchar(255), primary key (id)) engine=InnoDB'. 
2022-04-05 23:16:59.663 DEBUG [acme.framework.components.database.DatabaseUtil@main] Executing script command 'create table anonymous (id integer not null, version integer not null, user_account_id integer, primary key (id)) engine=InnoDB'. 
2022-04-05 23:16:59.955 DEBUG [acme.framework.components.database.DatabaseUtil@main] Executing script command 'create table any (id integer not null, version integer not null, user_account_id integer, primary key (id)) engine=InnoDB'. 
2022-04-05 23:17:00.247 DEBUG [acme.framework.components.database.DatabaseUtil@main] Executing script command 'create table authenticated (id integer not null, version integer not null, user_account_id integer, primary key (id)) engine=InnoDB'. 
2022-04-05 23:17:00.555 DEBUG [acme.framework.components.database.DatabaseUtil@main] Executing script command 'create table chirp (id integer not null, version integer not null, author varchar(255), body varchar(255), mail varchar(255), moment datetime, title varchar(255), primary key (id)) engine=InnoDB'. 
2022-04-05 23:17:01.125 DEBUG [acme.framework.components.database.DatabaseUtil@main] Executing script command 'create table component (id integer not null, version integer not null, code varchar(255), description varchar(255), link varchar(255), name varchar(255), retail_price double precision not null, technology varchar(255), primary key (id)) engine=InnoDB'. 
2022-04-05 23:17:01.638 DEBUG [acme.framework.components.database.DatabaseUtil@main] Executing script command 'create table consumer (id integer not null, version integer not null, user_account_id integer, company varchar(255), sector varchar(255), primary key (id)) engine=InnoDB'. 
2022-04-05 23:17:01.938 DEBUG [acme.framework.components.database.DatabaseUtil@main] Executing script command 'create table hibernate_sequence (next_val bigint) engine=InnoDB'. 
2022-04-05 23:17:02.246 DEBUG [acme.framework.components.database.DatabaseUtil@main] Executing script command 'insert into hibernate_sequence values ( 1 )'. 
2022-04-05 23:17:02.250 DEBUG [acme.framework.components.database.DatabaseUtil@main] Executing script command 'create table inventor (id integer not null, version integer not null, user_account_id integer, company varchar(255), link varchar(255), statement varchar(255), primary key (id)) engine=InnoDB'. 
2022-04-05 23:17:02.588 DEBUG [acme.framework.components.database.DatabaseUtil@main] Executing script command 'create table item (id integer not null, version integer not null, code varchar(255), description varchar(255), item_type integer, link varchar(255), name varchar(255), price double precision, technology varchar(255), primary key (id)) engine=InnoDB'. 
2022-04-05 23:17:02.878 DEBUG [acme.framework.components.database.DatabaseUtil@main] Executing script command 'create table patron (id integer not null, version integer not null, user_account_id integer, company varchar(255), link varchar(255), statement varchar(255), primary key (id)) engine=InnoDB'. 
2022-04-05 23:17:03.136 DEBUG [acme.framework.components.database.DatabaseUtil@main] Executing script command 'create table patronage (id integer not null, version integer not null, budget_amount double precision, budget_currency varchar(255), code varchar(255), creation_date datetime, finish_date datetime, legislation varchar(255), link varchar(255), start_date datetime, status integer, inventor_id integer, primary key (id)) engine=InnoDB'. 
2022-04-05 23:17:03.412 DEBUG [acme.framework.components.database.DatabaseUtil@main] Executing script command 'create table provider (id integer not null, version integer not null, user_account_id integer, company varchar(255), sector varchar(255), primary key (id)) engine=InnoDB'. 
2022-04-05 23:17:03.687 DEBUG [acme.framework.components.database.DatabaseUtil@main] Executing script command 'create table system_configuration (id integer not null, version integer not null, accepted_currencies varchar(255), default_currency varchar(255), strong_spam_terms varchar(255), strong_threshold double precision not null, weak_spam_terms varchar(255), weak_threshold double precision not null, primary key (id)) engine=InnoDB'. 
2022-04-05 23:17:03.989 DEBUG [acme.framework.components.database.DatabaseUtil@main] Executing script command 'create table toolkit (id integer not null, version integer not null, assembly_notes varchar(255), code varchar(255), description varchar(255), link varchar(255), title varchar(255), primary key (id)) engine=InnoDB'. 
2022-04-05 23:17:04.278 DEBUG [acme.framework.components.database.DatabaseUtil@main] Executing script command 'create table user_account (id integer not null, version integer not null, enabled bit not null, identity blob, password varchar(255), username varchar(255), primary key (id)) engine=InnoDB'. 
2022-04-05 23:17:04.577 DEBUG [acme.framework.components.database.DatabaseUtil@main] Executing script command 'alter table component add constraint UK_24wq1y3l3mfjohvgtsewd3vo unique (code)'. 
2022-04-05 23:17:05.021 DEBUG [acme.framework.components.database.DatabaseUtil@main] Executing script command 'alter table item add constraint UK_6cgogdarkq48dlg1lbnv4q1oq unique (code)'. 
2022-04-05 23:17:05.553 DEBUG [acme.framework.components.database.DatabaseUtil@main] Executing script command 'alter table patronage add constraint UK_7s289l63ihnn85qwyna5cqbfh unique (code)'. 
2022-04-05 23:17:06.162 DEBUG [acme.framework.components.database.DatabaseUtil@main] Executing script command 'alter table toolkit add constraint UK_qvml9bbjdvicrw1wt0e1bej3c unique (code)'. 
2022-04-05 23:17:08.056 DEBUG [acme.framework.components.database.DatabaseUtil@main] Executing script command 'alter table user_account add constraint UK_castjbvpeeus0r8lbpehiu0e4 unique (username)'. 
2022-04-05 23:17:11.318 DEBUG [acme.framework.components.database.DatabaseUtil@main] Executing script command 'alter table administrator add constraint FK_2a5vcjo3stlfcwadosjfq49l1 foreign key (user_account_id) references user_account (id)'. 
2022-04-05 23:17:11.743 DEBUG [acme.framework.components.database.DatabaseUtil@main] Executing script command 'alter table anonymous add constraint FK_6lnbc6fo3om54vugoh8icg78m foreign key (user_account_id) references user_account (id)'. 
2022-04-05 23:17:12.376 DEBUG [acme.framework.components.database.DatabaseUtil@main] Executing script command 'alter table any add constraint FK_26yflnlk4xrrxtkiwkag1l7lf foreign key (user_account_id) references user_account (id)'. 
2022-04-05 23:17:12.775 DEBUG [acme.framework.components.database.DatabaseUtil@main] Executing script command 'alter table authenticated add constraint FK_h52w0f3wjoi68b63wv9vwon57 foreign key (user_account_id) references user_account (id)'. 
2022-04-05 23:17:13.183 DEBUG [acme.framework.components.database.DatabaseUtil@main] Executing script command 'alter table consumer add constraint FK_6cyha9f1wpj0dpbxrrjddrqed foreign key (user_account_id) references user_account (id)'. 
2022-04-05 23:17:13.576 DEBUG [acme.framework.components.database.DatabaseUtil@main] Executing script command 'alter table inventor add constraint FK_2upmsx50p5pou2l4uy8trxor6 foreign key (user_account_id) references user_account (id)'. 
2022-04-05 23:17:13.942 DEBUG [acme.framework.components.database.DatabaseUtil@main] Executing script command 'alter table patron add constraint FK_8xx5nujhuio3advxc2freyu65 foreign key (user_account_id) references user_account (id)'. 
2022-04-05 23:17:14.325 DEBUG [acme.framework.components.database.DatabaseUtil@main] Executing script command 'alter table patronage add constraint FKgkbt6mel1m6joiypsbc2ko6mi foreign key (inventor_id) references inventor (id)'. 
2022-04-05 23:17:14.692 DEBUG [acme.framework.components.database.DatabaseUtil@main] Executing script command 'alter table provider add constraint FK_b1gwnjqm6ggy9yuiqm0o4rlmd foreign key (user_account_id) references user_account (id)'. 
2022-04-05 23:17:15.083 DEBUG [acme.framework.components.database.DatabaseUtil@main] Executing script command 'set foreign_key_checks=1'. 
2022-04-05 23:17:15.083 DEBUG [acme.framework.components.database.DatabaseUtil@main] Committing transaction '1768471397'. 
2022-04-05 23:17:15.085 INFO  [acme.framework.components.database.DatabasePopulator@main] Reading entities from 'classpath:/WEB-INF/resources/initial-data' 
2022-04-05 23:17:15.090 DEBUG [acme.framework.components.database.Dataset@main] Reading dataset from 'D:\Uni\DP2\Workspace-22.0\Projects\Acme-One-E8.02\target\classes\WEB-INF\resources\initial-data\administrator.csv' 
2022-04-05 23:17:15.221 DEBUG [acme.framework.components.database.Dataset@main] Reading mapping '{key:user-account=user-account-administrator-01, key=administrator-01}' from 'D:\Uni\DP2\Workspace-22.0\Projects\Acme-One-E8.02\target\classes\WEB-INF\resources\initial-data\administrator.csv' 
2022-04-05 23:17:15.223 DEBUG [acme.framework.components.database.Dataset@main] Reading dataset from 'D:\Uni\DP2\Workspace-22.0\Projects\Acme-One-E8.02\target\classes\WEB-INF\resources\initial-data\anonymous.csv' 
2022-04-05 23:17:15.224 DEBUG [acme.framework.components.database.Dataset@main] Reading mapping '{key:user-account=user-account-anonymous-01, key=anonymous-01}' from 'D:\Uni\DP2\Workspace-22.0\Projects\Acme-One-E8.02\target\classes\WEB-INF\resources\initial-data\anonymous.csv' 
2022-04-05 23:17:15.224 DEBUG [acme.framework.components.database.Dataset@main] Reading dataset from 'D:\Uni\DP2\Workspace-22.0\Projects\Acme-One-E8.02\target\classes\WEB-INF\resources\initial-data\system-configuration.csv' 
2022-04-05 23:17:15.230 DEBUG [acme.framework.components.database.Dataset@main] Reading mapping '{weak-spam-terms=sexy, nigeria, you’ve won, one mil-lion, has ganado, un millón, default-currency=EUR, accepted-currencies=EUR, USD, GBP, strong-spam-terms=sex, hard core, viagra, cialis , sexo, weak-threshold=25.00, key=system-configuration-01, strong-threshold=10.00}' from 'D:\Uni\DP2\Workspace-22.0\Projects\Acme-One-E8.02\target\classes\WEB-INF\resources\initial-data\system-configuration.csv' 
2022-04-05 23:17:15.231 DEBUG [acme.framework.components.database.Dataset@main] Reading dataset from 'D:\Uni\DP2\Workspace-22.0\Projects\Acme-One-E8.02\target\classes\WEB-INF\resources\initial-data\user-account.csv' 
2022-04-05 23:17:15.231 DEBUG [acme.framework.components.database.Dataset@main] Reading mapping '{password=HIDDEN-PASSWORD, identity=UserIdentity{name: 'John', surname: 'Doe', email: 'john.doe@acme.com'}, key=user-account-anonymous-01, enabled=false, username=anonymous}' from 'D:\Uni\DP2\Workspace-22.0\Projects\Acme-One-E8.02\target\classes\WEB-INF\resources\initial-data\user-account.csv' 
2022-04-05 23:17:15.231 DEBUG [acme.framework.components.database.Dataset@main] Reading mapping '{password=administrator, identity=UserIdentity{name: 'Administrator', surname: 'Acme', email: 'administrator@acme.com'}, key=user-account-administrator-01, enabled=true, username=administrator}' from 'D:\Uni\DP2\Workspace-22.0\Projects\Acme-One-E8.02\target\classes\WEB-INF\resources\initial-data\user-account.csv' 
2022-04-05 23:17:15.231 DEBUG [acme.framework.components.database.Dataset@main] Reading mapping '{password=chirp1, identity=UserIdentity{name:'chirp',surname:'1',email:'chirp1@acme.com'}, key=user-account-chirp-01, enabled=true, username=chirp1}' from 'D:\Uni\DP2\Workspace-22.0\Projects\Acme-One-E8.02\target\classes\WEB-INF\resources\initial-data\user-account.csv' 
2022-04-05 23:17:15.232 DEBUG [acme.framework.components.database.Dataset@main] Reading mapping '{password=chirp2, identity=UserIdentity{name:'chirp',surname:'2',email:'chirp2@acme.com'}, key=user-account-chirp-02, enabled=true, username=chirp2}' from 'D:\Uni\DP2\Workspace-22.0\Projects\Acme-One-E8.02\target\classes\WEB-INF\resources\initial-data\user-account.csv' 
2022-04-05 23:17:15.232 DEBUG [acme.framework.components.database.Dataset@main] Reading mapping '{password=chirp3, identity=UserIdentity{name:'chirp',surname:'3',email:'chirp3@acme.com'}, key=user-account-chirp-03, enabled=true, username=chirp3}' from 'D:\Uni\DP2\Workspace-22.0\Projects\Acme-One-E8.02\target\classes\WEB-INF\resources\initial-data\user-account.csv' 
2022-04-05 23:17:15.232 DEBUG [acme.framework.components.database.EntityWeb@main] Setting attributes of entities of class acme.framework.roles.Anonymous 
2022-04-05 23:17:15.232 DEBUG [acme.framework.components.database.EntityWeb@main] Setting attributes of entities of class acme.framework.roles.Administrator 
2022-04-05 23:17:15.232 DEBUG [acme.framework.components.database.EntityWeb@main] Setting attributes of entities of class acme.entities.SystemConfiguration 
2022-04-05 23:17:15.243 DEBUG [acme.framework.components.database.EntityWeb@main] Setting attributes of entities of class acme.framework.entities.UserAccount 
2022-04-05 23:17:15.448 DEBUG [acme.framework.components.database.EntityWeb@main] Linking entities of class acme.framework.roles.Anonymous 
2022-04-05 23:17:15.452 DEBUG [acme.framework.components.database.EntityWeb@main] Linking entities of class acme.framework.roles.Administrator 
2022-04-05 23:17:15.455 DEBUG [acme.framework.components.database.EntityWeb@main] Linking entities of class acme.entities.SystemConfiguration 
2022-04-05 23:17:15.455 DEBUG [acme.framework.components.database.EntityWeb@main] Linking entities of class acme.framework.entities.UserAccount 
2022-04-05 23:17:15.455 INFO  [acme.framework.components.database.DatabasePopulator@main] Reading entities from 'classpath:/WEB-INF/resources/sample-data' 
2022-04-05 23:17:15.457 DEBUG [acme.framework.components.database.Dataset@main] Reading dataset from 'D:\Uni\DP2\Workspace-22.0\Projects\Acme-One-E8.02\target\classes\WEB-INF\resources\sample-data\announcement.csv' 
2022-04-05 23:17:15.458 DEBUG [acme.framework.components.database.Dataset@main] Reading mapping '{critical=false, creationMoment=2022/04/01 16:04, link=null, title=Announcement 3, body=Happy new years!, key=announcement-03}' from 'D:\Uni\DP2\Workspace-22.0\Projects\Acme-One-E8.02\target\classes\WEB-INF\resources\sample-data\announcement.csv' 
2022-04-05 23:17:15.458 DEBUG [acme.framework.components.database.Dataset@main] Reading mapping '{critical=true, creationMoment=2021/12/31 23:59, link=www.acme.com, title=Announcement 2, body=This is a critical announcement!, key=announcement-02}' from 'D:\Uni\DP2\Workspace-22.0\Projects\Acme-One-E8.02\target\classes\WEB-INF\resources\sample-data\announcement.csv' 
2022-04-05 23:17:15.458 DEBUG [acme.framework.components.database.Dataset@main] Reading mapping '{critical=false, creationMoment=2022/04/01 16:04, link=null, title=Announcement 1, body=This is an announcement!, key=announcement-01}' from 'D:\Uni\DP2\Workspace-22.0\Projects\Acme-One-E8.02\target\classes\WEB-INF\resources\sample-data\announcement.csv' 
2022-04-05 23:17:15.459 DEBUG [acme.framework.components.database.Dataset@main] Reading dataset from 'D:\Uni\DP2\Workspace-22.0\Projects\Acme-One-E8.02\target\classes\WEB-INF\resources\sample-data\chirp.csv' 
2022-04-05 23:17:15.459 DEBUG [acme.framework.components.database.Dataset@main] Reading mapping '{mail=chirp1@acme.com, author=chirp1, title=Test Chirp 1, body=This is a test Chirp, key=chirp-01, moment=2022/04/05 00:27}' from 'D:\Uni\DP2\Workspace-22.0\Projects\Acme-One-E8.02\target\classes\WEB-INF\resources\sample-data\chirp.csv' 
2022-04-05 23:17:15.459 DEBUG [acme.framework.components.database.Dataset@main] Reading mapping '{mail=chirp2@acme.com, author=chirp2, title=Test Chirp 2, body=This is a another test Chirp, key=chirp-02, moment=2022/01/15 09:55}' from 'D:\Uni\DP2\Workspace-22.0\Projects\Acme-One-E8.02\target\classes\WEB-INF\resources\sample-data\chirp.csv' 
2022-04-05 23:17:15.459 DEBUG [acme.framework.components.database.Dataset@main] Reading mapping '{mail=chirp3@acme.com, author=chirp3, title=Te$st Ch1rp 3, body=This is the final test Chirp, key=chirp-03, moment=2021/11/11 23:53}' from 'D:\Uni\DP2\Workspace-22.0\Projects\Acme-One-E8.02\target\classes\WEB-INF\resources\sample-data\chirp.csv' 
2022-04-05 23:17:15.460 DEBUG [acme.framework.components.database.Dataset@main] Reading dataset from 'D:\Uni\DP2\Workspace-22.0\Projects\Acme-One-E8.02\target\classes\WEB-INF\resources\sample-data\consumer.csv' 
2022-04-05 23:17:15.461 DEBUG [acme.framework.components.database.Dataset@main] Reading mapping '{key:user-account=user-account-administrator-01, company=Macarena, Inc., sector=Telecommunications, key=consumer-01}' from 'D:\Uni\DP2\Workspace-22.0\Projects\Acme-One-E8.02\target\classes\WEB-INF\resources\sample-data\consumer.csv' 
2022-04-05 23:17:15.461 DEBUG [acme.framework.components.database.Dataset@main] Reading dataset from 'D:\Uni\DP2\Workspace-22.0\Projects\Acme-One-E8.02\target\classes\WEB-INF\resources\sample-data\provider.csv' 
2022-04-05 23:17:15.462 DEBUG [acme.framework.components.database.Dataset@main] Reading mapping '{key:user-account=user-account-administrator-01, company=Terra Nets, S.A., sector=Internet, key=provider-01}' from 'D:\Uni\DP2\Workspace-22.0\Projects\Acme-One-E8.02\target\classes\WEB-INF\resources\sample-data\provider.csv' 
2022-04-05 23:17:15.462 DEBUG [acme.framework.components.database.EntityWeb@main] Setting attributes of entities of class acme.entities.Chirp 
2022-04-05 23:17:15.473 DEBUG [acme.framework.configuration.ExtendedMessageSource@main] Loading properties [D:\Uni\DP2\Workspace-22.0\Projects\Acme-One-E8.02\target\classes\WEB-INF\views\administrator\user-account\messages-en.i18n] with encoding 'utf-8' 
2022-04-05 23:17:15.474 DEBUG [acme.framework.configuration.ExtendedMessageSource@main] Loading properties [D:\Uni\DP2\Workspace-22.0\Projects\Acme-One-E8.02\target\classes\WEB-INF\views\authenticated\consumer\messsages-en.i18n] with encoding 'utf-8' 
2022-04-05 23:17:15.475 DEBUG [acme.framework.configuration.ExtendedMessageSource@main] Loading properties [D:\Uni\DP2\Workspace-22.0\Projects\Acme-One-E8.02\target\classes\WEB-INF\views\authenticated\provider\messsages-en.i18n] with encoding 'utf-8' 
2022-04-05 23:17:15.477 DEBUG [acme.framework.configuration.ExtendedMessageSource@main] Loading properties [D:\Uni\DP2\Workspace-22.0\Projects\Acme-One-E8.02\target\classes\WEB-INF\views\fragments\banner-en.i18n] with encoding 'utf-8' 
2022-04-05 23:17:15.479 DEBUG [acme.framework.configuration.ExtendedMessageSource@main] Loading properties [D:\Uni\DP2\Workspace-22.0\Projects\Acme-One-E8.02\target\classes\WEB-INF\views\fragments\company-en.i18n] with encoding 'utf-8' 
2022-04-05 23:17:15.480 DEBUG [acme.framework.configuration.ExtendedMessageSource@main] Loading properties [D:\Uni\DP2\Workspace-22.0\Projects\Acme-One-E8.02\target\classes\WEB-INF\views\fragments\footer-en.i18n] with encoding 'utf-8' 
2022-04-05 23:17:15.481 DEBUG [acme.framework.configuration.ExtendedMessageSource@main] Loading properties [D:\Uni\DP2\Workspace-22.0\Projects\Acme-One-E8.02\target\classes\WEB-INF\views\fragments\license-en.i18n] with encoding 'utf-8' 
2022-04-05 23:17:15.482 DEBUG [acme.framework.configuration.ExtendedMessageSource@main] Loading properties [D:\Uni\DP2\Workspace-22.0\Projects\Acme-One-E8.02\target\classes\WEB-INF\views\fragments\menu-en.i18n] with encoding 'utf-8' 
2022-04-05 23:17:15.482 DEBUG [acme.framework.configuration.ExtendedMessageSource@main] Loading properties [D:\Uni\DP2\Workspace-22.0\Projects\Acme-One-E8.02\target\classes\WEB-INF\views\fragments\messsages-en.i18n] with encoding 'utf-8' 
2022-04-05 23:17:15.483 DEBUG [acme.framework.configuration.ExtendedMessageSource@main] Loading properties [D:\Uni\DP2\Workspace-22.0\Projects\Acme-One-E8.02\target\classes\WEB-INF\views\fragments\title-en.i18n] with encoding 'utf-8' 
2022-04-05 23:17:15.484 DEBUG [acme.framework.configuration.ExtendedMessageSource@main] Loading properties [D:\Uni\DP2\Workspace-22.0\Projects\Acme-One-E8.02\target\classes\WEB-INF\views\fragments\welcome-en.i18n] with encoding 'utf-8' 
2022-04-05 23:17:15.485 DEBUG [acme.framework.configuration.ExtendedMessageSource@main] Loading properties [D:\Uni\DP2\Workspace-22.0\Projects\Acme-One-E8.02\target\classes\WEB-INF\views\master\defaults-en.i18n] with encoding 'utf-8' 
2022-04-05 23:17:15.486 DEBUG [acme.framework.configuration.ExtendedMessageSource@main] Loading properties [D:\Uni\DP2\Workspace-22.0\Projects\Acme-One-E8.02\target\classes\WEB-INF\views\master\master-en.i18n] with encoding 'utf-8' 
2022-04-05 23:17:15.486 DEBUG [acme.framework.configuration.ExtendedMessageSource@main] Loading properties [D:\Uni\DP2\Workspace-22.0\Projects\Acme-One-E8.02\target\classes\WEB-INF\views\master\throwables-en.i18n] with encoding 'utf-8' 
2022-04-05 23:17:15.487 DEBUG [acme.framework.configuration.ExtendedMessageSource@main] Loading properties [D:\Uni\DP2\Workspace-22.0\Projects\Acme-One-E8.02\target\classes\WEB-INF\views\master\validation-en.i18n] with encoding 'utf-8' 
2022-04-05 23:17:15.489 DEBUG [acme.framework.components.database.EntityWeb@main] Setting attributes of entities of class acme.entities.Announcement 
2022-04-05 23:17:15.493 DEBUG [acme.framework.components.database.EntityWeb@main] Setting attributes of entities of class acme.roles.Consumer 
2022-04-05 23:17:15.497 DEBUG [acme.framework.components.database.EntityWeb@main] Setting attributes of entities of class acme.roles.Provider 
2022-04-05 23:17:15.500 DEBUG [acme.framework.components.database.EntityWeb@main] Linking entities of class acme.entities.Chirp 
2022-04-05 23:17:15.500 DEBUG [acme.framework.components.database.EntityWeb@main] Linking entities of class acme.entities.Announcement 
2022-04-05 23:17:15.500 DEBUG [acme.framework.components.database.EntityWeb@main] Linking entities of class acme.roles.Consumer 
2022-04-05 23:17:15.500 DEBUG [acme.framework.components.database.EntityWeb@main] Linking entities of class acme.roles.Provider 
2022-04-05 23:17:15.501 INFO  [acme.framework.components.database.DatabasePopulator@main] Validating your entities 
2022-04-05 23:17:15.534 DEBUG [acme.framework.components.database.DatabasePopulator@main] Validating 'acme.entities.Announcement@announcement-03' ... PASS 
2022-04-05 23:17:15.551 DEBUG [acme.framework.components.database.DatabasePopulator@main] Validating 'acme.framework.entities.UserAccount@user-account-anonymous-01' ... PASS 
2022-04-05 23:17:15.571 DEBUG [acme.framework.configuration.ExtendedMessageSource@main] Loading properties [D:\Uni\DP2\Workspace-22.0\Projects\Acme-One-E8.02\target\classes\WEB-INF\views\administrator\user-account\messages-en.i18n] with encoding 'utf-8' 
2022-04-05 23:17:15.571 DEBUG [acme.framework.configuration.ExtendedMessageSource@main] Loading properties [D:\Uni\DP2\Workspace-22.0\Projects\Acme-One-E8.02\target\classes\WEB-INF\views\authenticated\consumer\messsages-en.i18n] with encoding 'utf-8' 
2022-04-05 23:17:15.572 DEBUG [acme.framework.configuration.ExtendedMessageSource@main] Loading properties [D:\Uni\DP2\Workspace-22.0\Projects\Acme-One-E8.02\target\classes\WEB-INF\views\authenticated\provider\messsages-en.i18n] with encoding 'utf-8' 
2022-04-05 23:17:15.573 DEBUG [acme.framework.configuration.ExtendedMessageSource@main] Loading properties [D:\Uni\DP2\Workspace-22.0\Projects\Acme-One-E8.02\target\classes\WEB-INF\views\fragments\banner-en.i18n] with encoding 'utf-8' 
2022-04-05 23:17:15.574 DEBUG [acme.framework.configuration.ExtendedMessageSource@main] Loading properties [D:\Uni\DP2\Workspace-22.0\Projects\Acme-One-E8.02\target\classes\WEB-INF\views\fragments\company-en.i18n] with encoding 'utf-8' 
2022-04-05 23:17:15.575 DEBUG [acme.framework.configuration.ExtendedMessageSource@main] Loading properties [D:\Uni\DP2\Workspace-22.0\Projects\Acme-One-E8.02\target\classes\WEB-INF\views\fragments\footer-en.i18n] with encoding 'utf-8' 
2022-04-05 23:17:15.575 DEBUG [acme.framework.configuration.ExtendedMessageSource@main] Loading properties [D:\Uni\DP2\Workspace-22.0\Projects\Acme-One-E8.02\target\classes\WEB-INF\views\fragments\license-en.i18n] with encoding 'utf-8' 
2022-04-05 23:17:15.576 DEBUG [acme.framework.configuration.ExtendedMessageSource@main] Loading properties [D:\Uni\DP2\Workspace-22.0\Projects\Acme-One-E8.02\target\classes\WEB-INF\views\fragments\menu-en.i18n] with encoding 'utf-8' 
2022-04-05 23:17:15.577 DEBUG [acme.framework.configuration.ExtendedMessageSource@main] Loading properties [D:\Uni\DP2\Workspace-22.0\Projects\Acme-One-E8.02\target\classes\WEB-INF\views\fragments\messsages-en.i18n] with encoding 'utf-8' 
2022-04-05 23:17:15.577 DEBUG [acme.framework.configuration.ExtendedMessageSource@main] Loading properties [D:\Uni\DP2\Workspace-22.0\Projects\Acme-One-E8.02\target\classes\WEB-INF\views\fragments\title-en.i18n] with encoding 'utf-8' 
2022-04-05 23:17:15.578 DEBUG [acme.framework.configuration.ExtendedMessageSource@main] Loading properties [D:\Uni\DP2\Workspace-22.0\Projects\Acme-One-E8.02\target\classes\WEB-INF\views\fragments\welcome-en.i18n] with encoding 'utf-8' 
2022-04-05 23:17:15.579 DEBUG [acme.framework.configuration.ExtendedMessageSource@main] Loading properties [D:\Uni\DP2\Workspace-22.0\Projects\Acme-One-E8.02\target\classes\WEB-INF\views\master\defaults-en.i18n] with encoding 'utf-8' 
2022-04-05 23:17:15.580 DEBUG [acme.framework.configuration.ExtendedMessageSource@main] Loading properties [D:\Uni\DP2\Workspace-22.0\Projects\Acme-One-E8.02\target\classes\WEB-INF\views\master\master-en.i18n] with encoding 'utf-8' 
2022-04-05 23:17:15.580 DEBUG [acme.framework.configuration.ExtendedMessageSource@main] Loading properties [D:\Uni\DP2\Workspace-22.0\Projects\Acme-One-E8.02\target\classes\WEB-INF\views\master\throwables-en.i18n] with encoding 'utf-8' 
2022-04-05 23:17:15.581 DEBUG [acme.framework.configuration.ExtendedMessageSource@main] Loading properties [D:\Uni\DP2\Workspace-22.0\Projects\Acme-One-E8.02\target\classes\WEB-INF\views\master\validation-en.i18n] with encoding 'utf-8' 
2022-04-05 23:17:15.584 ERROR [acme.framework.components.database.DatabasePopulator@main] Validating 'announcement-02' ... FAILED 
2022-04-05 23:17:15.584 ERROR [acme.framework.components.database.DatabasePopulator@main] Errors on entity acme.entities.Announcement@announcement-02: 'link' - Not a well-formed URL 
2022-04-05 23:17:15.586 ERROR [acme.Launcher@main] acme.framework.components.database.DatabasePopulator.validate(DatabasePopulator.java:210): Errors on entity acme.entities.Announcement@announcement-02: 'link' - Not a well-formed URL 
2022-04-05 23:17:15.586 INFO  [acme.Launcher@main] The application log provides additional debugging messages! 
2022-04-05 23:17:16.651 INFO  [acme.framework.configuration.ShutdownConfiguration@main] The system is shutting down... 
2022-04-05 23:17:16.660 DEBUG [acme.Launcher@main] Exit code = 0 
