2022-04-05 23:50:36.358 INFO  [acme.Launcher@main] Starting Launcher using Java 1.8.0_281 on DESKTOP-5LQR2DK with PID 1812 (D:\Uni\DP2\Workspace-22.0\Frameworks\Acme-Framework-22.3\target\classes started by Stockie in D:\Uni\DP2\Workspace-22.0\Projects\Acme-One-E8.02) 
2022-04-05 23:50:36.359 DEBUG [acme.Launcher@main] Running with Spring Boot v2.4.2, Spring v5.3.3 
2022-04-05 23:50:36.360 INFO  [acme.Launcher@main] The following profiles are active: development,populator 
2022-04-05 23:50:38.301 DEBUG [org.apache.jasper.servlet.JasperInitializer@main] Initializing Jasper for context [application] 
2022-04-05 23:50:41.848 DEBUG [org.apache.jasper.servlet.JspServlet@main] Scratch dir for the JSP engine is: [C:\Users\Stockie\AppData\Local\Temp\tomcat.8083.8909098185389848980\work\Tomcat\localhost\hello-world-22.0] 
2022-04-05 23:50:41.933 DEBUG [org.apache.jasper.servlet.JspServlet@main] IMPORTANT: Do not modify the generated servlets 
2022-04-05 23:50:41.943 INFO  [acme.Launcher@main] Started Launcher in 6.089 seconds (JVM running for 6.558) 
2022-04-05 23:50:41.947 DEBUG [acme.Launcher@main] Found classpath entry '/D:/Uni/DP2/Workspace-22.0/Projects/Acme-One-E8.02/target/classes/' 
2022-04-05 23:50:41.947 DEBUG [acme.Launcher@main] Found classpath entry '/D:/Uni/DP2/Workspace-22.0/Projects/Acme-One-E8.02/target/test-classes/' 
2022-04-05 23:50:41.947 DEBUG [acme.Launcher@main] Found classpath entry '/C:/Users/Stockie/.m2/repository/org/springframework/boot/spring-boot-starter-tomcat/2.4.2/spring-boot-starter-tomcat-2.4.2.jar' 
2022-04-05 23:50:41.948 DEBUG [acme.Launcher@main] Found classpath entry '/C:/Users/Stockie/.m2/repository/jakarta/annotation/jakarta.annotation-api/1.3.5/jakarta.annotation-api-1.3.5.jar' 
2022-04-05 23:50:41.948 DEBUG [acme.Launcher@main] Found classpath entry '/C:/Users/Stockie/.m2/repository/org/apache/tomcat/embed/tomcat-embed-core/9.0.41/tomcat-embed-core-9.0.41.jar' 
2022-04-05 23:50:41.948 DEBUG [acme.Launcher@main] Found classpath entry '/C:/Users/Stockie/.m2/repository/org/glassfish/jakarta.el/3.0.3/jakarta.el-3.0.3.jar' 
2022-04-05 23:50:41.948 DEBUG [acme.Launcher@main] Found classpath entry '/C:/Users/Stockie/.m2/repository/org/apache/tomcat/embed/tomcat-embed-websocket/9.0.41/tomcat-embed-websocket-9.0.41.jar' 
2022-04-05 23:50:41.948 DEBUG [acme.Launcher@main] Found classpath entry '/C:/Users/Stockie/.m2/repository/org/apache/tomcat/embed/tomcat-embed-jasper/9.0.41/tomcat-embed-jasper-9.0.41.jar' 
2022-04-05 23:50:41.948 DEBUG [acme.Launcher@main] Found classpath entry '/C:/Users/Stockie/.m2/repository/org/apache/tomcat/embed/tomcat-embed-el/9.0.41/tomcat-embed-el-9.0.41.jar' 
2022-04-05 23:50:41.949 DEBUG [acme.Launcher@main] Found classpath entry '/C:/Users/Stockie/.m2/repository/org/eclipse/jdt/ecj/3.18.0/ecj-3.18.0.jar' 
2022-04-05 23:50:41.949 DEBUG [acme.Launcher@main] Found classpath entry '/C:/Users/Stockie/.m2/repository/javax/servlet/jstl/1.2/jstl-1.2.jar' 
2022-04-05 23:50:41.949 DEBUG [acme.Launcher@main] Found classpath entry '/C:/Users/Stockie/.m2/repository/org/springframework/boot/spring-boot-starter-test/2.4.2/spring-boot-starter-test-2.4.2.jar' 
2022-04-05 23:50:41.949 DEBUG [acme.Launcher@main] Found classpath entry '/C:/Users/Stockie/.m2/repository/org/springframework/boot/spring-boot-starter/2.4.2/spring-boot-starter-2.4.2.jar' 
2022-04-05 23:50:41.949 DEBUG [acme.Launcher@main] Found classpath entry '/C:/Users/Stockie/.m2/repository/org/springframework/boot/spring-boot/2.4.2/spring-boot-2.4.2.jar' 
2022-04-05 23:50:41.949 DEBUG [acme.Launcher@main] Found classpath entry '/C:/Users/Stockie/.m2/repository/org/springframework/boot/spring-boot-autoconfigure/2.4.2/spring-boot-autoconfigure-2.4.2.jar' 
2022-04-05 23:50:41.950 DEBUG [acme.Launcher@main] Found classpath entry '/C:/Users/Stockie/.m2/repository/org/springframework/boot/spring-boot-starter-logging/2.4.2/spring-boot-starter-logging-2.4.2.jar' 
2022-04-05 23:50:41.950 DEBUG [acme.Launcher@main] Found classpath entry '/C:/Users/Stockie/.m2/repository/ch/qos/logback/logback-classic/1.2.3/logback-classic-1.2.3.jar' 
2022-04-05 23:50:41.950 DEBUG [acme.Launcher@main] Found classpath entry '/C:/Users/Stockie/.m2/repository/ch/qos/logback/logback-core/1.2.3/logback-core-1.2.3.jar' 
2022-04-05 23:50:41.950 DEBUG [acme.Launcher@main] Found classpath entry '/C:/Users/Stockie/.m2/repository/org/apache/logging/log4j/log4j-to-slf4j/2.13.3/log4j-to-slf4j-2.13.3.jar' 
2022-04-05 23:50:41.950 DEBUG [acme.Launcher@main] Found classpath entry '/C:/Users/Stockie/.m2/repository/org/apache/logging/log4j/log4j-api/2.13.3/log4j-api-2.13.3.jar' 
2022-04-05 23:50:41.950 DEBUG [acme.Launcher@main] Found classpath entry '/C:/Users/Stockie/.m2/repository/org/slf4j/jul-to-slf4j/1.7.30/jul-to-slf4j-1.7.30.jar' 
2022-04-05 23:50:41.950 DEBUG [acme.Launcher@main] Found classpath entry '/C:/Users/Stockie/.m2/repository/org/yaml/snakeyaml/1.27/snakeyaml-1.27.jar' 
2022-04-05 23:50:41.951 DEBUG [acme.Launcher@main] Found classpath entry '/C:/Users/Stockie/.m2/repository/org/springframework/boot/spring-boot-test/2.4.2/spring-boot-test-2.4.2.jar' 
2022-04-05 23:50:41.951 DEBUG [acme.Launcher@main] Found classpath entry '/C:/Users/Stockie/.m2/repository/org/springframework/boot/spring-boot-test-autoconfigure/2.4.2/spring-boot-test-autoconfigure-2.4.2.jar' 
2022-04-05 23:50:41.951 DEBUG [acme.Launcher@main] Found classpath entry '/C:/Users/Stockie/.m2/repository/com/jayway/jsonpath/json-path/2.4.0/json-path-2.4.0.jar' 
2022-04-05 23:50:41.951 DEBUG [acme.Launcher@main] Found classpath entry '/C:/Users/Stockie/.m2/repository/net/minidev/json-smart/2.3/json-smart-2.3.jar' 
2022-04-05 23:50:41.951 DEBUG [acme.Launcher@main] Found classpath entry '/C:/Users/Stockie/.m2/repository/net/minidev/accessors-smart/1.2/accessors-smart-1.2.jar' 
2022-04-05 23:50:41.951 DEBUG [acme.Launcher@main] Found classpath entry '/C:/Users/Stockie/.m2/repository/org/ow2/asm/asm/5.0.4/asm-5.0.4.jar' 
2022-04-05 23:50:41.951 DEBUG [acme.Launcher@main] Found classpath entry '/C:/Users/Stockie/.m2/repository/jakarta/xml/bind/jakarta.xml.bind-api/2.3.3/jakarta.xml.bind-api-2.3.3.jar' 
2022-04-05 23:50:41.952 DEBUG [acme.Launcher@main] Found classpath entry '/C:/Users/Stockie/.m2/repository/jakarta/activation/jakarta.activation-api/1.2.2/jakarta.activation-api-1.2.2.jar' 
2022-04-05 23:50:41.952 DEBUG [acme.Launcher@main] Found classpath entry '/C:/Users/Stockie/.m2/repository/org/assertj/assertj-core/3.18.1/assertj-core-3.18.1.jar' 
2022-04-05 23:50:41.952 DEBUG [acme.Launcher@main] Found classpath entry '/C:/Users/Stockie/.m2/repository/org/hamcrest/hamcrest/2.2/hamcrest-2.2.jar' 
2022-04-05 23:50:41.952 DEBUG [acme.Launcher@main] Found classpath entry '/C:/Users/Stockie/.m2/repository/org/junit/jupiter/junit-jupiter/5.7.0/junit-jupiter-5.7.0.jar' 
2022-04-05 23:50:41.952 DEBUG [acme.Launcher@main] Found classpath entry '/C:/Users/Stockie/.m2/repository/org/mockito/mockito-core/3.6.28/mockito-core-3.6.28.jar' 
2022-04-05 23:50:41.952 DEBUG [acme.Launcher@main] Found classpath entry '/C:/Users/Stockie/.m2/repository/net/bytebuddy/byte-buddy-agent/1.10.19/byte-buddy-agent-1.10.19.jar' 
2022-04-05 23:50:41.952 DEBUG [acme.Launcher@main] Found classpath entry '/C:/Users/Stockie/.m2/repository/org/objenesis/objenesis/3.1/objenesis-3.1.jar' 
2022-04-05 23:50:41.953 DEBUG [acme.Launcher@main] Found classpath entry '/C:/Users/Stockie/.m2/repository/org/mockito/mockito-junit-jupiter/3.6.28/mockito-junit-jupiter-3.6.28.jar' 
2022-04-05 23:50:41.953 DEBUG [acme.Launcher@main] Found classpath entry '/C:/Users/Stockie/.m2/repository/org/skyscreamer/jsonassert/1.5.0/jsonassert-1.5.0.jar' 
2022-04-05 23:50:41.953 DEBUG [acme.Launcher@main] Found classpath entry '/C:/Users/Stockie/.m2/repository/com/vaadin/external/google/android-json/0.0.20131108.vaadin1/android-json-0.0.20131108.vaadin1.jar' 
2022-04-05 23:50:41.953 DEBUG [acme.Launcher@main] Found classpath entry '/C:/Users/Stockie/.m2/repository/org/springframework/spring-core/5.3.3/spring-core-5.3.3.jar' 
2022-04-05 23:50:41.953 DEBUG [acme.Launcher@main] Found classpath entry '/C:/Users/Stockie/.m2/repository/org/springframework/spring-jcl/5.3.3/spring-jcl-5.3.3.jar' 
2022-04-05 23:50:41.953 DEBUG [acme.Launcher@main] Found classpath entry '/C:/Users/Stockie/.m2/repository/org/springframework/spring-test/5.3.3/spring-test-5.3.3.jar' 
2022-04-05 23:50:41.953 DEBUG [acme.Launcher@main] Found classpath entry '/C:/Users/Stockie/.m2/repository/org/xmlunit/xmlunit-core/2.7.0/xmlunit-core-2.7.0.jar' 
2022-04-05 23:50:41.954 DEBUG [acme.Launcher@main] Found classpath entry '/C:/Users/Stockie/.m2/repository/org/springframework/boot/spring-boot-starter-security/2.4.2/spring-boot-starter-security-2.4.2.jar' 
2022-04-05 23:50:41.954 DEBUG [acme.Launcher@main] Found classpath entry '/C:/Users/Stockie/.m2/repository/org/springframework/spring-aop/5.3.3/spring-aop-5.3.3.jar' 
2022-04-05 23:50:41.954 DEBUG [acme.Launcher@main] Found classpath entry '/C:/Users/Stockie/.m2/repository/org/springframework/security/spring-security-web/5.4.2/spring-security-web-5.4.2.jar' 
2022-04-05 23:50:41.954 DEBUG [acme.Launcher@main] Found classpath entry '/C:/Users/Stockie/.m2/repository/org/springframework/security/spring-security-core/5.4.2/spring-security-core-5.4.2.jar' 
2022-04-05 23:50:41.954 DEBUG [acme.Launcher@main] Found classpath entry '/C:/Users/Stockie/.m2/repository/org/springframework/spring-beans/5.3.3/spring-beans-5.3.3.jar' 
2022-04-05 23:50:41.954 DEBUG [acme.Launcher@main] Found classpath entry '/C:/Users/Stockie/.m2/repository/org/springframework/spring-context/5.3.3/spring-context-5.3.3.jar' 
2022-04-05 23:50:41.954 DEBUG [acme.Launcher@main] Found classpath entry '/C:/Users/Stockie/.m2/repository/org/springframework/spring-expression/5.3.3/spring-expression-5.3.3.jar' 
2022-04-05 23:50:41.955 DEBUG [acme.Launcher@main] Found classpath entry '/C:/Users/Stockie/.m2/repository/org/springframework/spring-web/5.3.3/spring-web-5.3.3.jar' 
2022-04-05 23:50:41.955 DEBUG [acme.Launcher@main] Found classpath entry '/C:/Users/Stockie/.m2/repository/org/springframework/security/spring-security-config/5.4.2/spring-security-config-5.4.2.jar' 
2022-04-05 23:50:41.955 DEBUG [acme.Launcher@main] Found classpath entry '/C:/Users/Stockie/.m2/repository/org/springframework/security/spring-security-taglibs/5.4.2/spring-security-taglibs-5.4.2.jar' 
2022-04-05 23:50:41.955 DEBUG [acme.Launcher@main] Found classpath entry '/C:/Users/Stockie/.m2/repository/org/springframework/security/spring-security-acl/5.4.2/spring-security-acl-5.4.2.jar' 
2022-04-05 23:50:41.955 DEBUG [acme.Launcher@main] Found classpath entry '/C:/Users/Stockie/.m2/repository/org/springframework/spring-jdbc/5.3.3/spring-jdbc-5.3.3.jar' 
2022-04-05 23:50:41.955 DEBUG [acme.Launcher@main] Found classpath entry '/C:/Users/Stockie/.m2/repository/org/springframework/spring-tx/5.3.3/spring-tx-5.3.3.jar' 
2022-04-05 23:50:41.955 DEBUG [acme.Launcher@main] Found classpath entry '/C:/Users/Stockie/.m2/repository/org/springframework/boot/spring-boot-starter-web/2.4.2/spring-boot-starter-web-2.4.2.jar' 
2022-04-05 23:50:41.956 DEBUG [acme.Launcher@main] Found classpath entry '/C:/Users/Stockie/.m2/repository/org/springframework/boot/spring-boot-starter-json/2.4.2/spring-boot-starter-json-2.4.2.jar' 
2022-04-05 23:50:41.956 DEBUG [acme.Launcher@main] Found classpath entry '/C:/Users/Stockie/.m2/repository/com/fasterxml/jackson/core/jackson-databind/2.11.4/jackson-databind-2.11.4.jar' 
2022-04-05 23:50:41.956 DEBUG [acme.Launcher@main] Found classpath entry '/C:/Users/Stockie/.m2/repository/com/fasterxml/jackson/core/jackson-annotations/2.11.4/jackson-annotations-2.11.4.jar' 
2022-04-05 23:50:41.956 DEBUG [acme.Launcher@main] Found classpath entry '/C:/Users/Stockie/.m2/repository/com/fasterxml/jackson/core/jackson-core/2.11.4/jackson-core-2.11.4.jar' 
2022-04-05 23:50:41.956 DEBUG [acme.Launcher@main] Found classpath entry '/C:/Users/Stockie/.m2/repository/com/fasterxml/jackson/datatype/jackson-datatype-jdk8/2.11.4/jackson-datatype-jdk8-2.11.4.jar' 
2022-04-05 23:50:41.956 DEBUG [acme.Launcher@main] Found classpath entry '/C:/Users/Stockie/.m2/repository/com/fasterxml/jackson/datatype/jackson-datatype-jsr310/2.11.4/jackson-datatype-jsr310-2.11.4.jar' 
2022-04-05 23:50:41.956 DEBUG [acme.Launcher@main] Found classpath entry '/C:/Users/Stockie/.m2/repository/com/fasterxml/jackson/module/jackson-module-parameter-names/2.11.4/jackson-module-parameter-names-2.11.4.jar' 
2022-04-05 23:50:41.956 DEBUG [acme.Launcher@main] Found classpath entry '/C:/Users/Stockie/.m2/repository/org/springframework/spring-webmvc/5.3.3/spring-webmvc-5.3.3.jar' 
2022-04-05 23:50:41.957 DEBUG [acme.Launcher@main] Found classpath entry '/C:/Users/Stockie/.m2/repository/org/apache/tiles/tiles-jsp/3.0.8/tiles-jsp-3.0.8.jar' 
2022-04-05 23:50:41.957 DEBUG [acme.Launcher@main] Found classpath entry '/C:/Users/Stockie/.m2/repository/org/apache/tiles/tiles-servlet/3.0.8/tiles-servlet-3.0.8.jar' 
2022-04-05 23:50:41.957 DEBUG [acme.Launcher@main] Found classpath entry '/C:/Users/Stockie/.m2/repository/org/apache/tiles/tiles-core/3.0.8/tiles-core-3.0.8.jar' 
2022-04-05 23:50:41.957 DEBUG [acme.Launcher@main] Found classpath entry '/C:/Users/Stockie/.m2/repository/commons-digester/commons-digester/2.0/commons-digester-2.0.jar' 
2022-04-05 23:50:41.957 DEBUG [acme.Launcher@main] Found classpath entry '/C:/Users/Stockie/.m2/repository/org/slf4j/jcl-over-slf4j/1.7.30/jcl-over-slf4j-1.7.30.jar' 
2022-04-05 23:50:41.957 DEBUG [acme.Launcher@main] Found classpath entry '/C:/Users/Stockie/.m2/repository/org/apache/tiles/tiles-request-servlet/1.0.7/tiles-request-servlet-1.0.7.jar' 
2022-04-05 23:50:41.957 DEBUG [acme.Launcher@main] Found classpath entry '/C:/Users/Stockie/.m2/repository/org/apache/tiles/tiles-template/3.0.8/tiles-template-3.0.8.jar' 
2022-04-05 23:50:41.957 DEBUG [acme.Launcher@main] Found classpath entry '/C:/Users/Stockie/.m2/repository/org/apache/tiles/tiles-api/3.0.8/tiles-api-3.0.8.jar' 
2022-04-05 23:50:41.957 DEBUG [acme.Launcher@main] Found classpath entry '/C:/Users/Stockie/.m2/repository/org/apache/tiles/tiles-autotag-core-runtime/1.2/tiles-autotag-core-runtime-1.2.jar' 
2022-04-05 23:50:41.958 DEBUG [acme.Launcher@main] Found classpath entry '/C:/Users/Stockie/.m2/repository/org/slf4j/slf4j-api/1.7.30/slf4j-api-1.7.30.jar' 
2022-04-05 23:50:41.958 DEBUG [acme.Launcher@main] Found classpath entry '/C:/Users/Stockie/.m2/repository/org/apache/tiles/tiles-request-jsp/1.0.7/tiles-request-jsp-1.0.7.jar' 
2022-04-05 23:50:41.958 DEBUG [acme.Launcher@main] Found classpath entry '/C:/Users/Stockie/.m2/repository/org/apache/tiles/tiles-request-api/1.0.7/tiles-request-api-1.0.7.jar' 
2022-04-05 23:50:41.958 DEBUG [acme.Launcher@main] Found classpath entry '/C:/Users/Stockie/.m2/repository/org/springframework/boot/spring-boot-starter-data-jpa/2.4.2/spring-boot-starter-data-jpa-2.4.2.jar' 
2022-04-05 23:50:41.958 DEBUG [acme.Launcher@main] Found classpath entry '/C:/Users/Stockie/.m2/repository/org/springframework/boot/spring-boot-starter-aop/2.4.2/spring-boot-starter-aop-2.4.2.jar' 
2022-04-05 23:50:41.958 DEBUG [acme.Launcher@main] Found classpath entry '/C:/Users/Stockie/.m2/repository/org/aspectj/aspectjweaver/1.9.6/aspectjweaver-1.9.6.jar' 
2022-04-05 23:50:41.958 DEBUG [acme.Launcher@main] Found classpath entry '/C:/Users/Stockie/.m2/repository/org/springframework/boot/spring-boot-starter-jdbc/2.4.2/spring-boot-starter-jdbc-2.4.2.jar' 
2022-04-05 23:50:41.958 DEBUG [acme.Launcher@main] Found classpath entry '/C:/Users/Stockie/.m2/repository/jakarta/transaction/jakarta.transaction-api/1.3.3/jakarta.transaction-api-1.3.3.jar' 
2022-04-05 23:50:41.959 DEBUG [acme.Launcher@main] Found classpath entry '/C:/Users/Stockie/.m2/repository/jakarta/persistence/jakarta.persistence-api/2.2.3/jakarta.persistence-api-2.2.3.jar' 
2022-04-05 23:50:41.959 DEBUG [acme.Launcher@main] Found classpath entry '/C:/Users/Stockie/.m2/repository/org/hibernate/hibernate-core/5.4.27.Final/hibernate-core-5.4.27.Final.jar' 
2022-04-05 23:50:41.959 DEBUG [acme.Launcher@main] Found classpath entry '/C:/Users/Stockie/.m2/repository/org/jboss/logging/jboss-logging/3.4.1.Final/jboss-logging-3.4.1.Final.jar' 
2022-04-05 23:50:41.959 DEBUG [acme.Launcher@main] Found classpath entry '/C:/Users/Stockie/.m2/repository/org/javassist/javassist/3.27.0-GA/javassist-3.27.0-GA.jar' 
2022-04-05 23:50:41.959 DEBUG [acme.Launcher@main] Found classpath entry '/C:/Users/Stockie/.m2/repository/antlr/antlr/2.7.7/antlr-2.7.7.jar' 
2022-04-05 23:50:41.959 DEBUG [acme.Launcher@main] Found classpath entry '/C:/Users/Stockie/.m2/repository/org/jboss/jandex/2.1.3.Final/jandex-2.1.3.Final.jar' 
2022-04-05 23:50:41.959 DEBUG [acme.Launcher@main] Found classpath entry '/C:/Users/Stockie/.m2/repository/com/fasterxml/classmate/1.5.1/classmate-1.5.1.jar' 
2022-04-05 23:50:41.960 DEBUG [acme.Launcher@main] Found classpath entry '/C:/Users/Stockie/.m2/repository/org/dom4j/dom4j/2.1.3/dom4j-2.1.3.jar' 
2022-04-05 23:50:41.960 DEBUG [acme.Launcher@main] Found classpath entry '/C:/Users/Stockie/.m2/repository/org/hibernate/common/hibernate-commons-annotations/5.1.2.Final/hibernate-commons-annotations-5.1.2.Final.jar' 
2022-04-05 23:50:41.960 DEBUG [acme.Launcher@main] Found classpath entry '/C:/Users/Stockie/.m2/repository/org/glassfish/jaxb/jaxb-runtime/2.3.3/jaxb-runtime-2.3.3.jar' 
2022-04-05 23:50:41.960 DEBUG [acme.Launcher@main] Found classpath entry '/C:/Users/Stockie/.m2/repository/org/glassfish/jaxb/txw2/2.3.3/txw2-2.3.3.jar' 
2022-04-05 23:50:41.960 DEBUG [acme.Launcher@main] Found classpath entry '/C:/Users/Stockie/.m2/repository/com/sun/istack/istack-commons-runtime/3.0.11/istack-commons-runtime-3.0.11.jar' 
2022-04-05 23:50:41.960 DEBUG [acme.Launcher@main] Found classpath entry '/C:/Users/Stockie/.m2/repository/com/sun/activation/jakarta.activation/1.2.2/jakarta.activation-1.2.2.jar' 
2022-04-05 23:50:41.960 DEBUG [acme.Launcher@main] Found classpath entry '/C:/Users/Stockie/.m2/repository/org/springframework/data/spring-data-jpa/2.4.3/spring-data-jpa-2.4.3.jar' 
2022-04-05 23:50:41.960 DEBUG [acme.Launcher@main] Found classpath entry '/C:/Users/Stockie/.m2/repository/org/springframework/data/spring-data-commons/2.4.3/spring-data-commons-2.4.3.jar' 
2022-04-05 23:50:41.960 DEBUG [acme.Launcher@main] Found classpath entry '/C:/Users/Stockie/.m2/repository/org/springframework/spring-orm/5.3.3/spring-orm-5.3.3.jar' 
2022-04-05 23:50:41.961 DEBUG [acme.Launcher@main] Found classpath entry '/C:/Users/Stockie/.m2/repository/org/springframework/spring-aspects/5.3.3/spring-aspects-5.3.3.jar' 
2022-04-05 23:50:41.961 DEBUG [acme.Launcher@main] Found classpath entry '/C:/Users/Stockie/.m2/repository/org/springframework/boot/spring-boot-starter-validation/2.4.2/spring-boot-starter-validation-2.4.2.jar' 
2022-04-05 23:50:41.961 DEBUG [acme.Launcher@main] Found classpath entry '/C:/Users/Stockie/.m2/repository/org/hibernate/validator/hibernate-validator/6.1.7.Final/hibernate-validator-6.1.7.Final.jar' 
2022-04-05 23:50:41.961 DEBUG [acme.Launcher@main] Found classpath entry '/C:/Users/Stockie/.m2/repository/jakarta/validation/jakarta.validation-api/2.0.2/jakarta.validation-api-2.0.2.jar' 
2022-04-05 23:50:41.961 DEBUG [acme.Launcher@main] Found classpath entry '/C:/Users/Stockie/.m2/repository/mysql/mysql-connector-java/8.0.22/mysql-connector-java-8.0.22.jar' 
2022-04-05 23:50:41.961 DEBUG [acme.Launcher@main] Found classpath entry '/C:/Users/Stockie/.m2/repository/com/zaxxer/HikariCP/3.4.5/HikariCP-3.4.5.jar' 
2022-04-05 23:50:41.961 DEBUG [acme.Launcher@main] Found classpath entry '/C:/Users/Stockie/.m2/repository/org/junit/jupiter/junit-jupiter-engine/5.7.0/junit-jupiter-engine-5.7.0.jar' 
2022-04-05 23:50:41.961 DEBUG [acme.Launcher@main] Found classpath entry '/C:/Users/Stockie/.m2/repository/org/apiguardian/apiguardian-api/1.1.0/apiguardian-api-1.1.0.jar' 
2022-04-05 23:50:41.962 DEBUG [acme.Launcher@main] Found classpath entry '/C:/Users/Stockie/.m2/repository/org/junit/platform/junit-platform-engine/1.7.0/junit-platform-engine-1.7.0.jar' 
2022-04-05 23:50:41.962 DEBUG [acme.Launcher@main] Found classpath entry '/C:/Users/Stockie/.m2/repository/org/junit/jupiter/junit-jupiter-api/5.7.0/junit-jupiter-api-5.7.0.jar' 
2022-04-05 23:50:41.962 DEBUG [acme.Launcher@main] Found classpath entry '/C:/Users/Stockie/.m2/repository/org/opentest4j/opentest4j/1.2.0/opentest4j-1.2.0.jar' 
2022-04-05 23:50:41.962 DEBUG [acme.Launcher@main] Found classpath entry '/C:/Users/Stockie/.m2/repository/org/junit/platform/junit-platform-commons/1.7.0/junit-platform-commons-1.7.0.jar' 
2022-04-05 23:50:41.962 DEBUG [acme.Launcher@main] Found classpath entry '/C:/Users/Stockie/.m2/repository/org/junit/jupiter/junit-jupiter-params/5.7.0/junit-jupiter-params-5.7.0.jar' 
2022-04-05 23:50:41.962 DEBUG [acme.Launcher@main] Found classpath entry '/C:/Users/Stockie/.m2/repository/org/junit/platform/junit-platform-launcher/1.7.0/junit-platform-launcher-1.7.0.jar' 
2022-04-05 23:50:41.962 DEBUG [acme.Launcher@main] Found classpath entry '/C:/Users/Stockie/.m2/repository/org/seleniumhq/selenium/selenium-java/3.141.59/selenium-java-3.141.59.jar' 
2022-04-05 23:50:41.962 DEBUG [acme.Launcher@main] Found classpath entry '/C:/Users/Stockie/.m2/repository/org/seleniumhq/selenium/selenium-api/3.141.59/selenium-api-3.141.59.jar' 
2022-04-05 23:50:41.962 DEBUG [acme.Launcher@main] Found classpath entry '/C:/Users/Stockie/.m2/repository/org/seleniumhq/selenium/selenium-chrome-driver/3.141.59/selenium-chrome-driver-3.141.59.jar' 
2022-04-05 23:50:41.963 DEBUG [acme.Launcher@main] Found classpath entry '/C:/Users/Stockie/.m2/repository/org/seleniumhq/selenium/selenium-edge-driver/3.141.59/selenium-edge-driver-3.141.59.jar' 
2022-04-05 23:50:41.963 DEBUG [acme.Launcher@main] Found classpath entry '/C:/Users/Stockie/.m2/repository/org/seleniumhq/selenium/selenium-firefox-driver/3.141.59/selenium-firefox-driver-3.141.59.jar' 
2022-04-05 23:50:41.963 DEBUG [acme.Launcher@main] Found classpath entry '/C:/Users/Stockie/.m2/repository/org/seleniumhq/selenium/selenium-ie-driver/3.141.59/selenium-ie-driver-3.141.59.jar' 
2022-04-05 23:50:41.963 DEBUG [acme.Launcher@main] Found classpath entry '/C:/Users/Stockie/.m2/repository/org/seleniumhq/selenium/selenium-opera-driver/3.141.59/selenium-opera-driver-3.141.59.jar' 
2022-04-05 23:50:41.963 DEBUG [acme.Launcher@main] Found classpath entry '/C:/Users/Stockie/.m2/repository/org/seleniumhq/selenium/selenium-remote-driver/3.141.59/selenium-remote-driver-3.141.59.jar' 
2022-04-05 23:50:41.963 DEBUG [acme.Launcher@main] Found classpath entry '/C:/Users/Stockie/.m2/repository/org/seleniumhq/selenium/selenium-safari-driver/3.141.59/selenium-safari-driver-3.141.59.jar' 
2022-04-05 23:50:41.963 DEBUG [acme.Launcher@main] Found classpath entry '/C:/Users/Stockie/.m2/repository/org/seleniumhq/selenium/selenium-support/3.141.59/selenium-support-3.141.59.jar' 
2022-04-05 23:50:41.963 DEBUG [acme.Launcher@main] Found classpath entry '/C:/Users/Stockie/.m2/repository/net/bytebuddy/byte-buddy/1.10.19/byte-buddy-1.10.19.jar' 
2022-04-05 23:50:41.964 DEBUG [acme.Launcher@main] Found classpath entry '/C:/Users/Stockie/.m2/repository/org/apache/commons/commons-exec/1.3/commons-exec-1.3.jar' 
2022-04-05 23:50:41.964 DEBUG [acme.Launcher@main] Found classpath entry '/C:/Users/Stockie/.m2/repository/com/google/guava/guava/25.0-jre/guava-25.0-jre.jar' 
2022-04-05 23:50:41.964 DEBUG [acme.Launcher@main] Found classpath entry '/C:/Users/Stockie/.m2/repository/com/google/code/findbugs/jsr305/1.3.9/jsr305-1.3.9.jar' 
2022-04-05 23:50:41.964 DEBUG [acme.Launcher@main] Found classpath entry '/C:/Users/Stockie/.m2/repository/org/checkerframework/checker-compat-qual/2.0.0/checker-compat-qual-2.0.0.jar' 
2022-04-05 23:50:41.964 DEBUG [acme.Launcher@main] Found classpath entry '/C:/Users/Stockie/.m2/repository/com/google/errorprone/error_prone_annotations/2.1.3/error_prone_annotations-2.1.3.jar' 
2022-04-05 23:50:41.964 DEBUG [acme.Launcher@main] Found classpath entry '/C:/Users/Stockie/.m2/repository/com/google/j2objc/j2objc-annotations/1.1/j2objc-annotations-1.1.jar' 
2022-04-05 23:50:41.964 DEBUG [acme.Launcher@main] Found classpath entry '/C:/Users/Stockie/.m2/repository/org/codehaus/mojo/animal-sniffer-annotations/1.14/animal-sniffer-annotations-1.14.jar' 
2022-04-05 23:50:41.964 DEBUG [acme.Launcher@main] Found classpath entry '/C:/Users/Stockie/.m2/repository/com/squareup/okhttp3/okhttp/3.14.9/okhttp-3.14.9.jar' 
2022-04-05 23:50:41.964 DEBUG [acme.Launcher@main] Found classpath entry '/C:/Users/Stockie/.m2/repository/com/squareup/okio/okio/1.14.0/okio-1.14.0.jar' 
2022-04-05 23:50:41.964 DEBUG [acme.Launcher@main] Found classpath entry '/C:/Users/Stockie/.m2/repository/org/apache/commons/commons-lang3/3.11/commons-lang3-3.11.jar' 
2022-04-05 23:50:41.965 DEBUG [acme.Launcher@main] Found classpath entry '/C:/Users/Stockie/.m2/repository/org/apache/commons/commons-text/1.8/commons-text-1.8.jar' 
2022-04-05 23:50:41.965 DEBUG [acme.Launcher@main] Found classpath entry '/C:/Users/Stockie/.m2/repository/commons-io/commons-io/2.6/commons-io-2.6.jar' 
2022-04-05 23:50:41.965 DEBUG [acme.Launcher@main] Found classpath entry '/C:/Users/Stockie/.m2/repository/commons-cli/commons-cli/1.4/commons-cli-1.4.jar' 
2022-04-05 23:50:41.965 DEBUG [acme.Launcher@main] Found classpath entry '/C:/Users/Stockie/.m2/repository/org/projectlombok/lombok/1.18.16/lombok-1.18.16.jar' 
2022-04-05 23:50:41.965 DEBUG [acme.Launcher@main] Found classpath entry '/C:/Users/Stockie/.m2/repository/com/opencsv/opencsv/5.4/opencsv-5.4.jar' 
2022-04-05 23:50:41.965 DEBUG [acme.Launcher@main] Found classpath entry '/C:/Users/Stockie/.m2/repository/commons-beanutils/commons-beanutils/1.9.4/commons-beanutils-1.9.4.jar' 
2022-04-05 23:50:41.965 DEBUG [acme.Launcher@main] Found classpath entry '/C:/Users/Stockie/.m2/repository/commons-logging/commons-logging/1.2/commons-logging-1.2.jar' 
2022-04-05 23:50:41.965 DEBUG [acme.Launcher@main] Found classpath entry '/C:/Users/Stockie/.m2/repository/commons-collections/commons-collections/3.2.2/commons-collections-3.2.2.jar' 
2022-04-05 23:50:41.965 DEBUG [acme.Launcher@main] Found classpath entry '/C:/Users/Stockie/.m2/repository/org/apache/commons/commons-collections4/4.4/commons-collections4-4.4.jar' 
2022-04-05 23:50:41.965 DEBUG [acme.Launcher@main] Found classpath entry '/D:/Uni/DP2/Workspace-22.0/Frameworks/Acme-Framework-22.3/target/classes/' 
2022-04-05 23:50:41.966 DEBUG [acme.Launcher@main] Found classpath entry '/D:/Uni/DP2/Workspace-22.0/Frameworks/Acme-Framework-22.3/target/test-classes/' 
2022-04-05 23:50:42.086 DEBUG [acme.Launcher@main] Found entity class 'acme.entities.Announcement 
2022-04-05 23:50:42.086 DEBUG [acme.Launcher@main] Found entity class 'acme.entities.Chirp 
2022-04-05 23:50:42.086 DEBUG [acme.Launcher@main] Found entity class 'acme.entities.Component 
2022-04-05 23:50:42.087 DEBUG [acme.Launcher@main] Found entity class 'acme.entities.SystemConfiguration 
2022-04-05 23:50:42.087 DEBUG [acme.Launcher@main] Found entity class 'acme.entities.item.Item 
2022-04-05 23:50:42.087 DEBUG [acme.Launcher@main] Found entity class 'acme.entities.patronage.Patronage 
2022-04-05 23:50:42.087 DEBUG [acme.Launcher@main] Found entity class 'acme.entities.toolkit.Toolkit 
2022-04-05 23:50:42.087 DEBUG [acme.Launcher@main] Found entity class 'acme.roles.Consumer 
2022-04-05 23:50:42.087 DEBUG [acme.Launcher@main] Found entity class 'acme.roles.Inventor 
2022-04-05 23:50:42.087 DEBUG [acme.Launcher@main] Found entity class 'acme.roles.Patron 
2022-04-05 23:50:42.087 DEBUG [acme.Launcher@main] Found entity class 'acme.roles.Provider 
2022-04-05 23:50:42.087 DEBUG [acme.Launcher@main] Found entity class 'acme.framework.entities.UserAccount 
2022-04-05 23:50:42.087 DEBUG [acme.Launcher@main] Found entity class 'acme.framework.roles.Administrator 
2022-04-05 23:50:42.088 DEBUG [acme.Launcher@main] Found entity class 'acme.framework.roles.Anonymous 
2022-04-05 23:50:42.088 DEBUG [acme.Launcher@main] Found entity class 'acme.framework.roles.Any 
2022-04-05 23:50:42.088 DEBUG [acme.Launcher@main] Found entity class 'acme.framework.roles.Authenticated 
2022-04-05 23:50:42.091 INFO  [acme.Launcher@main] Populating (sample data) 
2022-04-05 23:50:42.092 INFO  [acme.framework.components.database.DatabasePopulator@main] Building database schema 
2022-04-05 23:50:42.124 DEBUG [acme.framework.components.database.DatabaseUtil@main] Executing script. 
2022-04-05 23:50:42.124 DEBUG [acme.framework.components.database.DatabaseUtil@main] Starting new transaction. 
2022-04-05 23:50:42.130 DEBUG [acme.framework.components.database.DatabaseUtil@main] Executing command 'set transaction isolation level read uncommitted;'. 
2022-04-05 23:50:42.138 DEBUG [acme.framework.components.database.DatabaseUtil@main] Starting transaction '78580816'. 
2022-04-05 23:50:42.138 DEBUG [acme.framework.components.database.DatabaseUtil@main] Executing script command 'set foreign_key_checks=0'. 
2022-04-05 23:50:42.138 DEBUG [acme.framework.components.database.DatabaseUtil@main] Executing script command 'drop table if exists administrator'. 
2022-04-05 23:50:43.972 DEBUG [acme.framework.components.database.DatabaseUtil@main] Executing script command 'drop table if exists announcement'. 
2022-04-05 23:50:44.181 DEBUG [acme.framework.components.database.DatabaseUtil@main] Executing script command 'drop table if exists anonymous'. 
2022-04-05 23:50:44.389 DEBUG [acme.framework.components.database.DatabaseUtil@main] Executing script command 'drop table if exists any'. 
2022-04-05 23:50:44.624 DEBUG [acme.framework.components.database.DatabaseUtil@main] Executing script command 'drop table if exists authenticated'. 
2022-04-05 23:50:44.832 DEBUG [acme.framework.components.database.DatabaseUtil@main] Executing script command 'drop table if exists chirp'. 
2022-04-05 23:50:45.042 DEBUG [acme.framework.components.database.DatabaseUtil@main] Executing script command 'drop table if exists component'. 
2022-04-05 23:50:45.272 DEBUG [acme.framework.components.database.DatabaseUtil@main] Executing script command 'drop table if exists consumer'. 
2022-04-05 23:50:45.481 DEBUG [acme.framework.components.database.DatabaseUtil@main] Executing script command 'drop table if exists hibernate_sequence'. 
2022-04-05 23:50:45.689 DEBUG [acme.framework.components.database.DatabaseUtil@main] Executing script command 'drop table if exists inventor'. 
2022-04-05 23:50:45.889 DEBUG [acme.framework.components.database.DatabaseUtil@main] Executing script command 'drop table if exists item'. 
2022-04-05 23:50:46.105 DEBUG [acme.framework.components.database.DatabaseUtil@main] Executing script command 'drop table if exists patron'. 
2022-04-05 23:50:46.297 DEBUG [acme.framework.components.database.DatabaseUtil@main] Executing script command 'drop table if exists patronage'. 
2022-04-05 23:50:46.505 DEBUG [acme.framework.components.database.DatabaseUtil@main] Executing script command 'drop table if exists provider'. 
2022-04-05 23:50:46.714 DEBUG [acme.framework.components.database.DatabaseUtil@main] Executing script command 'drop table if exists system_configuration'. 
2022-04-05 23:50:46.922 DEBUG [acme.framework.components.database.DatabaseUtil@main] Executing script command 'drop table if exists toolkit'. 
2022-04-05 23:50:47.139 DEBUG [acme.framework.components.database.DatabaseUtil@main] Executing script command 'drop table if exists user_account'. 
2022-04-05 23:50:47.430 DEBUG [acme.framework.components.database.DatabaseUtil@main] Executing script command 'set foreign_key_checks=1'. 
2022-04-05 23:50:47.430 DEBUG [acme.framework.components.database.DatabaseUtil@main] Committing transaction '78580816'. 
2022-04-05 23:50:47.440 DEBUG [acme.framework.components.database.DatabaseUtil@main] Executing script. 
2022-04-05 23:50:47.440 DEBUG [acme.framework.components.database.DatabaseUtil@main] Starting new transaction. 
2022-04-05 23:50:47.440 DEBUG [acme.framework.components.database.DatabaseUtil@main] Executing command 'set transaction isolation level read uncommitted;'. 
2022-04-05 23:50:47.441 DEBUG [acme.framework.components.database.DatabaseUtil@main] Starting transaction '752679590'. 
2022-04-05 23:50:47.441 DEBUG [acme.framework.components.database.DatabaseUtil@main] Executing script command 'set foreign_key_checks=0'. 
2022-04-05 23:50:47.441 DEBUG [acme.framework.components.database.DatabaseUtil@main] Executing script command 'create table administrator (id integer not null, version integer not null, user_account_id integer, primary key (id)) engine=InnoDB'. 
2022-04-05 23:50:47.688 DEBUG [acme.framework.components.database.DatabaseUtil@main] Executing script command 'create table announcement (id integer not null, version integer not null, body varchar(255), creation_moment datetime, critical bit not null, link varchar(255), title varchar(255), primary key (id)) engine=InnoDB'. 
2022-04-05 23:50:47.905 DEBUG [acme.framework.components.database.DatabaseUtil@main] Executing script command 'create table anonymous (id integer not null, version integer not null, user_account_id integer, primary key (id)) engine=InnoDB'. 
2022-04-05 23:50:48.141 DEBUG [acme.framework.components.database.DatabaseUtil@main] Executing script command 'create table any (id integer not null, version integer not null, user_account_id integer, primary key (id)) engine=InnoDB'. 
2022-04-05 23:50:48.395 DEBUG [acme.framework.components.database.DatabaseUtil@main] Executing script command 'create table authenticated (id integer not null, version integer not null, user_account_id integer, primary key (id)) engine=InnoDB'. 
2022-04-05 23:50:48.704 DEBUG [acme.framework.components.database.DatabaseUtil@main] Executing script command 'create table chirp (id integer not null, version integer not null, author varchar(255), body varchar(255), mail varchar(255), moment datetime, title varchar(255), primary key (id)) engine=InnoDB'. 
2022-04-05 23:50:48.997 DEBUG [acme.framework.components.database.DatabaseUtil@main] Executing script command 'create table component (id integer not null, version integer not null, code varchar(255), description varchar(255), link varchar(255), name varchar(255), retail_price double precision not null, technology varchar(255), primary key (id)) engine=InnoDB'. 
2022-04-05 23:50:49.288 DEBUG [acme.framework.components.database.DatabaseUtil@main] Executing script command 'create table consumer (id integer not null, version integer not null, user_account_id integer, company varchar(255), sector varchar(255), primary key (id)) engine=InnoDB'. 
2022-04-05 23:50:50.013 DEBUG [acme.framework.components.database.DatabaseUtil@main] Executing script command 'create table hibernate_sequence (next_val bigint) engine=InnoDB'. 
2022-04-05 23:50:50.322 DEBUG [acme.framework.components.database.DatabaseUtil@main] Executing script command 'insert into hibernate_sequence values ( 1 )'. 
2022-04-05 23:50:50.326 DEBUG [acme.framework.components.database.DatabaseUtil@main] Executing script command 'create table inventor (id integer not null, version integer not null, user_account_id integer, company varchar(255), link varchar(255), statement varchar(255), primary key (id)) engine=InnoDB'. 
2022-04-05 23:50:50.638 DEBUG [acme.framework.components.database.DatabaseUtil@main] Executing script command 'create table item (id integer not null, version integer not null, code varchar(255), description varchar(255), item_type integer, link varchar(255), name varchar(255), price double precision, technology varchar(255), primary key (id)) engine=InnoDB'. 
2022-04-05 23:50:50.921 DEBUG [acme.framework.components.database.DatabaseUtil@main] Executing script command 'create table patron (id integer not null, version integer not null, user_account_id integer, company varchar(255), link varchar(255), statement varchar(255), primary key (id)) engine=InnoDB'. 
2022-04-05 23:50:51.213 DEBUG [acme.framework.components.database.DatabaseUtil@main] Executing script command 'create table patronage (id integer not null, version integer not null, budget_amount double precision, budget_currency varchar(255), code varchar(255), creation_date datetime, finish_date datetime, legislation varchar(255), link varchar(255), start_date datetime, status integer, inventor_id integer, primary key (id)) engine=InnoDB'. 
2022-04-05 23:50:51.497 DEBUG [acme.framework.components.database.DatabaseUtil@main] Executing script command 'create table provider (id integer not null, version integer not null, user_account_id integer, company varchar(255), sector varchar(255), primary key (id)) engine=InnoDB'. 
2022-04-05 23:50:51.796 DEBUG [acme.framework.components.database.DatabaseUtil@main] Executing script command 'create table system_configuration (id integer not null, version integer not null, accepted_currencies varchar(255), default_currency varchar(255), strong_spam_terms varchar(255), strong_threshold double precision not null, weak_spam_terms varchar(255), weak_threshold double precision not null, primary key (id)) engine=InnoDB'. 
2022-04-05 23:50:52.079 DEBUG [acme.framework.components.database.DatabaseUtil@main] Executing script command 'create table toolkit (id integer not null, version integer not null, assembly_notes varchar(255), code varchar(255), description varchar(255), link varchar(255), title varchar(255), primary key (id)) engine=InnoDB'. 
2022-04-05 23:50:52.479 DEBUG [acme.framework.components.database.DatabaseUtil@main] Executing script command 'create table user_account (id integer not null, version integer not null, enabled bit not null, identity blob, password varchar(255), username varchar(255), primary key (id)) engine=InnoDB'. 
2022-04-05 23:50:52.713 DEBUG [acme.framework.components.database.DatabaseUtil@main] Executing script command 'alter table component add constraint UK_24wq1y3l3mfjohvgtsewd3vo unique (code)'. 
2022-04-05 23:50:53.104 DEBUG [acme.framework.components.database.DatabaseUtil@main] Executing script command 'alter table item add constraint UK_6cgogdarkq48dlg1lbnv4q1oq unique (code)'. 
2022-04-05 23:50:53.498 DEBUG [acme.framework.components.database.DatabaseUtil@main] Executing script command 'alter table patronage add constraint UK_7s289l63ihnn85qwyna5cqbfh unique (code)'. 
2022-04-05 23:50:53.871 DEBUG [acme.framework.components.database.DatabaseUtil@main] Executing script command 'alter table toolkit add constraint UK_qvml9bbjdvicrw1wt0e1bej3c unique (code)'. 
2022-04-05 23:50:54.254 DEBUG [acme.framework.components.database.DatabaseUtil@main] Executing script command 'alter table user_account add constraint UK_castjbvpeeus0r8lbpehiu0e4 unique (username)'. 
2022-04-05 23:50:54.653 DEBUG [acme.framework.components.database.DatabaseUtil@main] Executing script command 'alter table administrator add constraint FK_2a5vcjo3stlfcwadosjfq49l1 foreign key (user_account_id) references user_account (id)'. 
2022-04-05 23:50:55.051 DEBUG [acme.framework.components.database.DatabaseUtil@main] Executing script command 'alter table anonymous add constraint FK_6lnbc6fo3om54vugoh8icg78m foreign key (user_account_id) references user_account (id)'. 
2022-04-05 23:50:58.413 DEBUG [acme.framework.components.database.DatabaseUtil@main] Executing script command 'alter table any add constraint FK_26yflnlk4xrrxtkiwkag1l7lf foreign key (user_account_id) references user_account (id)'. 
2022-04-05 23:50:59.776 DEBUG [acme.framework.components.database.DatabaseUtil@main] Executing script command 'alter table authenticated add constraint FK_h52w0f3wjoi68b63wv9vwon57 foreign key (user_account_id) references user_account (id)'. 
2022-04-05 23:51:00.379 DEBUG [acme.framework.components.database.DatabaseUtil@main] Executing script command 'alter table consumer add constraint FK_6cyha9f1wpj0dpbxrrjddrqed foreign key (user_account_id) references user_account (id)'. 
2022-04-05 23:51:01.008 DEBUG [acme.framework.components.database.DatabaseUtil@main] Executing script command 'alter table inventor add constraint FK_2upmsx50p5pou2l4uy8trxor6 foreign key (user_account_id) references user_account (id)'. 
2022-04-05 23:51:01.358 DEBUG [acme.framework.components.database.DatabaseUtil@main] Executing script command 'alter table patron add constraint FK_8xx5nujhuio3advxc2freyu65 foreign key (user_account_id) references user_account (id)'. 
2022-04-05 23:51:01.808 DEBUG [acme.framework.components.database.DatabaseUtil@main] Executing script command 'alter table patronage add constraint FKgkbt6mel1m6joiypsbc2ko6mi foreign key (inventor_id) references inventor (id)'. 
2022-04-05 23:51:02.184 DEBUG [acme.framework.components.database.DatabaseUtil@main] Executing script command 'alter table provider add constraint FK_b1gwnjqm6ggy9yuiqm0o4rlmd foreign key (user_account_id) references user_account (id)'. 
2022-04-05 23:51:02.525 DEBUG [acme.framework.components.database.DatabaseUtil@main] Executing script command 'set foreign_key_checks=1'. 
2022-04-05 23:51:02.525 DEBUG [acme.framework.components.database.DatabaseUtil@main] Committing transaction '752679590'. 
2022-04-05 23:51:02.527 INFO  [acme.framework.components.database.DatabasePopulator@main] Reading entities from 'classpath:/WEB-INF/resources/initial-data' 
2022-04-05 23:51:02.533 DEBUG [acme.framework.components.database.Dataset@main] Reading dataset from 'D:\Uni\DP2\Workspace-22.0\Projects\Acme-One-E8.02\target\classes\WEB-INF\resources\initial-data\administrator.csv' 
2022-04-05 23:51:02.671 DEBUG [acme.framework.components.database.Dataset@main] Reading mapping '{key:user-account=user-account-administrator-01, key=administrator-01}' from 'D:\Uni\DP2\Workspace-22.0\Projects\Acme-One-E8.02\target\classes\WEB-INF\resources\initial-data\administrator.csv' 
2022-04-05 23:51:02.673 DEBUG [acme.framework.components.database.Dataset@main] Reading dataset from 'D:\Uni\DP2\Workspace-22.0\Projects\Acme-One-E8.02\target\classes\WEB-INF\resources\initial-data\anonymous.csv' 
2022-04-05 23:51:02.674 DEBUG [acme.framework.components.database.Dataset@main] Reading mapping '{key:user-account=user-account-anonymous-01, key=anonymous-01}' from 'D:\Uni\DP2\Workspace-22.0\Projects\Acme-One-E8.02\target\classes\WEB-INF\resources\initial-data\anonymous.csv' 
2022-04-05 23:51:02.675 DEBUG [acme.framework.components.database.Dataset@main] Reading dataset from 'D:\Uni\DP2\Workspace-22.0\Projects\Acme-One-E8.02\target\classes\WEB-INF\resources\initial-data\system-configuration.csv' 
2022-04-05 23:51:02.680 DEBUG [acme.framework.components.database.Dataset@main] Reading mapping '{weak-spam-terms=sexy, nigeria, you’ve won, one mil-lion, has ganado, un millón, default-currency=EUR, accepted-currencies=EUR, USD, GBP, strong-spam-terms=sex, hard core, viagra, cialis , sexo, weak-threshold=25.00, key=system-configuration-01, strong-threshold=10.00}' from 'D:\Uni\DP2\Workspace-22.0\Projects\Acme-One-E8.02\target\classes\WEB-INF\resources\initial-data\system-configuration.csv' 
2022-04-05 23:51:02.681 DEBUG [acme.framework.components.database.Dataset@main] Reading dataset from 'D:\Uni\DP2\Workspace-22.0\Projects\Acme-One-E8.02\target\classes\WEB-INF\resources\initial-data\user-account.csv' 
2022-04-05 23:51:02.682 DEBUG [acme.framework.components.database.Dataset@main] Reading mapping '{password=HIDDEN-PASSWORD, identity=UserIdentity{name: 'John', surname: 'Doe', email: 'john.doe@acme.com'}, key=user-account-anonymous-01, enabled=false, username=anonymous}' from 'D:\Uni\DP2\Workspace-22.0\Projects\Acme-One-E8.02\target\classes\WEB-INF\resources\initial-data\user-account.csv' 
2022-04-05 23:51:02.682 DEBUG [acme.framework.components.database.Dataset@main] Reading mapping '{password=administrator, identity=UserIdentity{name: 'Administrator', surname: 'Acme', email: 'administrator@acme.com'}, key=user-account-administrator-01, enabled=true, username=administrator}' from 'D:\Uni\DP2\Workspace-22.0\Projects\Acme-One-E8.02\target\classes\WEB-INF\resources\initial-data\user-account.csv' 
2022-04-05 23:51:02.682 DEBUG [acme.framework.components.database.Dataset@main] Reading mapping '{password=chirp1, identity=UserIdentity{name:'chirp',surname:'1',email:'chirp1@acme.com'}, key=user-account-chirp-01, enabled=true, username=chirp1}' from 'D:\Uni\DP2\Workspace-22.0\Projects\Acme-One-E8.02\target\classes\WEB-INF\resources\initial-data\user-account.csv' 
2022-04-05 23:51:02.682 DEBUG [acme.framework.components.database.Dataset@main] Reading mapping '{password=chirp2, identity=UserIdentity{name:'chirp',surname:'2',email:'chirp2@acme.com'}, key=user-account-chirp-02, enabled=true, username=chirp2}' from 'D:\Uni\DP2\Workspace-22.0\Projects\Acme-One-E8.02\target\classes\WEB-INF\resources\initial-data\user-account.csv' 
2022-04-05 23:51:02.682 DEBUG [acme.framework.components.database.Dataset@main] Reading mapping '{password=chirp3, identity=UserIdentity{name:'chirp',surname:'3',email:'chirp3@acme.com'}, key=user-account-chirp-03, enabled=true, username=chirp3}' from 'D:\Uni\DP2\Workspace-22.0\Projects\Acme-One-E8.02\target\classes\WEB-INF\resources\initial-data\user-account.csv' 
2022-04-05 23:51:02.683 DEBUG [acme.framework.components.database.EntityWeb@main] Setting attributes of entities of class acme.framework.roles.Anonymous 
2022-04-05 23:51:02.683 DEBUG [acme.framework.components.database.EntityWeb@main] Setting attributes of entities of class acme.framework.roles.Administrator 
2022-04-05 23:51:02.683 DEBUG [acme.framework.components.database.EntityWeb@main] Setting attributes of entities of class acme.entities.SystemConfiguration 
2022-04-05 23:51:02.695 DEBUG [acme.framework.components.database.EntityWeb@main] Setting attributes of entities of class acme.framework.entities.UserAccount 
2022-04-05 23:51:02.900 DEBUG [acme.framework.components.database.EntityWeb@main] Linking entities of class acme.framework.roles.Anonymous 
2022-04-05 23:51:02.905 DEBUG [acme.framework.components.database.EntityWeb@main] Linking entities of class acme.framework.roles.Administrator 
2022-04-05 23:51:02.909 DEBUG [acme.framework.components.database.EntityWeb@main] Linking entities of class acme.entities.SystemConfiguration 
2022-04-05 23:51:02.909 DEBUG [acme.framework.components.database.EntityWeb@main] Linking entities of class acme.framework.entities.UserAccount 
2022-04-05 23:51:02.909 INFO  [acme.framework.components.database.DatabasePopulator@main] Reading entities from 'classpath:/WEB-INF/resources/sample-data' 
2022-04-05 23:51:02.911 DEBUG [acme.framework.components.database.Dataset@main] Reading dataset from 'D:\Uni\DP2\Workspace-22.0\Projects\Acme-One-E8.02\target\classes\WEB-INF\resources\sample-data\announcement.csv' 
2022-04-05 23:51:02.912 DEBUG [acme.framework.components.database.Dataset@main] Reading mapping '{critical=false, creationMoment=2022/04/01 16:04, link=https://www.acme.com, title=Announcement 3, body=Happy new years!, key=announcement-03}' from 'D:\Uni\DP2\Workspace-22.0\Projects\Acme-One-E8.02\target\classes\WEB-INF\resources\sample-data\announcement.csv' 
2022-04-05 23:51:02.912 DEBUG [acme.framework.components.database.Dataset@main] Reading mapping '{critical=true, creationMoment=2021/12/31 23:59, link=https://www.acme.com, title=Announcement 2, body=This is a critical announcement!, key=announcement-02}' from 'D:\Uni\DP2\Workspace-22.0\Projects\Acme-One-E8.02\target\classes\WEB-INF\resources\sample-data\announcement.csv' 
2022-04-05 23:51:02.912 DEBUG [acme.framework.components.database.Dataset@main] Reading mapping '{critical=false, creationMoment=2022/04/01 16:04, link=https://www.acme.com, title=Announcement 1, body=This is an announcement!, key=announcement-01}' from 'D:\Uni\DP2\Workspace-22.0\Projects\Acme-One-E8.02\target\classes\WEB-INF\resources\sample-data\announcement.csv' 
2022-04-05 23:51:02.913 DEBUG [acme.framework.components.database.Dataset@main] Reading dataset from 'D:\Uni\DP2\Workspace-22.0\Projects\Acme-One-E8.02\target\classes\WEB-INF\resources\sample-data\chirp.csv' 
2022-04-05 23:51:02.913 DEBUG [acme.framework.components.database.Dataset@main] Reading mapping '{mail=chirp1@acme.com, author=chirp1, title=Test Chirp 1, body=This is a test Chirp, key=chirp-01, moment=2022/04/05 00:27}' from 'D:\Uni\DP2\Workspace-22.0\Projects\Acme-One-E8.02\target\classes\WEB-INF\resources\sample-data\chirp.csv' 
2022-04-05 23:51:02.913 DEBUG [acme.framework.components.database.Dataset@main] Reading mapping '{mail=chirp2@acme.com, author=chirp2, title=Test Chirp 2, body=This is a another test Chirp, key=chirp-02, moment=2022/01/15 09:55}' from 'D:\Uni\DP2\Workspace-22.0\Projects\Acme-One-E8.02\target\classes\WEB-INF\resources\sample-data\chirp.csv' 
2022-04-05 23:51:02.914 DEBUG [acme.framework.components.database.Dataset@main] Reading mapping '{mail=chirp3@acme.com, author=chirp3, title=Te$st Ch1rp 3, body=This is the final test Chirp, key=chirp-03, moment=2021/11/11 23:53}' from 'D:\Uni\DP2\Workspace-22.0\Projects\Acme-One-E8.02\target\classes\WEB-INF\resources\sample-data\chirp.csv' 
2022-04-05 23:51:02.914 DEBUG [acme.framework.components.database.Dataset@main] Reading dataset from 'D:\Uni\DP2\Workspace-22.0\Projects\Acme-One-E8.02\target\classes\WEB-INF\resources\sample-data\component.csv' 
2022-04-05 23:51:02.915 DEBUG [acme.framework.components.database.Dataset@main] Reading mapping '{code=COM-001, name=Component 1, link=https://www.acme.com, description=Test Component 1, technology=Technology 1, key=component-01, retail-price=100.00}' from 'D:\Uni\DP2\Workspace-22.0\Projects\Acme-One-E8.02\target\classes\WEB-INF\resources\sample-data\component.csv' 
2022-04-05 23:51:02.915 DEBUG [acme.framework.components.database.Dataset@main] Reading mapping '{code=COM-001-B, name=Component 2, link=https://www.acme.com, description=Another Test Component, technology=Technology 2, key=component-02, retail-price=2133}' from 'D:\Uni\DP2\Workspace-22.0\Projects\Acme-One-E8.02\target\classes\WEB-INF\resources\sample-data\component.csv' 
2022-04-05 23:51:02.915 DEBUG [acme.framework.components.database.Dataset@main] Reading dataset from 'D:\Uni\DP2\Workspace-22.0\Projects\Acme-One-E8.02\target\classes\WEB-INF\resources\sample-data\consumer.csv' 
2022-04-05 23:51:02.916 DEBUG [acme.framework.components.database.Dataset@main] Reading mapping '{key:user-account=user-account-administrator-01, company=Macarena, Inc., sector=Telecommunications, key=consumer-01}' from 'D:\Uni\DP2\Workspace-22.0\Projects\Acme-One-E8.02\target\classes\WEB-INF\resources\sample-data\consumer.csv' 
2022-04-05 23:51:02.917 DEBUG [acme.framework.components.database.Dataset@main] Reading dataset from 'D:\Uni\DP2\Workspace-22.0\Projects\Acme-One-E8.02\target\classes\WEB-INF\resources\sample-data\provider.csv' 
2022-04-05 23:51:02.917 DEBUG [acme.framework.components.database.Dataset@main] Reading mapping '{key:user-account=user-account-administrator-01, company=Terra Nets, S.A., sector=Internet, key=provider-01}' from 'D:\Uni\DP2\Workspace-22.0\Projects\Acme-One-E8.02\target\classes\WEB-INF\resources\sample-data\provider.csv' 
2022-04-05 23:51:02.917 DEBUG [acme.framework.components.database.EntityWeb@main] Setting attributes of entities of class acme.entities.Chirp 
2022-04-05 23:51:02.929 DEBUG [acme.framework.configuration.ExtendedMessageSource@main] Loading properties [D:\Uni\DP2\Workspace-22.0\Projects\Acme-One-E8.02\target\classes\WEB-INF\views\administrator\user-account\messages-en.i18n] with encoding 'utf-8' 
2022-04-05 23:51:02.930 DEBUG [acme.framework.configuration.ExtendedMessageSource@main] Loading properties [D:\Uni\DP2\Workspace-22.0\Projects\Acme-One-E8.02\target\classes\WEB-INF\views\authenticated\consumer\messsages-en.i18n] with encoding 'utf-8' 
2022-04-05 23:51:02.931 DEBUG [acme.framework.configuration.ExtendedMessageSource@main] Loading properties [D:\Uni\DP2\Workspace-22.0\Projects\Acme-One-E8.02\target\classes\WEB-INF\views\authenticated\provider\messsages-en.i18n] with encoding 'utf-8' 
2022-04-05 23:51:02.931 DEBUG [acme.framework.configuration.ExtendedMessageSource@main] Loading properties [D:\Uni\DP2\Workspace-22.0\Projects\Acme-One-E8.02\target\classes\WEB-INF\views\fragments\banner-en.i18n] with encoding 'utf-8' 
2022-04-05 23:51:02.932 DEBUG [acme.framework.configuration.ExtendedMessageSource@main] Loading properties [D:\Uni\DP2\Workspace-22.0\Projects\Acme-One-E8.02\target\classes\WEB-INF\views\fragments\company-en.i18n] with encoding 'utf-8' 
2022-04-05 23:51:02.933 DEBUG [acme.framework.configuration.ExtendedMessageSource@main] Loading properties [D:\Uni\DP2\Workspace-22.0\Projects\Acme-One-E8.02\target\classes\WEB-INF\views\fragments\footer-en.i18n] with encoding 'utf-8' 
2022-04-05 23:51:02.934 DEBUG [acme.framework.configuration.ExtendedMessageSource@main] Loading properties [D:\Uni\DP2\Workspace-22.0\Projects\Acme-One-E8.02\target\classes\WEB-INF\views\fragments\license-en.i18n] with encoding 'utf-8' 
2022-04-05 23:51:02.934 DEBUG [acme.framework.configuration.ExtendedMessageSource@main] Loading properties [D:\Uni\DP2\Workspace-22.0\Projects\Acme-One-E8.02\target\classes\WEB-INF\views\fragments\menu-en.i18n] with encoding 'utf-8' 
2022-04-05 23:51:02.935 DEBUG [acme.framework.configuration.ExtendedMessageSource@main] Loading properties [D:\Uni\DP2\Workspace-22.0\Projects\Acme-One-E8.02\target\classes\WEB-INF\views\fragments\messsages-en.i18n] with encoding 'utf-8' 
2022-04-05 23:51:02.936 DEBUG [acme.framework.configuration.ExtendedMessageSource@main] Loading properties [D:\Uni\DP2\Workspace-22.0\Projects\Acme-One-E8.02\target\classes\WEB-INF\views\fragments\title-en.i18n] with encoding 'utf-8' 
2022-04-05 23:51:02.937 DEBUG [acme.framework.configuration.ExtendedMessageSource@main] Loading properties [D:\Uni\DP2\Workspace-22.0\Projects\Acme-One-E8.02\target\classes\WEB-INF\views\fragments\welcome-en.i18n] with encoding 'utf-8' 
2022-04-05 23:51:02.937 DEBUG [acme.framework.configuration.ExtendedMessageSource@main] Loading properties [D:\Uni\DP2\Workspace-22.0\Projects\Acme-One-E8.02\target\classes\WEB-INF\views\master\defaults-en.i18n] with encoding 'utf-8' 
2022-04-05 23:51:02.938 DEBUG [acme.framework.configuration.ExtendedMessageSource@main] Loading properties [D:\Uni\DP2\Workspace-22.0\Projects\Acme-One-E8.02\target\classes\WEB-INF\views\master\master-en.i18n] with encoding 'utf-8' 
2022-04-05 23:51:02.939 DEBUG [acme.framework.configuration.ExtendedMessageSource@main] Loading properties [D:\Uni\DP2\Workspace-22.0\Projects\Acme-One-E8.02\target\classes\WEB-INF\views\master\throwables-en.i18n] with encoding 'utf-8' 
2022-04-05 23:51:02.939 DEBUG [acme.framework.configuration.ExtendedMessageSource@main] Loading properties [D:\Uni\DP2\Workspace-22.0\Projects\Acme-One-E8.02\target\classes\WEB-INF\views\master\validation-en.i18n] with encoding 'utf-8' 
2022-04-05 23:51:02.941 DEBUG [acme.framework.components.database.EntityWeb@main] Setting attributes of entities of class acme.entities.Announcement 
2022-04-05 23:51:02.945 DEBUG [acme.framework.components.database.EntityWeb@main] Setting attributes of entities of class acme.roles.Consumer 
2022-04-05 23:51:02.948 DEBUG [acme.framework.components.database.EntityWeb@main] Setting attributes of entities of class acme.roles.Provider 
2022-04-05 23:51:02.951 DEBUG [acme.framework.components.database.EntityWeb@main] Setting attributes of entities of class acme.entities.Component 
2022-04-05 23:51:02.955 DEBUG [acme.framework.components.database.EntityWeb@main] Linking entities of class acme.entities.Chirp 
2022-04-05 23:51:02.955 DEBUG [acme.framework.components.database.EntityWeb@main] Linking entities of class acme.entities.Announcement 
2022-04-05 23:51:02.955 DEBUG [acme.framework.components.database.EntityWeb@main] Linking entities of class acme.roles.Consumer 
2022-04-05 23:51:02.955 DEBUG [acme.framework.components.database.EntityWeb@main] Linking entities of class acme.roles.Provider 
2022-04-05 23:51:02.955 DEBUG [acme.framework.components.database.EntityWeb@main] Linking entities of class acme.entities.Component 
2022-04-05 23:51:02.955 INFO  [acme.framework.components.database.DatabasePopulator@main] Validating your entities 
2022-04-05 23:51:02.987 DEBUG [acme.framework.components.database.DatabasePopulator@main] Validating 'acme.entities.Announcement@announcement-03' ... PASS 
2022-04-05 23:51:03.004 DEBUG [acme.framework.components.database.DatabasePopulator@main] Validating 'acme.framework.entities.UserAccount@user-account-anonymous-01' ... PASS 
2022-04-05 23:51:03.005 DEBUG [acme.framework.components.database.DatabasePopulator@main] Validating 'acme.entities.Announcement@announcement-02' ... PASS 
2022-04-05 23:51:03.012 DEBUG [acme.framework.components.database.DatabasePopulator@main] Validating 'acme.entities.SystemConfiguration@system-configuration-01' ... PASS 
2022-04-05 23:51:03.013 DEBUG [acme.framework.components.database.DatabasePopulator@main] Validating 'acme.framework.entities.UserAccount@user-account-administrator-01' ... PASS 
2022-04-05 23:51:03.014 DEBUG [acme.framework.components.database.DatabasePopulator@main] Validating 'acme.framework.entities.UserAccount@user-account-chirp-01' ... PASS 
2022-04-05 23:51:03.014 DEBUG [acme.framework.components.database.DatabasePopulator@main] Validating 'acme.framework.entities.UserAccount@user-account-chirp-02' ... PASS 
2022-04-05 23:51:03.018 DEBUG [acme.framework.components.database.DatabasePopulator@main] Validating 'acme.entities.Chirp@chirp-03' ... PASS 
2022-04-05 23:51:03.022 DEBUG [acme.framework.components.database.DatabasePopulator@main] Validating 'acme.roles.Consumer@consumer-01' ... PASS 
2022-04-05 23:51:03.025 DEBUG [acme.framework.components.database.DatabasePopulator@main] Validating 'acme.roles.Provider@provider-01' ... PASS 
2022-04-05 23:51:03.029 DEBUG [acme.framework.components.database.DatabasePopulator@main] Validating 'acme.entities.Component@component-02' ... PASS 
2022-04-05 23:51:03.030 DEBUG [acme.framework.components.database.DatabasePopulator@main] Validating 'acme.entities.Chirp@chirp-02' ... PASS 
2022-04-05 23:51:03.031 DEBUG [acme.framework.components.database.DatabasePopulator@main] Validating 'acme.entities.Announcement@announcement-01' ... PASS 
2022-04-05 23:51:03.031 DEBUG [acme.framework.components.database.DatabasePopulator@main] Validating 'acme.entities.Component@component-01' ... PASS 
2022-04-05 23:51:03.034 DEBUG [acme.framework.components.database.DatabasePopulator@main] Validating 'acme.framework.roles.Administrator@administrator-01' ... PASS 
2022-04-05 23:51:03.034 DEBUG [acme.framework.components.database.DatabasePopulator@main] Validating 'acme.entities.Chirp@chirp-01' ... PASS 
2022-04-05 23:51:03.035 DEBUG [acme.framework.components.database.DatabasePopulator@main] Validating 'acme.framework.entities.UserAccount@user-account-chirp-03' ... PASS 
2022-04-05 23:51:03.036 DEBUG [acme.framework.components.database.DatabasePopulator@main] Validating 'acme.framework.roles.Anonymous@anonymous-01' ... PASS 
2022-04-05 23:51:03.036 INFO  [acme.framework.components.database.DatabasePopulator@main] Sorting your entity classes 
2022-04-05 23:51:03.037 DEBUG [acme.framework.components.database.DatabasePopulator@main] Best topological order for your entity clazzes: 
2022-04-05 23:51:03.037 DEBUG [acme.framework.components.database.DatabasePopulator@main] - acme.framework.entities.UserAccount 
2022-04-05 23:51:03.037 DEBUG [acme.framework.components.database.DatabasePopulator@main] - acme.framework.roles.Anonymous 
2022-04-05 23:51:03.037 DEBUG [acme.framework.components.database.DatabasePopulator@main] - acme.entities.Chirp 
2022-04-05 23:51:03.037 DEBUG [acme.framework.components.database.DatabasePopulator@main] - acme.entities.Announcement 
2022-04-05 23:51:03.037 DEBUG [acme.framework.components.database.DatabasePopulator@main] - acme.framework.roles.Administrator 
2022-04-05 23:51:03.037 DEBUG [acme.framework.components.database.DatabasePopulator@main] - acme.roles.Consumer 
2022-04-05 23:51:03.037 DEBUG [acme.framework.components.database.DatabasePopulator@main] - acme.roles.Provider 
2022-04-05 23:51:03.037 DEBUG [acme.framework.components.database.DatabasePopulator@main] - acme.entities.Component 
2022-04-05 23:51:03.037 DEBUG [acme.framework.components.database.DatabasePopulator@main] - acme.entities.SystemConfiguration 
2022-04-05 23:51:03.037 INFO  [acme.framework.components.database.DatabasePopulator@main] Persisting your entities 
2022-04-05 23:51:03.037 DEBUG [acme.framework.components.database.DatabaseUtil@main] Starting new transaction. 
2022-04-05 23:51:03.038 DEBUG [acme.framework.components.database.DatabaseUtil@main] Executing command 'set transaction isolation level read uncommitted;'. 
2022-04-05 23:51:03.038 DEBUG [acme.framework.components.database.DatabaseUtil@main] Starting transaction '1880901678'. 
2022-04-05 23:51:03.038 DEBUG [acme.framework.components.database.DatabasePopulator@main] Persising entities of clazz 'acme.framework.entities.UserAccount' 
2022-04-05 23:51:03.047 DEBUG [org.hibernate.SQL@main] select next_val as id_val from hibernate_sequence for update 
2022-04-05 23:51:03.058 DEBUG [org.hibernate.SQL@main] update hibernate_sequence set next_val= ? where next_val=? 
2022-04-05 23:51:03.112 DEBUG [acme.framework.components.database.DatabaseUtil@main] Persisting entity UserAccount(username=anonymous) 
2022-04-05 23:51:03.112 DEBUG [org.hibernate.SQL@main] select next_val as id_val from hibernate_sequence for update 
2022-04-05 23:51:03.113 DEBUG [org.hibernate.SQL@main] update hibernate_sequence set next_val= ? where next_val=? 
2022-04-05 23:51:03.226 DEBUG [acme.framework.components.database.DatabaseUtil@main] Persisting entity UserAccount(username=chirp3) 
2022-04-05 23:51:03.226 DEBUG [org.hibernate.SQL@main] select next_val as id_val from hibernate_sequence for update 
2022-04-05 23:51:03.227 DEBUG [org.hibernate.SQL@main] update hibernate_sequence set next_val= ? where next_val=? 
2022-04-05 23:51:03.248 DEBUG [acme.framework.components.database.DatabaseUtil@main] Persisting entity UserAccount(username=administrator) 
2022-04-05 23:51:03.248 DEBUG [org.hibernate.SQL@main] select next_val as id_val from hibernate_sequence for update 
2022-04-05 23:51:03.249 DEBUG [org.hibernate.SQL@main] update hibernate_sequence set next_val= ? where next_val=? 
2022-04-05 23:51:03.261 DEBUG [acme.framework.components.database.DatabaseUtil@main] Persisting entity UserAccount(username=chirp1) 
2022-04-05 23:51:03.261 DEBUG [org.hibernate.SQL@main] select next_val as id_val from hibernate_sequence for update 
2022-04-05 23:51:03.262 DEBUG [org.hibernate.SQL@main] update hibernate_sequence set next_val= ? where next_val=? 
2022-04-05 23:51:03.273 DEBUG [acme.framework.components.database.DatabaseUtil@main] Persisting entity UserAccount(username=chirp2) 
2022-04-05 23:51:03.273 DEBUG [acme.framework.components.database.DatabasePopulator@main] Persising entities of clazz 'acme.framework.roles.Anonymous' 
2022-04-05 23:51:03.273 DEBUG [org.hibernate.SQL@main] select next_val as id_val from hibernate_sequence for update 
2022-04-05 23:51:03.274 DEBUG [org.hibernate.SQL@main] update hibernate_sequence set next_val= ? where next_val=? 
2022-04-05 23:51:03.284 DEBUG [acme.framework.components.database.DatabaseUtil@main] Persisting entity UserRole(userAccount=UserAccount(username=anonymous)) 
2022-04-05 23:51:03.285 DEBUG [acme.framework.components.database.DatabasePopulator@main] Persising entities of clazz 'acme.entities.Chirp' 
2022-04-05 23:51:03.285 DEBUG [org.hibernate.SQL@main] select next_val as id_val from hibernate_sequence for update 
2022-04-05 23:51:03.285 DEBUG [org.hibernate.SQL@main] update hibernate_sequence set next_val= ? where next_val=? 
2022-04-05 23:51:03.297 DEBUG [acme.framework.components.database.DatabaseUtil@main] Persisting entity acme.entities.Chirp{id=7, version=0} 
2022-04-05 23:51:03.297 DEBUG [org.hibernate.SQL@main] select next_val as id_val from hibernate_sequence for update 
2022-04-05 23:51:03.298 DEBUG [org.hibernate.SQL@main] update hibernate_sequence set next_val= ? where next_val=? 
2022-04-05 23:51:03.310 DEBUG [acme.framework.components.database.DatabaseUtil@main] Persisting entity acme.entities.Chirp{id=8, version=0} 
2022-04-05 23:51:03.310 DEBUG [org.hibernate.SQL@main] select next_val as id_val from hibernate_sequence for update 
2022-04-05 23:51:03.311 DEBUG [org.hibernate.SQL@main] update hibernate_sequence set next_val= ? where next_val=? 
2022-04-05 23:51:03.321 DEBUG [acme.framework.components.database.DatabaseUtil@main] Persisting entity acme.entities.Chirp{id=9, version=0} 
2022-04-05 23:51:03.321 DEBUG [acme.framework.components.database.DatabasePopulator@main] Persising entities of clazz 'acme.entities.Announcement' 
2022-04-05 23:51:03.321 DEBUG [org.hibernate.SQL@main] select next_val as id_val from hibernate_sequence for update 
2022-04-05 23:51:03.322 DEBUG [org.hibernate.SQL@main] update hibernate_sequence set next_val= ? where next_val=? 
2022-04-05 23:51:03.333 DEBUG [acme.framework.components.database.DatabaseUtil@main] Persisting entity acme.entities.Announcement{id=10, version=0} 
2022-04-05 23:51:03.333 DEBUG [org.hibernate.SQL@main] select next_val as id_val from hibernate_sequence for update 
2022-04-05 23:51:03.334 DEBUG [org.hibernate.SQL@main] update hibernate_sequence set next_val= ? where next_val=? 
2022-04-05 23:51:03.358 DEBUG [acme.framework.components.database.DatabaseUtil@main] Persisting entity acme.entities.Announcement{id=11, version=0} 
2022-04-05 23:51:03.358 DEBUG [org.hibernate.SQL@main] select next_val as id_val from hibernate_sequence for update 
2022-04-05 23:51:03.359 DEBUG [org.hibernate.SQL@main] update hibernate_sequence set next_val= ? where next_val=? 
2022-04-05 23:51:03.374 DEBUG [acme.framework.components.database.DatabaseUtil@main] Persisting entity acme.entities.Announcement{id=12, version=0} 
2022-04-05 23:51:03.374 DEBUG [acme.framework.components.database.DatabasePopulator@main] Persising entities of clazz 'acme.framework.roles.Administrator' 
2022-04-05 23:51:03.374 DEBUG [org.hibernate.SQL@main] select next_val as id_val from hibernate_sequence for update 
2022-04-05 23:51:03.375 DEBUG [org.hibernate.SQL@main] update hibernate_sequence set next_val= ? where next_val=? 
2022-04-05 23:51:03.385 DEBUG [acme.framework.components.database.DatabaseUtil@main] Persisting entity UserRole(userAccount=UserAccount(username=administrator)) 
2022-04-05 23:51:03.386 DEBUG [acme.framework.components.database.DatabasePopulator@main] Persising entities of clazz 'acme.roles.Consumer' 
2022-04-05 23:51:03.386 DEBUG [org.hibernate.SQL@main] select next_val as id_val from hibernate_sequence for update 
2022-04-05 23:51:03.386 DEBUG [org.hibernate.SQL@main] update hibernate_sequence set next_val= ? where next_val=? 
2022-04-05 23:51:03.398 DEBUG [acme.framework.components.database.DatabaseUtil@main] Persisting entity UserRole(userAccount=UserAccount(username=administrator)) 
2022-04-05 23:51:03.398 DEBUG [acme.framework.components.database.DatabasePopulator@main] Persising entities of clazz 'acme.roles.Provider' 
2022-04-05 23:51:03.399 DEBUG [org.hibernate.SQL@main] select next_val as id_val from hibernate_sequence for update 
2022-04-05 23:51:03.399 DEBUG [org.hibernate.SQL@main] update hibernate_sequence set next_val= ? where next_val=? 
2022-04-05 23:51:03.410 DEBUG [acme.framework.components.database.DatabaseUtil@main] Persisting entity UserRole(userAccount=UserAccount(username=administrator)) 
2022-04-05 23:51:03.410 DEBUG [acme.framework.components.database.DatabasePopulator@main] Persising entities of clazz 'acme.entities.Component' 
2022-04-05 23:51:03.411 DEBUG [org.hibernate.SQL@main] select next_val as id_val from hibernate_sequence for update 
2022-04-05 23:51:03.411 DEBUG [org.hibernate.SQL@main] update hibernate_sequence set next_val= ? where next_val=? 
2022-04-05 23:51:03.422 DEBUG [acme.framework.components.database.DatabaseUtil@main] Persisting entity acme.entities.Component{id=16, version=0} 
2022-04-05 23:51:03.422 DEBUG [org.hibernate.SQL@main] select next_val as id_val from hibernate_sequence for update 
2022-04-05 23:51:03.422 DEBUG [org.hibernate.SQL@main] update hibernate_sequence set next_val= ? where next_val=? 
2022-04-05 23:51:03.434 DEBUG [acme.framework.components.database.DatabaseUtil@main] Persisting entity acme.entities.Component{id=17, version=0} 
2022-04-05 23:51:03.434 DEBUG [acme.framework.components.database.DatabasePopulator@main] Persising entities of clazz 'acme.entities.SystemConfiguration' 
2022-04-05 23:51:03.434 DEBUG [org.hibernate.SQL@main] select next_val as id_val from hibernate_sequence for update 
2022-04-05 23:51:03.435 DEBUG [org.hibernate.SQL@main] update hibernate_sequence set next_val= ? where next_val=? 
2022-04-05 23:51:03.458 DEBUG [acme.framework.components.database.DatabaseUtil@main] Persisting entity acme.entities.SystemConfiguration{id=18, version=0} 
2022-04-05 23:51:03.458 DEBUG [acme.framework.components.database.DatabaseUtil@main] Committing transaction '1880901678'. 
2022-04-05 23:51:03.474 DEBUG [org.hibernate.SQL@main] insert into user_account (version, enabled, identity, password, username, id) values (?, ?, ?, ?, ?, ?) 
2022-04-05 23:51:03.476 TRACE [org.hibernate.type.descriptor.sql.BasicBinder@main] binding parameter [1] as [INTEGER] - [0] 
2022-04-05 23:51:03.476 TRACE [org.hibernate.type.descriptor.sql.BasicBinder@main] binding parameter [2] as [BOOLEAN] - [false] 
2022-04-05 23:51:03.477 TRACE [org.hibernate.type.descriptor.sql.BasicBinder@main] binding parameter [3] as [BLOB] - [DefaultUserIdentity(name=John, surname=Doe, email=john.doe@acme.com)] 
2022-04-05 23:51:03.478 TRACE [org.hibernate.type.descriptor.sql.BasicBinder@main] binding parameter [4] as [VARCHAR] - [$2a$05$CGakpch8AnByoTGcyTCEquwnkp62DvV6/ClkvDH6QD/p4sbj58oSG] 
2022-04-05 23:51:03.478 TRACE [org.hibernate.type.descriptor.sql.BasicBinder@main] binding parameter [5] as [VARCHAR] - [anonymous] 
2022-04-05 23:51:03.478 TRACE [org.hibernate.type.descriptor.sql.BasicBinder@main] binding parameter [6] as [INTEGER] - [1] 
2022-04-05 23:51:03.486 DEBUG [org.hibernate.SQL@main] insert into user_account (version, enabled, identity, password, username, id) values (?, ?, ?, ?, ?, ?) 
2022-04-05 23:51:03.487 TRACE [org.hibernate.type.descriptor.sql.BasicBinder@main] binding parameter [1] as [INTEGER] - [0] 
2022-04-05 23:51:03.487 TRACE [org.hibernate.type.descriptor.sql.BasicBinder@main] binding parameter [2] as [BOOLEAN] - [true] 
2022-04-05 23:51:03.487 TRACE [org.hibernate.type.descriptor.sql.BasicBinder@main] binding parameter [3] as [BLOB] - [DefaultUserIdentity(name=chirp, surname=3, email=chirp3@acme.com)] 
2022-04-05 23:51:03.487 TRACE [org.hibernate.type.descriptor.sql.BasicBinder@main] binding parameter [4] as [VARCHAR] - [$2a$05$r/Lm.ixSP1ZF03rio0dfm.8jLGLSvFCo9Zhq9QCiKUB6/SSKBVzpe] 
2022-04-05 23:51:03.487 TRACE [org.hibernate.type.descriptor.sql.BasicBinder@main] binding parameter [5] as [VARCHAR] - [chirp3] 
2022-04-05 23:51:03.487 TRACE [org.hibernate.type.descriptor.sql.BasicBinder@main] binding parameter [6] as [INTEGER] - [2] 
2022-04-05 23:51:03.488 DEBUG [org.hibernate.SQL@main] insert into user_account (version, enabled, identity, password, username, id) values (?, ?, ?, ?, ?, ?) 
2022-04-05 23:51:03.488 TRACE [org.hibernate.type.descriptor.sql.BasicBinder@main] binding parameter [1] as [INTEGER] - [0] 
2022-04-05 23:51:03.488 TRACE [org.hibernate.type.descriptor.sql.BasicBinder@main] binding parameter [2] as [BOOLEAN] - [true] 
2022-04-05 23:51:03.488 TRACE [org.hibernate.type.descriptor.sql.BasicBinder@main] binding parameter [3] as [BLOB] - [DefaultUserIdentity(name=Administrator, surname=Acme, email=administrator@acme.com)] 
2022-04-05 23:51:03.488 TRACE [org.hibernate.type.descriptor.sql.BasicBinder@main] binding parameter [4] as [VARCHAR] - [$2a$05$1ZFFnklqyJnsE4pjW3.ApeeVOOvRI1XZ2ca3T5c1eXmGOs7dyHp0C] 
2022-04-05 23:51:03.489 TRACE [org.hibernate.type.descriptor.sql.BasicBinder@main] binding parameter [5] as [VARCHAR] - [administrator] 
2022-04-05 23:51:03.489 TRACE [org.hibernate.type.descriptor.sql.BasicBinder@main] binding parameter [6] as [INTEGER] - [3] 
2022-04-05 23:51:03.517 DEBUG [org.hibernate.SQL@main] insert into user_account (version, enabled, identity, password, username, id) values (?, ?, ?, ?, ?, ?) 
2022-04-05 23:51:03.518 TRACE [org.hibernate.type.descriptor.sql.BasicBinder@main] binding parameter [1] as [INTEGER] - [0] 
2022-04-05 23:51:03.518 TRACE [org.hibernate.type.descriptor.sql.BasicBinder@main] binding parameter [2] as [BOOLEAN] - [true] 
2022-04-05 23:51:03.518 TRACE [org.hibernate.type.descriptor.sql.BasicBinder@main] binding parameter [3] as [BLOB] - [DefaultUserIdentity(name=chirp, surname=1, email=chirp1@acme.com)] 
2022-04-05 23:51:03.518 TRACE [org.hibernate.type.descriptor.sql.BasicBinder@main] binding parameter [4] as [VARCHAR] - [$2a$05$N91XLD.vZm6yQmfDcMOfeOY9R4oA3sMlM1DxBexiXEgIDG7zrZNeq] 
2022-04-05 23:51:03.518 TRACE [org.hibernate.type.descriptor.sql.BasicBinder@main] binding parameter [5] as [VARCHAR] - [chirp1] 
2022-04-05 23:51:03.518 TRACE [org.hibernate.type.descriptor.sql.BasicBinder@main] binding parameter [6] as [INTEGER] - [4] 
2022-04-05 23:51:03.519 DEBUG [org.hibernate.SQL@main] insert into user_account (version, enabled, identity, password, username, id) values (?, ?, ?, ?, ?, ?) 
2022-04-05 23:51:03.519 TRACE [org.hibernate.type.descriptor.sql.BasicBinder@main] binding parameter [1] as [INTEGER] - [0] 
2022-04-05 23:51:03.519 TRACE [org.hibernate.type.descriptor.sql.BasicBinder@main] binding parameter [2] as [BOOLEAN] - [true] 
2022-04-05 23:51:03.519 TRACE [org.hibernate.type.descriptor.sql.BasicBinder@main] binding parameter [3] as [BLOB] - [DefaultUserIdentity(name=chirp, surname=2, email=chirp2@acme.com)] 
2022-04-05 23:51:03.519 TRACE [org.hibernate.type.descriptor.sql.BasicBinder@main] binding parameter [4] as [VARCHAR] - [$2a$05$4oC8x02r8BT/EKfkzF4dKuoqVi.VWQfJ3B0ClUq19CMWuPrdHylU6] 
2022-04-05 23:51:03.519 TRACE [org.hibernate.type.descriptor.sql.BasicBinder@main] binding parameter [5] as [VARCHAR] - [chirp2] 
2022-04-05 23:51:03.519 TRACE [org.hibernate.type.descriptor.sql.BasicBinder@main] binding parameter [6] as [INTEGER] - [5] 
2022-04-05 23:51:03.520 DEBUG [org.hibernate.SQL@main] insert into anonymous (version, user_account_id, id) values (?, ?, ?) 
2022-04-05 23:51:03.520 TRACE [org.hibernate.type.descriptor.sql.BasicBinder@main] binding parameter [1] as [INTEGER] - [0] 
2022-04-05 23:51:03.520 TRACE [org.hibernate.type.descriptor.sql.BasicBinder@main] binding parameter [2] as [INTEGER] - [1] 
2022-04-05 23:51:03.520 TRACE [org.hibernate.type.descriptor.sql.BasicBinder@main] binding parameter [3] as [INTEGER] - [6] 
2022-04-05 23:51:03.525 DEBUG [org.hibernate.SQL@main] insert into chirp (version, author, body, mail, moment, title, id) values (?, ?, ?, ?, ?, ?, ?) 
2022-04-05 23:51:03.526 TRACE [org.hibernate.type.descriptor.sql.BasicBinder@main] binding parameter [1] as [INTEGER] - [0] 
2022-04-05 23:51:03.526 TRACE [org.hibernate.type.descriptor.sql.BasicBinder@main] binding parameter [2] as [VARCHAR] - [chirp3] 
2022-04-05 23:51:03.526 TRACE [org.hibernate.type.descriptor.sql.BasicBinder@main] binding parameter [3] as [VARCHAR] - [This is the final test Chirp] 
2022-04-05 23:51:03.526 TRACE [org.hibernate.type.descriptor.sql.BasicBinder@main] binding parameter [4] as [VARCHAR] - [chirp3@acme.com] 
2022-04-05 23:51:03.527 TRACE [org.hibernate.type.descriptor.sql.BasicBinder@main] binding parameter [5] as [TIMESTAMP] - [Thu Nov 11 23:53:00 CET 2021] 
2022-04-05 23:51:03.529 TRACE [org.hibernate.type.descriptor.sql.BasicBinder@main] binding parameter [6] as [VARCHAR] - [Te$st Ch1rp 3] 
2022-04-05 23:51:03.530 TRACE [org.hibernate.type.descriptor.sql.BasicBinder@main] binding parameter [7] as [INTEGER] - [7] 
2022-04-05 23:51:03.535 DEBUG [org.hibernate.SQL@main] insert into chirp (version, author, body, mail, moment, title, id) values (?, ?, ?, ?, ?, ?, ?) 
2022-04-05 23:51:03.535 TRACE [org.hibernate.type.descriptor.sql.BasicBinder@main] binding parameter [1] as [INTEGER] - [0] 
2022-04-05 23:51:03.536 TRACE [org.hibernate.type.descriptor.sql.BasicBinder@main] binding parameter [2] as [VARCHAR] - [chirp2] 
2022-04-05 23:51:03.536 TRACE [org.hibernate.type.descriptor.sql.BasicBinder@main] binding parameter [3] as [VARCHAR] - [This is a another test Chirp] 
2022-04-05 23:51:03.536 TRACE [org.hibernate.type.descriptor.sql.BasicBinder@main] binding parameter [4] as [VARCHAR] - [chirp2@acme.com] 
2022-04-05 23:51:03.536 TRACE [org.hibernate.type.descriptor.sql.BasicBinder@main] binding parameter [5] as [TIMESTAMP] - [Sat Jan 15 09:55:00 CET 2022] 
2022-04-05 23:51:03.536 TRACE [org.hibernate.type.descriptor.sql.BasicBinder@main] binding parameter [6] as [VARCHAR] - [Test Chirp 2] 
2022-04-05 23:51:03.536 TRACE [org.hibernate.type.descriptor.sql.BasicBinder@main] binding parameter [7] as [INTEGER] - [8] 
2022-04-05 23:51:03.537 DEBUG [org.hibernate.SQL@main] insert into chirp (version, author, body, mail, moment, title, id) values (?, ?, ?, ?, ?, ?, ?) 
2022-04-05 23:51:03.537 TRACE [org.hibernate.type.descriptor.sql.BasicBinder@main] binding parameter [1] as [INTEGER] - [0] 
2022-04-05 23:51:03.537 TRACE [org.hibernate.type.descriptor.sql.BasicBinder@main] binding parameter [2] as [VARCHAR] - [chirp1] 
2022-04-05 23:51:03.537 TRACE [org.hibernate.type.descriptor.sql.BasicBinder@main] binding parameter [3] as [VARCHAR] - [This is a test Chirp] 
2022-04-05 23:51:03.537 TRACE [org.hibernate.type.descriptor.sql.BasicBinder@main] binding parameter [4] as [VARCHAR] - [chirp1@acme.com] 
2022-04-05 23:51:03.537 TRACE [org.hibernate.type.descriptor.sql.BasicBinder@main] binding parameter [5] as [TIMESTAMP] - [Tue Apr 05 00:27:00 CEST 2022] 
2022-04-05 23:51:03.538 TRACE [org.hibernate.type.descriptor.sql.BasicBinder@main] binding parameter [6] as [VARCHAR] - [Test Chirp 1] 
2022-04-05 23:51:03.538 TRACE [org.hibernate.type.descriptor.sql.BasicBinder@main] binding parameter [7] as [INTEGER] - [9] 
2022-04-05 23:51:03.538 DEBUG [org.hibernate.SQL@main] insert into announcement (version, body, creation_moment, critical, link, title, id) values (?, ?, ?, ?, ?, ?, ?) 
2022-04-05 23:51:03.539 TRACE [org.hibernate.type.descriptor.sql.BasicBinder@main] binding parameter [1] as [INTEGER] - [0] 
2022-04-05 23:51:03.539 TRACE [org.hibernate.type.descriptor.sql.BasicBinder@main] binding parameter [2] as [VARCHAR] - [Happy new years!] 
2022-04-05 23:51:03.539 TRACE [org.hibernate.type.descriptor.sql.BasicBinder@main] binding parameter [3] as [TIMESTAMP] - [Fri Apr 01 16:04:00 CEST 2022] 
2022-04-05 23:51:03.539 TRACE [org.hibernate.type.descriptor.sql.BasicBinder@main] binding parameter [4] as [BOOLEAN] - [false] 
2022-04-05 23:51:03.539 TRACE [org.hibernate.type.descriptor.sql.BasicBinder@main] binding parameter [5] as [VARCHAR] - [https://www.acme.com] 
2022-04-05 23:51:03.539 TRACE [org.hibernate.type.descriptor.sql.BasicBinder@main] binding parameter [6] as [VARCHAR] - [Announcement 3] 
2022-04-05 23:51:03.539 TRACE [org.hibernate.type.descriptor.sql.BasicBinder@main] binding parameter [7] as [INTEGER] - [10] 
2022-04-05 23:51:03.544 DEBUG [org.hibernate.SQL@main] insert into announcement (version, body, creation_moment, critical, link, title, id) values (?, ?, ?, ?, ?, ?, ?) 
2022-04-05 23:51:03.544 TRACE [org.hibernate.type.descriptor.sql.BasicBinder@main] binding parameter [1] as [INTEGER] - [0] 
2022-04-05 23:51:03.544 TRACE [org.hibernate.type.descriptor.sql.BasicBinder@main] binding parameter [2] as [VARCHAR] - [This is a critical announcement!] 
2022-04-05 23:51:03.544 TRACE [org.hibernate.type.descriptor.sql.BasicBinder@main] binding parameter [3] as [TIMESTAMP] - [Fri Dec 31 23:59:00 CET 2021] 
2022-04-05 23:51:03.544 TRACE [org.hibernate.type.descriptor.sql.BasicBinder@main] binding parameter [4] as [BOOLEAN] - [true] 
2022-04-05 23:51:03.544 TRACE [org.hibernate.type.descriptor.sql.BasicBinder@main] binding parameter [5] as [VARCHAR] - [https://www.acme.com] 
2022-04-05 23:51:03.544 TRACE [org.hibernate.type.descriptor.sql.BasicBinder@main] binding parameter [6] as [VARCHAR] - [Announcement 2] 
2022-04-05 23:51:03.544 TRACE [org.hibernate.type.descriptor.sql.BasicBinder@main] binding parameter [7] as [INTEGER] - [11] 
2022-04-05 23:51:03.545 DEBUG [org.hibernate.SQL@main] insert into announcement (version, body, creation_moment, critical, link, title, id) values (?, ?, ?, ?, ?, ?, ?) 
2022-04-05 23:51:03.545 TRACE [org.hibernate.type.descriptor.sql.BasicBinder@main] binding parameter [1] as [INTEGER] - [0] 
2022-04-05 23:51:03.545 TRACE [org.hibernate.type.descriptor.sql.BasicBinder@main] binding parameter [2] as [VARCHAR] - [This is an announcement!] 
2022-04-05 23:51:03.546 TRACE [org.hibernate.type.descriptor.sql.BasicBinder@main] binding parameter [3] as [TIMESTAMP] - [Fri Apr 01 16:04:00 CEST 2022] 
2022-04-05 23:51:03.546 TRACE [org.hibernate.type.descriptor.sql.BasicBinder@main] binding parameter [4] as [BOOLEAN] - [false] 
2022-04-05 23:51:03.546 TRACE [org.hibernate.type.descriptor.sql.BasicBinder@main] binding parameter [5] as [VARCHAR] - [https://www.acme.com] 
2022-04-05 23:51:03.546 TRACE [org.hibernate.type.descriptor.sql.BasicBinder@main] binding parameter [6] as [VARCHAR] - [Announcement 1] 
2022-04-05 23:51:03.546 TRACE [org.hibernate.type.descriptor.sql.BasicBinder@main] binding parameter [7] as [INTEGER] - [12] 
2022-04-05 23:51:03.546 DEBUG [org.hibernate.SQL@main] insert into administrator (version, user_account_id, id) values (?, ?, ?) 
2022-04-05 23:51:03.547 TRACE [org.hibernate.type.descriptor.sql.BasicBinder@main] binding parameter [1] as [INTEGER] - [0] 
2022-04-05 23:51:03.547 TRACE [org.hibernate.type.descriptor.sql.BasicBinder@main] binding parameter [2] as [INTEGER] - [3] 
2022-04-05 23:51:03.547 TRACE [org.hibernate.type.descriptor.sql.BasicBinder@main] binding parameter [3] as [INTEGER] - [13] 
2022-04-05 23:51:03.551 DEBUG [org.hibernate.SQL@main] insert into consumer (version, user_account_id, company, sector, id) values (?, ?, ?, ?, ?) 
2022-04-05 23:51:03.551 TRACE [org.hibernate.type.descriptor.sql.BasicBinder@main] binding parameter [1] as [INTEGER] - [0] 
2022-04-05 23:51:03.552 TRACE [org.hibernate.type.descriptor.sql.BasicBinder@main] binding parameter [2] as [INTEGER] - [3] 
2022-04-05 23:51:03.552 TRACE [org.hibernate.type.descriptor.sql.BasicBinder@main] binding parameter [3] as [VARCHAR] - [Macarena, Inc.] 
2022-04-05 23:51:03.552 TRACE [org.hibernate.type.descriptor.sql.BasicBinder@main] binding parameter [4] as [VARCHAR] - [Telecommunications] 
2022-04-05 23:51:03.552 TRACE [org.hibernate.type.descriptor.sql.BasicBinder@main] binding parameter [5] as [INTEGER] - [14] 
2022-04-05 23:51:03.556 DEBUG [org.hibernate.SQL@main] insert into provider (version, user_account_id, company, sector, id) values (?, ?, ?, ?, ?) 
2022-04-05 23:51:03.556 TRACE [org.hibernate.type.descriptor.sql.BasicBinder@main] binding parameter [1] as [INTEGER] - [0] 
2022-04-05 23:51:03.556 TRACE [org.hibernate.type.descriptor.sql.BasicBinder@main] binding parameter [2] as [INTEGER] - [3] 
2022-04-05 23:51:03.556 TRACE [org.hibernate.type.descriptor.sql.BasicBinder@main] binding parameter [3] as [VARCHAR] - [Terra Nets, S.A.] 
2022-04-05 23:51:03.556 TRACE [org.hibernate.type.descriptor.sql.BasicBinder@main] binding parameter [4] as [VARCHAR] - [Internet] 
2022-04-05 23:51:03.556 TRACE [org.hibernate.type.descriptor.sql.BasicBinder@main] binding parameter [5] as [INTEGER] - [15] 
2022-04-05 23:51:03.561 DEBUG [org.hibernate.SQL@main] insert into component (version, code, description, link, name, retail_price, technology, id) values (?, ?, ?, ?, ?, ?, ?, ?) 
2022-04-05 23:51:03.561 TRACE [org.hibernate.type.descriptor.sql.BasicBinder@main] binding parameter [1] as [INTEGER] - [0] 
2022-04-05 23:51:03.561 TRACE [org.hibernate.type.descriptor.sql.BasicBinder@main] binding parameter [2] as [VARCHAR] - [COM-001-B] 
2022-04-05 23:51:03.561 TRACE [org.hibernate.type.descriptor.sql.BasicBinder@main] binding parameter [3] as [VARCHAR] - [Another Test Component] 
2022-04-05 23:51:03.561 TRACE [org.hibernate.type.descriptor.sql.BasicBinder@main] binding parameter [4] as [VARCHAR] - [https://www.acme.com] 
2022-04-05 23:51:03.561 TRACE [org.hibernate.type.descriptor.sql.BasicBinder@main] binding parameter [5] as [VARCHAR] - [Component 2] 
2022-04-05 23:51:03.562 TRACE [org.hibernate.type.descriptor.sql.BasicBinder@main] binding parameter [6] as [DOUBLE] - [2133.0] 
2022-04-05 23:51:03.562 TRACE [org.hibernate.type.descriptor.sql.BasicBinder@main] binding parameter [7] as [VARCHAR] - [Technology 2] 
2022-04-05 23:51:03.562 TRACE [org.hibernate.type.descriptor.sql.BasicBinder@main] binding parameter [8] as [INTEGER] - [16] 
2022-04-05 23:51:03.567 DEBUG [org.hibernate.SQL@main] insert into component (version, code, description, link, name, retail_price, technology, id) values (?, ?, ?, ?, ?, ?, ?, ?) 
2022-04-05 23:51:03.567 TRACE [org.hibernate.type.descriptor.sql.BasicBinder@main] binding parameter [1] as [INTEGER] - [0] 
2022-04-05 23:51:03.567 TRACE [org.hibernate.type.descriptor.sql.BasicBinder@main] binding parameter [2] as [VARCHAR] - [COM-001] 
2022-04-05 23:51:03.567 TRACE [org.hibernate.type.descriptor.sql.BasicBinder@main] binding parameter [3] as [VARCHAR] - [Test Component 1] 
2022-04-05 23:51:03.567 TRACE [org.hibernate.type.descriptor.sql.BasicBinder@main] binding parameter [4] as [VARCHAR] - [https://www.acme.com] 
2022-04-05 23:51:03.567 TRACE [org.hibernate.type.descriptor.sql.BasicBinder@main] binding parameter [5] as [VARCHAR] - [Component 1] 
2022-04-05 23:51:03.567 TRACE [org.hibernate.type.descriptor.sql.BasicBinder@main] binding parameter [6] as [DOUBLE] - [100.0] 
2022-04-05 23:51:03.568 TRACE [org.hibernate.type.descriptor.sql.BasicBinder@main] binding parameter [7] as [VARCHAR] - [Technology 1] 
2022-04-05 23:51:03.568 TRACE [org.hibernate.type.descriptor.sql.BasicBinder@main] binding parameter [8] as [INTEGER] - [17] 
2022-04-05 23:51:03.568 DEBUG [org.hibernate.SQL@main] insert into system_configuration (version, accepted_currencies, default_currency, strong_spam_terms, strong_threshold, weak_spam_terms, weak_threshold, id) values (?, ?, ?, ?, ?, ?, ?, ?) 
2022-04-05 23:51:03.569 TRACE [org.hibernate.type.descriptor.sql.BasicBinder@main] binding parameter [1] as [INTEGER] - [0] 
2022-04-05 23:51:03.569 TRACE [org.hibernate.type.descriptor.sql.BasicBinder@main] binding parameter [2] as [VARCHAR] - [EUR, USD, GBP] 
2022-04-05 23:51:03.569 TRACE [org.hibernate.type.descriptor.sql.BasicBinder@main] binding parameter [3] as [VARCHAR] - [EUR] 
2022-04-05 23:51:03.569 TRACE [org.hibernate.type.descriptor.sql.BasicBinder@main] binding parameter [4] as [VARCHAR] - [sex, hard core, viagra, cialis , sexo] 
2022-04-05 23:51:03.569 TRACE [org.hibernate.type.descriptor.sql.BasicBinder@main] binding parameter [5] as [DOUBLE] - [10.0] 
2022-04-05 23:51:03.569 TRACE [org.hibernate.type.descriptor.sql.BasicBinder@main] binding parameter [6] as [VARCHAR] - [sexy, nigeria, you’ve won, one mil-lion, has ganado, un millón] 
2022-04-05 23:51:03.569 TRACE [org.hibernate.type.descriptor.sql.BasicBinder@main] binding parameter [7] as [DOUBLE] - [25.0] 
2022-04-05 23:51:03.569 TRACE [org.hibernate.type.descriptor.sql.BasicBinder@main] binding parameter [8] as [INTEGER] - [18] 
2022-04-05 23:51:04.646 INFO  [acme.framework.configuration.ShutdownConfiguration@main] The system is shutting down... 
2022-04-05 23:51:04.656 DEBUG [acme.Launcher@main] Exit code = 0 
