2022-04-06 14:57:51.398 INFO  [acme.Launcher@main] Starting Launcher using Java 1.8.0_281 on DESKTOP-VF7K1NA with PID 1792 (C:\Users\Grego\Desktop\Workspace-22.0\Frameworks\Acme-Framework-22.3\target\classes started by Grego in C:\Users\Grego\Desktop\Workspace-22.0\Projects\Acme-One-E8.02) 
2022-04-06 14:57:51.398 DEBUG [acme.Launcher@main] Running with Spring Boot v2.4.2, Spring v5.3.3 
2022-04-06 14:57:51.400 INFO  [acme.Launcher@main] The following profiles are active: development,populator 
2022-04-06 14:57:53.086 DEBUG [org.apache.jasper.servlet.JasperInitializer@main] Initializing Jasper for context [application] 
2022-04-06 14:57:57.792 DEBUG [org.apache.jasper.servlet.JspServlet@main] Scratch dir for the JSP engine is: [C:\Users\Grego\AppData\Local\Temp\tomcat.8083.3749650091141332126\work\Tomcat\localhost\hello-world-22.0] 
2022-04-06 14:57:57.792 DEBUG [org.apache.jasper.servlet.JspServlet@main] IMPORTANT: Do not modify the generated servlets 
2022-04-06 14:57:57.803 INFO  [acme.Launcher@main] Started Launcher in 7.194 seconds (JVM running for 7.937) 
2022-04-06 14:57:57.806 DEBUG [acme.Launcher@main] Found classpath entry '/C:/Users/Grego/Desktop/Workspace-22.0/Projects/Acme-One-E8.02/target/classes/' 
2022-04-06 14:57:57.806 DEBUG [acme.Launcher@main] Found classpath entry '/C:/Users/Grego/Desktop/Workspace-22.0/Projects/Acme-One-E8.02/target/test-classes/' 
2022-04-06 14:57:57.806 DEBUG [acme.Launcher@main] Found classpath entry '/C:/Users/Grego/.m2/repository/org/springframework/boot/spring-boot-starter-tomcat/2.4.2/spring-boot-starter-tomcat-2.4.2.jar' 
2022-04-06 14:57:57.807 DEBUG [acme.Launcher@main] Found classpath entry '/C:/Users/Grego/.m2/repository/jakarta/annotation/jakarta.annotation-api/1.3.5/jakarta.annotation-api-1.3.5.jar' 
2022-04-06 14:57:57.807 DEBUG [acme.Launcher@main] Found classpath entry '/C:/Users/Grego/.m2/repository/org/apache/tomcat/embed/tomcat-embed-core/9.0.41/tomcat-embed-core-9.0.41.jar' 
2022-04-06 14:57:57.807 DEBUG [acme.Launcher@main] Found classpath entry '/C:/Users/Grego/.m2/repository/org/glassfish/jakarta.el/3.0.3/jakarta.el-3.0.3.jar' 
2022-04-06 14:57:57.807 DEBUG [acme.Launcher@main] Found classpath entry '/C:/Users/Grego/.m2/repository/org/apache/tomcat/embed/tomcat-embed-websocket/9.0.41/tomcat-embed-websocket-9.0.41.jar' 
2022-04-06 14:57:57.807 DEBUG [acme.Launcher@main] Found classpath entry '/C:/Users/Grego/.m2/repository/org/apache/tomcat/embed/tomcat-embed-jasper/9.0.41/tomcat-embed-jasper-9.0.41.jar' 
2022-04-06 14:57:57.807 DEBUG [acme.Launcher@main] Found classpath entry '/C:/Users/Grego/.m2/repository/org/apache/tomcat/embed/tomcat-embed-el/9.0.41/tomcat-embed-el-9.0.41.jar' 
2022-04-06 14:57:57.807 DEBUG [acme.Launcher@main] Found classpath entry '/C:/Users/Grego/.m2/repository/org/eclipse/jdt/ecj/3.18.0/ecj-3.18.0.jar' 
2022-04-06 14:57:57.807 DEBUG [acme.Launcher@main] Found classpath entry '/C:/Users/Grego/.m2/repository/javax/servlet/jstl/1.2/jstl-1.2.jar' 
2022-04-06 14:57:57.808 DEBUG [acme.Launcher@main] Found classpath entry '/C:/Users/Grego/.m2/repository/org/springframework/boot/spring-boot-starter-test/2.4.2/spring-boot-starter-test-2.4.2.jar' 
2022-04-06 14:57:57.808 DEBUG [acme.Launcher@main] Found classpath entry '/C:/Users/Grego/.m2/repository/org/springframework/boot/spring-boot-starter/2.4.2/spring-boot-starter-2.4.2.jar' 
2022-04-06 14:57:57.808 DEBUG [acme.Launcher@main] Found classpath entry '/C:/Users/Grego/.m2/repository/org/springframework/boot/spring-boot/2.4.2/spring-boot-2.4.2.jar' 
2022-04-06 14:57:57.808 DEBUG [acme.Launcher@main] Found classpath entry '/C:/Users/Grego/.m2/repository/org/springframework/boot/spring-boot-autoconfigure/2.4.2/spring-boot-autoconfigure-2.4.2.jar' 
2022-04-06 14:57:57.808 DEBUG [acme.Launcher@main] Found classpath entry '/C:/Users/Grego/.m2/repository/org/springframework/boot/spring-boot-starter-logging/2.4.2/spring-boot-starter-logging-2.4.2.jar' 
2022-04-06 14:57:57.808 DEBUG [acme.Launcher@main] Found classpath entry '/C:/Users/Grego/.m2/repository/ch/qos/logback/logback-classic/1.2.3/logback-classic-1.2.3.jar' 
2022-04-06 14:57:57.809 DEBUG [acme.Launcher@main] Found classpath entry '/C:/Users/Grego/.m2/repository/ch/qos/logback/logback-core/1.2.3/logback-core-1.2.3.jar' 
2022-04-06 14:57:57.809 DEBUG [acme.Launcher@main] Found classpath entry '/C:/Users/Grego/.m2/repository/org/apache/logging/log4j/log4j-to-slf4j/2.13.3/log4j-to-slf4j-2.13.3.jar' 
2022-04-06 14:57:57.809 DEBUG [acme.Launcher@main] Found classpath entry '/C:/Users/Grego/.m2/repository/org/apache/logging/log4j/log4j-api/2.13.3/log4j-api-2.13.3.jar' 
2022-04-06 14:57:57.809 DEBUG [acme.Launcher@main] Found classpath entry '/C:/Users/Grego/.m2/repository/org/slf4j/jul-to-slf4j/1.7.30/jul-to-slf4j-1.7.30.jar' 
2022-04-06 14:57:57.809 DEBUG [acme.Launcher@main] Found classpath entry '/C:/Users/Grego/.m2/repository/org/yaml/snakeyaml/1.27/snakeyaml-1.27.jar' 
2022-04-06 14:57:57.809 DEBUG [acme.Launcher@main] Found classpath entry '/C:/Users/Grego/.m2/repository/org/springframework/boot/spring-boot-test/2.4.2/spring-boot-test-2.4.2.jar' 
2022-04-06 14:57:57.809 DEBUG [acme.Launcher@main] Found classpath entry '/C:/Users/Grego/.m2/repository/org/springframework/boot/spring-boot-test-autoconfigure/2.4.2/spring-boot-test-autoconfigure-2.4.2.jar' 
2022-04-06 14:57:57.809 DEBUG [acme.Launcher@main] Found classpath entry '/C:/Users/Grego/.m2/repository/com/jayway/jsonpath/json-path/2.4.0/json-path-2.4.0.jar' 
2022-04-06 14:57:57.809 DEBUG [acme.Launcher@main] Found classpath entry '/C:/Users/Grego/.m2/repository/net/minidev/json-smart/2.3/json-smart-2.3.jar' 
2022-04-06 14:57:57.810 DEBUG [acme.Launcher@main] Found classpath entry '/C:/Users/Grego/.m2/repository/net/minidev/accessors-smart/1.2/accessors-smart-1.2.jar' 
2022-04-06 14:57:57.810 DEBUG [acme.Launcher@main] Found classpath entry '/C:/Users/Grego/.m2/repository/org/ow2/asm/asm/5.0.4/asm-5.0.4.jar' 
2022-04-06 14:57:57.810 DEBUG [acme.Launcher@main] Found classpath entry '/C:/Users/Grego/.m2/repository/jakarta/xml/bind/jakarta.xml.bind-api/2.3.3/jakarta.xml.bind-api-2.3.3.jar' 
2022-04-06 14:57:57.810 DEBUG [acme.Launcher@main] Found classpath entry '/C:/Users/Grego/.m2/repository/jakarta/activation/jakarta.activation-api/1.2.2/jakarta.activation-api-1.2.2.jar' 
2022-04-06 14:57:57.810 DEBUG [acme.Launcher@main] Found classpath entry '/C:/Users/Grego/.m2/repository/org/assertj/assertj-core/3.18.1/assertj-core-3.18.1.jar' 
2022-04-06 14:57:57.810 DEBUG [acme.Launcher@main] Found classpath entry '/C:/Users/Grego/.m2/repository/org/hamcrest/hamcrest/2.2/hamcrest-2.2.jar' 
2022-04-06 14:57:57.810 DEBUG [acme.Launcher@main] Found classpath entry '/C:/Users/Grego/.m2/repository/org/junit/jupiter/junit-jupiter/5.7.0/junit-jupiter-5.7.0.jar' 
2022-04-06 14:57:57.810 DEBUG [acme.Launcher@main] Found classpath entry '/C:/Users/Grego/.m2/repository/org/mockito/mockito-core/3.6.28/mockito-core-3.6.28.jar' 
2022-04-06 14:57:57.811 DEBUG [acme.Launcher@main] Found classpath entry '/C:/Users/Grego/.m2/repository/net/bytebuddy/byte-buddy-agent/1.10.19/byte-buddy-agent-1.10.19.jar' 
2022-04-06 14:57:57.811 DEBUG [acme.Launcher@main] Found classpath entry '/C:/Users/Grego/.m2/repository/org/objenesis/objenesis/3.1/objenesis-3.1.jar' 
2022-04-06 14:57:57.811 DEBUG [acme.Launcher@main] Found classpath entry '/C:/Users/Grego/.m2/repository/org/mockito/mockito-junit-jupiter/3.6.28/mockito-junit-jupiter-3.6.28.jar' 
2022-04-06 14:57:57.811 DEBUG [acme.Launcher@main] Found classpath entry '/C:/Users/Grego/.m2/repository/org/skyscreamer/jsonassert/1.5.0/jsonassert-1.5.0.jar' 
2022-04-06 14:57:57.811 DEBUG [acme.Launcher@main] Found classpath entry '/C:/Users/Grego/.m2/repository/com/vaadin/external/google/android-json/0.0.20131108.vaadin1/android-json-0.0.20131108.vaadin1.jar' 
2022-04-06 14:57:57.811 DEBUG [acme.Launcher@main] Found classpath entry '/C:/Users/Grego/.m2/repository/org/springframework/spring-core/5.3.3/spring-core-5.3.3.jar' 
2022-04-06 14:57:57.811 DEBUG [acme.Launcher@main] Found classpath entry '/C:/Users/Grego/.m2/repository/org/springframework/spring-jcl/5.3.3/spring-jcl-5.3.3.jar' 
2022-04-06 14:57:57.811 DEBUG [acme.Launcher@main] Found classpath entry '/C:/Users/Grego/.m2/repository/org/springframework/spring-test/5.3.3/spring-test-5.3.3.jar' 
2022-04-06 14:57:57.812 DEBUG [acme.Launcher@main] Found classpath entry '/C:/Users/Grego/.m2/repository/org/xmlunit/xmlunit-core/2.7.0/xmlunit-core-2.7.0.jar' 
2022-04-06 14:57:57.812 DEBUG [acme.Launcher@main] Found classpath entry '/C:/Users/Grego/.m2/repository/org/springframework/boot/spring-boot-starter-security/2.4.2/spring-boot-starter-security-2.4.2.jar' 
2022-04-06 14:57:57.812 DEBUG [acme.Launcher@main] Found classpath entry '/C:/Users/Grego/.m2/repository/org/springframework/spring-aop/5.3.3/spring-aop-5.3.3.jar' 
2022-04-06 14:57:57.812 DEBUG [acme.Launcher@main] Found classpath entry '/C:/Users/Grego/.m2/repository/org/springframework/security/spring-security-web/5.4.2/spring-security-web-5.4.2.jar' 
2022-04-06 14:57:57.812 DEBUG [acme.Launcher@main] Found classpath entry '/C:/Users/Grego/.m2/repository/org/springframework/security/spring-security-core/5.4.2/spring-security-core-5.4.2.jar' 
2022-04-06 14:57:57.812 DEBUG [acme.Launcher@main] Found classpath entry '/C:/Users/Grego/.m2/repository/org/springframework/spring-beans/5.3.3/spring-beans-5.3.3.jar' 
2022-04-06 14:57:57.812 DEBUG [acme.Launcher@main] Found classpath entry '/C:/Users/Grego/.m2/repository/org/springframework/spring-context/5.3.3/spring-context-5.3.3.jar' 
2022-04-06 14:57:57.812 DEBUG [acme.Launcher@main] Found classpath entry '/C:/Users/Grego/.m2/repository/org/springframework/spring-expression/5.3.3/spring-expression-5.3.3.jar' 
2022-04-06 14:57:57.812 DEBUG [acme.Launcher@main] Found classpath entry '/C:/Users/Grego/.m2/repository/org/springframework/spring-web/5.3.3/spring-web-5.3.3.jar' 
2022-04-06 14:57:57.813 DEBUG [acme.Launcher@main] Found classpath entry '/C:/Users/Grego/.m2/repository/org/springframework/security/spring-security-config/5.4.2/spring-security-config-5.4.2.jar' 
2022-04-06 14:57:57.813 DEBUG [acme.Launcher@main] Found classpath entry '/C:/Users/Grego/.m2/repository/org/springframework/security/spring-security-taglibs/5.4.2/spring-security-taglibs-5.4.2.jar' 
2022-04-06 14:57:57.813 DEBUG [acme.Launcher@main] Found classpath entry '/C:/Users/Grego/.m2/repository/org/springframework/security/spring-security-acl/5.4.2/spring-security-acl-5.4.2.jar' 
2022-04-06 14:57:57.813 DEBUG [acme.Launcher@main] Found classpath entry '/C:/Users/Grego/.m2/repository/org/springframework/spring-jdbc/5.3.3/spring-jdbc-5.3.3.jar' 
2022-04-06 14:57:57.813 DEBUG [acme.Launcher@main] Found classpath entry '/C:/Users/Grego/.m2/repository/org/springframework/spring-tx/5.3.3/spring-tx-5.3.3.jar' 
2022-04-06 14:57:57.813 DEBUG [acme.Launcher@main] Found classpath entry '/C:/Users/Grego/.m2/repository/org/springframework/boot/spring-boot-starter-web/2.4.2/spring-boot-starter-web-2.4.2.jar' 
2022-04-06 14:57:57.813 DEBUG [acme.Launcher@main] Found classpath entry '/C:/Users/Grego/.m2/repository/org/springframework/boot/spring-boot-starter-json/2.4.2/spring-boot-starter-json-2.4.2.jar' 
2022-04-06 14:57:57.813 DEBUG [acme.Launcher@main] Found classpath entry '/C:/Users/Grego/.m2/repository/com/fasterxml/jackson/core/jackson-databind/2.11.4/jackson-databind-2.11.4.jar' 
2022-04-06 14:57:57.814 DEBUG [acme.Launcher@main] Found classpath entry '/C:/Users/Grego/.m2/repository/com/fasterxml/jackson/core/jackson-annotations/2.11.4/jackson-annotations-2.11.4.jar' 
2022-04-06 14:57:57.814 DEBUG [acme.Launcher@main] Found classpath entry '/C:/Users/Grego/.m2/repository/com/fasterxml/jackson/core/jackson-core/2.11.4/jackson-core-2.11.4.jar' 
2022-04-06 14:57:57.814 DEBUG [acme.Launcher@main] Found classpath entry '/C:/Users/Grego/.m2/repository/com/fasterxml/jackson/datatype/jackson-datatype-jdk8/2.11.4/jackson-datatype-jdk8-2.11.4.jar' 
2022-04-06 14:57:57.814 DEBUG [acme.Launcher@main] Found classpath entry '/C:/Users/Grego/.m2/repository/com/fasterxml/jackson/datatype/jackson-datatype-jsr310/2.11.4/jackson-datatype-jsr310-2.11.4.jar' 
2022-04-06 14:57:57.814 DEBUG [acme.Launcher@main] Found classpath entry '/C:/Users/Grego/.m2/repository/com/fasterxml/jackson/module/jackson-module-parameter-names/2.11.4/jackson-module-parameter-names-2.11.4.jar' 
2022-04-06 14:57:57.814 DEBUG [acme.Launcher@main] Found classpath entry '/C:/Users/Grego/.m2/repository/org/springframework/spring-webmvc/5.3.3/spring-webmvc-5.3.3.jar' 
2022-04-06 14:57:57.814 DEBUG [acme.Launcher@main] Found classpath entry '/C:/Users/Grego/.m2/repository/org/apache/tiles/tiles-jsp/3.0.8/tiles-jsp-3.0.8.jar' 
2022-04-06 14:57:57.814 DEBUG [acme.Launcher@main] Found classpath entry '/C:/Users/Grego/.m2/repository/org/apache/tiles/tiles-servlet/3.0.8/tiles-servlet-3.0.8.jar' 
2022-04-06 14:57:57.814 DEBUG [acme.Launcher@main] Found classpath entry '/C:/Users/Grego/.m2/repository/org/apache/tiles/tiles-core/3.0.8/tiles-core-3.0.8.jar' 
2022-04-06 14:57:57.814 DEBUG [acme.Launcher@main] Found classpath entry '/C:/Users/Grego/.m2/repository/commons-digester/commons-digester/2.0/commons-digester-2.0.jar' 
2022-04-06 14:57:57.815 DEBUG [acme.Launcher@main] Found classpath entry '/C:/Users/Grego/.m2/repository/org/slf4j/jcl-over-slf4j/1.7.30/jcl-over-slf4j-1.7.30.jar' 
2022-04-06 14:57:57.815 DEBUG [acme.Launcher@main] Found classpath entry '/C:/Users/Grego/.m2/repository/org/apache/tiles/tiles-request-servlet/1.0.7/tiles-request-servlet-1.0.7.jar' 
2022-04-06 14:57:57.815 DEBUG [acme.Launcher@main] Found classpath entry '/C:/Users/Grego/.m2/repository/org/apache/tiles/tiles-template/3.0.8/tiles-template-3.0.8.jar' 
2022-04-06 14:57:57.815 DEBUG [acme.Launcher@main] Found classpath entry '/C:/Users/Grego/.m2/repository/org/apache/tiles/tiles-api/3.0.8/tiles-api-3.0.8.jar' 
2022-04-06 14:57:57.815 DEBUG [acme.Launcher@main] Found classpath entry '/C:/Users/Grego/.m2/repository/org/apache/tiles/tiles-autotag-core-runtime/1.2/tiles-autotag-core-runtime-1.2.jar' 
2022-04-06 14:57:57.815 DEBUG [acme.Launcher@main] Found classpath entry '/C:/Users/Grego/.m2/repository/org/slf4j/slf4j-api/1.7.30/slf4j-api-1.7.30.jar' 
2022-04-06 14:57:57.815 DEBUG [acme.Launcher@main] Found classpath entry '/C:/Users/Grego/.m2/repository/org/apache/tiles/tiles-request-jsp/1.0.7/tiles-request-jsp-1.0.7.jar' 
2022-04-06 14:57:57.815 DEBUG [acme.Launcher@main] Found classpath entry '/C:/Users/Grego/.m2/repository/org/apache/tiles/tiles-request-api/1.0.7/tiles-request-api-1.0.7.jar' 
2022-04-06 14:57:57.815 DEBUG [acme.Launcher@main] Found classpath entry '/C:/Users/Grego/.m2/repository/org/springframework/boot/spring-boot-starter-data-jpa/2.4.2/spring-boot-starter-data-jpa-2.4.2.jar' 
2022-04-06 14:57:57.816 DEBUG [acme.Launcher@main] Found classpath entry '/C:/Users/Grego/.m2/repository/org/springframework/boot/spring-boot-starter-aop/2.4.2/spring-boot-starter-aop-2.4.2.jar' 
2022-04-06 14:57:57.816 DEBUG [acme.Launcher@main] Found classpath entry '/C:/Users/Grego/.m2/repository/org/aspectj/aspectjweaver/1.9.6/aspectjweaver-1.9.6.jar' 
2022-04-06 14:57:57.816 DEBUG [acme.Launcher@main] Found classpath entry '/C:/Users/Grego/.m2/repository/org/springframework/boot/spring-boot-starter-jdbc/2.4.2/spring-boot-starter-jdbc-2.4.2.jar' 
2022-04-06 14:57:57.816 DEBUG [acme.Launcher@main] Found classpath entry '/C:/Users/Grego/.m2/repository/jakarta/transaction/jakarta.transaction-api/1.3.3/jakarta.transaction-api-1.3.3.jar' 
2022-04-06 14:57:57.816 DEBUG [acme.Launcher@main] Found classpath entry '/C:/Users/Grego/.m2/repository/jakarta/persistence/jakarta.persistence-api/2.2.3/jakarta.persistence-api-2.2.3.jar' 
2022-04-06 14:57:57.816 DEBUG [acme.Launcher@main] Found classpath entry '/C:/Users/Grego/.m2/repository/org/hibernate/hibernate-core/5.4.27.Final/hibernate-core-5.4.27.Final.jar' 
2022-04-06 14:57:57.816 DEBUG [acme.Launcher@main] Found classpath entry '/C:/Users/Grego/.m2/repository/org/jboss/logging/jboss-logging/3.4.1.Final/jboss-logging-3.4.1.Final.jar' 
2022-04-06 14:57:57.816 DEBUG [acme.Launcher@main] Found classpath entry '/C:/Users/Grego/.m2/repository/org/javassist/javassist/3.27.0-GA/javassist-3.27.0-GA.jar' 
2022-04-06 14:57:57.816 DEBUG [acme.Launcher@main] Found classpath entry '/C:/Users/Grego/.m2/repository/antlr/antlr/2.7.7/antlr-2.7.7.jar' 
2022-04-06 14:57:57.816 DEBUG [acme.Launcher@main] Found classpath entry '/C:/Users/Grego/.m2/repository/org/jboss/jandex/2.1.3.Final/jandex-2.1.3.Final.jar' 
2022-04-06 14:57:57.816 DEBUG [acme.Launcher@main] Found classpath entry '/C:/Users/Grego/.m2/repository/com/fasterxml/classmate/1.5.1/classmate-1.5.1.jar' 
2022-04-06 14:57:57.817 DEBUG [acme.Launcher@main] Found classpath entry '/C:/Users/Grego/.m2/repository/org/dom4j/dom4j/2.1.3/dom4j-2.1.3.jar' 
2022-04-06 14:57:57.817 DEBUG [acme.Launcher@main] Found classpath entry '/C:/Users/Grego/.m2/repository/org/hibernate/common/hibernate-commons-annotations/5.1.2.Final/hibernate-commons-annotations-5.1.2.Final.jar' 
2022-04-06 14:57:57.817 DEBUG [acme.Launcher@main] Found classpath entry '/C:/Users/Grego/.m2/repository/org/glassfish/jaxb/jaxb-runtime/2.3.3/jaxb-runtime-2.3.3.jar' 
2022-04-06 14:57:57.817 DEBUG [acme.Launcher@main] Found classpath entry '/C:/Users/Grego/.m2/repository/org/glassfish/jaxb/txw2/2.3.3/txw2-2.3.3.jar' 
2022-04-06 14:57:57.817 DEBUG [acme.Launcher@main] Found classpath entry '/C:/Users/Grego/.m2/repository/com/sun/istack/istack-commons-runtime/3.0.11/istack-commons-runtime-3.0.11.jar' 
2022-04-06 14:57:57.817 DEBUG [acme.Launcher@main] Found classpath entry '/C:/Users/Grego/.m2/repository/com/sun/activation/jakarta.activation/1.2.2/jakarta.activation-1.2.2.jar' 
2022-04-06 14:57:57.817 DEBUG [acme.Launcher@main] Found classpath entry '/C:/Users/Grego/.m2/repository/org/springframework/data/spring-data-jpa/2.4.3/spring-data-jpa-2.4.3.jar' 
2022-04-06 14:57:57.817 DEBUG [acme.Launcher@main] Found classpath entry '/C:/Users/Grego/.m2/repository/org/springframework/data/spring-data-commons/2.4.3/spring-data-commons-2.4.3.jar' 
2022-04-06 14:57:57.817 DEBUG [acme.Launcher@main] Found classpath entry '/C:/Users/Grego/.m2/repository/org/springframework/spring-orm/5.3.3/spring-orm-5.3.3.jar' 
2022-04-06 14:57:57.817 DEBUG [acme.Launcher@main] Found classpath entry '/C:/Users/Grego/.m2/repository/org/springframework/spring-aspects/5.3.3/spring-aspects-5.3.3.jar' 
2022-04-06 14:57:57.817 DEBUG [acme.Launcher@main] Found classpath entry '/C:/Users/Grego/.m2/repository/org/springframework/boot/spring-boot-starter-validation/2.4.2/spring-boot-starter-validation-2.4.2.jar' 
2022-04-06 14:57:57.818 DEBUG [acme.Launcher@main] Found classpath entry '/C:/Users/Grego/.m2/repository/org/hibernate/validator/hibernate-validator/6.1.7.Final/hibernate-validator-6.1.7.Final.jar' 
2022-04-06 14:57:57.818 DEBUG [acme.Launcher@main] Found classpath entry '/C:/Users/Grego/.m2/repository/jakarta/validation/jakarta.validation-api/2.0.2/jakarta.validation-api-2.0.2.jar' 
2022-04-06 14:57:57.818 DEBUG [acme.Launcher@main] Found classpath entry '/C:/Users/Grego/.m2/repository/mysql/mysql-connector-java/8.0.22/mysql-connector-java-8.0.22.jar' 
2022-04-06 14:57:57.818 DEBUG [acme.Launcher@main] Found classpath entry '/C:/Users/Grego/.m2/repository/com/zaxxer/HikariCP/3.4.5/HikariCP-3.4.5.jar' 
2022-04-06 14:57:57.818 DEBUG [acme.Launcher@main] Found classpath entry '/C:/Users/Grego/.m2/repository/org/junit/jupiter/junit-jupiter-engine/5.7.0/junit-jupiter-engine-5.7.0.jar' 
2022-04-06 14:57:57.818 DEBUG [acme.Launcher@main] Found classpath entry '/C:/Users/Grego/.m2/repository/org/apiguardian/apiguardian-api/1.1.0/apiguardian-api-1.1.0.jar' 
2022-04-06 14:57:57.818 DEBUG [acme.Launcher@main] Found classpath entry '/C:/Users/Grego/.m2/repository/org/junit/platform/junit-platform-engine/1.7.0/junit-platform-engine-1.7.0.jar' 
2022-04-06 14:57:57.818 DEBUG [acme.Launcher@main] Found classpath entry '/C:/Users/Grego/.m2/repository/org/junit/jupiter/junit-jupiter-api/5.7.0/junit-jupiter-api-5.7.0.jar' 
2022-04-06 14:57:57.818 DEBUG [acme.Launcher@main] Found classpath entry '/C:/Users/Grego/.m2/repository/org/opentest4j/opentest4j/1.2.0/opentest4j-1.2.0.jar' 
2022-04-06 14:57:57.818 DEBUG [acme.Launcher@main] Found classpath entry '/C:/Users/Grego/.m2/repository/org/junit/platform/junit-platform-commons/1.7.0/junit-platform-commons-1.7.0.jar' 
2022-04-06 14:57:57.819 DEBUG [acme.Launcher@main] Found classpath entry '/C:/Users/Grego/.m2/repository/org/junit/jupiter/junit-jupiter-params/5.7.0/junit-jupiter-params-5.7.0.jar' 
2022-04-06 14:57:57.819 DEBUG [acme.Launcher@main] Found classpath entry '/C:/Users/Grego/.m2/repository/org/junit/platform/junit-platform-launcher/1.7.0/junit-platform-launcher-1.7.0.jar' 
2022-04-06 14:57:57.819 DEBUG [acme.Launcher@main] Found classpath entry '/C:/Users/Grego/.m2/repository/org/seleniumhq/selenium/selenium-java/3.141.59/selenium-java-3.141.59.jar' 
2022-04-06 14:57:57.819 DEBUG [acme.Launcher@main] Found classpath entry '/C:/Users/Grego/.m2/repository/org/seleniumhq/selenium/selenium-api/3.141.59/selenium-api-3.141.59.jar' 
2022-04-06 14:57:57.819 DEBUG [acme.Launcher@main] Found classpath entry '/C:/Users/Grego/.m2/repository/org/seleniumhq/selenium/selenium-chrome-driver/3.141.59/selenium-chrome-driver-3.141.59.jar' 
2022-04-06 14:57:57.819 DEBUG [acme.Launcher@main] Found classpath entry '/C:/Users/Grego/.m2/repository/org/seleniumhq/selenium/selenium-edge-driver/3.141.59/selenium-edge-driver-3.141.59.jar' 
2022-04-06 14:57:57.819 DEBUG [acme.Launcher@main] Found classpath entry '/C:/Users/Grego/.m2/repository/org/seleniumhq/selenium/selenium-firefox-driver/3.141.59/selenium-firefox-driver-3.141.59.jar' 
2022-04-06 14:57:57.819 DEBUG [acme.Launcher@main] Found classpath entry '/C:/Users/Grego/.m2/repository/org/seleniumhq/selenium/selenium-ie-driver/3.141.59/selenium-ie-driver-3.141.59.jar' 
2022-04-06 14:57:57.820 DEBUG [acme.Launcher@main] Found classpath entry '/C:/Users/Grego/.m2/repository/org/seleniumhq/selenium/selenium-opera-driver/3.141.59/selenium-opera-driver-3.141.59.jar' 
2022-04-06 14:57:57.820 DEBUG [acme.Launcher@main] Found classpath entry '/C:/Users/Grego/.m2/repository/org/seleniumhq/selenium/selenium-remote-driver/3.141.59/selenium-remote-driver-3.141.59.jar' 
2022-04-06 14:57:57.820 DEBUG [acme.Launcher@main] Found classpath entry '/C:/Users/Grego/.m2/repository/org/seleniumhq/selenium/selenium-safari-driver/3.141.59/selenium-safari-driver-3.141.59.jar' 
2022-04-06 14:57:57.820 DEBUG [acme.Launcher@main] Found classpath entry '/C:/Users/Grego/.m2/repository/org/seleniumhq/selenium/selenium-support/3.141.59/selenium-support-3.141.59.jar' 
2022-04-06 14:57:57.820 DEBUG [acme.Launcher@main] Found classpath entry '/C:/Users/Grego/.m2/repository/net/bytebuddy/byte-buddy/1.10.19/byte-buddy-1.10.19.jar' 
2022-04-06 14:57:57.820 DEBUG [acme.Launcher@main] Found classpath entry '/C:/Users/Grego/.m2/repository/org/apache/commons/commons-exec/1.3/commons-exec-1.3.jar' 
2022-04-06 14:57:57.820 DEBUG [acme.Launcher@main] Found classpath entry '/C:/Users/Grego/.m2/repository/com/google/guava/guava/25.0-jre/guava-25.0-jre.jar' 
2022-04-06 14:57:57.820 DEBUG [acme.Launcher@main] Found classpath entry '/C:/Users/Grego/.m2/repository/com/google/code/findbugs/jsr305/1.3.9/jsr305-1.3.9.jar' 
2022-04-06 14:57:57.820 DEBUG [acme.Launcher@main] Found classpath entry '/C:/Users/Grego/.m2/repository/org/checkerframework/checker-compat-qual/2.0.0/checker-compat-qual-2.0.0.jar' 
2022-04-06 14:57:57.821 DEBUG [acme.Launcher@main] Found classpath entry '/C:/Users/Grego/.m2/repository/com/google/errorprone/error_prone_annotations/2.1.3/error_prone_annotations-2.1.3.jar' 
2022-04-06 14:57:57.821 DEBUG [acme.Launcher@main] Found classpath entry '/C:/Users/Grego/.m2/repository/com/google/j2objc/j2objc-annotations/1.1/j2objc-annotations-1.1.jar' 
2022-04-06 14:57:57.821 DEBUG [acme.Launcher@main] Found classpath entry '/C:/Users/Grego/.m2/repository/org/codehaus/mojo/animal-sniffer-annotations/1.14/animal-sniffer-annotations-1.14.jar' 
2022-04-06 14:57:57.821 DEBUG [acme.Launcher@main] Found classpath entry '/C:/Users/Grego/.m2/repository/com/squareup/okhttp3/okhttp/3.14.9/okhttp-3.14.9.jar' 
2022-04-06 14:57:57.821 DEBUG [acme.Launcher@main] Found classpath entry '/C:/Users/Grego/.m2/repository/com/squareup/okio/okio/1.14.0/okio-1.14.0.jar' 
2022-04-06 14:57:57.821 DEBUG [acme.Launcher@main] Found classpath entry '/C:/Users/Grego/.m2/repository/org/apache/commons/commons-lang3/3.11/commons-lang3-3.11.jar' 
2022-04-06 14:57:57.821 DEBUG [acme.Launcher@main] Found classpath entry '/C:/Users/Grego/.m2/repository/org/apache/commons/commons-text/1.8/commons-text-1.8.jar' 
2022-04-06 14:57:57.821 DEBUG [acme.Launcher@main] Found classpath entry '/C:/Users/Grego/.m2/repository/commons-io/commons-io/2.6/commons-io-2.6.jar' 
2022-04-06 14:57:57.821 DEBUG [acme.Launcher@main] Found classpath entry '/C:/Users/Grego/.m2/repository/commons-cli/commons-cli/1.4/commons-cli-1.4.jar' 
2022-04-06 14:57:57.821 DEBUG [acme.Launcher@main] Found classpath entry '/C:/Users/Grego/.m2/repository/org/projectlombok/lombok/1.18.16/lombok-1.18.16.jar' 
2022-04-06 14:57:57.821 DEBUG [acme.Launcher@main] Found classpath entry '/C:/Users/Grego/.m2/repository/com/opencsv/opencsv/5.4/opencsv-5.4.jar' 
2022-04-06 14:57:57.821 DEBUG [acme.Launcher@main] Found classpath entry '/C:/Users/Grego/.m2/repository/commons-beanutils/commons-beanutils/1.9.4/commons-beanutils-1.9.4.jar' 
2022-04-06 14:57:57.822 DEBUG [acme.Launcher@main] Found classpath entry '/C:/Users/Grego/.m2/repository/commons-logging/commons-logging/1.2/commons-logging-1.2.jar' 
2022-04-06 14:57:57.822 DEBUG [acme.Launcher@main] Found classpath entry '/C:/Users/Grego/.m2/repository/commons-collections/commons-collections/3.2.2/commons-collections-3.2.2.jar' 
2022-04-06 14:57:57.822 DEBUG [acme.Launcher@main] Found classpath entry '/C:/Users/Grego/.m2/repository/org/apache/commons/commons-collections4/4.4/commons-collections4-4.4.jar' 
2022-04-06 14:57:57.822 DEBUG [acme.Launcher@main] Found classpath entry '/C:/Users/Grego/Desktop/Workspace-22.0/Frameworks/Acme-Framework-22.3/target/classes/' 
2022-04-06 14:57:57.822 DEBUG [acme.Launcher@main] Found classpath entry '/C:/Users/Grego/Desktop/Workspace-22.0/Frameworks/Acme-Framework-22.3/target/test-classes/' 
2022-04-06 14:57:57.822 DEBUG [acme.Launcher@main] Found classpath entry '/C:/Users/Grego/Desktop/Workspace-22.0/Tools/IDEs/eclipse-jee-2021-12-R/configuration/org.eclipse.osgi/418/0/.cp/lib/javaagent-shaded.jar' 
2022-04-06 14:57:57.882 DEBUG [acme.Launcher@main] Found entity class 'acme.entities.Announcement 
2022-04-06 14:57:57.882 DEBUG [acme.Launcher@main] Found entity class 'acme.entities.Chirp 
2022-04-06 14:57:57.883 DEBUG [acme.Launcher@main] Found entity class 'acme.entities.Component 
2022-04-06 14:57:57.883 DEBUG [acme.Launcher@main] Found entity class 'acme.entities.SystemConfiguration 
2022-04-06 14:57:57.883 DEBUG [acme.Launcher@main] Found entity class 'acme.entities.item.Item 
2022-04-06 14:57:57.883 DEBUG [acme.Launcher@main] Found entity class 'acme.entities.patronage.Patronage 
2022-04-06 14:57:57.883 DEBUG [acme.Launcher@main] Found entity class 'acme.entities.toolkit.Toolkit 
2022-04-06 14:57:57.883 DEBUG [acme.Launcher@main] Found entity class 'acme.roles.Consumer 
2022-04-06 14:57:57.883 DEBUG [acme.Launcher@main] Found entity class 'acme.roles.Inventor 
2022-04-06 14:57:57.883 DEBUG [acme.Launcher@main] Found entity class 'acme.roles.Patron 
2022-04-06 14:57:57.883 DEBUG [acme.Launcher@main] Found entity class 'acme.roles.Provider 
2022-04-06 14:57:57.883 DEBUG [acme.Launcher@main] Found entity class 'acme.framework.entities.UserAccount 
2022-04-06 14:57:57.883 DEBUG [acme.Launcher@main] Found entity class 'acme.framework.roles.Administrator 
2022-04-06 14:57:57.883 DEBUG [acme.Launcher@main] Found entity class 'acme.framework.roles.Anonymous 
2022-04-06 14:57:57.884 DEBUG [acme.Launcher@main] Found entity class 'acme.framework.roles.Any 
2022-04-06 14:57:57.884 DEBUG [acme.Launcher@main] Found entity class 'acme.framework.roles.Authenticated 
2022-04-06 14:57:57.887 INFO  [acme.Launcher@main] Populating (initial data) 
2022-04-06 14:57:57.888 INFO  [acme.framework.components.database.DatabasePopulator@main] Building database schema 
2022-04-06 14:57:57.919 DEBUG [acme.framework.components.database.DatabaseUtil@main] Executing script. 
2022-04-06 14:57:57.919 DEBUG [acme.framework.components.database.DatabaseUtil@main] Starting new transaction. 
2022-04-06 14:57:57.927 DEBUG [acme.framework.components.database.DatabaseUtil@main] Executing command 'set transaction isolation level read uncommitted;'. 
2022-04-06 14:57:57.938 DEBUG [acme.framework.components.database.DatabaseUtil@main] Starting transaction '623180223'. 
2022-04-06 14:57:57.938 DEBUG [acme.framework.components.database.DatabaseUtil@main] Executing script command 'set foreign_key_checks=0'. 
2022-04-06 14:57:57.939 DEBUG [acme.framework.components.database.DatabaseUtil@main] Executing script command 'drop table if exists administrator'. 
2022-04-06 14:57:57.979 DEBUG [acme.framework.components.database.DatabaseUtil@main] Executing script command 'drop table if exists announcement'. 
2022-04-06 14:57:57.988 DEBUG [acme.framework.components.database.DatabaseUtil@main] Executing script command 'drop table if exists anonymous'. 
2022-04-06 14:57:57.996 DEBUG [acme.framework.components.database.DatabaseUtil@main] Executing script command 'drop table if exists any'. 
2022-04-06 14:57:58.005 DEBUG [acme.framework.components.database.DatabaseUtil@main] Executing script command 'drop table if exists authenticated'. 
2022-04-06 14:57:58.017 DEBUG [acme.framework.components.database.DatabaseUtil@main] Executing script command 'drop table if exists chirp'. 
2022-04-06 14:57:58.029 DEBUG [acme.framework.components.database.DatabaseUtil@main] Executing script command 'drop table if exists component'. 
2022-04-06 14:57:58.036 DEBUG [acme.framework.components.database.DatabaseUtil@main] Executing script command 'drop table if exists consumer'. 
2022-04-06 14:57:58.047 DEBUG [acme.framework.components.database.DatabaseUtil@main] Executing script command 'drop table if exists hibernate_sequence'. 
2022-04-06 14:57:58.054 DEBUG [acme.framework.components.database.DatabaseUtil@main] Executing script command 'drop table if exists inventor'. 
2022-04-06 14:57:58.062 DEBUG [acme.framework.components.database.DatabaseUtil@main] Executing script command 'drop table if exists item'. 
2022-04-06 14:57:58.072 DEBUG [acme.framework.components.database.DatabaseUtil@main] Executing script command 'drop table if exists patron'. 
2022-04-06 14:57:58.081 DEBUG [acme.framework.components.database.DatabaseUtil@main] Executing script command 'drop table if exists patronage'. 
2022-04-06 14:57:58.095 DEBUG [acme.framework.components.database.DatabaseUtil@main] Executing script command 'drop table if exists provider'. 
2022-04-06 14:57:58.104 DEBUG [acme.framework.components.database.DatabaseUtil@main] Executing script command 'drop table if exists system_configuration'. 
2022-04-06 14:57:58.112 DEBUG [acme.framework.components.database.DatabaseUtil@main] Executing script command 'drop table if exists toolkit'. 
2022-04-06 14:57:58.121 DEBUG [acme.framework.components.database.DatabaseUtil@main] Executing script command 'drop table if exists user_account'. 
2022-04-06 14:57:58.131 DEBUG [acme.framework.components.database.DatabaseUtil@main] Executing script command 'set foreign_key_checks=1'. 
2022-04-06 14:57:58.131 DEBUG [acme.framework.components.database.DatabaseUtil@main] Committing transaction '623180223'. 
2022-04-06 14:57:58.143 DEBUG [acme.framework.components.database.DatabaseUtil@main] Executing script. 
2022-04-06 14:57:58.143 DEBUG [acme.framework.components.database.DatabaseUtil@main] Starting new transaction. 
2022-04-06 14:57:58.143 DEBUG [acme.framework.components.database.DatabaseUtil@main] Executing command 'set transaction isolation level read uncommitted;'. 
2022-04-06 14:57:58.144 DEBUG [acme.framework.components.database.DatabaseUtil@main] Starting transaction '798836643'. 
2022-04-06 14:57:58.144 DEBUG [acme.framework.components.database.DatabaseUtil@main] Executing script command 'set foreign_key_checks=0'. 
2022-04-06 14:57:58.144 DEBUG [acme.framework.components.database.DatabaseUtil@main] Executing script command 'create table administrator (id integer not null, version integer not null, user_account_id integer, primary key (id)) engine=InnoDB'. 
2022-04-06 14:57:58.155 DEBUG [acme.framework.components.database.DatabaseUtil@main] Executing script command 'create table announcement (id integer not null, version integer not null, body varchar(255), creation_moment datetime, critical bit not null, link varchar(255), title varchar(255), primary key (id)) engine=InnoDB'. 
2022-04-06 14:57:58.161 DEBUG [acme.framework.components.database.DatabaseUtil@main] Executing script command 'create table anonymous (id integer not null, version integer not null, user_account_id integer, primary key (id)) engine=InnoDB'. 
2022-04-06 14:57:58.168 DEBUG [acme.framework.components.database.DatabaseUtil@main] Executing script command 'create table any (id integer not null, version integer not null, user_account_id integer, primary key (id)) engine=InnoDB'. 
2022-04-06 14:57:58.175 DEBUG [acme.framework.components.database.DatabaseUtil@main] Executing script command 'create table authenticated (id integer not null, version integer not null, user_account_id integer, primary key (id)) engine=InnoDB'. 
2022-04-06 14:57:58.181 DEBUG [acme.framework.components.database.DatabaseUtil@main] Executing script command 'create table chirp (id integer not null, version integer not null, author varchar(255), body varchar(255), mail varchar(255), moment datetime, title varchar(255), primary key (id)) engine=InnoDB'. 
2022-04-06 14:57:58.187 DEBUG [acme.framework.components.database.DatabaseUtil@main] Executing script command 'create table component (id integer not null, version integer not null, code varchar(255), description varchar(255), link varchar(255), name varchar(255), retail_price double precision not null, technology varchar(255), primary key (id)) engine=InnoDB'. 
2022-04-06 14:57:58.196 DEBUG [acme.framework.components.database.DatabaseUtil@main] Executing script command 'create table consumer (id integer not null, version integer not null, user_account_id integer, company varchar(255), sector varchar(255), primary key (id)) engine=InnoDB'. 
2022-04-06 14:57:58.203 DEBUG [acme.framework.components.database.DatabaseUtil@main] Executing script command 'create table hibernate_sequence (next_val bigint) engine=InnoDB'. 
2022-04-06 14:57:58.210 DEBUG [acme.framework.components.database.DatabaseUtil@main] Executing script command 'insert into hibernate_sequence values ( 1 )'. 
2022-04-06 14:57:58.213 DEBUG [acme.framework.components.database.DatabaseUtil@main] Executing script command 'create table inventor (id integer not null, version integer not null, user_account_id integer, company varchar(255), link varchar(255), statement varchar(255), primary key (id)) engine=InnoDB'. 
2022-04-06 14:57:58.221 DEBUG [acme.framework.components.database.DatabaseUtil@main] Executing script command 'create table item (id integer not null, version integer not null, code varchar(255), description varchar(255), item_type integer, link varchar(255), name varchar(255), price double precision, technology varchar(255), primary key (id)) engine=InnoDB'. 
2022-04-06 14:57:58.228 DEBUG [acme.framework.components.database.DatabaseUtil@main] Executing script command 'create table patron (id integer not null, version integer not null, user_account_id integer, company varchar(255), link varchar(255), statement varchar(255), primary key (id)) engine=InnoDB'. 
2022-04-06 14:57:58.236 DEBUG [acme.framework.components.database.DatabaseUtil@main] Executing script command 'create table patronage (id integer not null, version integer not null, budget_amount double precision, budget_currency varchar(255), code varchar(255), creation_date datetime, finish_date datetime, legislation varchar(255), link varchar(255), start_date datetime, status integer, inventor_id integer, primary key (id)) engine=InnoDB'. 
2022-04-06 14:57:58.242 DEBUG [acme.framework.components.database.DatabaseUtil@main] Executing script command 'create table provider (id integer not null, version integer not null, user_account_id integer, company varchar(255), sector varchar(255), primary key (id)) engine=InnoDB'. 
2022-04-06 14:57:58.250 DEBUG [acme.framework.components.database.DatabaseUtil@main] Executing script command 'create table system_configuration (id integer not null, version integer not null, accepted_currencies varchar(255), default_currency varchar(255), strong_spam_terms varchar(255), strong_threshold double precision not null, weak_spam_terms varchar(255), weak_threshold double precision not null, primary key (id)) engine=InnoDB'. 
2022-04-06 14:57:58.257 DEBUG [acme.framework.components.database.DatabaseUtil@main] Executing script command 'create table toolkit (id integer not null, version integer not null, assembly_notes varchar(255), code varchar(255), description varchar(255), link varchar(255), title varchar(255), primary key (id)) engine=InnoDB'. 
2022-04-06 14:57:58.264 DEBUG [acme.framework.components.database.DatabaseUtil@main] Executing script command 'create table user_account (id integer not null, version integer not null, enabled bit not null, identity blob, password varchar(255), username varchar(255), primary key (id)) engine=InnoDB'. 
2022-04-06 14:57:58.272 DEBUG [acme.framework.components.database.DatabaseUtil@main] Executing script command 'alter table component add constraint UK_24wq1y3l3mfjohvgtsewd3vo unique (code)'. 
2022-04-06 14:57:58.286 DEBUG [acme.framework.components.database.DatabaseUtil@main] Executing script command 'alter table item add constraint UK_6cgogdarkq48dlg1lbnv4q1oq unique (code)'. 
2022-04-06 14:57:58.295 DEBUG [acme.framework.components.database.DatabaseUtil@main] Executing script command 'alter table patronage add constraint UK_7s289l63ihnn85qwyna5cqbfh unique (code)'. 
2022-04-06 14:57:58.305 DEBUG [acme.framework.components.database.DatabaseUtil@main] Executing script command 'alter table toolkit add constraint UK_qvml9bbjdvicrw1wt0e1bej3c unique (code)'. 
2022-04-06 14:57:58.313 DEBUG [acme.framework.components.database.DatabaseUtil@main] Executing script command 'alter table user_account add constraint UK_castjbvpeeus0r8lbpehiu0e4 unique (username)'. 
2022-04-06 14:57:58.322 DEBUG [acme.framework.components.database.DatabaseUtil@main] Executing script command 'alter table administrator add constraint FK_2a5vcjo3stlfcwadosjfq49l1 foreign key (user_account_id) references user_account (id)'. 
2022-04-06 14:57:58.331 DEBUG [acme.framework.components.database.DatabaseUtil@main] Executing script command 'alter table anonymous add constraint FK_6lnbc6fo3om54vugoh8icg78m foreign key (user_account_id) references user_account (id)'. 
2022-04-06 14:57:58.340 DEBUG [acme.framework.components.database.DatabaseUtil@main] Executing script command 'alter table any add constraint FK_26yflnlk4xrrxtkiwkag1l7lf foreign key (user_account_id) references user_account (id)'. 
2022-04-06 14:57:58.350 DEBUG [acme.framework.components.database.DatabaseUtil@main] Executing script command 'alter table authenticated add constraint FK_h52w0f3wjoi68b63wv9vwon57 foreign key (user_account_id) references user_account (id)'. 
2022-04-06 14:57:58.359 DEBUG [acme.framework.components.database.DatabaseUtil@main] Executing script command 'alter table consumer add constraint FK_6cyha9f1wpj0dpbxrrjddrqed foreign key (user_account_id) references user_account (id)'. 
2022-04-06 14:57:58.369 DEBUG [acme.framework.components.database.DatabaseUtil@main] Executing script command 'alter table inventor add constraint FK_2upmsx50p5pou2l4uy8trxor6 foreign key (user_account_id) references user_account (id)'. 
2022-04-06 14:57:58.379 DEBUG [acme.framework.components.database.DatabaseUtil@main] Executing script command 'alter table patron add constraint FK_8xx5nujhuio3advxc2freyu65 foreign key (user_account_id) references user_account (id)'. 
2022-04-06 14:57:58.388 DEBUG [acme.framework.components.database.DatabaseUtil@main] Executing script command 'alter table patronage add constraint FKgkbt6mel1m6joiypsbc2ko6mi foreign key (inventor_id) references inventor (id)'. 
2022-04-06 14:57:58.398 DEBUG [acme.framework.components.database.DatabaseUtil@main] Executing script command 'alter table provider add constraint FK_b1gwnjqm6ggy9yuiqm0o4rlmd foreign key (user_account_id) references user_account (id)'. 
2022-04-06 14:57:58.408 DEBUG [acme.framework.components.database.DatabaseUtil@main] Executing script command 'set foreign_key_checks=1'. 
2022-04-06 14:57:58.409 DEBUG [acme.framework.components.database.DatabaseUtil@main] Committing transaction '798836643'. 
2022-04-06 14:57:58.412 INFO  [acme.framework.components.database.DatabasePopulator@main] Reading entities from 'classpath:/WEB-INF/resources/initial-data' 
2022-04-06 14:57:58.418 DEBUG [acme.framework.components.database.Dataset@main] Reading dataset from 'C:\Users\Grego\Desktop\Workspace-22.0\Projects\Acme-One-E8.02\target\classes\WEB-INF\resources\initial-data\administrator.csv' 
2022-04-06 14:57:58.495 DEBUG [acme.framework.components.database.Dataset@main] Reading mapping '{key:user-account=user-account-administrator-01, key=administrator-01}' from 'C:\Users\Grego\Desktop\Workspace-22.0\Projects\Acme-One-E8.02\target\classes\WEB-INF\resources\initial-data\administrator.csv' 
2022-04-06 14:57:58.498 DEBUG [acme.framework.components.database.Dataset@main] Reading dataset from 'C:\Users\Grego\Desktop\Workspace-22.0\Projects\Acme-One-E8.02\target\classes\WEB-INF\resources\initial-data\anonymous.csv' 
2022-04-06 14:57:58.498 DEBUG [acme.framework.components.database.Dataset@main] Reading mapping '{key:user-account=user-account-anonymous-01, key=anonymous-01}' from 'C:\Users\Grego\Desktop\Workspace-22.0\Projects\Acme-One-E8.02\target\classes\WEB-INF\resources\initial-data\anonymous.csv' 
2022-04-06 14:57:58.498 DEBUG [acme.framework.components.database.Dataset@main] Reading dataset from 'C:\Users\Grego\Desktop\Workspace-22.0\Projects\Acme-One-E8.02\target\classes\WEB-INF\resources\initial-data\authenticated.csv' 
2022-04-06 14:57:58.499 DEBUG [acme.framework.components.database.Dataset@main] Reading mapping '{key:user-account=user-account-administrator-01, key=authenticated-administrator-01}' from 'C:\Users\Grego\Desktop\Workspace-22.0\Projects\Acme-One-E8.02\target\classes\WEB-INF\resources\initial-data\authenticated.csv' 
2022-04-06 14:57:58.499 DEBUG [acme.framework.components.database.Dataset@main] Reading dataset from 'C:\Users\Grego\Desktop\Workspace-22.0\Projects\Acme-One-E8.02\target\classes\WEB-INF\resources\initial-data\system-configuration.csv' 
2022-04-06 14:57:58.509 DEBUG [acme.framework.components.database.Dataset@main] Reading mapping '{weak-spam-terms=sexy, nigeria, you’ve won, one mil-lion, has ganado, un millón, default-currency=EUR, accepted-currencies=EUR, USD, GBP, strong-spam-terms=sex, hard core, viagra, cialis , sexo, weak-threshold=25.00, key=system-configuration-01, strong-threshold=10.00}' from 'C:\Users\Grego\Desktop\Workspace-22.0\Projects\Acme-One-E8.02\target\classes\WEB-INF\resources\initial-data\system-configuration.csv' 
2022-04-06 14:57:58.509 DEBUG [acme.framework.components.database.Dataset@main] Reading dataset from 'C:\Users\Grego\Desktop\Workspace-22.0\Projects\Acme-One-E8.02\target\classes\WEB-INF\resources\initial-data\user-account.csv' 
2022-04-06 14:57:58.511 DEBUG [acme.framework.components.database.Dataset@main] Reading mapping '{password=HIDDEN-PASSWORD, identity=UserIdentity{name: 'John', surname: 'Doe', email: 'john.doe@acme.com'}, key=user-account-anonymous-01, enabled=false, username=anonymous}' from 'C:\Users\Grego\Desktop\Workspace-22.0\Projects\Acme-One-E8.02\target\classes\WEB-INF\resources\initial-data\user-account.csv' 
2022-04-06 14:57:58.511 DEBUG [acme.framework.components.database.Dataset@main] Reading mapping '{password=administrator, identity=UserIdentity{name: 'Administrator', surname: 'Acme', email: 'administrator@acme.com'}, key=user-account-administrator-01, enabled=true, username=administrator}' from 'C:\Users\Grego\Desktop\Workspace-22.0\Projects\Acme-One-E8.02\target\classes\WEB-INF\resources\initial-data\user-account.csv' 
2022-04-06 14:57:58.511 DEBUG [acme.framework.components.database.Dataset@main] Reading mapping '{password=inventor1, identity=UserIdentity{name:'inventor',surname:'1',email:'inventor1@acme.com'}, key=user-account-inventor-01, enabled=true, username=inventor1}' from 'C:\Users\Grego\Desktop\Workspace-22.0\Projects\Acme-One-E8.02\target\classes\WEB-INF\resources\initial-data\user-account.csv' 
2022-04-06 14:57:58.512 DEBUG [acme.framework.components.database.Dataset@main] Reading mapping '{password=inventor2, identity=UserIdentity{name:'inventor',surname:'2',email:'inventor2@acme.com'}, key=user-account-inventor-02, enabled=true, username=inventor2}' from 'C:\Users\Grego\Desktop\Workspace-22.0\Projects\Acme-One-E8.02\target\classes\WEB-INF\resources\initial-data\user-account.csv' 
2022-04-06 14:57:58.512 DEBUG [acme.framework.components.database.Dataset@main] Reading mapping '{password=inventor3, identity=UserIdentity{name:'inventor',surname:'3',email:'inventor3@acme.com'}, key=user-account-inventor-03, enabled=true, username=inventor3}' from 'C:\Users\Grego\Desktop\Workspace-22.0\Projects\Acme-One-E8.02\target\classes\WEB-INF\resources\initial-data\user-account.csv' 
2022-04-06 14:57:58.512 DEBUG [acme.framework.components.database.Dataset@main] Reading mapping '{password=patron3, identity=UserIdentity{name:'patron',surname:'3',email:'patron3@acme.com'}, key=user-account-patron-03, enabled=true, username=patron3}' from 'C:\Users\Grego\Desktop\Workspace-22.0\Projects\Acme-One-E8.02\target\classes\WEB-INF\resources\initial-data\user-account.csv' 
2022-04-06 14:57:58.512 DEBUG [acme.framework.components.database.Dataset@main] Reading mapping '{password=patron2, identity=UserIdentity{name:'patron',surname:'2',email:'patron2@acme.com'}, key=user-account-patron-02, enabled=true, username=patron2}' from 'C:\Users\Grego\Desktop\Workspace-22.0\Projects\Acme-One-E8.02\target\classes\WEB-INF\resources\initial-data\user-account.csv' 
2022-04-06 14:57:58.513 DEBUG [acme.framework.components.database.Dataset@main] Reading mapping '{password=patron1, identity=UserIdentity{name:'patron',surname:'1',email:'patron1@acme.com'}, key=user-account-patron-01, enabled=true, username=patron1}' from 'C:\Users\Grego\Desktop\Workspace-22.0\Projects\Acme-One-E8.02\target\classes\WEB-INF\resources\initial-data\user-account.csv' 
2022-04-06 14:57:58.513 DEBUG [acme.framework.components.database.EntityWeb@main] Setting attributes of entities of class acme.framework.roles.Authenticated 
2022-04-06 14:57:58.513 DEBUG [acme.framework.components.database.EntityWeb@main] Setting attributes of entities of class acme.framework.entities.UserAccount 
2022-04-06 14:57:58.747 DEBUG [acme.framework.components.database.EntityWeb@main] Setting attributes of entities of class acme.framework.roles.Administrator 
2022-04-06 14:57:58.747 DEBUG [acme.framework.components.database.EntityWeb@main] Setting attributes of entities of class acme.entities.SystemConfiguration 
2022-04-06 14:57:58.750 DEBUG [acme.framework.components.database.EntityWeb@main] Setting attributes of entities of class acme.framework.roles.Anonymous 
2022-04-06 14:57:58.750 DEBUG [acme.framework.components.database.EntityWeb@main] Linking entities of class acme.framework.roles.Authenticated 
2022-04-06 14:57:58.753 DEBUG [acme.framework.components.database.EntityWeb@main] Linking entities of class acme.framework.entities.UserAccount 
2022-04-06 14:57:58.753 DEBUG [acme.framework.components.database.EntityWeb@main] Linking entities of class acme.framework.roles.Administrator 
2022-04-06 14:57:58.755 DEBUG [acme.framework.components.database.EntityWeb@main] Linking entities of class acme.entities.SystemConfiguration 
2022-04-06 14:57:58.755 DEBUG [acme.framework.components.database.EntityWeb@main] Linking entities of class acme.framework.roles.Anonymous 
2022-04-06 14:57:58.757 INFO  [acme.framework.components.database.DatabasePopulator@main] Validating your entities 
2022-04-06 14:57:58.803 DEBUG [acme.framework.components.database.DatabasePopulator@main] Validating 'acme.framework.entities.UserAccount@user-account-anonymous-01' ... PASS 
2022-04-06 14:57:58.804 DEBUG [acme.framework.components.database.DatabasePopulator@main] Validating 'acme.framework.entities.UserAccount@user-account-inventor-03' ... PASS 
2022-04-06 14:57:58.805 DEBUG [acme.framework.components.database.DatabasePopulator@main] Validating 'acme.framework.entities.UserAccount@user-account-patron-01' ... PASS 
2022-04-06 14:57:58.814 DEBUG [acme.framework.components.database.DatabasePopulator@main] Validating 'acme.entities.SystemConfiguration@system-configuration-01' ... PASS 
2022-04-06 14:57:58.815 DEBUG [acme.framework.components.database.DatabasePopulator@main] Validating 'acme.framework.entities.UserAccount@user-account-inventor-02' ... PASS 
2022-04-06 14:57:58.816 DEBUG [acme.framework.components.database.DatabasePopulator@main] Validating 'acme.framework.entities.UserAccount@user-account-patron-02' ... PASS 
2022-04-06 14:57:58.816 DEBUG [acme.framework.components.database.DatabasePopulator@main] Validating 'acme.framework.entities.UserAccount@user-account-administrator-01' ... PASS 
2022-04-06 14:57:58.821 DEBUG [acme.framework.components.database.DatabasePopulator@main] Validating 'acme.framework.roles.Anonymous@anonymous-01' ... PASS 
2022-04-06 14:57:58.822 DEBUG [acme.framework.components.database.DatabasePopulator@main] Validating 'acme.framework.entities.UserAccount@user-account-inventor-01' ... PASS 
2022-04-06 14:57:58.822 DEBUG [acme.framework.components.database.DatabasePopulator@main] Validating 'acme.framework.entities.UserAccount@user-account-patron-03' ... PASS 
2022-04-06 14:57:58.824 DEBUG [acme.framework.components.database.DatabasePopulator@main] Validating 'acme.framework.roles.Authenticated@authenticated-administrator-01' ... PASS 
2022-04-06 14:57:58.827 DEBUG [acme.framework.components.database.DatabasePopulator@main] Validating 'acme.framework.roles.Administrator@administrator-01' ... PASS 
2022-04-06 14:57:58.827 INFO  [acme.framework.components.database.DatabasePopulator@main] Sorting your entity classes 
2022-04-06 14:57:58.827 DEBUG [acme.framework.components.database.DatabasePopulator@main] Best topological order for your entity clazzes: 
2022-04-06 14:57:58.827 DEBUG [acme.framework.components.database.DatabasePopulator@main] - acme.framework.entities.UserAccount 
2022-04-06 14:57:58.827 DEBUG [acme.framework.components.database.DatabasePopulator@main] - acme.framework.roles.Authenticated 
2022-04-06 14:57:58.827 DEBUG [acme.framework.components.database.DatabasePopulator@main] - acme.framework.roles.Administrator 
2022-04-06 14:57:58.827 DEBUG [acme.framework.components.database.DatabasePopulator@main] - acme.entities.SystemConfiguration 
2022-04-06 14:57:58.827 DEBUG [acme.framework.components.database.DatabasePopulator@main] - acme.framework.roles.Anonymous 
2022-04-06 14:57:58.828 INFO  [acme.framework.components.database.DatabasePopulator@main] Persisting your entities 
2022-04-06 14:57:58.828 DEBUG [acme.framework.components.database.DatabaseUtil@main] Starting new transaction. 
2022-04-06 14:57:58.828 DEBUG [acme.framework.components.database.DatabaseUtil@main] Executing command 'set transaction isolation level read uncommitted;'. 
2022-04-06 14:57:58.828 DEBUG [acme.framework.components.database.DatabaseUtil@main] Starting transaction '1000179138'. 
2022-04-06 14:57:58.828 DEBUG [acme.framework.components.database.DatabasePopulator@main] Persising entities of clazz 'acme.framework.entities.UserAccount' 
2022-04-06 14:57:58.840 DEBUG [org.hibernate.SQL@main] select next_val as id_val from hibernate_sequence for update 
2022-04-06 14:57:58.854 DEBUG [org.hibernate.SQL@main] update hibernate_sequence set next_val= ? where next_val=? 
2022-04-06 14:57:58.892 DEBUG [acme.framework.components.database.DatabaseUtil@main] Persisting entity UserAccount(username=anonymous) 
2022-04-06 14:57:58.893 DEBUG [org.hibernate.SQL@main] select next_val as id_val from hibernate_sequence for update 
2022-04-06 14:57:58.893 DEBUG [org.hibernate.SQL@main] update hibernate_sequence set next_val= ? where next_val=? 
2022-04-06 14:57:58.895 DEBUG [acme.framework.components.database.DatabaseUtil@main] Persisting entity UserAccount(username=inventor3) 
2022-04-06 14:57:58.895 DEBUG [org.hibernate.SQL@main] select next_val as id_val from hibernate_sequence for update 
2022-04-06 14:57:58.895 DEBUG [org.hibernate.SQL@main] update hibernate_sequence set next_val= ? where next_val=? 
2022-04-06 14:57:58.899 DEBUG [acme.framework.components.database.DatabaseUtil@main] Persisting entity UserAccount(username=patron1) 
2022-04-06 14:57:58.899 DEBUG [org.hibernate.SQL@main] select next_val as id_val from hibernate_sequence for update 
2022-04-06 14:57:58.900 DEBUG [org.hibernate.SQL@main] update hibernate_sequence set next_val= ? where next_val=? 
2022-04-06 14:57:58.902 DEBUG [acme.framework.components.database.DatabaseUtil@main] Persisting entity UserAccount(username=inventor2) 
2022-04-06 14:57:58.902 DEBUG [org.hibernate.SQL@main] select next_val as id_val from hibernate_sequence for update 
2022-04-06 14:57:58.902 DEBUG [org.hibernate.SQL@main] update hibernate_sequence set next_val= ? where next_val=? 
2022-04-06 14:57:58.904 DEBUG [acme.framework.components.database.DatabaseUtil@main] Persisting entity UserAccount(username=patron2) 
2022-04-06 14:57:58.904 DEBUG [org.hibernate.SQL@main] select next_val as id_val from hibernate_sequence for update 
2022-04-06 14:57:58.905 DEBUG [org.hibernate.SQL@main] update hibernate_sequence set next_val= ? where next_val=? 
2022-04-06 14:57:58.906 DEBUG [acme.framework.components.database.DatabaseUtil@main] Persisting entity UserAccount(username=administrator) 
2022-04-06 14:57:58.907 DEBUG [org.hibernate.SQL@main] select next_val as id_val from hibernate_sequence for update 
2022-04-06 14:57:58.908 DEBUG [org.hibernate.SQL@main] update hibernate_sequence set next_val= ? where next_val=? 
2022-04-06 14:57:58.910 DEBUG [acme.framework.components.database.DatabaseUtil@main] Persisting entity UserAccount(username=inventor1) 
2022-04-06 14:57:58.910 DEBUG [org.hibernate.SQL@main] select next_val as id_val from hibernate_sequence for update 
2022-04-06 14:57:58.911 DEBUG [org.hibernate.SQL@main] update hibernate_sequence set next_val= ? where next_val=? 
2022-04-06 14:57:58.912 DEBUG [acme.framework.components.database.DatabaseUtil@main] Persisting entity UserAccount(username=patron3) 
2022-04-06 14:57:58.912 DEBUG [acme.framework.components.database.DatabasePopulator@main] Persising entities of clazz 'acme.framework.roles.Authenticated' 
2022-04-06 14:57:58.912 DEBUG [org.hibernate.SQL@main] select next_val as id_val from hibernate_sequence for update 
2022-04-06 14:57:58.913 DEBUG [org.hibernate.SQL@main] update hibernate_sequence set next_val= ? where next_val=? 
2022-04-06 14:57:58.914 DEBUG [acme.framework.components.database.DatabaseUtil@main] Persisting entity UserRole(userAccount=UserAccount(username=administrator)) 
2022-04-06 14:57:58.914 DEBUG [acme.framework.components.database.DatabasePopulator@main] Persising entities of clazz 'acme.framework.roles.Administrator' 
2022-04-06 14:57:58.914 DEBUG [org.hibernate.SQL@main] select next_val as id_val from hibernate_sequence for update 
2022-04-06 14:57:58.915 DEBUG [org.hibernate.SQL@main] update hibernate_sequence set next_val= ? where next_val=? 
2022-04-06 14:57:58.916 DEBUG [acme.framework.components.database.DatabaseUtil@main] Persisting entity UserRole(userAccount=UserAccount(username=administrator)) 
2022-04-06 14:57:58.916 DEBUG [acme.framework.components.database.DatabasePopulator@main] Persising entities of clazz 'acme.entities.SystemConfiguration' 
2022-04-06 14:57:58.916 DEBUG [org.hibernate.SQL@main] select next_val as id_val from hibernate_sequence for update 
2022-04-06 14:57:58.916 DEBUG [org.hibernate.SQL@main] update hibernate_sequence set next_val= ? where next_val=? 
2022-04-06 14:57:58.917 DEBUG [acme.framework.components.database.DatabaseUtil@main] Persisting entity acme.entities.SystemConfiguration{id=11, version=0} 
2022-04-06 14:57:58.917 DEBUG [acme.framework.components.database.DatabasePopulator@main] Persising entities of clazz 'acme.framework.roles.Anonymous' 
2022-04-06 14:57:58.918 DEBUG [org.hibernate.SQL@main] select next_val as id_val from hibernate_sequence for update 
2022-04-06 14:57:58.918 DEBUG [org.hibernate.SQL@main] update hibernate_sequence set next_val= ? where next_val=? 
2022-04-06 14:57:58.919 DEBUG [acme.framework.components.database.DatabaseUtil@main] Persisting entity UserRole(userAccount=UserAccount(username=anonymous)) 
2022-04-06 14:57:58.919 DEBUG [acme.framework.components.database.DatabaseUtil@main] Committing transaction '1000179138'. 
2022-04-06 14:57:58.938 DEBUG [org.hibernate.SQL@main] insert into user_account (version, enabled, identity, password, username, id) values (?, ?, ?, ?, ?, ?) 
2022-04-06 14:57:58.939 TRACE [org.hibernate.type.descriptor.sql.BasicBinder@main] binding parameter [1] as [INTEGER] - [0] 
2022-04-06 14:57:58.940 TRACE [org.hibernate.type.descriptor.sql.BasicBinder@main] binding parameter [2] as [BOOLEAN] - [false] 
2022-04-06 14:57:58.940 TRACE [org.hibernate.type.descriptor.sql.BasicBinder@main] binding parameter [3] as [BLOB] - [DefaultUserIdentity(name=John, surname=Doe, email=john.doe@acme.com)] 
2022-04-06 14:57:58.941 TRACE [org.hibernate.type.descriptor.sql.BasicBinder@main] binding parameter [4] as [VARCHAR] - [$2a$05$XQ9TOGNAb7X.DcO9ZBxxyelz/fDZ0cB0no6McBLrC1KDidSm1BMjy] 
2022-04-06 14:57:58.941 TRACE [org.hibernate.type.descriptor.sql.BasicBinder@main] binding parameter [5] as [VARCHAR] - [anonymous] 
2022-04-06 14:57:58.942 TRACE [org.hibernate.type.descriptor.sql.BasicBinder@main] binding parameter [6] as [INTEGER] - [1] 
2022-04-06 14:57:58.946 DEBUG [org.hibernate.SQL@main] insert into user_account (version, enabled, identity, password, username, id) values (?, ?, ?, ?, ?, ?) 
2022-04-06 14:57:58.947 TRACE [org.hibernate.type.descriptor.sql.BasicBinder@main] binding parameter [1] as [INTEGER] - [0] 
2022-04-06 14:57:58.947 TRACE [org.hibernate.type.descriptor.sql.BasicBinder@main] binding parameter [2] as [BOOLEAN] - [true] 
2022-04-06 14:57:58.947 TRACE [org.hibernate.type.descriptor.sql.BasicBinder@main] binding parameter [3] as [BLOB] - [DefaultUserIdentity(name=inventor, surname=3, email=inventor3@acme.com)] 
2022-04-06 14:57:58.947 TRACE [org.hibernate.type.descriptor.sql.BasicBinder@main] binding parameter [4] as [VARCHAR] - [$2a$05$jDhEFDXbZZgu7YZ.P2Um2.k8.jeos6/hkRATzzVV.stc/vD/1dyLW] 
2022-04-06 14:57:58.947 TRACE [org.hibernate.type.descriptor.sql.BasicBinder@main] binding parameter [5] as [VARCHAR] - [inventor3] 
2022-04-06 14:57:58.947 TRACE [org.hibernate.type.descriptor.sql.BasicBinder@main] binding parameter [6] as [INTEGER] - [2] 
2022-04-06 14:57:58.948 DEBUG [org.hibernate.SQL@main] insert into user_account (version, enabled, identity, password, username, id) values (?, ?, ?, ?, ?, ?) 
2022-04-06 14:57:58.948 TRACE [org.hibernate.type.descriptor.sql.BasicBinder@main] binding parameter [1] as [INTEGER] - [0] 
2022-04-06 14:57:58.949 TRACE [org.hibernate.type.descriptor.sql.BasicBinder@main] binding parameter [2] as [BOOLEAN] - [true] 
2022-04-06 14:57:58.949 TRACE [org.hibernate.type.descriptor.sql.BasicBinder@main] binding parameter [3] as [BLOB] - [DefaultUserIdentity(name=patron, surname=1, email=patron1@acme.com)] 
2022-04-06 14:57:58.949 TRACE [org.hibernate.type.descriptor.sql.BasicBinder@main] binding parameter [4] as [VARCHAR] - [$2a$05$TzEpY3WhGHX6qGgaNn0uSulfLUC6HeslKFLqF2Ime/sOSBmpeiydi] 
2022-04-06 14:57:58.949 TRACE [org.hibernate.type.descriptor.sql.BasicBinder@main] binding parameter [5] as [VARCHAR] - [patron1] 
2022-04-06 14:57:58.949 TRACE [org.hibernate.type.descriptor.sql.BasicBinder@main] binding parameter [6] as [INTEGER] - [3] 
2022-04-06 14:57:58.949 DEBUG [org.hibernate.SQL@main] insert into user_account (version, enabled, identity, password, username, id) values (?, ?, ?, ?, ?, ?) 
2022-04-06 14:57:58.949 TRACE [org.hibernate.type.descriptor.sql.BasicBinder@main] binding parameter [1] as [INTEGER] - [0] 
2022-04-06 14:57:58.951 TRACE [org.hibernate.type.descriptor.sql.BasicBinder@main] binding parameter [2] as [BOOLEAN] - [true] 
2022-04-06 14:57:58.951 TRACE [org.hibernate.type.descriptor.sql.BasicBinder@main] binding parameter [3] as [BLOB] - [DefaultUserIdentity(name=inventor, surname=2, email=inventor2@acme.com)] 
2022-04-06 14:57:58.951 TRACE [org.hibernate.type.descriptor.sql.BasicBinder@main] binding parameter [4] as [VARCHAR] - [$2a$05$HgTl6lcKMFFZa833g/AHSOcNij1re0WNKTQL4QdSK3VXHT5877b5m] 
2022-04-06 14:57:58.951 TRACE [org.hibernate.type.descriptor.sql.BasicBinder@main] binding parameter [5] as [VARCHAR] - [inventor2] 
2022-04-06 14:57:58.951 TRACE [org.hibernate.type.descriptor.sql.BasicBinder@main] binding parameter [6] as [INTEGER] - [4] 
2022-04-06 14:57:58.952 DEBUG [org.hibernate.SQL@main] insert into user_account (version, enabled, identity, password, username, id) values (?, ?, ?, ?, ?, ?) 
2022-04-06 14:57:58.952 TRACE [org.hibernate.type.descriptor.sql.BasicBinder@main] binding parameter [1] as [INTEGER] - [0] 
2022-04-06 14:57:58.952 TRACE [org.hibernate.type.descriptor.sql.BasicBinder@main] binding parameter [2] as [BOOLEAN] - [true] 
2022-04-06 14:57:58.952 TRACE [org.hibernate.type.descriptor.sql.BasicBinder@main] binding parameter [3] as [BLOB] - [DefaultUserIdentity(name=patron, surname=2, email=patron2@acme.com)] 
2022-04-06 14:57:58.952 TRACE [org.hibernate.type.descriptor.sql.BasicBinder@main] binding parameter [4] as [VARCHAR] - [$2a$05$siFJ3MnE4SnzUlZ/GajRy.wk6LDC2rQ4K6E.m47IgUrZNgRmptigy] 
2022-04-06 14:57:58.952 TRACE [org.hibernate.type.descriptor.sql.BasicBinder@main] binding parameter [5] as [VARCHAR] - [patron2] 
2022-04-06 14:57:58.952 TRACE [org.hibernate.type.descriptor.sql.BasicBinder@main] binding parameter [6] as [INTEGER] - [5] 
2022-04-06 14:57:58.953 DEBUG [org.hibernate.SQL@main] insert into user_account (version, enabled, identity, password, username, id) values (?, ?, ?, ?, ?, ?) 
2022-04-06 14:57:58.953 TRACE [org.hibernate.type.descriptor.sql.BasicBinder@main] binding parameter [1] as [INTEGER] - [0] 
2022-04-06 14:57:58.954 TRACE [org.hibernate.type.descriptor.sql.BasicBinder@main] binding parameter [2] as [BOOLEAN] - [true] 
2022-04-06 14:57:58.954 TRACE [org.hibernate.type.descriptor.sql.BasicBinder@main] binding parameter [3] as [BLOB] - [DefaultUserIdentity(name=Administrator, surname=Acme, email=administrator@acme.com)] 
2022-04-06 14:57:58.954 TRACE [org.hibernate.type.descriptor.sql.BasicBinder@main] binding parameter [4] as [VARCHAR] - [$2a$05$eO29bWAZzp.yyjZKnz/LaOacYVo87fbOM5Ue.esvifWpBrOKTQ3dy] 
2022-04-06 14:57:58.954 TRACE [org.hibernate.type.descriptor.sql.BasicBinder@main] binding parameter [5] as [VARCHAR] - [administrator] 
2022-04-06 14:57:58.954 TRACE [org.hibernate.type.descriptor.sql.BasicBinder@main] binding parameter [6] as [INTEGER] - [6] 
2022-04-06 14:57:58.955 DEBUG [org.hibernate.SQL@main] insert into user_account (version, enabled, identity, password, username, id) values (?, ?, ?, ?, ?, ?) 
2022-04-06 14:57:58.955 TRACE [org.hibernate.type.descriptor.sql.BasicBinder@main] binding parameter [1] as [INTEGER] - [0] 
2022-04-06 14:57:58.955 TRACE [org.hibernate.type.descriptor.sql.BasicBinder@main] binding parameter [2] as [BOOLEAN] - [true] 
2022-04-06 14:57:58.955 TRACE [org.hibernate.type.descriptor.sql.BasicBinder@main] binding parameter [3] as [BLOB] - [DefaultUserIdentity(name=inventor, surname=1, email=inventor1@acme.com)] 
2022-04-06 14:57:58.955 TRACE [org.hibernate.type.descriptor.sql.BasicBinder@main] binding parameter [4] as [VARCHAR] - [$2a$05$GEykD6QXYmMy8PHd0SdNReJyFL4E4.r3ypKlDQ1FeSkOwTFaZEIHS] 
2022-04-06 14:57:58.955 TRACE [org.hibernate.type.descriptor.sql.BasicBinder@main] binding parameter [5] as [VARCHAR] - [inventor1] 
2022-04-06 14:57:58.957 TRACE [org.hibernate.type.descriptor.sql.BasicBinder@main] binding parameter [6] as [INTEGER] - [7] 
2022-04-06 14:57:58.957 DEBUG [org.hibernate.SQL@main] insert into user_account (version, enabled, identity, password, username, id) values (?, ?, ?, ?, ?, ?) 
2022-04-06 14:57:58.957 TRACE [org.hibernate.type.descriptor.sql.BasicBinder@main] binding parameter [1] as [INTEGER] - [0] 
2022-04-06 14:57:58.957 TRACE [org.hibernate.type.descriptor.sql.BasicBinder@main] binding parameter [2] as [BOOLEAN] - [true] 
2022-04-06 14:57:58.958 TRACE [org.hibernate.type.descriptor.sql.BasicBinder@main] binding parameter [3] as [BLOB] - [DefaultUserIdentity(name=patron, surname=3, email=patron3@acme.com)] 
2022-04-06 14:57:58.958 TRACE [org.hibernate.type.descriptor.sql.BasicBinder@main] binding parameter [4] as [VARCHAR] - [$2a$05$Kj/EXEJsGZ998v24rkzQ.Othe4SvQ2ZrCDxzx29h4iB0ZyxHDu0ce] 
2022-04-06 14:57:58.958 TRACE [org.hibernate.type.descriptor.sql.BasicBinder@main] binding parameter [5] as [VARCHAR] - [patron3] 
2022-04-06 14:57:58.958 TRACE [org.hibernate.type.descriptor.sql.BasicBinder@main] binding parameter [6] as [INTEGER] - [8] 
2022-04-06 14:57:58.959 DEBUG [org.hibernate.SQL@main] insert into authenticated (version, user_account_id, id) values (?, ?, ?) 
2022-04-06 14:57:58.959 TRACE [org.hibernate.type.descriptor.sql.BasicBinder@main] binding parameter [1] as [INTEGER] - [0] 
2022-04-06 14:57:58.959 TRACE [org.hibernate.type.descriptor.sql.BasicBinder@main] binding parameter [2] as [INTEGER] - [6] 
2022-04-06 14:57:58.959 TRACE [org.hibernate.type.descriptor.sql.BasicBinder@main] binding parameter [3] as [INTEGER] - [9] 
2022-04-06 14:57:58.960 DEBUG [org.hibernate.SQL@main] insert into administrator (version, user_account_id, id) values (?, ?, ?) 
2022-04-06 14:57:58.961 TRACE [org.hibernate.type.descriptor.sql.BasicBinder@main] binding parameter [1] as [INTEGER] - [0] 
2022-04-06 14:57:58.961 TRACE [org.hibernate.type.descriptor.sql.BasicBinder@main] binding parameter [2] as [INTEGER] - [6] 
2022-04-06 14:57:58.961 TRACE [org.hibernate.type.descriptor.sql.BasicBinder@main] binding parameter [3] as [INTEGER] - [10] 
2022-04-06 14:57:58.963 DEBUG [org.hibernate.SQL@main] insert into system_configuration (version, accepted_currencies, default_currency, strong_spam_terms, strong_threshold, weak_spam_terms, weak_threshold, id) values (?, ?, ?, ?, ?, ?, ?, ?) 
2022-04-06 14:57:58.963 TRACE [org.hibernate.type.descriptor.sql.BasicBinder@main] binding parameter [1] as [INTEGER] - [0] 
2022-04-06 14:57:58.963 TRACE [org.hibernate.type.descriptor.sql.BasicBinder@main] binding parameter [2] as [VARCHAR] - [EUR, USD, GBP] 
2022-04-06 14:57:58.963 TRACE [org.hibernate.type.descriptor.sql.BasicBinder@main] binding parameter [3] as [VARCHAR] - [EUR] 
2022-04-06 14:57:58.963 TRACE [org.hibernate.type.descriptor.sql.BasicBinder@main] binding parameter [4] as [VARCHAR] - [sex, hard core, viagra, cialis , sexo] 
2022-04-06 14:57:58.964 TRACE [org.hibernate.type.descriptor.sql.BasicBinder@main] binding parameter [5] as [DOUBLE] - [10.0] 
2022-04-06 14:57:58.964 TRACE [org.hibernate.type.descriptor.sql.BasicBinder@main] binding parameter [6] as [VARCHAR] - [sexy, nigeria, you’ve won, one mil-lion, has ganado, un millón] 
2022-04-06 14:57:58.964 TRACE [org.hibernate.type.descriptor.sql.BasicBinder@main] binding parameter [7] as [DOUBLE] - [25.0] 
2022-04-06 14:57:58.964 TRACE [org.hibernate.type.descriptor.sql.BasicBinder@main] binding parameter [8] as [INTEGER] - [11] 
2022-04-06 14:57:58.968 DEBUG [org.hibernate.SQL@main] insert into anonymous (version, user_account_id, id) values (?, ?, ?) 
2022-04-06 14:57:58.968 TRACE [org.hibernate.type.descriptor.sql.BasicBinder@main] binding parameter [1] as [INTEGER] - [0] 
2022-04-06 14:57:58.969 TRACE [org.hibernate.type.descriptor.sql.BasicBinder@main] binding parameter [2] as [INTEGER] - [1] 
2022-04-06 14:57:58.969 TRACE [org.hibernate.type.descriptor.sql.BasicBinder@main] binding parameter [3] as [INTEGER] - [12] 
2022-04-06 14:58:00.075 INFO  [acme.framework.configuration.ShutdownConfiguration@main] The system is shutting down... 
2022-04-06 14:58:00.092 DEBUG [acme.Launcher@main] Exit code = 0 
