2022-04-05 23:48:25.378 INFO  [acme.Launcher@main] Starting Launcher using Java 1.8.0_281 on DESKTOP-5LQR2DK with PID 21440 (D:\Uni\DP2\Workspace-22.0\Frameworks\Acme-Framework-22.3\target\classes started by Stockie in D:\Uni\DP2\Workspace-22.0\Projects\Acme-One-E8.02) 
2022-04-05 23:48:25.379 DEBUG [acme.Launcher@main] Running with Spring Boot v2.4.2, Spring v5.3.3 
2022-04-05 23:48:25.379 INFO  [acme.Launcher@main] The following profiles are active: development,populator 
2022-04-05 23:48:27.287 DEBUG [org.apache.jasper.servlet.JasperInitializer@main] Initializing Jasper for context [application] 
2022-04-05 23:48:30.673 DEBUG [org.apache.jasper.servlet.JspServlet@main] Scratch dir for the JSP engine is: [C:\Users\Stockie\AppData\Local\Temp\tomcat.8083.7402591211932407529\work\Tomcat\localhost\hello-world-22.0] 
2022-04-05 23:48:30.674 DEBUG [org.apache.jasper.servlet.JspServlet@main] IMPORTANT: Do not modify the generated servlets 
2022-04-05 23:48:30.685 INFO  [acme.Launcher@main] Started Launcher in 5.819 seconds (JVM running for 6.293) 
2022-04-05 23:48:30.690 DEBUG [acme.Launcher@main] Found classpath entry '/D:/Uni/DP2/Workspace-22.0/Projects/Acme-One-E8.02/target/classes/' 
2022-04-05 23:48:30.690 DEBUG [acme.Launcher@main] Found classpath entry '/D:/Uni/DP2/Workspace-22.0/Projects/Acme-One-E8.02/target/test-classes/' 
2022-04-05 23:48:30.690 DEBUG [acme.Launcher@main] Found classpath entry '/C:/Users/Stockie/.m2/repository/org/springframework/boot/spring-boot-starter-tomcat/2.4.2/spring-boot-starter-tomcat-2.4.2.jar' 
2022-04-05 23:48:30.690 DEBUG [acme.Launcher@main] Found classpath entry '/C:/Users/Stockie/.m2/repository/jakarta/annotation/jakarta.annotation-api/1.3.5/jakarta.annotation-api-1.3.5.jar' 
2022-04-05 23:48:30.690 DEBUG [acme.Launcher@main] Found classpath entry '/C:/Users/Stockie/.m2/repository/org/apache/tomcat/embed/tomcat-embed-core/9.0.41/tomcat-embed-core-9.0.41.jar' 
2022-04-05 23:48:30.691 DEBUG [acme.Launcher@main] Found classpath entry '/C:/Users/Stockie/.m2/repository/org/glassfish/jakarta.el/3.0.3/jakarta.el-3.0.3.jar' 
2022-04-05 23:48:30.691 DEBUG [acme.Launcher@main] Found classpath entry '/C:/Users/Stockie/.m2/repository/org/apache/tomcat/embed/tomcat-embed-websocket/9.0.41/tomcat-embed-websocket-9.0.41.jar' 
2022-04-05 23:48:30.691 DEBUG [acme.Launcher@main] Found classpath entry '/C:/Users/Stockie/.m2/repository/org/apache/tomcat/embed/tomcat-embed-jasper/9.0.41/tomcat-embed-jasper-9.0.41.jar' 
2022-04-05 23:48:30.691 DEBUG [acme.Launcher@main] Found classpath entry '/C:/Users/Stockie/.m2/repository/org/apache/tomcat/embed/tomcat-embed-el/9.0.41/tomcat-embed-el-9.0.41.jar' 
2022-04-05 23:48:30.691 DEBUG [acme.Launcher@main] Found classpath entry '/C:/Users/Stockie/.m2/repository/org/eclipse/jdt/ecj/3.18.0/ecj-3.18.0.jar' 
2022-04-05 23:48:30.691 DEBUG [acme.Launcher@main] Found classpath entry '/C:/Users/Stockie/.m2/repository/javax/servlet/jstl/1.2/jstl-1.2.jar' 
2022-04-05 23:48:30.691 DEBUG [acme.Launcher@main] Found classpath entry '/C:/Users/Stockie/.m2/repository/org/springframework/boot/spring-boot-starter-test/2.4.2/spring-boot-starter-test-2.4.2.jar' 
2022-04-05 23:48:30.692 DEBUG [acme.Launcher@main] Found classpath entry '/C:/Users/Stockie/.m2/repository/org/springframework/boot/spring-boot-starter/2.4.2/spring-boot-starter-2.4.2.jar' 
2022-04-05 23:48:30.692 DEBUG [acme.Launcher@main] Found classpath entry '/C:/Users/Stockie/.m2/repository/org/springframework/boot/spring-boot/2.4.2/spring-boot-2.4.2.jar' 
2022-04-05 23:48:30.692 DEBUG [acme.Launcher@main] Found classpath entry '/C:/Users/Stockie/.m2/repository/org/springframework/boot/spring-boot-autoconfigure/2.4.2/spring-boot-autoconfigure-2.4.2.jar' 
2022-04-05 23:48:30.692 DEBUG [acme.Launcher@main] Found classpath entry '/C:/Users/Stockie/.m2/repository/org/springframework/boot/spring-boot-starter-logging/2.4.2/spring-boot-starter-logging-2.4.2.jar' 
2022-04-05 23:48:30.692 DEBUG [acme.Launcher@main] Found classpath entry '/C:/Users/Stockie/.m2/repository/ch/qos/logback/logback-classic/1.2.3/logback-classic-1.2.3.jar' 
2022-04-05 23:48:30.692 DEBUG [acme.Launcher@main] Found classpath entry '/C:/Users/Stockie/.m2/repository/ch/qos/logback/logback-core/1.2.3/logback-core-1.2.3.jar' 
2022-04-05 23:48:30.693 DEBUG [acme.Launcher@main] Found classpath entry '/C:/Users/Stockie/.m2/repository/org/apache/logging/log4j/log4j-to-slf4j/2.13.3/log4j-to-slf4j-2.13.3.jar' 
2022-04-05 23:48:30.693 DEBUG [acme.Launcher@main] Found classpath entry '/C:/Users/Stockie/.m2/repository/org/apache/logging/log4j/log4j-api/2.13.3/log4j-api-2.13.3.jar' 
2022-04-05 23:48:30.693 DEBUG [acme.Launcher@main] Found classpath entry '/C:/Users/Stockie/.m2/repository/org/slf4j/jul-to-slf4j/1.7.30/jul-to-slf4j-1.7.30.jar' 
2022-04-05 23:48:30.693 DEBUG [acme.Launcher@main] Found classpath entry '/C:/Users/Stockie/.m2/repository/org/yaml/snakeyaml/1.27/snakeyaml-1.27.jar' 
2022-04-05 23:48:30.693 DEBUG [acme.Launcher@main] Found classpath entry '/C:/Users/Stockie/.m2/repository/org/springframework/boot/spring-boot-test/2.4.2/spring-boot-test-2.4.2.jar' 
2022-04-05 23:48:30.693 DEBUG [acme.Launcher@main] Found classpath entry '/C:/Users/Stockie/.m2/repository/org/springframework/boot/spring-boot-test-autoconfigure/2.4.2/spring-boot-test-autoconfigure-2.4.2.jar' 
2022-04-05 23:48:30.693 DEBUG [acme.Launcher@main] Found classpath entry '/C:/Users/Stockie/.m2/repository/com/jayway/jsonpath/json-path/2.4.0/json-path-2.4.0.jar' 
2022-04-05 23:48:30.693 DEBUG [acme.Launcher@main] Found classpath entry '/C:/Users/Stockie/.m2/repository/net/minidev/json-smart/2.3/json-smart-2.3.jar' 
2022-04-05 23:48:30.694 DEBUG [acme.Launcher@main] Found classpath entry '/C:/Users/Stockie/.m2/repository/net/minidev/accessors-smart/1.2/accessors-smart-1.2.jar' 
2022-04-05 23:48:30.694 DEBUG [acme.Launcher@main] Found classpath entry '/C:/Users/Stockie/.m2/repository/org/ow2/asm/asm/5.0.4/asm-5.0.4.jar' 
2022-04-05 23:48:30.694 DEBUG [acme.Launcher@main] Found classpath entry '/C:/Users/Stockie/.m2/repository/jakarta/xml/bind/jakarta.xml.bind-api/2.3.3/jakarta.xml.bind-api-2.3.3.jar' 
2022-04-05 23:48:30.694 DEBUG [acme.Launcher@main] Found classpath entry '/C:/Users/Stockie/.m2/repository/jakarta/activation/jakarta.activation-api/1.2.2/jakarta.activation-api-1.2.2.jar' 
2022-04-05 23:48:30.694 DEBUG [acme.Launcher@main] Found classpath entry '/C:/Users/Stockie/.m2/repository/org/assertj/assertj-core/3.18.1/assertj-core-3.18.1.jar' 
2022-04-05 23:48:30.694 DEBUG [acme.Launcher@main] Found classpath entry '/C:/Users/Stockie/.m2/repository/org/hamcrest/hamcrest/2.2/hamcrest-2.2.jar' 
2022-04-05 23:48:30.694 DEBUG [acme.Launcher@main] Found classpath entry '/C:/Users/Stockie/.m2/repository/org/junit/jupiter/junit-jupiter/5.7.0/junit-jupiter-5.7.0.jar' 
2022-04-05 23:48:30.695 DEBUG [acme.Launcher@main] Found classpath entry '/C:/Users/Stockie/.m2/repository/org/mockito/mockito-core/3.6.28/mockito-core-3.6.28.jar' 
2022-04-05 23:48:30.695 DEBUG [acme.Launcher@main] Found classpath entry '/C:/Users/Stockie/.m2/repository/net/bytebuddy/byte-buddy-agent/1.10.19/byte-buddy-agent-1.10.19.jar' 
2022-04-05 23:48:30.695 DEBUG [acme.Launcher@main] Found classpath entry '/C:/Users/Stockie/.m2/repository/org/objenesis/objenesis/3.1/objenesis-3.1.jar' 
2022-04-05 23:48:30.695 DEBUG [acme.Launcher@main] Found classpath entry '/C:/Users/Stockie/.m2/repository/org/mockito/mockito-junit-jupiter/3.6.28/mockito-junit-jupiter-3.6.28.jar' 
2022-04-05 23:48:30.695 DEBUG [acme.Launcher@main] Found classpath entry '/C:/Users/Stockie/.m2/repository/org/skyscreamer/jsonassert/1.5.0/jsonassert-1.5.0.jar' 
2022-04-05 23:48:30.695 DEBUG [acme.Launcher@main] Found classpath entry '/C:/Users/Stockie/.m2/repository/com/vaadin/external/google/android-json/0.0.20131108.vaadin1/android-json-0.0.20131108.vaadin1.jar' 
2022-04-05 23:48:30.695 DEBUG [acme.Launcher@main] Found classpath entry '/C:/Users/Stockie/.m2/repository/org/springframework/spring-core/5.3.3/spring-core-5.3.3.jar' 
2022-04-05 23:48:30.695 DEBUG [acme.Launcher@main] Found classpath entry '/C:/Users/Stockie/.m2/repository/org/springframework/spring-jcl/5.3.3/spring-jcl-5.3.3.jar' 
2022-04-05 23:48:30.696 DEBUG [acme.Launcher@main] Found classpath entry '/C:/Users/Stockie/.m2/repository/org/springframework/spring-test/5.3.3/spring-test-5.3.3.jar' 
2022-04-05 23:48:30.696 DEBUG [acme.Launcher@main] Found classpath entry '/C:/Users/Stockie/.m2/repository/org/xmlunit/xmlunit-core/2.7.0/xmlunit-core-2.7.0.jar' 
2022-04-05 23:48:30.696 DEBUG [acme.Launcher@main] Found classpath entry '/C:/Users/Stockie/.m2/repository/org/springframework/boot/spring-boot-starter-security/2.4.2/spring-boot-starter-security-2.4.2.jar' 
2022-04-05 23:48:30.696 DEBUG [acme.Launcher@main] Found classpath entry '/C:/Users/Stockie/.m2/repository/org/springframework/spring-aop/5.3.3/spring-aop-5.3.3.jar' 
2022-04-05 23:48:30.696 DEBUG [acme.Launcher@main] Found classpath entry '/C:/Users/Stockie/.m2/repository/org/springframework/security/spring-security-web/5.4.2/spring-security-web-5.4.2.jar' 
2022-04-05 23:48:30.696 DEBUG [acme.Launcher@main] Found classpath entry '/C:/Users/Stockie/.m2/repository/org/springframework/security/spring-security-core/5.4.2/spring-security-core-5.4.2.jar' 
2022-04-05 23:48:30.696 DEBUG [acme.Launcher@main] Found classpath entry '/C:/Users/Stockie/.m2/repository/org/springframework/spring-beans/5.3.3/spring-beans-5.3.3.jar' 
2022-04-05 23:48:30.697 DEBUG [acme.Launcher@main] Found classpath entry '/C:/Users/Stockie/.m2/repository/org/springframework/spring-context/5.3.3/spring-context-5.3.3.jar' 
2022-04-05 23:48:30.697 DEBUG [acme.Launcher@main] Found classpath entry '/C:/Users/Stockie/.m2/repository/org/springframework/spring-expression/5.3.3/spring-expression-5.3.3.jar' 
2022-04-05 23:48:30.697 DEBUG [acme.Launcher@main] Found classpath entry '/C:/Users/Stockie/.m2/repository/org/springframework/spring-web/5.3.3/spring-web-5.3.3.jar' 
2022-04-05 23:48:30.697 DEBUG [acme.Launcher@main] Found classpath entry '/C:/Users/Stockie/.m2/repository/org/springframework/security/spring-security-config/5.4.2/spring-security-config-5.4.2.jar' 
2022-04-05 23:48:30.697 DEBUG [acme.Launcher@main] Found classpath entry '/C:/Users/Stockie/.m2/repository/org/springframework/security/spring-security-taglibs/5.4.2/spring-security-taglibs-5.4.2.jar' 
2022-04-05 23:48:30.697 DEBUG [acme.Launcher@main] Found classpath entry '/C:/Users/Stockie/.m2/repository/org/springframework/security/spring-security-acl/5.4.2/spring-security-acl-5.4.2.jar' 
2022-04-05 23:48:30.697 DEBUG [acme.Launcher@main] Found classpath entry '/C:/Users/Stockie/.m2/repository/org/springframework/spring-jdbc/5.3.3/spring-jdbc-5.3.3.jar' 
2022-04-05 23:48:30.697 DEBUG [acme.Launcher@main] Found classpath entry '/C:/Users/Stockie/.m2/repository/org/springframework/spring-tx/5.3.3/spring-tx-5.3.3.jar' 
2022-04-05 23:48:30.698 DEBUG [acme.Launcher@main] Found classpath entry '/C:/Users/Stockie/.m2/repository/org/springframework/boot/spring-boot-starter-web/2.4.2/spring-boot-starter-web-2.4.2.jar' 
2022-04-05 23:48:30.698 DEBUG [acme.Launcher@main] Found classpath entry '/C:/Users/Stockie/.m2/repository/org/springframework/boot/spring-boot-starter-json/2.4.2/spring-boot-starter-json-2.4.2.jar' 
2022-04-05 23:48:30.698 DEBUG [acme.Launcher@main] Found classpath entry '/C:/Users/Stockie/.m2/repository/com/fasterxml/jackson/core/jackson-databind/2.11.4/jackson-databind-2.11.4.jar' 
2022-04-05 23:48:30.698 DEBUG [acme.Launcher@main] Found classpath entry '/C:/Users/Stockie/.m2/repository/com/fasterxml/jackson/core/jackson-annotations/2.11.4/jackson-annotations-2.11.4.jar' 
2022-04-05 23:48:30.698 DEBUG [acme.Launcher@main] Found classpath entry '/C:/Users/Stockie/.m2/repository/com/fasterxml/jackson/core/jackson-core/2.11.4/jackson-core-2.11.4.jar' 
2022-04-05 23:48:30.698 DEBUG [acme.Launcher@main] Found classpath entry '/C:/Users/Stockie/.m2/repository/com/fasterxml/jackson/datatype/jackson-datatype-jdk8/2.11.4/jackson-datatype-jdk8-2.11.4.jar' 
2022-04-05 23:48:30.698 DEBUG [acme.Launcher@main] Found classpath entry '/C:/Users/Stockie/.m2/repository/com/fasterxml/jackson/datatype/jackson-datatype-jsr310/2.11.4/jackson-datatype-jsr310-2.11.4.jar' 
2022-04-05 23:48:30.698 DEBUG [acme.Launcher@main] Found classpath entry '/C:/Users/Stockie/.m2/repository/com/fasterxml/jackson/module/jackson-module-parameter-names/2.11.4/jackson-module-parameter-names-2.11.4.jar' 
2022-04-05 23:48:30.698 DEBUG [acme.Launcher@main] Found classpath entry '/C:/Users/Stockie/.m2/repository/org/springframework/spring-webmvc/5.3.3/spring-webmvc-5.3.3.jar' 
2022-04-05 23:48:30.699 DEBUG [acme.Launcher@main] Found classpath entry '/C:/Users/Stockie/.m2/repository/org/apache/tiles/tiles-jsp/3.0.8/tiles-jsp-3.0.8.jar' 
2022-04-05 23:48:30.699 DEBUG [acme.Launcher@main] Found classpath entry '/C:/Users/Stockie/.m2/repository/org/apache/tiles/tiles-servlet/3.0.8/tiles-servlet-3.0.8.jar' 
2022-04-05 23:48:30.699 DEBUG [acme.Launcher@main] Found classpath entry '/C:/Users/Stockie/.m2/repository/org/apache/tiles/tiles-core/3.0.8/tiles-core-3.0.8.jar' 
2022-04-05 23:48:30.699 DEBUG [acme.Launcher@main] Found classpath entry '/C:/Users/Stockie/.m2/repository/commons-digester/commons-digester/2.0/commons-digester-2.0.jar' 
2022-04-05 23:48:30.699 DEBUG [acme.Launcher@main] Found classpath entry '/C:/Users/Stockie/.m2/repository/org/slf4j/jcl-over-slf4j/1.7.30/jcl-over-slf4j-1.7.30.jar' 
2022-04-05 23:48:30.699 DEBUG [acme.Launcher@main] Found classpath entry '/C:/Users/Stockie/.m2/repository/org/apache/tiles/tiles-request-servlet/1.0.7/tiles-request-servlet-1.0.7.jar' 
2022-04-05 23:48:30.699 DEBUG [acme.Launcher@main] Found classpath entry '/C:/Users/Stockie/.m2/repository/org/apache/tiles/tiles-template/3.0.8/tiles-template-3.0.8.jar' 
2022-04-05 23:48:30.699 DEBUG [acme.Launcher@main] Found classpath entry '/C:/Users/Stockie/.m2/repository/org/apache/tiles/tiles-api/3.0.8/tiles-api-3.0.8.jar' 
2022-04-05 23:48:30.699 DEBUG [acme.Launcher@main] Found classpath entry '/C:/Users/Stockie/.m2/repository/org/apache/tiles/tiles-autotag-core-runtime/1.2/tiles-autotag-core-runtime-1.2.jar' 
2022-04-05 23:48:30.700 DEBUG [acme.Launcher@main] Found classpath entry '/C:/Users/Stockie/.m2/repository/org/slf4j/slf4j-api/1.7.30/slf4j-api-1.7.30.jar' 
2022-04-05 23:48:30.700 DEBUG [acme.Launcher@main] Found classpath entry '/C:/Users/Stockie/.m2/repository/org/apache/tiles/tiles-request-jsp/1.0.7/tiles-request-jsp-1.0.7.jar' 
2022-04-05 23:48:30.700 DEBUG [acme.Launcher@main] Found classpath entry '/C:/Users/Stockie/.m2/repository/org/apache/tiles/tiles-request-api/1.0.7/tiles-request-api-1.0.7.jar' 
2022-04-05 23:48:30.700 DEBUG [acme.Launcher@main] Found classpath entry '/C:/Users/Stockie/.m2/repository/org/springframework/boot/spring-boot-starter-data-jpa/2.4.2/spring-boot-starter-data-jpa-2.4.2.jar' 
2022-04-05 23:48:30.700 DEBUG [acme.Launcher@main] Found classpath entry '/C:/Users/Stockie/.m2/repository/org/springframework/boot/spring-boot-starter-aop/2.4.2/spring-boot-starter-aop-2.4.2.jar' 
2022-04-05 23:48:30.700 DEBUG [acme.Launcher@main] Found classpath entry '/C:/Users/Stockie/.m2/repository/org/aspectj/aspectjweaver/1.9.6/aspectjweaver-1.9.6.jar' 
2022-04-05 23:48:30.700 DEBUG [acme.Launcher@main] Found classpath entry '/C:/Users/Stockie/.m2/repository/org/springframework/boot/spring-boot-starter-jdbc/2.4.2/spring-boot-starter-jdbc-2.4.2.jar' 
2022-04-05 23:48:30.700 DEBUG [acme.Launcher@main] Found classpath entry '/C:/Users/Stockie/.m2/repository/jakarta/transaction/jakarta.transaction-api/1.3.3/jakarta.transaction-api-1.3.3.jar' 
2022-04-05 23:48:30.700 DEBUG [acme.Launcher@main] Found classpath entry '/C:/Users/Stockie/.m2/repository/jakarta/persistence/jakarta.persistence-api/2.2.3/jakarta.persistence-api-2.2.3.jar' 
2022-04-05 23:48:30.701 DEBUG [acme.Launcher@main] Found classpath entry '/C:/Users/Stockie/.m2/repository/org/hibernate/hibernate-core/5.4.27.Final/hibernate-core-5.4.27.Final.jar' 
2022-04-05 23:48:30.701 DEBUG [acme.Launcher@main] Found classpath entry '/C:/Users/Stockie/.m2/repository/org/jboss/logging/jboss-logging/3.4.1.Final/jboss-logging-3.4.1.Final.jar' 
2022-04-05 23:48:30.701 DEBUG [acme.Launcher@main] Found classpath entry '/C:/Users/Stockie/.m2/repository/org/javassist/javassist/3.27.0-GA/javassist-3.27.0-GA.jar' 
2022-04-05 23:48:30.701 DEBUG [acme.Launcher@main] Found classpath entry '/C:/Users/Stockie/.m2/repository/antlr/antlr/2.7.7/antlr-2.7.7.jar' 
2022-04-05 23:48:30.701 DEBUG [acme.Launcher@main] Found classpath entry '/C:/Users/Stockie/.m2/repository/org/jboss/jandex/2.1.3.Final/jandex-2.1.3.Final.jar' 
2022-04-05 23:48:30.701 DEBUG [acme.Launcher@main] Found classpath entry '/C:/Users/Stockie/.m2/repository/com/fasterxml/classmate/1.5.1/classmate-1.5.1.jar' 
2022-04-05 23:48:30.701 DEBUG [acme.Launcher@main] Found classpath entry '/C:/Users/Stockie/.m2/repository/org/dom4j/dom4j/2.1.3/dom4j-2.1.3.jar' 
2022-04-05 23:48:30.701 DEBUG [acme.Launcher@main] Found classpath entry '/C:/Users/Stockie/.m2/repository/org/hibernate/common/hibernate-commons-annotations/5.1.2.Final/hibernate-commons-annotations-5.1.2.Final.jar' 
2022-04-05 23:48:30.702 DEBUG [acme.Launcher@main] Found classpath entry '/C:/Users/Stockie/.m2/repository/org/glassfish/jaxb/jaxb-runtime/2.3.3/jaxb-runtime-2.3.3.jar' 
2022-04-05 23:48:30.702 DEBUG [acme.Launcher@main] Found classpath entry '/C:/Users/Stockie/.m2/repository/org/glassfish/jaxb/txw2/2.3.3/txw2-2.3.3.jar' 
2022-04-05 23:48:30.702 DEBUG [acme.Launcher@main] Found classpath entry '/C:/Users/Stockie/.m2/repository/com/sun/istack/istack-commons-runtime/3.0.11/istack-commons-runtime-3.0.11.jar' 
2022-04-05 23:48:30.702 DEBUG [acme.Launcher@main] Found classpath entry '/C:/Users/Stockie/.m2/repository/com/sun/activation/jakarta.activation/1.2.2/jakarta.activation-1.2.2.jar' 
2022-04-05 23:48:30.702 DEBUG [acme.Launcher@main] Found classpath entry '/C:/Users/Stockie/.m2/repository/org/springframework/data/spring-data-jpa/2.4.3/spring-data-jpa-2.4.3.jar' 
2022-04-05 23:48:30.702 DEBUG [acme.Launcher@main] Found classpath entry '/C:/Users/Stockie/.m2/repository/org/springframework/data/spring-data-commons/2.4.3/spring-data-commons-2.4.3.jar' 
2022-04-05 23:48:30.702 DEBUG [acme.Launcher@main] Found classpath entry '/C:/Users/Stockie/.m2/repository/org/springframework/spring-orm/5.3.3/spring-orm-5.3.3.jar' 
2022-04-05 23:48:30.702 DEBUG [acme.Launcher@main] Found classpath entry '/C:/Users/Stockie/.m2/repository/org/springframework/spring-aspects/5.3.3/spring-aspects-5.3.3.jar' 
2022-04-05 23:48:30.702 DEBUG [acme.Launcher@main] Found classpath entry '/C:/Users/Stockie/.m2/repository/org/springframework/boot/spring-boot-starter-validation/2.4.2/spring-boot-starter-validation-2.4.2.jar' 
2022-04-05 23:48:30.702 DEBUG [acme.Launcher@main] Found classpath entry '/C:/Users/Stockie/.m2/repository/org/hibernate/validator/hibernate-validator/6.1.7.Final/hibernate-validator-6.1.7.Final.jar' 
2022-04-05 23:48:30.703 DEBUG [acme.Launcher@main] Found classpath entry '/C:/Users/Stockie/.m2/repository/jakarta/validation/jakarta.validation-api/2.0.2/jakarta.validation-api-2.0.2.jar' 
2022-04-05 23:48:30.703 DEBUG [acme.Launcher@main] Found classpath entry '/C:/Users/Stockie/.m2/repository/mysql/mysql-connector-java/8.0.22/mysql-connector-java-8.0.22.jar' 
2022-04-05 23:48:30.703 DEBUG [acme.Launcher@main] Found classpath entry '/C:/Users/Stockie/.m2/repository/com/zaxxer/HikariCP/3.4.5/HikariCP-3.4.5.jar' 
2022-04-05 23:48:30.703 DEBUG [acme.Launcher@main] Found classpath entry '/C:/Users/Stockie/.m2/repository/org/junit/jupiter/junit-jupiter-engine/5.7.0/junit-jupiter-engine-5.7.0.jar' 
2022-04-05 23:48:30.703 DEBUG [acme.Launcher@main] Found classpath entry '/C:/Users/Stockie/.m2/repository/org/apiguardian/apiguardian-api/1.1.0/apiguardian-api-1.1.0.jar' 
2022-04-05 23:48:30.703 DEBUG [acme.Launcher@main] Found classpath entry '/C:/Users/Stockie/.m2/repository/org/junit/platform/junit-platform-engine/1.7.0/junit-platform-engine-1.7.0.jar' 
2022-04-05 23:48:30.703 DEBUG [acme.Launcher@main] Found classpath entry '/C:/Users/Stockie/.m2/repository/org/junit/jupiter/junit-jupiter-api/5.7.0/junit-jupiter-api-5.7.0.jar' 
2022-04-05 23:48:30.703 DEBUG [acme.Launcher@main] Found classpath entry '/C:/Users/Stockie/.m2/repository/org/opentest4j/opentest4j/1.2.0/opentest4j-1.2.0.jar' 
2022-04-05 23:48:30.703 DEBUG [acme.Launcher@main] Found classpath entry '/C:/Users/Stockie/.m2/repository/org/junit/platform/junit-platform-commons/1.7.0/junit-platform-commons-1.7.0.jar' 
2022-04-05 23:48:30.704 DEBUG [acme.Launcher@main] Found classpath entry '/C:/Users/Stockie/.m2/repository/org/junit/jupiter/junit-jupiter-params/5.7.0/junit-jupiter-params-5.7.0.jar' 
2022-04-05 23:48:30.704 DEBUG [acme.Launcher@main] Found classpath entry '/C:/Users/Stockie/.m2/repository/org/junit/platform/junit-platform-launcher/1.7.0/junit-platform-launcher-1.7.0.jar' 
2022-04-05 23:48:30.704 DEBUG [acme.Launcher@main] Found classpath entry '/C:/Users/Stockie/.m2/repository/org/seleniumhq/selenium/selenium-java/3.141.59/selenium-java-3.141.59.jar' 
2022-04-05 23:48:30.704 DEBUG [acme.Launcher@main] Found classpath entry '/C:/Users/Stockie/.m2/repository/org/seleniumhq/selenium/selenium-api/3.141.59/selenium-api-3.141.59.jar' 
2022-04-05 23:48:30.704 DEBUG [acme.Launcher@main] Found classpath entry '/C:/Users/Stockie/.m2/repository/org/seleniumhq/selenium/selenium-chrome-driver/3.141.59/selenium-chrome-driver-3.141.59.jar' 
2022-04-05 23:48:30.704 DEBUG [acme.Launcher@main] Found classpath entry '/C:/Users/Stockie/.m2/repository/org/seleniumhq/selenium/selenium-edge-driver/3.141.59/selenium-edge-driver-3.141.59.jar' 
2022-04-05 23:48:30.704 DEBUG [acme.Launcher@main] Found classpath entry '/C:/Users/Stockie/.m2/repository/org/seleniumhq/selenium/selenium-firefox-driver/3.141.59/selenium-firefox-driver-3.141.59.jar' 
2022-04-05 23:48:30.704 DEBUG [acme.Launcher@main] Found classpath entry '/C:/Users/Stockie/.m2/repository/org/seleniumhq/selenium/selenium-ie-driver/3.141.59/selenium-ie-driver-3.141.59.jar' 
2022-04-05 23:48:30.704 DEBUG [acme.Launcher@main] Found classpath entry '/C:/Users/Stockie/.m2/repository/org/seleniumhq/selenium/selenium-opera-driver/3.141.59/selenium-opera-driver-3.141.59.jar' 
2022-04-05 23:48:30.705 DEBUG [acme.Launcher@main] Found classpath entry '/C:/Users/Stockie/.m2/repository/org/seleniumhq/selenium/selenium-remote-driver/3.141.59/selenium-remote-driver-3.141.59.jar' 
2022-04-05 23:48:30.705 DEBUG [acme.Launcher@main] Found classpath entry '/C:/Users/Stockie/.m2/repository/org/seleniumhq/selenium/selenium-safari-driver/3.141.59/selenium-safari-driver-3.141.59.jar' 
2022-04-05 23:48:30.705 DEBUG [acme.Launcher@main] Found classpath entry '/C:/Users/Stockie/.m2/repository/org/seleniumhq/selenium/selenium-support/3.141.59/selenium-support-3.141.59.jar' 
2022-04-05 23:48:30.705 DEBUG [acme.Launcher@main] Found classpath entry '/C:/Users/Stockie/.m2/repository/net/bytebuddy/byte-buddy/1.10.19/byte-buddy-1.10.19.jar' 
2022-04-05 23:48:30.705 DEBUG [acme.Launcher@main] Found classpath entry '/C:/Users/Stockie/.m2/repository/org/apache/commons/commons-exec/1.3/commons-exec-1.3.jar' 
2022-04-05 23:48:30.705 DEBUG [acme.Launcher@main] Found classpath entry '/C:/Users/Stockie/.m2/repository/com/google/guava/guava/25.0-jre/guava-25.0-jre.jar' 
2022-04-05 23:48:30.705 DEBUG [acme.Launcher@main] Found classpath entry '/C:/Users/Stockie/.m2/repository/com/google/code/findbugs/jsr305/1.3.9/jsr305-1.3.9.jar' 
2022-04-05 23:48:30.705 DEBUG [acme.Launcher@main] Found classpath entry '/C:/Users/Stockie/.m2/repository/org/checkerframework/checker-compat-qual/2.0.0/checker-compat-qual-2.0.0.jar' 
2022-04-05 23:48:30.705 DEBUG [acme.Launcher@main] Found classpath entry '/C:/Users/Stockie/.m2/repository/com/google/errorprone/error_prone_annotations/2.1.3/error_prone_annotations-2.1.3.jar' 
2022-04-05 23:48:30.705 DEBUG [acme.Launcher@main] Found classpath entry '/C:/Users/Stockie/.m2/repository/com/google/j2objc/j2objc-annotations/1.1/j2objc-annotations-1.1.jar' 
2022-04-05 23:48:30.706 DEBUG [acme.Launcher@main] Found classpath entry '/C:/Users/Stockie/.m2/repository/org/codehaus/mojo/animal-sniffer-annotations/1.14/animal-sniffer-annotations-1.14.jar' 
2022-04-05 23:48:30.706 DEBUG [acme.Launcher@main] Found classpath entry '/C:/Users/Stockie/.m2/repository/com/squareup/okhttp3/okhttp/3.14.9/okhttp-3.14.9.jar' 
2022-04-05 23:48:30.706 DEBUG [acme.Launcher@main] Found classpath entry '/C:/Users/Stockie/.m2/repository/com/squareup/okio/okio/1.14.0/okio-1.14.0.jar' 
2022-04-05 23:48:30.706 DEBUG [acme.Launcher@main] Found classpath entry '/C:/Users/Stockie/.m2/repository/org/apache/commons/commons-lang3/3.11/commons-lang3-3.11.jar' 
2022-04-05 23:48:30.706 DEBUG [acme.Launcher@main] Found classpath entry '/C:/Users/Stockie/.m2/repository/org/apache/commons/commons-text/1.8/commons-text-1.8.jar' 
2022-04-05 23:48:30.706 DEBUG [acme.Launcher@main] Found classpath entry '/C:/Users/Stockie/.m2/repository/commons-io/commons-io/2.6/commons-io-2.6.jar' 
2022-04-05 23:48:30.706 DEBUG [acme.Launcher@main] Found classpath entry '/C:/Users/Stockie/.m2/repository/commons-cli/commons-cli/1.4/commons-cli-1.4.jar' 
2022-04-05 23:48:30.706 DEBUG [acme.Launcher@main] Found classpath entry '/C:/Users/Stockie/.m2/repository/org/projectlombok/lombok/1.18.16/lombok-1.18.16.jar' 
2022-04-05 23:48:30.706 DEBUG [acme.Launcher@main] Found classpath entry '/C:/Users/Stockie/.m2/repository/com/opencsv/opencsv/5.4/opencsv-5.4.jar' 
2022-04-05 23:48:30.707 DEBUG [acme.Launcher@main] Found classpath entry '/C:/Users/Stockie/.m2/repository/commons-beanutils/commons-beanutils/1.9.4/commons-beanutils-1.9.4.jar' 
2022-04-05 23:48:30.707 DEBUG [acme.Launcher@main] Found classpath entry '/C:/Users/Stockie/.m2/repository/commons-logging/commons-logging/1.2/commons-logging-1.2.jar' 
2022-04-05 23:48:30.707 DEBUG [acme.Launcher@main] Found classpath entry '/C:/Users/Stockie/.m2/repository/commons-collections/commons-collections/3.2.2/commons-collections-3.2.2.jar' 
2022-04-05 23:48:30.707 DEBUG [acme.Launcher@main] Found classpath entry '/C:/Users/Stockie/.m2/repository/org/apache/commons/commons-collections4/4.4/commons-collections4-4.4.jar' 
2022-04-05 23:48:30.707 DEBUG [acme.Launcher@main] Found classpath entry '/D:/Uni/DP2/Workspace-22.0/Frameworks/Acme-Framework-22.3/target/classes/' 
2022-04-05 23:48:30.707 DEBUG [acme.Launcher@main] Found classpath entry '/D:/Uni/DP2/Workspace-22.0/Frameworks/Acme-Framework-22.3/target/test-classes/' 
2022-04-05 23:48:30.831 DEBUG [acme.Launcher@main] Found entity class 'acme.entities.Announcement 
2022-04-05 23:48:30.831 DEBUG [acme.Launcher@main] Found entity class 'acme.entities.Chirp 
2022-04-05 23:48:30.831 DEBUG [acme.Launcher@main] Found entity class 'acme.entities.Component 
2022-04-05 23:48:30.831 DEBUG [acme.Launcher@main] Found entity class 'acme.entities.SystemConfiguration 
2022-04-05 23:48:30.832 DEBUG [acme.Launcher@main] Found entity class 'acme.entities.item.Item 
2022-04-05 23:48:30.832 DEBUG [acme.Launcher@main] Found entity class 'acme.entities.patronage.Patronage 
2022-04-05 23:48:30.832 DEBUG [acme.Launcher@main] Found entity class 'acme.entities.toolkit.Toolkit 
2022-04-05 23:48:30.832 DEBUG [acme.Launcher@main] Found entity class 'acme.roles.Consumer 
2022-04-05 23:48:30.832 DEBUG [acme.Launcher@main] Found entity class 'acme.roles.Inventor 
2022-04-05 23:48:30.832 DEBUG [acme.Launcher@main] Found entity class 'acme.roles.Patron 
2022-04-05 23:48:30.832 DEBUG [acme.Launcher@main] Found entity class 'acme.roles.Provider 
2022-04-05 23:48:30.832 DEBUG [acme.Launcher@main] Found entity class 'acme.framework.entities.UserAccount 
2022-04-05 23:48:30.832 DEBUG [acme.Launcher@main] Found entity class 'acme.framework.roles.Administrator 
2022-04-05 23:48:30.832 DEBUG [acme.Launcher@main] Found entity class 'acme.framework.roles.Anonymous 
2022-04-05 23:48:30.832 DEBUG [acme.Launcher@main] Found entity class 'acme.framework.roles.Any 
2022-04-05 23:48:30.833 DEBUG [acme.Launcher@main] Found entity class 'acme.framework.roles.Authenticated 
2022-04-05 23:48:30.836 INFO  [acme.Launcher@main] Populating (sample data) 
2022-04-05 23:48:30.837 INFO  [acme.framework.components.database.DatabasePopulator@main] Building database schema 
2022-04-05 23:48:30.864 DEBUG [acme.framework.components.database.DatabaseUtil@main] Executing script. 
2022-04-05 23:48:30.864 DEBUG [acme.framework.components.database.DatabaseUtil@main] Starting new transaction. 
2022-04-05 23:48:30.870 DEBUG [acme.framework.components.database.DatabaseUtil@main] Executing command 'set transaction isolation level read uncommitted;'. 
2022-04-05 23:48:30.877 DEBUG [acme.framework.components.database.DatabaseUtil@main] Starting transaction '888942941'. 
2022-04-05 23:48:30.878 DEBUG [acme.framework.components.database.DatabaseUtil@main] Executing script command 'set foreign_key_checks=0'. 
2022-04-05 23:48:30.878 DEBUG [acme.framework.components.database.DatabaseUtil@main] Executing script command 'drop table if exists administrator'. 
2022-04-05 23:48:31.576 DEBUG [acme.framework.components.database.DatabaseUtil@main] Executing script command 'drop table if exists announcement'. 
2022-04-05 23:48:31.817 DEBUG [acme.framework.components.database.DatabaseUtil@main] Executing script command 'drop table if exists anonymous'. 
2022-04-05 23:48:32.051 DEBUG [acme.framework.components.database.DatabaseUtil@main] Executing script command 'drop table if exists any'. 
2022-04-05 23:48:32.275 DEBUG [acme.framework.components.database.DatabaseUtil@main] Executing script command 'drop table if exists authenticated'. 
2022-04-05 23:48:32.484 DEBUG [acme.framework.components.database.DatabaseUtil@main] Executing script command 'drop table if exists chirp'. 
2022-04-05 23:48:32.717 DEBUG [acme.framework.components.database.DatabaseUtil@main] Executing script command 'drop table if exists component'. 
2022-04-05 23:48:32.932 DEBUG [acme.framework.components.database.DatabaseUtil@main] Executing script command 'drop table if exists consumer'. 
2022-04-05 23:48:33.142 DEBUG [acme.framework.components.database.DatabaseUtil@main] Executing script command 'drop table if exists hibernate_sequence'. 
2022-04-05 23:48:33.367 DEBUG [acme.framework.components.database.DatabaseUtil@main] Executing script command 'drop table if exists inventor'. 
2022-04-05 23:48:33.602 DEBUG [acme.framework.components.database.DatabaseUtil@main] Executing script command 'drop table if exists item'. 
2022-04-05 23:48:33.819 DEBUG [acme.framework.components.database.DatabaseUtil@main] Executing script command 'drop table if exists patron'. 
2022-04-05 23:48:34.044 DEBUG [acme.framework.components.database.DatabaseUtil@main] Executing script command 'drop table if exists patronage'. 
2022-04-05 23:48:34.275 DEBUG [acme.framework.components.database.DatabaseUtil@main] Executing script command 'drop table if exists provider'. 
2022-04-05 23:48:34.483 DEBUG [acme.framework.components.database.DatabaseUtil@main] Executing script command 'drop table if exists system_configuration'. 
2022-04-05 23:48:34.708 DEBUG [acme.framework.components.database.DatabaseUtil@main] Executing script command 'drop table if exists toolkit'. 
2022-04-05 23:48:34.908 DEBUG [acme.framework.components.database.DatabaseUtil@main] Executing script command 'drop table if exists user_account'. 
2022-04-05 23:48:35.108 DEBUG [acme.framework.components.database.DatabaseUtil@main] Executing script command 'set foreign_key_checks=1'. 
2022-04-05 23:48:35.109 DEBUG [acme.framework.components.database.DatabaseUtil@main] Committing transaction '888942941'. 
2022-04-05 23:48:35.118 DEBUG [acme.framework.components.database.DatabaseUtil@main] Executing script. 
2022-04-05 23:48:35.118 DEBUG [acme.framework.components.database.DatabaseUtil@main] Starting new transaction. 
2022-04-05 23:48:35.118 DEBUG [acme.framework.components.database.DatabaseUtil@main] Executing command 'set transaction isolation level read uncommitted;'. 
2022-04-05 23:48:35.118 DEBUG [acme.framework.components.database.DatabaseUtil@main] Starting transaction '2003729915'. 
2022-04-05 23:48:35.119 DEBUG [acme.framework.components.database.DatabaseUtil@main] Executing script command 'set foreign_key_checks=0'. 
2022-04-05 23:48:35.119 DEBUG [acme.framework.components.database.DatabaseUtil@main] Executing script command 'create table administrator (id integer not null, version integer not null, user_account_id integer, primary key (id)) engine=InnoDB'. 
2022-04-05 23:48:35.343 DEBUG [acme.framework.components.database.DatabaseUtil@main] Executing script command 'create table announcement (id integer not null, version integer not null, body varchar(255), creation_moment datetime, critical bit not null, link varchar(255), title varchar(255), primary key (id)) engine=InnoDB'. 
2022-04-05 23:48:35.608 DEBUG [acme.framework.components.database.DatabaseUtil@main] Executing script command 'create table anonymous (id integer not null, version integer not null, user_account_id integer, primary key (id)) engine=InnoDB'. 
2022-04-05 23:48:35.883 DEBUG [acme.framework.components.database.DatabaseUtil@main] Executing script command 'create table any (id integer not null, version integer not null, user_account_id integer, primary key (id)) engine=InnoDB'. 
2022-04-05 23:48:36.241 DEBUG [acme.framework.components.database.DatabaseUtil@main] Executing script command 'create table authenticated (id integer not null, version integer not null, user_account_id integer, primary key (id)) engine=InnoDB'. 
2022-04-05 23:48:36.532 DEBUG [acme.framework.components.database.DatabaseUtil@main] Executing script command 'create table chirp (id integer not null, version integer not null, author varchar(255), body varchar(255), mail varchar(255), moment datetime, title varchar(255), primary key (id)) engine=InnoDB'. 
2022-04-05 23:48:36.816 DEBUG [acme.framework.components.database.DatabaseUtil@main] Executing script command 'create table component (id integer not null, version integer not null, code varchar(255), description varchar(255), link varchar(255), name varchar(255), retail_price double precision not null, technology varchar(255), primary key (id)) engine=InnoDB'. 
2022-04-05 23:48:37.099 DEBUG [acme.framework.components.database.DatabaseUtil@main] Executing script command 'create table consumer (id integer not null, version integer not null, user_account_id integer, company varchar(255), sector varchar(255), primary key (id)) engine=InnoDB'. 
2022-04-05 23:48:38.241 DEBUG [acme.framework.components.database.DatabaseUtil@main] Executing script command 'create table hibernate_sequence (next_val bigint) engine=InnoDB'. 
2022-04-05 23:48:38.507 DEBUG [acme.framework.components.database.DatabaseUtil@main] Executing script command 'insert into hibernate_sequence values ( 1 )'. 
2022-04-05 23:48:38.511 DEBUG [acme.framework.components.database.DatabaseUtil@main] Executing script command 'create table inventor (id integer not null, version integer not null, user_account_id integer, company varchar(255), link varchar(255), statement varchar(255), primary key (id)) engine=InnoDB'. 
2022-04-05 23:48:38.832 DEBUG [acme.framework.components.database.DatabaseUtil@main] Executing script command 'create table item (id integer not null, version integer not null, code varchar(255), description varchar(255), item_type integer, link varchar(255), name varchar(255), price double precision, technology varchar(255), primary key (id)) engine=InnoDB'. 
2022-04-05 23:48:39.107 DEBUG [acme.framework.components.database.DatabaseUtil@main] Executing script command 'create table patron (id integer not null, version integer not null, user_account_id integer, company varchar(255), link varchar(255), statement varchar(255), primary key (id)) engine=InnoDB'. 
2022-04-05 23:48:39.373 DEBUG [acme.framework.components.database.DatabaseUtil@main] Executing script command 'create table patronage (id integer not null, version integer not null, budget_amount double precision, budget_currency varchar(255), code varchar(255), creation_date datetime, finish_date datetime, legislation varchar(255), link varchar(255), start_date datetime, status integer, inventor_id integer, primary key (id)) engine=InnoDB'. 
2022-04-05 23:48:39.640 DEBUG [acme.framework.components.database.DatabaseUtil@main] Executing script command 'create table provider (id integer not null, version integer not null, user_account_id integer, company varchar(255), sector varchar(255), primary key (id)) engine=InnoDB'. 
2022-04-05 23:48:39.890 DEBUG [acme.framework.components.database.DatabaseUtil@main] Executing script command 'create table system_configuration (id integer not null, version integer not null, accepted_currencies varchar(255), default_currency varchar(255), strong_spam_terms varchar(255), strong_threshold double precision not null, weak_spam_terms varchar(255), weak_threshold double precision not null, primary key (id)) engine=InnoDB'. 
2022-04-05 23:48:40.131 DEBUG [acme.framework.components.database.DatabaseUtil@main] Executing script command 'create table toolkit (id integer not null, version integer not null, assembly_notes varchar(255), code varchar(255), description varchar(255), link varchar(255), title varchar(255), primary key (id)) engine=InnoDB'. 
2022-04-05 23:48:40.423 DEBUG [acme.framework.components.database.DatabaseUtil@main] Executing script command 'create table user_account (id integer not null, version integer not null, enabled bit not null, identity blob, password varchar(255), username varchar(255), primary key (id)) engine=InnoDB'. 
2022-04-05 23:48:40.683 DEBUG [acme.framework.components.database.DatabaseUtil@main] Executing script command 'alter table component add constraint UK_24wq1y3l3mfjohvgtsewd3vo unique (code)'. 
2022-04-05 23:48:41.114 DEBUG [acme.framework.components.database.DatabaseUtil@main] Executing script command 'alter table item add constraint UK_6cgogdarkq48dlg1lbnv4q1oq unique (code)'. 
2022-04-05 23:48:41.631 DEBUG [acme.framework.components.database.DatabaseUtil@main] Executing script command 'alter table patronage add constraint UK_7s289l63ihnn85qwyna5cqbfh unique (code)'. 
2022-04-05 23:48:42.369 DEBUG [acme.framework.components.database.DatabaseUtil@main] Executing script command 'alter table toolkit add constraint UK_qvml9bbjdvicrw1wt0e1bej3c unique (code)'. 
2022-04-05 23:48:46.088 DEBUG [acme.framework.components.database.DatabaseUtil@main] Executing script command 'alter table user_account add constraint UK_castjbvpeeus0r8lbpehiu0e4 unique (username)'. 
2022-04-05 23:48:46.538 DEBUG [acme.framework.components.database.DatabaseUtil@main] Executing script command 'alter table administrator add constraint FK_2a5vcjo3stlfcwadosjfq49l1 foreign key (user_account_id) references user_account (id)'. 
2022-04-05 23:48:46.921 DEBUG [acme.framework.components.database.DatabaseUtil@main] Executing script command 'alter table anonymous add constraint FK_6lnbc6fo3om54vugoh8icg78m foreign key (user_account_id) references user_account (id)'. 
2022-04-05 23:48:47.562 DEBUG [acme.framework.components.database.DatabaseUtil@main] Executing script command 'alter table any add constraint FK_26yflnlk4xrrxtkiwkag1l7lf foreign key (user_account_id) references user_account (id)'. 
2022-04-05 23:48:47.921 DEBUG [acme.framework.components.database.DatabaseUtil@main] Executing script command 'alter table authenticated add constraint FK_h52w0f3wjoi68b63wv9vwon57 foreign key (user_account_id) references user_account (id)'. 
2022-04-05 23:48:48.295 DEBUG [acme.framework.components.database.DatabaseUtil@main] Executing script command 'alter table consumer add constraint FK_6cyha9f1wpj0dpbxrrjddrqed foreign key (user_account_id) references user_account (id)'. 
2022-04-05 23:48:48.670 DEBUG [acme.framework.components.database.DatabaseUtil@main] Executing script command 'alter table inventor add constraint FK_2upmsx50p5pou2l4uy8trxor6 foreign key (user_account_id) references user_account (id)'. 
2022-04-05 23:48:49.045 DEBUG [acme.framework.components.database.DatabaseUtil@main] Executing script command 'alter table patron add constraint FK_8xx5nujhuio3advxc2freyu65 foreign key (user_account_id) references user_account (id)'. 
2022-04-05 23:48:49.403 DEBUG [acme.framework.components.database.DatabaseUtil@main] Executing script command 'alter table patronage add constraint FKgkbt6mel1m6joiypsbc2ko6mi foreign key (inventor_id) references inventor (id)'. 
2022-04-05 23:48:49.770 DEBUG [acme.framework.components.database.DatabaseUtil@main] Executing script command 'alter table provider add constraint FK_b1gwnjqm6ggy9yuiqm0o4rlmd foreign key (user_account_id) references user_account (id)'. 
2022-04-05 23:48:50.136 DEBUG [acme.framework.components.database.DatabaseUtil@main] Executing script command 'set foreign_key_checks=1'. 
2022-04-05 23:48:50.136 DEBUG [acme.framework.components.database.DatabaseUtil@main] Committing transaction '2003729915'. 
2022-04-05 23:48:50.138 INFO  [acme.framework.components.database.DatabasePopulator@main] Reading entities from 'classpath:/WEB-INF/resources/initial-data' 
2022-04-05 23:48:50.143 DEBUG [acme.framework.components.database.Dataset@main] Reading dataset from 'D:\Uni\DP2\Workspace-22.0\Projects\Acme-One-E8.02\target\classes\WEB-INF\resources\initial-data\administrator.csv' 
2022-04-05 23:48:50.269 DEBUG [acme.framework.components.database.Dataset@main] Reading mapping '{key:user-account=user-account-administrator-01, key=administrator-01}' from 'D:\Uni\DP2\Workspace-22.0\Projects\Acme-One-E8.02\target\classes\WEB-INF\resources\initial-data\administrator.csv' 
2022-04-05 23:48:50.271 DEBUG [acme.framework.components.database.Dataset@main] Reading dataset from 'D:\Uni\DP2\Workspace-22.0\Projects\Acme-One-E8.02\target\classes\WEB-INF\resources\initial-data\anonymous.csv' 
2022-04-05 23:48:50.272 DEBUG [acme.framework.components.database.Dataset@main] Reading mapping '{key:user-account=user-account-anonymous-01, key=anonymous-01}' from 'D:\Uni\DP2\Workspace-22.0\Projects\Acme-One-E8.02\target\classes\WEB-INF\resources\initial-data\anonymous.csv' 
2022-04-05 23:48:50.272 DEBUG [acme.framework.components.database.Dataset@main] Reading dataset from 'D:\Uni\DP2\Workspace-22.0\Projects\Acme-One-E8.02\target\classes\WEB-INF\resources\initial-data\system-configuration.csv' 
2022-04-05 23:48:50.278 DEBUG [acme.framework.components.database.Dataset@main] Reading mapping '{weak-spam-terms=sexy, nigeria, you’ve won, one mil-lion, has ganado, un millón, default-currency=EUR, accepted-currencies=EUR, USD, GBP, strong-spam-terms=sex, hard core, viagra, cialis , sexo, weak-threshold=25.00, key=system-configuration-01, strong-threshold=10.00}' from 'D:\Uni\DP2\Workspace-22.0\Projects\Acme-One-E8.02\target\classes\WEB-INF\resources\initial-data\system-configuration.csv' 
2022-04-05 23:48:50.280 DEBUG [acme.framework.components.database.Dataset@main] Reading dataset from 'D:\Uni\DP2\Workspace-22.0\Projects\Acme-One-E8.02\target\classes\WEB-INF\resources\initial-data\user-account.csv' 
2022-04-05 23:48:50.281 DEBUG [acme.framework.components.database.Dataset@main] Reading mapping '{password=HIDDEN-PASSWORD, identity=UserIdentity{name: 'John', surname: 'Doe', email: 'john.doe@acme.com'}, key=user-account-anonymous-01, enabled=false, username=anonymous}' from 'D:\Uni\DP2\Workspace-22.0\Projects\Acme-One-E8.02\target\classes\WEB-INF\resources\initial-data\user-account.csv' 
2022-04-05 23:48:50.281 DEBUG [acme.framework.components.database.Dataset@main] Reading mapping '{password=administrator, identity=UserIdentity{name: 'Administrator', surname: 'Acme', email: 'administrator@acme.com'}, key=user-account-administrator-01, enabled=true, username=administrator}' from 'D:\Uni\DP2\Workspace-22.0\Projects\Acme-One-E8.02\target\classes\WEB-INF\resources\initial-data\user-account.csv' 
2022-04-05 23:48:50.281 DEBUG [acme.framework.components.database.Dataset@main] Reading mapping '{password=chirp1, identity=UserIdentity{name:'chirp',surname:'1',email:'chirp1@acme.com'}, key=user-account-chirp-01, enabled=true, username=chirp1}' from 'D:\Uni\DP2\Workspace-22.0\Projects\Acme-One-E8.02\target\classes\WEB-INF\resources\initial-data\user-account.csv' 
2022-04-05 23:48:50.281 DEBUG [acme.framework.components.database.Dataset@main] Reading mapping '{password=chirp2, identity=UserIdentity{name:'chirp',surname:'2',email:'chirp2@acme.com'}, key=user-account-chirp-02, enabled=true, username=chirp2}' from 'D:\Uni\DP2\Workspace-22.0\Projects\Acme-One-E8.02\target\classes\WEB-INF\resources\initial-data\user-account.csv' 
2022-04-05 23:48:50.282 DEBUG [acme.framework.components.database.Dataset@main] Reading mapping '{password=chirp3, identity=UserIdentity{name:'chirp',surname:'3',email:'chirp3@acme.com'}, key=user-account-chirp-03, enabled=true, username=chirp3}' from 'D:\Uni\DP2\Workspace-22.0\Projects\Acme-One-E8.02\target\classes\WEB-INF\resources\initial-data\user-account.csv' 
2022-04-05 23:48:50.282 DEBUG [acme.framework.components.database.EntityWeb@main] Setting attributes of entities of class acme.framework.roles.Administrator 
2022-04-05 23:48:50.282 DEBUG [acme.framework.components.database.EntityWeb@main] Setting attributes of entities of class acme.entities.SystemConfiguration 
2022-04-05 23:48:50.293 DEBUG [acme.framework.components.database.EntityWeb@main] Setting attributes of entities of class acme.framework.roles.Anonymous 
2022-04-05 23:48:50.293 DEBUG [acme.framework.components.database.EntityWeb@main] Setting attributes of entities of class acme.framework.entities.UserAccount 
2022-04-05 23:48:50.488 DEBUG [acme.framework.components.database.EntityWeb@main] Linking entities of class acme.framework.roles.Administrator 
2022-04-05 23:48:50.493 DEBUG [acme.framework.components.database.EntityWeb@main] Linking entities of class acme.entities.SystemConfiguration 
2022-04-05 23:48:50.494 DEBUG [acme.framework.components.database.EntityWeb@main] Linking entities of class acme.framework.roles.Anonymous 
2022-04-05 23:48:50.499 DEBUG [acme.framework.components.database.EntityWeb@main] Linking entities of class acme.framework.entities.UserAccount 
2022-04-05 23:48:50.499 INFO  [acme.framework.components.database.DatabasePopulator@main] Reading entities from 'classpath:/WEB-INF/resources/sample-data' 
2022-04-05 23:48:50.501 DEBUG [acme.framework.components.database.Dataset@main] Reading dataset from 'D:\Uni\DP2\Workspace-22.0\Projects\Acme-One-E8.02\target\classes\WEB-INF\resources\sample-data\announcement.csv' 
2022-04-05 23:48:50.502 DEBUG [acme.framework.components.database.Dataset@main] Reading mapping '{critical=false, creationMoment=2022/04/01 16:04, link=https://www.acme.com, title=Announcement 3, body=Happy new years!, key=announcement-03}' from 'D:\Uni\DP2\Workspace-22.0\Projects\Acme-One-E8.02\target\classes\WEB-INF\resources\sample-data\announcement.csv' 
2022-04-05 23:48:50.502 DEBUG [acme.framework.components.database.Dataset@main] Reading mapping '{critical=true, creationMoment=2021/12/31 23:59, link=https://www.acme.com, title=Announcement 2, body=This is a critical announcement!, key=announcement-02}' from 'D:\Uni\DP2\Workspace-22.0\Projects\Acme-One-E8.02\target\classes\WEB-INF\resources\sample-data\announcement.csv' 
2022-04-05 23:48:50.502 DEBUG [acme.framework.components.database.Dataset@main] Reading mapping '{critical=false, creationMoment=2022/04/01 16:04, link=https://www.acme.com, title=Announcement 1, body=This is an announcement!, key=announcement-01}' from 'D:\Uni\DP2\Workspace-22.0\Projects\Acme-One-E8.02\target\classes\WEB-INF\resources\sample-data\announcement.csv' 
2022-04-05 23:48:50.503 DEBUG [acme.framework.components.database.Dataset@main] Reading dataset from 'D:\Uni\DP2\Workspace-22.0\Projects\Acme-One-E8.02\target\classes\WEB-INF\resources\sample-data\chirp.csv' 
2022-04-05 23:48:50.504 DEBUG [acme.framework.components.database.Dataset@main] Reading mapping '{mail=chirp1@acme.com, author=chirp1, title=Test Chirp 1, body=This is a test Chirp, key=chirp-01, moment=2022/04/05 00:27}' from 'D:\Uni\DP2\Workspace-22.0\Projects\Acme-One-E8.02\target\classes\WEB-INF\resources\sample-data\chirp.csv' 
2022-04-05 23:48:50.504 DEBUG [acme.framework.components.database.Dataset@main] Reading mapping '{mail=chirp2@acme.com, author=chirp2, title=Test Chirp 2, body=This is a another test Chirp, key=chirp-02, moment=2022/01/15 09:55}' from 'D:\Uni\DP2\Workspace-22.0\Projects\Acme-One-E8.02\target\classes\WEB-INF\resources\sample-data\chirp.csv' 
2022-04-05 23:48:50.504 DEBUG [acme.framework.components.database.Dataset@main] Reading mapping '{mail=chirp3@acme.com, author=chirp3, title=Te$st Ch1rp 3, body=This is the final test Chirp, key=chirp-03, moment=2021/11/11 23:53}' from 'D:\Uni\DP2\Workspace-22.0\Projects\Acme-One-E8.02\target\classes\WEB-INF\resources\sample-data\chirp.csv' 
2022-04-05 23:48:50.504 DEBUG [acme.framework.components.database.Dataset@main] Reading dataset from 'D:\Uni\DP2\Workspace-22.0\Projects\Acme-One-E8.02\target\classes\WEB-INF\resources\sample-data\component.csv' 
2022-04-05 23:48:50.505 DEBUG [acme.framework.components.database.Dataset@main] Reading mapping '{code=COM-001, name=Component 1, link=https://www.acme.com, description=Test Component 1, technology=Technology 1, key=component-01, retail-price=100.00}' from 'D:\Uni\DP2\Workspace-22.0\Projects\Acme-One-E8.02\target\classes\WEB-INF\resources\sample-data\component.csv' 
2022-04-05 23:48:50.506 DEBUG [acme.framework.components.database.Dataset@main] Reading dataset from 'D:\Uni\DP2\Workspace-22.0\Projects\Acme-One-E8.02\target\classes\WEB-INF\resources\sample-data\consumer.csv' 
2022-04-05 23:48:50.506 DEBUG [acme.framework.components.database.Dataset@main] Reading mapping '{key:user-account=user-account-administrator-01, company=Macarena, Inc., sector=Telecommunications, key=consumer-01}' from 'D:\Uni\DP2\Workspace-22.0\Projects\Acme-One-E8.02\target\classes\WEB-INF\resources\sample-data\consumer.csv' 
2022-04-05 23:48:50.507 DEBUG [acme.framework.components.database.Dataset@main] Reading dataset from 'D:\Uni\DP2\Workspace-22.0\Projects\Acme-One-E8.02\target\classes\WEB-INF\resources\sample-data\provider.csv' 
2022-04-05 23:48:50.507 DEBUG [acme.framework.components.database.Dataset@main] Reading mapping '{key:user-account=user-account-administrator-01, company=Terra Nets, S.A., sector=Internet, key=provider-01}' from 'D:\Uni\DP2\Workspace-22.0\Projects\Acme-One-E8.02\target\classes\WEB-INF\resources\sample-data\provider.csv' 
2022-04-05 23:48:50.508 DEBUG [acme.framework.components.database.EntityWeb@main] Setting attributes of entities of class acme.entities.Announcement 
2022-04-05 23:48:50.519 DEBUG [acme.framework.configuration.ExtendedMessageSource@main] Loading properties [D:\Uni\DP2\Workspace-22.0\Projects\Acme-One-E8.02\target\classes\WEB-INF\views\administrator\user-account\messages-en.i18n] with encoding 'utf-8' 
2022-04-05 23:48:50.520 DEBUG [acme.framework.configuration.ExtendedMessageSource@main] Loading properties [D:\Uni\DP2\Workspace-22.0\Projects\Acme-One-E8.02\target\classes\WEB-INF\views\authenticated\consumer\messsages-en.i18n] with encoding 'utf-8' 
2022-04-05 23:48:50.521 DEBUG [acme.framework.configuration.ExtendedMessageSource@main] Loading properties [D:\Uni\DP2\Workspace-22.0\Projects\Acme-One-E8.02\target\classes\WEB-INF\views\authenticated\provider\messsages-en.i18n] with encoding 'utf-8' 
2022-04-05 23:48:50.522 DEBUG [acme.framework.configuration.ExtendedMessageSource@main] Loading properties [D:\Uni\DP2\Workspace-22.0\Projects\Acme-One-E8.02\target\classes\WEB-INF\views\fragments\banner-en.i18n] with encoding 'utf-8' 
2022-04-05 23:48:50.522 DEBUG [acme.framework.configuration.ExtendedMessageSource@main] Loading properties [D:\Uni\DP2\Workspace-22.0\Projects\Acme-One-E8.02\target\classes\WEB-INF\views\fragments\company-en.i18n] with encoding 'utf-8' 
2022-04-05 23:48:50.523 DEBUG [acme.framework.configuration.ExtendedMessageSource@main] Loading properties [D:\Uni\DP2\Workspace-22.0\Projects\Acme-One-E8.02\target\classes\WEB-INF\views\fragments\footer-en.i18n] with encoding 'utf-8' 
2022-04-05 23:48:50.524 DEBUG [acme.framework.configuration.ExtendedMessageSource@main] Loading properties [D:\Uni\DP2\Workspace-22.0\Projects\Acme-One-E8.02\target\classes\WEB-INF\views\fragments\license-en.i18n] with encoding 'utf-8' 
2022-04-05 23:48:50.525 DEBUG [acme.framework.configuration.ExtendedMessageSource@main] Loading properties [D:\Uni\DP2\Workspace-22.0\Projects\Acme-One-E8.02\target\classes\WEB-INF\views\fragments\menu-en.i18n] with encoding 'utf-8' 
2022-04-05 23:48:50.525 DEBUG [acme.framework.configuration.ExtendedMessageSource@main] Loading properties [D:\Uni\DP2\Workspace-22.0\Projects\Acme-One-E8.02\target\classes\WEB-INF\views\fragments\messsages-en.i18n] with encoding 'utf-8' 
2022-04-05 23:48:50.526 DEBUG [acme.framework.configuration.ExtendedMessageSource@main] Loading properties [D:\Uni\DP2\Workspace-22.0\Projects\Acme-One-E8.02\target\classes\WEB-INF\views\fragments\title-en.i18n] with encoding 'utf-8' 
2022-04-05 23:48:50.527 DEBUG [acme.framework.configuration.ExtendedMessageSource@main] Loading properties [D:\Uni\DP2\Workspace-22.0\Projects\Acme-One-E8.02\target\classes\WEB-INF\views\fragments\welcome-en.i18n] with encoding 'utf-8' 
2022-04-05 23:48:50.527 DEBUG [acme.framework.configuration.ExtendedMessageSource@main] Loading properties [D:\Uni\DP2\Workspace-22.0\Projects\Acme-One-E8.02\target\classes\WEB-INF\views\master\defaults-en.i18n] with encoding 'utf-8' 
2022-04-05 23:48:50.528 DEBUG [acme.framework.configuration.ExtendedMessageSource@main] Loading properties [D:\Uni\DP2\Workspace-22.0\Projects\Acme-One-E8.02\target\classes\WEB-INF\views\master\master-en.i18n] with encoding 'utf-8' 
2022-04-05 23:48:50.529 DEBUG [acme.framework.configuration.ExtendedMessageSource@main] Loading properties [D:\Uni\DP2\Workspace-22.0\Projects\Acme-One-E8.02\target\classes\WEB-INF\views\master\throwables-en.i18n] with encoding 'utf-8' 
2022-04-05 23:48:50.529 DEBUG [acme.framework.configuration.ExtendedMessageSource@main] Loading properties [D:\Uni\DP2\Workspace-22.0\Projects\Acme-One-E8.02\target\classes\WEB-INF\views\master\validation-en.i18n] with encoding 'utf-8' 
2022-04-05 23:48:50.532 DEBUG [acme.framework.components.database.EntityWeb@main] Setting attributes of entities of class acme.roles.Consumer 
2022-04-05 23:48:50.535 DEBUG [acme.framework.components.database.EntityWeb@main] Setting attributes of entities of class acme.entities.Component 
2022-04-05 23:48:50.538 DEBUG [acme.framework.components.database.EntityWeb@main] Setting attributes of entities of class acme.entities.Chirp 
2022-04-05 23:48:50.544 DEBUG [acme.framework.components.database.EntityWeb@main] Setting attributes of entities of class acme.roles.Provider 
2022-04-05 23:48:50.549 DEBUG [acme.framework.components.database.EntityWeb@main] Linking entities of class acme.entities.Announcement 
2022-04-05 23:48:50.549 DEBUG [acme.framework.components.database.EntityWeb@main] Linking entities of class acme.roles.Consumer 
2022-04-05 23:48:50.549 DEBUG [acme.framework.components.database.EntityWeb@main] Linking entities of class acme.entities.Component 
2022-04-05 23:48:50.550 DEBUG [acme.framework.components.database.EntityWeb@main] Linking entities of class acme.entities.Chirp 
2022-04-05 23:48:50.550 DEBUG [acme.framework.components.database.EntityWeb@main] Linking entities of class acme.roles.Provider 
2022-04-05 23:48:50.550 INFO  [acme.framework.components.database.DatabasePopulator@main] Validating your entities 
2022-04-05 23:48:50.582 DEBUG [acme.framework.components.database.DatabasePopulator@main] Validating 'acme.entities.Announcement@announcement-03' ... PASS 
2022-04-05 23:48:50.599 DEBUG [acme.framework.components.database.DatabasePopulator@main] Validating 'acme.framework.entities.UserAccount@user-account-anonymous-01' ... PASS 
2022-04-05 23:48:50.600 DEBUG [acme.framework.components.database.DatabasePopulator@main] Validating 'acme.entities.Announcement@announcement-02' ... PASS 
2022-04-05 23:48:50.607 DEBUG [acme.framework.components.database.DatabasePopulator@main] Validating 'acme.entities.SystemConfiguration@system-configuration-01' ... PASS 
2022-04-05 23:48:50.608 DEBUG [acme.framework.components.database.DatabasePopulator@main] Validating 'acme.framework.entities.UserAccount@user-account-administrator-01' ... PASS 
2022-04-05 23:48:50.609 DEBUG [acme.framework.components.database.DatabasePopulator@main] Validating 'acme.framework.entities.UserAccount@user-account-chirp-01' ... PASS 
2022-04-05 23:48:50.609 DEBUG [acme.framework.components.database.DatabasePopulator@main] Validating 'acme.framework.entities.UserAccount@user-account-chirp-02' ... PASS 
2022-04-05 23:48:50.615 DEBUG [acme.framework.components.database.DatabasePopulator@main] Validating 'acme.roles.Consumer@consumer-01' ... PASS 
2022-04-05 23:48:50.619 DEBUG [acme.framework.components.database.DatabasePopulator@main] Validating 'acme.entities.Chirp@chirp-03' ... PASS 
2022-04-05 23:48:50.623 DEBUG [acme.framework.components.database.DatabasePopulator@main] Validating 'acme.roles.Provider@provider-01' ... PASS 
2022-04-05 23:48:50.624 DEBUG [acme.framework.components.database.DatabasePopulator@main] Validating 'acme.entities.Announcement@announcement-01' ... PASS 
2022-04-05 23:48:50.628 DEBUG [acme.framework.components.database.DatabasePopulator@main] Validating 'acme.entities.Component@component-01' ... PASS 
2022-04-05 23:48:50.629 DEBUG [acme.framework.components.database.DatabasePopulator@main] Validating 'acme.entities.Chirp@chirp-02' ... PASS 
2022-04-05 23:48:50.632 DEBUG [acme.framework.components.database.DatabasePopulator@main] Validating 'acme.framework.roles.Administrator@administrator-01' ... PASS 
2022-04-05 23:48:50.632 DEBUG [acme.framework.components.database.DatabasePopulator@main] Validating 'acme.entities.Chirp@chirp-01' ... PASS 
2022-04-05 23:48:50.633 DEBUG [acme.framework.components.database.DatabasePopulator@main] Validating 'acme.framework.entities.UserAccount@user-account-chirp-03' ... PASS 
2022-04-05 23:48:50.635 DEBUG [acme.framework.components.database.DatabasePopulator@main] Validating 'acme.framework.roles.Anonymous@anonymous-01' ... PASS 
2022-04-05 23:48:50.635 INFO  [acme.framework.components.database.DatabasePopulator@main] Sorting your entity classes 
2022-04-05 23:48:50.635 DEBUG [acme.framework.components.database.DatabasePopulator@main] Best topological order for your entity clazzes: 
2022-04-05 23:48:50.635 DEBUG [acme.framework.components.database.DatabasePopulator@main] - acme.entities.Announcement 
2022-04-05 23:48:50.635 DEBUG [acme.framework.components.database.DatabasePopulator@main] - acme.framework.entities.UserAccount 
2022-04-05 23:48:50.635 DEBUG [acme.framework.components.database.DatabasePopulator@main] - acme.framework.roles.Administrator 
2022-04-05 23:48:50.635 DEBUG [acme.framework.components.database.DatabasePopulator@main] - acme.entities.SystemConfiguration 
2022-04-05 23:48:50.635 DEBUG [acme.framework.components.database.DatabasePopulator@main] - acme.roles.Consumer 
2022-04-05 23:48:50.635 DEBUG [acme.framework.components.database.DatabasePopulator@main] - acme.framework.roles.Anonymous 
2022-04-05 23:48:50.635 DEBUG [acme.framework.components.database.DatabasePopulator@main] - acme.entities.Component 
2022-04-05 23:48:50.635 DEBUG [acme.framework.components.database.DatabasePopulator@main] - acme.entities.Chirp 
2022-04-05 23:48:50.635 DEBUG [acme.framework.components.database.DatabasePopulator@main] - acme.roles.Provider 
2022-04-05 23:48:50.635 INFO  [acme.framework.components.database.DatabasePopulator@main] Persisting your entities 
2022-04-05 23:48:50.635 DEBUG [acme.framework.components.database.DatabaseUtil@main] Starting new transaction. 
2022-04-05 23:48:50.636 DEBUG [acme.framework.components.database.DatabaseUtil@main] Executing command 'set transaction isolation level read uncommitted;'. 
2022-04-05 23:48:50.636 DEBUG [acme.framework.components.database.DatabaseUtil@main] Starting transaction '1808149433'. 
2022-04-05 23:48:50.636 DEBUG [acme.framework.components.database.DatabasePopulator@main] Persising entities of clazz 'acme.entities.Announcement' 
2022-04-05 23:48:50.645 DEBUG [org.hibernate.SQL@main] select next_val as id_val from hibernate_sequence for update 
2022-04-05 23:48:50.661 DEBUG [org.hibernate.SQL@main] update hibernate_sequence set next_val= ? where next_val=? 
2022-04-05 23:48:50.707 DEBUG [acme.framework.components.database.DatabaseUtil@main] Persisting entity acme.entities.Announcement{id=1, version=0} 
2022-04-05 23:48:50.707 DEBUG [org.hibernate.SQL@main] select next_val as id_val from hibernate_sequence for update 
2022-04-05 23:48:50.708 DEBUG [org.hibernate.SQL@main] update hibernate_sequence set next_val= ? where next_val=? 
2022-04-05 23:48:50.719 DEBUG [acme.framework.components.database.DatabaseUtil@main] Persisting entity acme.entities.Announcement{id=2, version=0} 
2022-04-05 23:48:50.719 DEBUG [org.hibernate.SQL@main] select next_val as id_val from hibernate_sequence for update 
2022-04-05 23:48:50.720 DEBUG [org.hibernate.SQL@main] update hibernate_sequence set next_val= ? where next_val=? 
2022-04-05 23:48:50.731 DEBUG [acme.framework.components.database.DatabaseUtil@main] Persisting entity acme.entities.Announcement{id=3, version=0} 
2022-04-05 23:48:50.731 DEBUG [acme.framework.components.database.DatabasePopulator@main] Persising entities of clazz 'acme.framework.entities.UserAccount' 
2022-04-05 23:48:50.731 DEBUG [org.hibernate.SQL@main] select next_val as id_val from hibernate_sequence for update 
2022-04-05 23:48:50.732 DEBUG [org.hibernate.SQL@main] update hibernate_sequence set next_val= ? where next_val=? 
2022-04-05 23:48:50.753 DEBUG [acme.framework.components.database.DatabaseUtil@main] Persisting entity UserAccount(username=anonymous) 
2022-04-05 23:48:50.753 DEBUG [org.hibernate.SQL@main] select next_val as id_val from hibernate_sequence for update 
2022-04-05 23:48:50.754 DEBUG [org.hibernate.SQL@main] update hibernate_sequence set next_val= ? where next_val=? 
2022-04-05 23:48:50.764 DEBUG [acme.framework.components.database.DatabaseUtil@main] Persisting entity UserAccount(username=chirp3) 
2022-04-05 23:48:50.764 DEBUG [org.hibernate.SQL@main] select next_val as id_val from hibernate_sequence for update 
2022-04-05 23:48:50.765 DEBUG [org.hibernate.SQL@main] update hibernate_sequence set next_val= ? where next_val=? 
2022-04-05 23:48:50.776 DEBUG [acme.framework.components.database.DatabaseUtil@main] Persisting entity UserAccount(username=administrator) 
2022-04-05 23:48:50.777 DEBUG [org.hibernate.SQL@main] select next_val as id_val from hibernate_sequence for update 
2022-04-05 23:48:50.777 DEBUG [org.hibernate.SQL@main] update hibernate_sequence set next_val= ? where next_val=? 
2022-04-05 23:48:50.788 DEBUG [acme.framework.components.database.DatabaseUtil@main] Persisting entity UserAccount(username=chirp1) 
2022-04-05 23:48:50.789 DEBUG [org.hibernate.SQL@main] select next_val as id_val from hibernate_sequence for update 
2022-04-05 23:48:50.789 DEBUG [org.hibernate.SQL@main] update hibernate_sequence set next_val= ? where next_val=? 
2022-04-05 23:48:50.800 DEBUG [acme.framework.components.database.DatabaseUtil@main] Persisting entity UserAccount(username=chirp2) 
2022-04-05 23:48:50.800 DEBUG [acme.framework.components.database.DatabasePopulator@main] Persising entities of clazz 'acme.framework.roles.Administrator' 
2022-04-05 23:48:50.802 DEBUG [org.hibernate.SQL@main] select next_val as id_val from hibernate_sequence for update 
2022-04-05 23:48:50.802 DEBUG [org.hibernate.SQL@main] update hibernate_sequence set next_val= ? where next_val=? 
2022-04-05 23:48:50.824 DEBUG [acme.framework.components.database.DatabaseUtil@main] Persisting entity UserRole(userAccount=UserAccount(username=administrator)) 
2022-04-05 23:48:50.824 DEBUG [acme.framework.components.database.DatabasePopulator@main] Persising entities of clazz 'acme.entities.SystemConfiguration' 
2022-04-05 23:48:50.825 DEBUG [org.hibernate.SQL@main] select next_val as id_val from hibernate_sequence for update 
2022-04-05 23:48:50.825 DEBUG [org.hibernate.SQL@main] update hibernate_sequence set next_val= ? where next_val=? 
2022-04-05 23:48:50.921 DEBUG [acme.framework.components.database.DatabaseUtil@main] Persisting entity acme.entities.SystemConfiguration{id=10, version=0} 
2022-04-05 23:48:50.921 DEBUG [acme.framework.components.database.DatabasePopulator@main] Persising entities of clazz 'acme.roles.Consumer' 
2022-04-05 23:48:50.921 DEBUG [org.hibernate.SQL@main] select next_val as id_val from hibernate_sequence for update 
2022-04-05 23:48:50.922 DEBUG [org.hibernate.SQL@main] update hibernate_sequence set next_val= ? where next_val=? 
2022-04-05 23:48:50.945 DEBUG [acme.framework.components.database.DatabaseUtil@main] Persisting entity UserRole(userAccount=UserAccount(username=administrator)) 
2022-04-05 23:48:50.945 DEBUG [acme.framework.components.database.DatabasePopulator@main] Persising entities of clazz 'acme.framework.roles.Anonymous' 
2022-04-05 23:48:50.946 DEBUG [org.hibernate.SQL@main] select next_val as id_val from hibernate_sequence for update 
2022-04-05 23:48:50.946 DEBUG [org.hibernate.SQL@main] update hibernate_sequence set next_val= ? where next_val=? 
2022-04-05 23:48:50.961 DEBUG [acme.framework.components.database.DatabaseUtil@main] Persisting entity UserRole(userAccount=UserAccount(username=anonymous)) 
2022-04-05 23:48:50.961 DEBUG [acme.framework.components.database.DatabasePopulator@main] Persising entities of clazz 'acme.entities.Component' 
2022-04-05 23:48:50.961 DEBUG [org.hibernate.SQL@main] select next_val as id_val from hibernate_sequence for update 
2022-04-05 23:48:50.962 DEBUG [org.hibernate.SQL@main] update hibernate_sequence set next_val= ? where next_val=? 
2022-04-05 23:48:50.973 DEBUG [acme.framework.components.database.DatabaseUtil@main] Persisting entity acme.entities.Component{id=13, version=0} 
2022-04-05 23:48:50.974 DEBUG [acme.framework.components.database.DatabasePopulator@main] Persising entities of clazz 'acme.entities.Chirp' 
2022-04-05 23:48:50.974 DEBUG [org.hibernate.SQL@main] select next_val as id_val from hibernate_sequence for update 
2022-04-05 23:48:50.974 DEBUG [org.hibernate.SQL@main] update hibernate_sequence set next_val= ? where next_val=? 
2022-04-05 23:48:50.985 DEBUG [acme.framework.components.database.DatabaseUtil@main] Persisting entity acme.entities.Chirp{id=14, version=0} 
2022-04-05 23:48:50.986 DEBUG [org.hibernate.SQL@main] select next_val as id_val from hibernate_sequence for update 
2022-04-05 23:48:50.986 DEBUG [org.hibernate.SQL@main] update hibernate_sequence set next_val= ? where next_val=? 
2022-04-05 23:48:50.998 DEBUG [acme.framework.components.database.DatabaseUtil@main] Persisting entity acme.entities.Chirp{id=15, version=0} 
2022-04-05 23:48:50.999 DEBUG [org.hibernate.SQL@main] select next_val as id_val from hibernate_sequence for update 
2022-04-05 23:48:50.999 DEBUG [org.hibernate.SQL@main] update hibernate_sequence set next_val= ? where next_val=? 
2022-04-05 23:48:51.010 DEBUG [acme.framework.components.database.DatabaseUtil@main] Persisting entity acme.entities.Chirp{id=16, version=0} 
2022-04-05 23:48:51.010 DEBUG [acme.framework.components.database.DatabasePopulator@main] Persising entities of clazz 'acme.roles.Provider' 
2022-04-05 23:48:51.010 DEBUG [org.hibernate.SQL@main] select next_val as id_val from hibernate_sequence for update 
2022-04-05 23:48:51.010 DEBUG [org.hibernate.SQL@main] update hibernate_sequence set next_val= ? where next_val=? 
2022-04-05 23:48:51.022 DEBUG [acme.framework.components.database.DatabaseUtil@main] Persisting entity UserRole(userAccount=UserAccount(username=administrator)) 
2022-04-05 23:48:51.022 DEBUG [acme.framework.components.database.DatabaseUtil@main] Committing transaction '1808149433'. 
2022-04-05 23:48:51.036 DEBUG [org.hibernate.SQL@main] insert into announcement (version, body, creation_moment, critical, link, title, id) values (?, ?, ?, ?, ?, ?, ?) 
2022-04-05 23:48:51.039 TRACE [org.hibernate.type.descriptor.sql.BasicBinder@main] binding parameter [1] as [INTEGER] - [0] 
2022-04-05 23:48:51.039 TRACE [org.hibernate.type.descriptor.sql.BasicBinder@main] binding parameter [2] as [VARCHAR] - [Happy new years!] 
2022-04-05 23:48:51.040 TRACE [org.hibernate.type.descriptor.sql.BasicBinder@main] binding parameter [3] as [TIMESTAMP] - [Fri Apr 01 16:04:00 CEST 2022] 
2022-04-05 23:48:51.042 TRACE [org.hibernate.type.descriptor.sql.BasicBinder@main] binding parameter [4] as [BOOLEAN] - [false] 
2022-04-05 23:48:51.042 TRACE [org.hibernate.type.descriptor.sql.BasicBinder@main] binding parameter [5] as [VARCHAR] - [https://www.acme.com] 
2022-04-05 23:48:51.042 TRACE [org.hibernate.type.descriptor.sql.BasicBinder@main] binding parameter [6] as [VARCHAR] - [Announcement 3] 
2022-04-05 23:48:51.042 TRACE [org.hibernate.type.descriptor.sql.BasicBinder@main] binding parameter [7] as [INTEGER] - [1] 
2022-04-05 23:48:51.048 DEBUG [org.hibernate.SQL@main] insert into announcement (version, body, creation_moment, critical, link, title, id) values (?, ?, ?, ?, ?, ?, ?) 
2022-04-05 23:48:51.048 TRACE [org.hibernate.type.descriptor.sql.BasicBinder@main] binding parameter [1] as [INTEGER] - [0] 
2022-04-05 23:48:51.049 TRACE [org.hibernate.type.descriptor.sql.BasicBinder@main] binding parameter [2] as [VARCHAR] - [This is a critical announcement!] 
2022-04-05 23:48:51.049 TRACE [org.hibernate.type.descriptor.sql.BasicBinder@main] binding parameter [3] as [TIMESTAMP] - [Fri Dec 31 23:59:00 CET 2021] 
2022-04-05 23:48:51.049 TRACE [org.hibernate.type.descriptor.sql.BasicBinder@main] binding parameter [4] as [BOOLEAN] - [true] 
2022-04-05 23:48:51.049 TRACE [org.hibernate.type.descriptor.sql.BasicBinder@main] binding parameter [5] as [VARCHAR] - [https://www.acme.com] 
2022-04-05 23:48:51.049 TRACE [org.hibernate.type.descriptor.sql.BasicBinder@main] binding parameter [6] as [VARCHAR] - [Announcement 2] 
2022-04-05 23:48:51.049 TRACE [org.hibernate.type.descriptor.sql.BasicBinder@main] binding parameter [7] as [INTEGER] - [2] 
2022-04-05 23:48:51.050 DEBUG [org.hibernate.SQL@main] insert into announcement (version, body, creation_moment, critical, link, title, id) values (?, ?, ?, ?, ?, ?, ?) 
2022-04-05 23:48:51.050 TRACE [org.hibernate.type.descriptor.sql.BasicBinder@main] binding parameter [1] as [INTEGER] - [0] 
2022-04-05 23:48:51.050 TRACE [org.hibernate.type.descriptor.sql.BasicBinder@main] binding parameter [2] as [VARCHAR] - [This is an announcement!] 
2022-04-05 23:48:51.050 TRACE [org.hibernate.type.descriptor.sql.BasicBinder@main] binding parameter [3] as [TIMESTAMP] - [Fri Apr 01 16:04:00 CEST 2022] 
2022-04-05 23:48:51.051 TRACE [org.hibernate.type.descriptor.sql.BasicBinder@main] binding parameter [4] as [BOOLEAN] - [false] 
2022-04-05 23:48:51.051 TRACE [org.hibernate.type.descriptor.sql.BasicBinder@main] binding parameter [5] as [VARCHAR] - [https://www.acme.com] 
2022-04-05 23:48:51.051 TRACE [org.hibernate.type.descriptor.sql.BasicBinder@main] binding parameter [6] as [VARCHAR] - [Announcement 1] 
2022-04-05 23:48:51.051 TRACE [org.hibernate.type.descriptor.sql.BasicBinder@main] binding parameter [7] as [INTEGER] - [3] 
2022-04-05 23:48:51.054 DEBUG [org.hibernate.SQL@main] insert into user_account (version, enabled, identity, password, username, id) values (?, ?, ?, ?, ?, ?) 
2022-04-05 23:48:51.054 TRACE [org.hibernate.type.descriptor.sql.BasicBinder@main] binding parameter [1] as [INTEGER] - [0] 
2022-04-05 23:48:51.055 TRACE [org.hibernate.type.descriptor.sql.BasicBinder@main] binding parameter [2] as [BOOLEAN] - [false] 
2022-04-05 23:48:51.055 TRACE [org.hibernate.type.descriptor.sql.BasicBinder@main] binding parameter [3] as [BLOB] - [DefaultUserIdentity(name=John, surname=Doe, email=john.doe@acme.com)] 
2022-04-05 23:48:51.056 TRACE [org.hibernate.type.descriptor.sql.BasicBinder@main] binding parameter [4] as [VARCHAR] - [$2a$05$MmBGw/VltkG37NemMWq6TOUhFmzuts0RljKRfqJGWfE.CLaGFgWcS] 
2022-04-05 23:48:51.056 TRACE [org.hibernate.type.descriptor.sql.BasicBinder@main] binding parameter [5] as [VARCHAR] - [anonymous] 
2022-04-05 23:48:51.056 TRACE [org.hibernate.type.descriptor.sql.BasicBinder@main] binding parameter [6] as [INTEGER] - [4] 
2022-04-05 23:48:51.071 DEBUG [org.hibernate.SQL@main] insert into user_account (version, enabled, identity, password, username, id) values (?, ?, ?, ?, ?, ?) 
2022-04-05 23:48:51.071 TRACE [org.hibernate.type.descriptor.sql.BasicBinder@main] binding parameter [1] as [INTEGER] - [0] 
2022-04-05 23:48:51.071 TRACE [org.hibernate.type.descriptor.sql.BasicBinder@main] binding parameter [2] as [BOOLEAN] - [true] 
2022-04-05 23:48:51.071 TRACE [org.hibernate.type.descriptor.sql.BasicBinder@main] binding parameter [3] as [BLOB] - [DefaultUserIdentity(name=chirp, surname=3, email=chirp3@acme.com)] 
2022-04-05 23:48:51.072 TRACE [org.hibernate.type.descriptor.sql.BasicBinder@main] binding parameter [4] as [VARCHAR] - [$2a$05$ngaB2IfUGdeCpzAF7mhzfuGwNlTzW/bijmLLsWVcFIsmGdHmCUdh6] 
2022-04-05 23:48:51.072 TRACE [org.hibernate.type.descriptor.sql.BasicBinder@main] binding parameter [5] as [VARCHAR] - [chirp3] 
2022-04-05 23:48:51.072 TRACE [org.hibernate.type.descriptor.sql.BasicBinder@main] binding parameter [6] as [INTEGER] - [5] 
2022-04-05 23:48:51.072 DEBUG [org.hibernate.SQL@main] insert into user_account (version, enabled, identity, password, username, id) values (?, ?, ?, ?, ?, ?) 
2022-04-05 23:48:51.073 TRACE [org.hibernate.type.descriptor.sql.BasicBinder@main] binding parameter [1] as [INTEGER] - [0] 
2022-04-05 23:48:51.073 TRACE [org.hibernate.type.descriptor.sql.BasicBinder@main] binding parameter [2] as [BOOLEAN] - [true] 
2022-04-05 23:48:51.073 TRACE [org.hibernate.type.descriptor.sql.BasicBinder@main] binding parameter [3] as [BLOB] - [DefaultUserIdentity(name=Administrator, surname=Acme, email=administrator@acme.com)] 
2022-04-05 23:48:51.073 TRACE [org.hibernate.type.descriptor.sql.BasicBinder@main] binding parameter [4] as [VARCHAR] - [$2a$05$S8I4ab4XG6CIza0EwC7fAO9FharneLpM3wjyy2gmGQwUMDjqNKEuq] 
2022-04-05 23:48:51.073 TRACE [org.hibernate.type.descriptor.sql.BasicBinder@main] binding parameter [5] as [VARCHAR] - [administrator] 
2022-04-05 23:48:51.073 TRACE [org.hibernate.type.descriptor.sql.BasicBinder@main] binding parameter [6] as [INTEGER] - [6] 
2022-04-05 23:48:51.095 DEBUG [org.hibernate.SQL@main] insert into user_account (version, enabled, identity, password, username, id) values (?, ?, ?, ?, ?, ?) 
2022-04-05 23:48:51.096 TRACE [org.hibernate.type.descriptor.sql.BasicBinder@main] binding parameter [1] as [INTEGER] - [0] 
2022-04-05 23:48:51.096 TRACE [org.hibernate.type.descriptor.sql.BasicBinder@main] binding parameter [2] as [BOOLEAN] - [true] 
2022-04-05 23:48:51.096 TRACE [org.hibernate.type.descriptor.sql.BasicBinder@main] binding parameter [3] as [BLOB] - [DefaultUserIdentity(name=chirp, surname=1, email=chirp1@acme.com)] 
2022-04-05 23:48:51.096 TRACE [org.hibernate.type.descriptor.sql.BasicBinder@main] binding parameter [4] as [VARCHAR] - [$2a$05$PNkHcrJOkMKr4yogBfaPHeKK7nownw5A/FkgOVHf3TlaqwMG22kFi] 
2022-04-05 23:48:51.096 TRACE [org.hibernate.type.descriptor.sql.BasicBinder@main] binding parameter [5] as [VARCHAR] - [chirp1] 
2022-04-05 23:48:51.096 TRACE [org.hibernate.type.descriptor.sql.BasicBinder@main] binding parameter [6] as [INTEGER] - [7] 
2022-04-05 23:48:51.097 DEBUG [org.hibernate.SQL@main] insert into user_account (version, enabled, identity, password, username, id) values (?, ?, ?, ?, ?, ?) 
2022-04-05 23:48:51.097 TRACE [org.hibernate.type.descriptor.sql.BasicBinder@main] binding parameter [1] as [INTEGER] - [0] 
2022-04-05 23:48:51.097 TRACE [org.hibernate.type.descriptor.sql.BasicBinder@main] binding parameter [2] as [BOOLEAN] - [true] 
2022-04-05 23:48:51.097 TRACE [org.hibernate.type.descriptor.sql.BasicBinder@main] binding parameter [3] as [BLOB] - [DefaultUserIdentity(name=chirp, surname=2, email=chirp2@acme.com)] 
2022-04-05 23:48:51.098 TRACE [org.hibernate.type.descriptor.sql.BasicBinder@main] binding parameter [4] as [VARCHAR] - [$2a$05$NvAZ1Wm07Y76u0DPzONKmOs2gXFbYXueAC2G1BIdDeIN25poT.yN6] 
2022-04-05 23:48:51.098 TRACE [org.hibernate.type.descriptor.sql.BasicBinder@main] binding parameter [5] as [VARCHAR] - [chirp2] 
2022-04-05 23:48:51.098 TRACE [org.hibernate.type.descriptor.sql.BasicBinder@main] binding parameter [6] as [INTEGER] - [8] 
2022-04-05 23:48:51.098 DEBUG [org.hibernate.SQL@main] insert into administrator (version, user_account_id, id) values (?, ?, ?) 
2022-04-05 23:48:51.099 TRACE [org.hibernate.type.descriptor.sql.BasicBinder@main] binding parameter [1] as [INTEGER] - [0] 
2022-04-05 23:48:51.099 TRACE [org.hibernate.type.descriptor.sql.BasicBinder@main] binding parameter [2] as [INTEGER] - [6] 
2022-04-05 23:48:51.099 TRACE [org.hibernate.type.descriptor.sql.BasicBinder@main] binding parameter [3] as [INTEGER] - [9] 
2022-04-05 23:48:51.105 DEBUG [org.hibernate.SQL@main] insert into system_configuration (version, accepted_currencies, default_currency, strong_spam_terms, strong_threshold, weak_spam_terms, weak_threshold, id) values (?, ?, ?, ?, ?, ?, ?, ?) 
2022-04-05 23:48:51.105 TRACE [org.hibernate.type.descriptor.sql.BasicBinder@main] binding parameter [1] as [INTEGER] - [0] 
2022-04-05 23:48:51.105 TRACE [org.hibernate.type.descriptor.sql.BasicBinder@main] binding parameter [2] as [VARCHAR] - [EUR, USD, GBP] 
2022-04-05 23:48:51.105 TRACE [org.hibernate.type.descriptor.sql.BasicBinder@main] binding parameter [3] as [VARCHAR] - [EUR] 
2022-04-05 23:48:51.106 TRACE [org.hibernate.type.descriptor.sql.BasicBinder@main] binding parameter [4] as [VARCHAR] - [sex, hard core, viagra, cialis , sexo] 
2022-04-05 23:48:51.106 TRACE [org.hibernate.type.descriptor.sql.BasicBinder@main] binding parameter [5] as [DOUBLE] - [10.0] 
2022-04-05 23:48:51.107 TRACE [org.hibernate.type.descriptor.sql.BasicBinder@main] binding parameter [6] as [VARCHAR] - [sexy, nigeria, you’ve won, one mil-lion, has ganado, un millón] 
2022-04-05 23:48:51.107 TRACE [org.hibernate.type.descriptor.sql.BasicBinder@main] binding parameter [7] as [DOUBLE] - [25.0] 
2022-04-05 23:48:51.107 TRACE [org.hibernate.type.descriptor.sql.BasicBinder@main] binding parameter [8] as [INTEGER] - [10] 
2022-04-05 23:48:51.112 DEBUG [org.hibernate.SQL@main] insert into consumer (version, user_account_id, company, sector, id) values (?, ?, ?, ?, ?) 
2022-04-05 23:48:51.112 TRACE [org.hibernate.type.descriptor.sql.BasicBinder@main] binding parameter [1] as [INTEGER] - [0] 
2022-04-05 23:48:51.112 TRACE [org.hibernate.type.descriptor.sql.BasicBinder@main] binding parameter [2] as [INTEGER] - [6] 
2022-04-05 23:48:51.112 TRACE [org.hibernate.type.descriptor.sql.BasicBinder@main] binding parameter [3] as [VARCHAR] - [Macarena, Inc.] 
2022-04-05 23:48:51.112 TRACE [org.hibernate.type.descriptor.sql.BasicBinder@main] binding parameter [4] as [VARCHAR] - [Telecommunications] 
2022-04-05 23:48:51.112 TRACE [org.hibernate.type.descriptor.sql.BasicBinder@main] binding parameter [5] as [INTEGER] - [11] 
2022-04-05 23:48:51.118 DEBUG [org.hibernate.SQL@main] insert into anonymous (version, user_account_id, id) values (?, ?, ?) 
2022-04-05 23:48:51.119 TRACE [org.hibernate.type.descriptor.sql.BasicBinder@main] binding parameter [1] as [INTEGER] - [0] 
2022-04-05 23:48:51.119 TRACE [org.hibernate.type.descriptor.sql.BasicBinder@main] binding parameter [2] as [INTEGER] - [4] 
2022-04-05 23:48:51.119 TRACE [org.hibernate.type.descriptor.sql.BasicBinder@main] binding parameter [3] as [INTEGER] - [12] 
2022-04-05 23:48:51.125 DEBUG [org.hibernate.SQL@main] insert into component (version, code, description, link, name, retail_price, technology, id) values (?, ?, ?, ?, ?, ?, ?, ?) 
2022-04-05 23:48:51.125 TRACE [org.hibernate.type.descriptor.sql.BasicBinder@main] binding parameter [1] as [INTEGER] - [0] 
2022-04-05 23:48:51.125 TRACE [org.hibernate.type.descriptor.sql.BasicBinder@main] binding parameter [2] as [VARCHAR] - [COM-001] 
2022-04-05 23:48:51.126 TRACE [org.hibernate.type.descriptor.sql.BasicBinder@main] binding parameter [3] as [VARCHAR] - [Test Component 1] 
2022-04-05 23:48:51.126 TRACE [org.hibernate.type.descriptor.sql.BasicBinder@main] binding parameter [4] as [VARCHAR] - [https://www.acme.com] 
2022-04-05 23:48:51.126 TRACE [org.hibernate.type.descriptor.sql.BasicBinder@main] binding parameter [5] as [VARCHAR] - [Component 1] 
2022-04-05 23:48:51.126 TRACE [org.hibernate.type.descriptor.sql.BasicBinder@main] binding parameter [6] as [DOUBLE] - [100.0] 
2022-04-05 23:48:51.126 TRACE [org.hibernate.type.descriptor.sql.BasicBinder@main] binding parameter [7] as [VARCHAR] - [Technology 1] 
2022-04-05 23:48:51.126 TRACE [org.hibernate.type.descriptor.sql.BasicBinder@main] binding parameter [8] as [INTEGER] - [13] 
2022-04-05 23:48:51.131 DEBUG [org.hibernate.SQL@main] insert into chirp (version, author, body, mail, moment, title, id) values (?, ?, ?, ?, ?, ?, ?) 
2022-04-05 23:48:51.131 TRACE [org.hibernate.type.descriptor.sql.BasicBinder@main] binding parameter [1] as [INTEGER] - [0] 
2022-04-05 23:48:51.131 TRACE [org.hibernate.type.descriptor.sql.BasicBinder@main] binding parameter [2] as [VARCHAR] - [chirp3] 
2022-04-05 23:48:51.131 TRACE [org.hibernate.type.descriptor.sql.BasicBinder@main] binding parameter [3] as [VARCHAR] - [This is the final test Chirp] 
2022-04-05 23:48:51.132 TRACE [org.hibernate.type.descriptor.sql.BasicBinder@main] binding parameter [4] as [VARCHAR] - [chirp3@acme.com] 
2022-04-05 23:48:51.132 TRACE [org.hibernate.type.descriptor.sql.BasicBinder@main] binding parameter [5] as [TIMESTAMP] - [Thu Nov 11 23:53:00 CET 2021] 
2022-04-05 23:48:51.132 TRACE [org.hibernate.type.descriptor.sql.BasicBinder@main] binding parameter [6] as [VARCHAR] - [Te$st Ch1rp 3] 
2022-04-05 23:48:51.132 TRACE [org.hibernate.type.descriptor.sql.BasicBinder@main] binding parameter [7] as [INTEGER] - [14] 
2022-04-05 23:48:51.136 DEBUG [org.hibernate.SQL@main] insert into chirp (version, author, body, mail, moment, title, id) values (?, ?, ?, ?, ?, ?, ?) 
2022-04-05 23:48:51.137 TRACE [org.hibernate.type.descriptor.sql.BasicBinder@main] binding parameter [1] as [INTEGER] - [0] 
2022-04-05 23:48:51.137 TRACE [org.hibernate.type.descriptor.sql.BasicBinder@main] binding parameter [2] as [VARCHAR] - [chirp2] 
2022-04-05 23:48:51.137 TRACE [org.hibernate.type.descriptor.sql.BasicBinder@main] binding parameter [3] as [VARCHAR] - [This is a another test Chirp] 
2022-04-05 23:48:51.137 TRACE [org.hibernate.type.descriptor.sql.BasicBinder@main] binding parameter [4] as [VARCHAR] - [chirp2@acme.com] 
2022-04-05 23:48:51.137 TRACE [org.hibernate.type.descriptor.sql.BasicBinder@main] binding parameter [5] as [TIMESTAMP] - [Sat Jan 15 09:55:00 CET 2022] 
2022-04-05 23:48:51.137 TRACE [org.hibernate.type.descriptor.sql.BasicBinder@main] binding parameter [6] as [VARCHAR] - [Test Chirp 2] 
2022-04-05 23:48:51.137 TRACE [org.hibernate.type.descriptor.sql.BasicBinder@main] binding parameter [7] as [INTEGER] - [15] 
2022-04-05 23:48:51.138 DEBUG [org.hibernate.SQL@main] insert into chirp (version, author, body, mail, moment, title, id) values (?, ?, ?, ?, ?, ?, ?) 
2022-04-05 23:48:51.138 TRACE [org.hibernate.type.descriptor.sql.BasicBinder@main] binding parameter [1] as [INTEGER] - [0] 
2022-04-05 23:48:51.138 TRACE [org.hibernate.type.descriptor.sql.BasicBinder@main] binding parameter [2] as [VARCHAR] - [chirp1] 
2022-04-05 23:48:51.138 TRACE [org.hibernate.type.descriptor.sql.BasicBinder@main] binding parameter [3] as [VARCHAR] - [This is a test Chirp] 
2022-04-05 23:48:51.138 TRACE [org.hibernate.type.descriptor.sql.BasicBinder@main] binding parameter [4] as [VARCHAR] - [chirp1@acme.com] 
2022-04-05 23:48:51.138 TRACE [org.hibernate.type.descriptor.sql.BasicBinder@main] binding parameter [5] as [TIMESTAMP] - [Tue Apr 05 00:27:00 CEST 2022] 
2022-04-05 23:48:51.138 TRACE [org.hibernate.type.descriptor.sql.BasicBinder@main] binding parameter [6] as [VARCHAR] - [Test Chirp 1] 
2022-04-05 23:48:51.138 TRACE [org.hibernate.type.descriptor.sql.BasicBinder@main] binding parameter [7] as [INTEGER] - [16] 
2022-04-05 23:48:51.139 DEBUG [org.hibernate.SQL@main] insert into provider (version, user_account_id, company, sector, id) values (?, ?, ?, ?, ?) 
2022-04-05 23:48:51.139 TRACE [org.hibernate.type.descriptor.sql.BasicBinder@main] binding parameter [1] as [INTEGER] - [0] 
2022-04-05 23:48:51.139 TRACE [org.hibernate.type.descriptor.sql.BasicBinder@main] binding parameter [2] as [INTEGER] - [6] 
2022-04-05 23:48:51.139 TRACE [org.hibernate.type.descriptor.sql.BasicBinder@main] binding parameter [3] as [VARCHAR] - [Terra Nets, S.A.] 
2022-04-05 23:48:51.139 TRACE [org.hibernate.type.descriptor.sql.BasicBinder@main] binding parameter [4] as [VARCHAR] - [Internet] 
2022-04-05 23:48:51.139 TRACE [org.hibernate.type.descriptor.sql.BasicBinder@main] binding parameter [5] as [INTEGER] - [17] 
2022-04-05 23:48:52.228 INFO  [acme.framework.configuration.ShutdownConfiguration@main] The system is shutting down... 
2022-04-05 23:48:52.236 DEBUG [acme.Launcher@main] Exit code = 0 
